nohup: ignoring input
Training started at 2025-06-11 12:05:34
Training detail: learning rate: 1e-4, weight decay: 5e-3, total epochs: 230, batch size: 128, seed: 2231
Starting training...

 --- Epoch 1
Mutual Information | Avg Loss: -0.00076
Time elapsed: 0:00:41.805749

 --- Epoch 2
Mutual Information | Avg Loss: -0.01327
Time elapsed: 0:01:23.261858

 --- Epoch 3
Mutual Information | Avg Loss: -0.03098
Time elapsed: 0:02:04.605380

 --- Epoch 4
Mutual Information | Avg Loss: -0.04480
Time elapsed: 0:02:46.250674

 --- Epoch 5
Mutual Information | Avg Loss: -0.05570
Time elapsed: 0:03:27.880537

 --- Epoch 6
Mutual Information | Avg Loss: -0.06280
Time elapsed: 0:04:09.524568

 --- Epoch 7
Mutual Information | Avg Loss: -0.06943
Time elapsed: 0:04:51.233936

 --- Epoch 8
Mutual Information | Avg Loss: -0.07588
Time elapsed: 0:05:32.857220

 --- Epoch 9
Mutual Information | Avg Loss: -0.08061
Time elapsed: 0:06:14.368773

 --- Epoch 10
Mutual Information | Avg Loss: -0.08516
Time elapsed: 0:06:55.894420

 --- Epoch 11
Mutual Information | Avg Loss: -0.08924
Time elapsed: 0:07:37.462772

 --- Epoch 12
Mutual Information | Avg Loss: -0.09251
Time elapsed: 0:08:19.160987

 --- Epoch 13
Mutual Information | Avg Loss: -0.09524
Time elapsed: 0:09:00.703148

 --- Epoch 14
Mutual Information | Avg Loss: -0.09799
Time elapsed: 0:09:42.129722

 --- Epoch 15
Mutual Information | Avg Loss: -0.10112
Time elapsed: 0:10:23.649316

 --- Epoch 16
Mutual Information | Avg Loss: -0.10284
Time elapsed: 0:11:05.329114

 --- Epoch 17
Mutual Information | Avg Loss: -0.10497
Time elapsed: 0:11:47.121126

 --- Epoch 18
Mutual Information | Avg Loss: -0.10741
Time elapsed: 0:12:28.694216

 --- Epoch 19
Mutual Information | Avg Loss: -0.10906
Time elapsed: 0:13:10.405001

 --- Epoch 20
Mutual Information | Avg Loss: -0.11151
Time elapsed: 0:13:52.026772

 --- Epoch 21
Mutual Information | Avg Loss: -0.11319
Time elapsed: 0:14:33.805062

 --- Epoch 22
Mutual Information | Avg Loss: -0.11251
Time elapsed: 0:15:15.645921

 --- Epoch 23
Mutual Information | Avg Loss: -0.11473
Time elapsed: 0:15:57.609682

 --- Epoch 24
Mutual Information | Avg Loss: -0.11614
Time elapsed: 0:16:39.320994

 --- Epoch 25
Mutual Information | Avg Loss: -0.11722
Time elapsed: 0:17:21.180214

 --- Epoch 26
Mutual Information | Avg Loss: -0.11906
Time elapsed: 0:18:02.909867

 --- Epoch 27
Mutual Information | Avg Loss: -0.12030
Time elapsed: 0:18:44.681786

 --- Epoch 28
Mutual Information | Avg Loss: -0.12142
Time elapsed: 0:19:26.319872

 --- Epoch 29
Mutual Information | Avg Loss: -0.12222
Time elapsed: 0:20:07.969859

 --- Epoch 30
Mutual Information | Avg Loss: -0.12366
Time elapsed: 0:20:49.687674

 --- Epoch 31
Mutual Information | Avg Loss: -0.12468
Time elapsed: 0:21:31.275760

 --- Epoch 32
Mutual Information | Avg Loss: -0.12427
Time elapsed: 0:22:12.889445

 --- Epoch 33
Mutual Information | Avg Loss: -0.12748
Time elapsed: 0:22:54.661311

 --- Epoch 34
Mutual Information | Avg Loss: -0.12630
Time elapsed: 0:23:36.363373

 --- Epoch 35
Mutual Information | Avg Loss: -0.12800
Time elapsed: 0:24:18.009484

 --- Epoch 36
Mutual Information | Avg Loss: -0.12824
Time elapsed: 0:24:59.753072

 --- Epoch 37
Mutual Information | Avg Loss: -0.12842
Time elapsed: 0:25:41.607190

 --- Epoch 38
Mutual Information | Avg Loss: -0.12960
Time elapsed: 0:26:23.198021

 --- Epoch 39
Mutual Information | Avg Loss: -0.13037
Time elapsed: 0:27:05.014648

 --- Epoch 40
Mutual Information | Avg Loss: -0.13201
Time elapsed: 0:27:46.770164

 --- Epoch 41
Mutual Information | Avg Loss: -0.13174
Time elapsed: 0:28:28.280743

 --- Epoch 42
Mutual Information | Avg Loss: -0.13249
Time elapsed: 0:29:10.042936

 --- Epoch 43
Mutual Information | Avg Loss: -0.13365
Time elapsed: 0:29:51.843493

 --- Epoch 44
Mutual Information | Avg Loss: -0.13452
Time elapsed: 0:30:33.627486

 --- Epoch 45
Mutual Information | Avg Loss: -0.13425
Time elapsed: 0:31:15.347580

 --- Epoch 46
Mutual Information | Avg Loss: -0.13420
Time elapsed: 0:31:57.205765

 --- Epoch 47
Mutual Information | Avg Loss: -0.13375
Time elapsed: 0:32:39.056321

 --- Epoch 48
Mutual Information | Avg Loss: -0.13529
Time elapsed: 0:33:20.883789

 --- Epoch 49
Mutual Information | Avg Loss: -0.13607
Time elapsed: 0:34:02.444353

 --- Epoch 50
Mutual Information | Avg Loss: -0.13743
Time elapsed: 0:34:43.866275

 --- Epoch 1
Task: Classification | Acc: 53.59% | Avg Loss: 0.723
Task: Reconstruction | Avg Loss: 6.648 
Mutual Information | Avg Loss: -0.38964
Total Loss | Avg Loss: 1.709
Time elapsed: 0:35:40.877581

 --- Epoch 2
Task: Classification | Acc: 54.80% | Avg Loss: 0.690
Task: Reconstruction | Avg Loss: 6.513 
Mutual Information | Avg Loss: -0.50819
Total Loss | Avg Loss: 1.055
Time elapsed: 0:36:37.863679

 --- Epoch 3
Task: Classification | Acc: 60.22% | Avg Loss: 0.660
Task: Reconstruction | Avg Loss: 6.478 
Mutual Information | Avg Loss: -0.51880
Total Loss | Avg Loss: 1.091
Time elapsed: 0:37:35.283950

 --- Epoch 4
Task: Classification | Acc: 69.30% | Avg Loss: 0.581
Task: Reconstruction | Avg Loss: 6.456 
Mutual Information | Avg Loss: -0.51936
Total Loss | Avg Loss: 1.094
Time elapsed: 0:38:32.741580

 --- Epoch 5
Task: Classification | Acc: 70.21% | Avg Loss: 0.570
Task: Reconstruction | Avg Loss: 6.475 
Mutual Information | Avg Loss: -0.52479
Total Loss | Avg Loss: 0.904
Time elapsed: 0:39:30.405935

 --- Epoch 6
Task: Classification | Acc: 76.46% | Avg Loss: 0.500
Task: Reconstruction | Avg Loss: 6.455 
Mutual Information | Avg Loss: -0.53328
Total Loss | Avg Loss: 0.602
Time elapsed: 0:40:27.406545

 --- Epoch 7
Task: Classification | Acc: 77.93% | Avg Loss: 0.479
Task: Reconstruction | Avg Loss: 6.443 
Mutual Information | Avg Loss: -0.53248
Total Loss | Avg Loss: 0.827
Time elapsed: 0:41:24.974450

 --- Epoch 8
Task: Classification | Acc: 78.19% | Avg Loss: 0.477
Task: Reconstruction | Avg Loss: 6.445 
Mutual Information | Avg Loss: -0.53769
Total Loss | Avg Loss: 0.756
Time elapsed: 0:42:22.348371

 --- Epoch 9
Task: Classification | Acc: 78.66% | Avg Loss: 0.471
Task: Reconstruction | Avg Loss: 6.444 
Mutual Information | Avg Loss: -0.53766
Total Loss | Avg Loss: 0.537
Time elapsed: 0:43:19.040600

 --- Epoch 10
Task: Classification | Acc: 78.95% | Avg Loss: 0.465
Task: Reconstruction | Avg Loss: 6.434 
Mutual Information | Avg Loss: -0.53918
Total Loss | Avg Loss: 0.737
Time elapsed: 0:44:16.133690
Example 1 ---
Original text: at once half - baked and overheated.
Reconstructed text: 
Original IDs: [101, 2012, 2320, 2431, 1011, 17776, 1998, 2058, 20192, 3064, 1012, 102]
Predicted IDs: [102, 102, 102, 102, 102, 102, 102, 102, 102, 102, 102, 102]
BLEU Score: 0.0000
Example 2 ---
Original text: the story and the friendship proceeds in such a way that you're watching a soap opera rather than a chronicle of the ups and downs that accompany lifelong friendships.
Reconstructed text: 
Original IDs: [101, 1996, 2466, 1998, 1996, 6860, 10951, 1999, 2107, 1037, 2126, 2008, 2017, 1005, 2128, 3666, 1037, 7815, 3850, 2738, 2084, 1037, 9519, 1997, 1996, 11139, 1998, 12482, 2008, 12673, 13506, 28956, 1012, 102]
Predicted IDs: [102, 102, 102, 102, 102, 102, 102, 102, 102, 102, 102, 102, 102, 102, 102, 102, 102, 102, 102, 102, 102, 102, 102, 102, 102, 102, 102, 102, 102, 102, 102, 102, 102, 102]
BLEU Score: 0.0000
Example 3 ---
Original text: for movie lovers as well as opera lovers, tosca is a real treat.
Reconstructed text: 
Original IDs: [101, 2005, 3185, 10205, 2004, 2092, 2004, 3850, 10205, 1010, 2000, 15782, 2003, 1037, 2613, 7438, 1012, 102]
Predicted IDs: [102, 102, 102, 102, 102, 102, 102, 102, 102, 102, 102, 102, 102, 102, 102, 102, 102, 102]
BLEU Score: 0.0000

 --- Epoch 11
Task: Classification | Acc: 78.22% | Avg Loss: 0.475
Task: Reconstruction | Avg Loss: 6.437 
Mutual Information | Avg Loss: -0.53706
Total Loss | Avg Loss: 0.833
Time elapsed: 0:45:13.445865

 --- Epoch 12
Task: Classification | Acc: 78.23% | Avg Loss: 0.482
Task: Reconstruction | Avg Loss: 6.439 
Mutual Information | Avg Loss: -0.53824
Total Loss | Avg Loss: 0.854
Time elapsed: 0:46:10.669620

 --- Epoch 13
Task: Classification | Acc: 77.70% | Avg Loss: 0.485
Task: Reconstruction | Avg Loss: 6.432 
Mutual Information | Avg Loss: -0.53825
Total Loss | Avg Loss: 0.852
Time elapsed: 0:47:07.819262

 --- Epoch 14
Task: Classification | Acc: 62.51% | Avg Loss: 0.631
Task: Reconstruction | Avg Loss: 6.465 
Mutual Information | Avg Loss: -0.40620
Total Loss | Avg Loss: 1.666
Time elapsed: 0:48:05.240962

 --- Epoch 15
Task: Classification | Acc: 55.62% | Avg Loss: 0.688
Task: Reconstruction | Avg Loss: 6.471 
Mutual Information | Avg Loss: -0.46353
Total Loss | Avg Loss: 1.059
Time elapsed: 0:49:01.712188

 --- Epoch 16
Task: Classification | Acc: 55.55% | Avg Loss: 0.688
Task: Reconstruction | Avg Loss: 6.477 
Mutual Information | Avg Loss: -0.52147
Total Loss | Avg Loss: 0.794
Time elapsed: 0:49:58.279845

 --- Epoch 17
Task: Classification | Acc: 55.82% | Avg Loss: 0.687
Task: Reconstruction | Avg Loss: 6.475 
Mutual Information | Avg Loss: -0.53443
Total Loss | Avg Loss: 0.980
Time elapsed: 0:50:55.454877

 --- Epoch 18
Task: Classification | Acc: 55.70% | Avg Loss: 0.687
Task: Reconstruction | Avg Loss: 6.475 
Mutual Information | Avg Loss: -0.53237
Total Loss | Avg Loss: 0.903
Time elapsed: 0:51:52.434089

 --- Epoch 19
Task: Classification | Acc: 55.57% | Avg Loss: 0.688
Task: Reconstruction | Avg Loss: 6.473 
Mutual Information | Avg Loss: -0.53618
Total Loss | Avg Loss: 0.751
Time elapsed: 0:52:49.169964

 --- Epoch 20
Task: Classification | Acc: 55.20% | Avg Loss: 0.688
Task: Reconstruction | Avg Loss: 6.475 
Mutual Information | Avg Loss: -0.54294
Total Loss | Avg Loss: 0.960
Time elapsed: 0:53:45.881971
Example 1 ---
Original text: even if you don't think ( kissinger's ) any more guilty of criminal activity than most contemporary statesmen, he'd sure make a courtroom trial great fun to watch.
Reconstructed text: 
Original IDs: [101, 2130, 2065, 2017, 2079, 1050, 1005, 1056, 2228, 1006, 7618, 2121, 1005, 1055, 1007, 2151, 2062, 5905, 1997, 4735, 4023, 2084, 2087, 3824, 2163, 3549, 1010, 2002, 1005, 1040, 2469, 2191, 1037, 20747, 3979, 2307, 4569, 2000, 3422, 1012, 102]
Predicted IDs: [102, 102, 102, 102, 102, 102, 102, 102, 102, 102, 102, 102, 102, 102, 102, 102, 102, 102, 102, 102, 102, 102, 102, 102, 102, 102, 102, 102, 102, 102, 102, 102, 102, 102, 102, 102, 102, 102, 102, 102, 102]
BLEU Score: 0.0000
Example 2 ---
Original text: reggio's continual visual barrage is absorbing as well as thought - provoking.
Reconstructed text: 
Original IDs: [101, 19723, 11411, 1005, 1055, 27222, 5107, 19359, 2003, 20998, 2004, 2092, 2004, 2245, 1011, 4013, 22776, 1012, 102]
Predicted IDs: [101, 101, 101, 101, 101, 101, 101, 101, 101, 101, 101, 101, 101, 101, 101, 101, 101, 101, 101]
BLEU Score: 0.0000
Example 3 ---
Original text: outer - space buffs might love this film, but others will find its pleasures intermittent.
Reconstructed text: 
Original IDs: [101, 6058, 1011, 2686, 23176, 2015, 2453, 2293, 2023, 2143, 1010, 2021, 2500, 2097, 2424, 2049, 26552, 23852, 1012, 102]
Predicted IDs: [101, 101, 101, 101, 101, 101, 101, 101, 101, 101, 101, 101, 101, 101, 101, 101, 101, 101, 101, 101]
BLEU Score: 0.0000

 --- Epoch 21
Task: Classification | Acc: 55.98% | Avg Loss: 0.687
Task: Reconstruction | Avg Loss: 6.467 
Mutual Information | Avg Loss: -0.54318
Total Loss | Avg Loss: 0.669
Time elapsed: 0:54:42.379602

 --- Epoch 22
Task: Classification | Acc: 55.88% | Avg Loss: 0.687
Task: Reconstruction | Avg Loss: 6.474 
Mutual Information | Avg Loss: -0.54424
Total Loss | Avg Loss: 0.667
Time elapsed: 0:55:38.943204

 --- Epoch 23
Task: Classification | Acc: 55.75% | Avg Loss: 0.687
Task: Reconstruction | Avg Loss: 6.466 
Mutual Information | Avg Loss: -0.54822
Total Loss | Avg Loss: 0.742
Time elapsed: 0:56:35.609310

 --- Epoch 24
Task: Classification | Acc: 55.75% | Avg Loss: 0.687
Task: Reconstruction | Avg Loss: 6.475 
Mutual Information | Avg Loss: -0.54653
Total Loss | Avg Loss: 0.634
Time elapsed: 0:57:32.409513

 --- Epoch 25
