nohup: ignoring input
Training started at 2025-06-13 04:18:50
Training detail: learning rate: 2e-4, weight decay: 5e-3, total epochs: 200, batch size: 128, seed: 2231
Starting training...

 --- Epoch 1
Task: Classification | Acc: 61.84% | Avg Loss: 0.656
Task: Reconstruction | Avg Loss: 6.349 
Mutual Information | Avg Loss: -0.00085
Total Loss | Avg Loss: 3.514
Time elapsed: 0:00:59.677321

 --- Epoch 2
Task: Classification | Acc: 54.63% | Avg Loss: 0.690
Task: Reconstruction | Avg Loss: 5.900 
Mutual Information | Avg Loss: -0.00429
Total Loss | Avg Loss: 3.427
Time elapsed: 0:01:59.297217

 --- Epoch 3
Task: Classification | Acc: 55.48% | Avg Loss: 0.686
Task: Reconstruction | Avg Loss: 5.823 
Mutual Information | Avg Loss: -0.00469
Total Loss | Avg Loss: 3.187
Time elapsed: 0:02:58.522328

 --- Epoch 4
Task: Classification | Acc: 55.52% | Avg Loss: 0.685
Task: Reconstruction | Avg Loss: 5.779 
Mutual Information | Avg Loss: -0.00474
Total Loss | Avg Loss: 3.126
Time elapsed: 0:03:57.719611

 --- Epoch 5
Task: Classification | Acc: 55.37% | Avg Loss: 0.685
Task: Reconstruction | Avg Loss: 5.742 
Mutual Information | Avg Loss: -0.00477
Total Loss | Avg Loss: 3.022
Time elapsed: 0:04:56.454406

 --- Epoch 6
Task: Classification | Acc: 55.09% | Avg Loss: 0.686
Task: Reconstruction | Avg Loss: 5.715 
Mutual Information | Avg Loss: -0.00479
Total Loss | Avg Loss: 3.143
Time elapsed: 0:05:55.749845

 --- Epoch 7
Task: Classification | Acc: 55.55% | Avg Loss: 0.685
Task: Reconstruction | Avg Loss: 5.713 
Mutual Information | Avg Loss: -0.00475
Total Loss | Avg Loss: 3.075
Time elapsed: 0:06:54.903984

 --- Epoch 8
Task: Classification | Acc: 55.08% | Avg Loss: 0.685
Task: Reconstruction | Avg Loss: 5.705 
Mutual Information | Avg Loss: -0.00478
Total Loss | Avg Loss: 3.271
Time elapsed: 0:07:54.470899

 --- Epoch 9
Task: Classification | Acc: 55.28% | Avg Loss: 0.684
Task: Reconstruction | Avg Loss: 5.666 
Mutual Information | Avg Loss: -0.00479
Total Loss | Avg Loss: 3.071
Time elapsed: 0:08:53.433183

 --- Epoch 10
Task: Classification | Acc: 55.85% | Avg Loss: 0.684
Task: Reconstruction | Avg Loss: 5.646 
Mutual Information | Avg Loss: -0.00476
Total Loss | Avg Loss: 3.080
Time elapsed: 0:09:52.458498
Example 1 ---
Original text: at once half - baked and overheated.
Reconstructed text: the the the a the and the of the.
Original IDs: [101, 2012, 2320, 2431, 1011, 17776, 1998, 2058, 20192, 3064, 1012, 102]
Predicted IDs: [101, 1996, 1996, 1996, 1037, 1996, 1998, 1996, 1997, 1996, 1012, 102]
BLEU Score: 0.2000
Example 2 ---
Original text: the story and the friendship proceeds in such a way that you're watching a soap opera rather than a chronicle of the ups and downs that accompany lifelong friendships.
Reconstructed text: the the the a the the the the of of the n, and the the the the the the the the the and and and and of of the.
Original IDs: [101, 1996, 2466, 1998, 1996, 6860, 10951, 1999, 2107, 1037, 2126, 2008, 2017, 1005, 2128, 3666, 1037, 7815, 3850, 2738, 2084, 1037, 9519, 1997, 1996, 11139, 1998, 12482, 2008, 12673, 13506, 28956, 1012, 102]
Predicted IDs: [101, 1996, 1996, 1996, 1037, 1996, 1996, 1996, 1996, 1997, 1997, 1996, 1050, 1010, 1998, 1996, 1996, 1996, 1996, 1996, 1996, 1996, 1996, 1996, 1998, 1998, 1998, 1998, 1997, 1997, 1996, 1012, 102, 102]
BLEU Score: 0.2581
Example 3 ---
Original text: for movie lovers as well as opera lovers, tosca is a real treat.
Reconstructed text: the the the a the the and of the n, and of the.
Original IDs: [101, 2005, 3185, 10205, 2004, 2092, 2004, 3850, 10205, 1010, 2000, 15782, 2003, 1037, 2613, 7438, 1012, 102]
Predicted IDs: [101, 1996, 1996, 1996, 1037, 1996, 1996, 1998, 1997, 1996, 1050, 1010, 1998, 1997, 1996, 1012, 102, 102]
BLEU Score: 0.2000

 --- Epoch 11
Task: Classification | Acc: 55.40% | Avg Loss: 0.684
Task: Reconstruction | Avg Loss: 5.624 
Mutual Information | Avg Loss: -0.00478
Total Loss | Avg Loss: 3.182
Time elapsed: 0:10:51.866868

 --- Epoch 12
Task: Classification | Acc: 55.59% | Avg Loss: 0.684
Task: Reconstruction | Avg Loss: 5.599 
Mutual Information | Avg Loss: -0.00476
Total Loss | Avg Loss: 3.188
Time elapsed: 0:11:51.140133

 --- Epoch 13
Task: Classification | Acc: 55.66% | Avg Loss: 0.684
Task: Reconstruction | Avg Loss: 5.572 
Mutual Information | Avg Loss: -0.00474
Total Loss | Avg Loss: 3.174
Time elapsed: 0:12:50.719406

 --- Epoch 14
Task: Classification | Acc: 55.43% | Avg Loss: 0.683
Task: Reconstruction | Avg Loss: 5.545 
Mutual Information | Avg Loss: -0.00481
Total Loss | Avg Loss: 3.215
Time elapsed: 0:13:50.083038

 --- Epoch 15
Task: Classification | Acc: 55.47% | Avg Loss: 0.684
Task: Reconstruction | Avg Loss: 5.511 
Mutual Information | Avg Loss: -0.00474
Total Loss | Avg Loss: 2.904
Time elapsed: 0:14:48.801197

 --- Epoch 16
Task: Classification | Acc: 55.23% | Avg Loss: 0.683
Task: Reconstruction | Avg Loss: 5.539 
Mutual Information | Avg Loss: -0.00420
Total Loss | Avg Loss: 2.938
Time elapsed: 0:15:47.411052

 --- Epoch 17
Task: Classification | Acc: 56.03% | Avg Loss: 0.687
Task: Reconstruction | Avg Loss: 6.065 
Mutual Information | Avg Loss: 0.00002
Total Loss | Avg Loss: 3.442
Time elapsed: 0:16:46.700806

 --- Epoch 18
Task: Classification | Acc: 55.79% | Avg Loss: 0.688
Task: Reconstruction | Avg Loss: 6.050 
Mutual Information | Avg Loss: 0.00001
Total Loss | Avg Loss: 3.354
Time elapsed: 0:17:45.782479

 --- Epoch 19
Task: Classification | Acc: 55.59% | Avg Loss: 0.688
Task: Reconstruction | Avg Loss: 6.033 
Mutual Information | Avg Loss: 0.00001
Total Loss | Avg Loss: 3.224
Time elapsed: 0:18:44.764587

 --- Epoch 20
Task: Classification | Acc: 55.71% | Avg Loss: 0.688
Task: Reconstruction | Avg Loss: 6.030 
Mutual Information | Avg Loss: 0.00000
Total Loss | Avg Loss: 3.445
Time elapsed: 0:19:44.363328
Example 1 ---
Original text: even if you don't think ( kissinger's ) any more guilty of criminal activity than most contemporary statesmen, he'd sure make a courtroom trial great fun to watch.
Reconstructed text: a a..
Original IDs: [101, 2130, 2065, 2017, 2079, 1050, 1005, 1056, 2228, 1006, 7618, 2121, 1005, 1055, 1007, 2151, 2062, 5905, 1997, 4735, 4023, 2084, 2087, 3824, 2163, 3549, 1010, 2002, 1005, 1040, 2469, 2191, 1037, 20747, 3979, 2307, 4569, 2000, 3422, 1012, 102]
Predicted IDs: [101, 1037, 1037, 102, 102, 102, 102, 102, 102, 102, 102, 102, 102, 102, 102, 102, 102, 102, 102, 102, 102, 102, 102, 102, 102, 102, 102, 102, 102, 102, 102, 102, 102, 102, 102, 102, 102, 102, 1012, 1012, 102]
BLEU Score: 0.0000
Example 2 ---
Original text: reggio's continual visual barrage is absorbing as well as thought - provoking.
Reconstructed text: a the
Original IDs: [101, 19723, 11411, 1005, 1055, 27222, 5107, 19359, 2003, 20998, 2004, 2092, 2004, 2245, 1011, 4013, 22776, 1012, 102]
Predicted IDs: [101, 1037, 1996, 102, 102, 102, 102, 102, 102, 102, 102, 102, 102, 102, 102, 102, 102, 102, 102]
BLEU Score: 0.0000
Example 3 ---
Original text: outer - space buffs might love this film, but others will find its pleasures intermittent.
Reconstructed text: a the
Original IDs: [101, 6058, 1011, 2686, 23176, 2015, 2453, 2293, 2023, 2143, 1010, 2021, 2500, 2097, 2424, 2049, 26552, 23852, 1012, 102]
Predicted IDs: [101, 1037, 1996, 102, 102, 102, 102, 102, 102, 102, 102, 102, 102, 102, 102, 102, 102, 102, 102, 102]
BLEU Score: 0.0000

 --- Epoch 21
Task: Classification | Acc: 55.31% | Avg Loss: 0.688
Task: Reconstruction | Avg Loss: 6.021 
Mutual Information | Avg Loss: -0.00494
Total Loss | Avg Loss: 3.153
Time elapsed: 0:20:43.153206

 --- Epoch 22
Task: Classification | Acc: 55.80% | Avg Loss: 0.687
Task: Reconstruction | Avg Loss: 6.012 
Mutual Information | Avg Loss: -0.00514
Total Loss | Avg Loss: 3.147
Time elapsed: 0:21:41.791647

 --- Epoch 23
Task: Classification | Acc: 55.64% | Avg Loss: 0.688
Task: Reconstruction | Avg Loss: 6.006 
Mutual Information | Avg Loss: -0.00513
Total Loss | Avg Loss: 3.236
Time elapsed: 0:22:40.778225

 --- Epoch 24
Task: Classification | Acc: 55.88% | Avg Loss: 0.687
Task: Reconstruction | Avg Loss: 6.004 
Mutual Information | Avg Loss: -0.00513
Total Loss | Avg Loss: 3.123
Time elapsed: 0:23:39.520583

 --- Epoch 25
Task: Classification | Acc: 55.94% | Avg Loss: 0.687
Task: Reconstruction | Avg Loss: 5.998 
Mutual Information | Avg Loss: -0.00511
Total Loss | Avg Loss: 3.393
Time elapsed: 0:24:39.005883

 --- Epoch 26
Task: Classification | Acc: 55.80% | Avg Loss: 0.687
Task: Reconstruction | Avg Loss: 5.998 
Mutual Information | Avg Loss: -0.00513
Total Loss | Avg Loss: 3.191
Time elapsed: 0:25:37.952237

 --- Epoch 27
Task: Classification | Acc: 55.95% | Avg Loss: 0.687
Task: Reconstruction | Avg Loss: 5.993 
Mutual Information | Avg Loss: -0.00513
Total Loss | Avg Loss: 3.359
Time elapsed: 0:26:37.189900

 --- Epoch 28
Task: Classification | Acc: 55.64% | Avg Loss: 0.688
Task: Reconstruction | Avg Loss: 5.985 
Mutual Information | Avg Loss: -0.00516
Total Loss | Avg Loss: 3.225
Time elapsed: 0:27:36.007458

 --- Epoch 29
Task: Classification | Acc: 55.65% | Avg Loss: 0.688
Task: Reconstruction | Avg Loss: 5.986 
Mutual Information | Avg Loss: -0.00514
Total Loss | Avg Loss: 3.165
Time elapsed: 0:28:34.880116

 --- Epoch 30
Task: Classification | Acc: 55.92% | Avg Loss: 0.687
Task: Reconstruction | Avg Loss: 5.989 
Mutual Information | Avg Loss: -0.00514
Total Loss | Avg Loss: 3.428
Time elapsed: 0:29:34.363543
Example 1 ---
Original text: a coda in every sense, the pinochet case splits time between a minute - by - minute account of the british court's extradition chess game and the regime's talking - head survivors.
Reconstructed text: a the.
Original IDs: [101, 1037, 19429, 2050, 1999, 2296, 3168, 1010, 1996, 9231, 23555, 2102, 2553, 19584, 2051, 2090, 1037, 3371, 1011, 2011, 1011, 3371, 4070, 1997, 1996, 2329, 2457, 1005, 1055, 4469, 20562, 7433, 2208, 1998, 1996, 6939, 1005, 1055, 3331, 1011, 2132, 8643, 1012, 102]
Predicted IDs: [101, 1037, 1996, 102, 102, 102, 102, 102, 102, 102, 102, 102, 102, 102, 102, 102, 102, 102, 102, 102, 102, 102, 102, 102, 102, 102, 102, 102, 102, 102, 102, 102, 102, 102, 102, 102, 102, 102, 102, 102, 102, 102, 1012, 102]
BLEU Score: 0.0000
Example 2 ---
Original text: a strangely compelling and brilliantly acted psychological drama.
Reconstructed text: a the
Original IDs: [101, 1037, 13939, 17075, 1998, 8235, 2135, 6051, 8317, 3689, 1012, 102]
Predicted IDs: [101, 1037, 1996, 102, 102, 102, 102, 102, 102, 102, 102, 102]
BLEU Score: 0.0151
Example 3 ---
Original text: because of an unnecessary and clumsy last scene, ` swimfan'left me with a very bad feeling.
Reconstructed text: a the
Original IDs: [101, 2138, 1997, 2019, 14203, 1998, 22902, 2197, 3496, 1010, 1036, 9880, 15143, 1005, 2187, 2033, 2007, 1037, 2200, 2919, 3110, 1012, 102]
Predicted IDs: [101, 1037, 1996, 102, 102, 102, 102, 102, 102, 102, 102, 102, 102, 102, 102, 102, 102, 102, 102, 102, 102, 102, 102]
BLEU Score: 0.0002

 --- Epoch 31
Task: Classification | Acc: 55.57% | Avg Loss: 0.688
Task: Reconstruction | Avg Loss: 5.985 
Mutual Information | Avg Loss: -0.00515
Total Loss | Avg Loss: 3.356
Time elapsed: 0:30:33.846961

 --- Epoch 32
Task: Classification | Acc: 55.65% | Avg Loss: 0.688
Task: Reconstruction | Avg Loss: 5.997 
Mutual Information | Avg Loss: -0.00515
Total Loss | Avg Loss: 3.392
Time elapsed: 0:31:33.436852

 --- Epoch 33
Task: Classification | Acc: 54.99% | Avg Loss: 0.689
Task: Reconstruction | Avg Loss: 5.979 
Mutual Information | Avg Loss: -0.00514
Total Loss | Avg Loss: 3.313
Time elapsed: 0:32:32.811128

 --- Epoch 34
Task: Classification | Acc: 55.75% | Avg Loss: 0.688
Task: Reconstruction | Avg Loss: 5.974 
Mutual Information | Avg Loss: -0.00515
Total Loss | Avg Loss: 3.220
Time elapsed: 0:33:31.973594

 --- Epoch 35
Task: Classification | Acc: 55.74% | Avg Loss: 0.687
Task: Reconstruction | Avg Loss: 5.973 
Mutual Information | Avg Loss: -0.00515
Total Loss | Avg Loss: 3.360
Time elapsed: 0:34:31.364416

 --- Epoch 36
Task: Classification | Acc: 56.03% | Avg Loss: 0.686
Task: Reconstruction | Avg Loss: 5.973 
Mutual Information | Avg Loss: -0.00515
Total Loss | Avg Loss: 3.179
Time elapsed: 0:35:30.284219

 --- Epoch 37
Task: Classification | Acc: 55.96% | Avg Loss: 0.687
Task: Reconstruction | Avg Loss: 5.979 
Mutual Information | Avg Loss: -0.00516
Total Loss | Avg Loss: 3.312
Time elapsed: 0:36:29.576424

 --- Epoch 38
Task: Classification | Acc: 55.38% | Avg Loss: 0.688
Task: Reconstruction | Avg Loss: 5.971 
Mutual Information | Avg Loss: -0.00515
Total Loss | Avg Loss: 3.389
Time elapsed: 0:37:29.044935

 --- Epoch 39
Task: Classification | Acc: 56.26% | Avg Loss: 0.686
Task: Reconstruction | Avg Loss: 5.969 
Mutual Information | Avg Loss: -0.00518
Total Loss | Avg Loss: 3.327
Time elapsed: 0:38:28.331943

 --- Epoch 40
Task: Classification | Acc: 55.54% | Avg Loss: 0.687
Task: Reconstruction | Avg Loss: 5.962 
Mutual Information | Avg Loss: -0.00510
Total Loss | Avg Loss: 3.224
Time elapsed: 0:39:27.602869
Example 1 ---
Original text: k - 19 exploits our substantial collective fear of nuclear holocaust to generate cheap hollywood tension.
Reconstructed text: a the
Original IDs: [101, 1047, 1011, 2539, 20397, 2256, 6937, 7268, 3571, 1997, 4517, 11513, 2000, 9699, 10036, 5365, 6980, 1012, 102]
Predicted IDs: [101, 1037, 1996, 102, 102, 102, 102, 102, 102, 102, 102, 102, 102, 102, 102, 102, 102, 102, 102]
BLEU Score: 0.0000
Example 2 ---
Original text: but what are adults doing in the theater at all?
Reconstructed text: a the
Original IDs: [101, 2021, 2054, 2024, 6001, 2725, 1999, 1996, 4258, 2012, 2035, 1029, 102]
Predicted IDs: [101, 1037, 1996, 102, 102, 102, 102, 102, 102, 102, 102, 102, 102]
BLEU Score: 0.0056
Example 3 ---
Original text: davis... is so enamored of her own creation that she can't see how insufferable the character is.
Reconstructed text: a the
Original IDs: [101, 4482, 1012, 1012, 1012, 2003, 2061, 4372, 22591, 5596, 1997, 2014, 2219, 4325, 2008, 2016, 6187, 1050, 1005, 1056, 2156, 2129, 16021, 16093, 27709, 3468, 1996, 2839, 2003, 1012, 102]
Predicted IDs: [101, 1037, 1996, 102, 102, 102, 102, 102, 102, 102, 102, 102, 102, 102, 102, 102, 102, 102, 102, 102, 102, 102, 102, 102, 102, 102, 102, 102, 102, 102, 102]
BLEU Score: 0.0001

 --- Epoch 41
Task: Classification | Acc: 56.06% | Avg Loss: 0.686
Task: Reconstruction | Avg Loss: 5.969 
Mutual Information | Avg Loss: -0.00511
Total Loss | Avg Loss: 3.437
Time elapsed: 0:40:27.386986

 --- Epoch 42
Task: Classification | Acc: 55.60% | Avg Loss: 0.687
Task: Reconstruction | Avg Loss: 5.965 
Mutual Information | Avg Loss: -0.00514
Total Loss | Avg Loss: 3.336
Time elapsed: 0:41:26.531125

 --- Epoch 43
Task: Classification | Acc: 55.78% | Avg Loss: 0.687
Task: Reconstruction | Avg Loss: 5.963 
Mutual Information | Avg Loss: -0.00516
Total Loss | Avg Loss: 3.264
Time elapsed: 0:42:25.529030

 --- Epoch 44
Task: Classification | Acc: 55.77% | Avg Loss: 0.687
Task: Reconstruction | Avg Loss: 5.963 
Mutual Information | Avg Loss: -0.00516
Total Loss | Avg Loss: 3.194
Time elapsed: 0:43:24.320116

 --- Epoch 45
Task: Classification | Acc: 55.68% | Avg Loss: 0.687
Task: Reconstruction | Avg Loss: 5.961 
Mutual Information | Avg Loss: -0.00513
Total Loss | Avg Loss: 3.224
Time elapsed: 0:44:23.542161

 --- Epoch 46
Task: Classification | Acc: 55.99% | Avg Loss: 0.687
Task: Reconstruction | Avg Loss: 5.958 
Mutual Information | Avg Loss: -0.00520
Total Loss | Avg Loss: 3.091
Time elapsed: 0:45:22.008756

 --- Epoch 47
Task: Classification | Acc: 55.65% | Avg Loss: 0.687
Task: Reconstruction | Avg Loss: 5.963 
Mutual Information | Avg Loss: -0.00518
Total Loss | Avg Loss: 3.334
Time elapsed: 0:46:21.120646

 --- Epoch 48
Task: Classification | Acc: 55.96% | Avg Loss: 0.687
Task: Reconstruction | Avg Loss: 5.968 
Mutual Information | Avg Loss: -0.00516
Total Loss | Avg Loss: 3.417
Time elapsed: 0:47:20.580413

 --- Epoch 49
Task: Classification | Acc: 55.81% | Avg Loss: 0.687
Task: Reconstruction | Avg Loss: 6.010 
Mutual Information | Avg Loss: -0.00513
Total Loss | Avg Loss: 3.479
Time elapsed: 0:48:20.251558

 --- Epoch 50
Task: Classification | Acc: 55.63% | Avg Loss: 0.687
Task: Reconstruction | Avg Loss: 5.958 
Mutual Information | Avg Loss: -0.00517
Total Loss | Avg Loss: 3.222
Time elapsed: 0:49:19.290549
Example 1 ---
Original text: the movie does a good job of laying out some of the major issues that we encounter as we journey through life.
Reconstructed text: a the
Original IDs: [101, 1996, 3185, 2515, 1037, 2204, 3105, 1997, 10201, 2041, 2070, 1997, 1996, 2350, 3314, 2008, 2057, 8087, 2004, 2057, 4990, 2083, 2166, 1012, 102]
Predicted IDs: [101, 1037, 1996, 102, 102, 102, 102, 102, 102, 102, 102, 102, 102, 102, 102, 102, 102, 102, 102, 102, 102, 102, 102, 102, 102]
BLEU Score: 0.0000
Example 2 ---
Original text: a warm but realistic meditation on friendship, family and affection.
Reconstructed text: a the
Original IDs: [101, 1037, 4010, 2021, 12689, 13804, 2006, 6860, 1010, 2155, 1998, 12242, 1012, 102]
Predicted IDs: [101, 1037, 1996, 102, 102, 102, 102, 102, 102, 102, 102, 102, 102, 102]
BLEU Score: 0.0034
Example 3 ---
Original text: falls neatly into the category of good stupid fun.
Reconstructed text: a the
Original IDs: [101, 4212, 15981, 2046, 1996, 4696, 1997, 2204, 5236, 4569, 1012, 102]
Predicted IDs: [101, 1037, 1996, 102, 102, 102, 102, 102, 102, 102, 102, 102]
BLEU Score: 0.0092

 --- Epoch 51
Task: Classification | Acc: 55.61% | Avg Loss: 0.687
Task: Reconstruction | Avg Loss: 5.953 
Mutual Information | Avg Loss: -0.00518
Total Loss | Avg Loss: 3.239
Time elapsed: 0:50:18.238007

 --- Epoch 52
Task: Classification | Acc: 55.71% | Avg Loss: 0.688
Task: Reconstruction | Avg Loss: 5.957 
Mutual Information | Avg Loss: -0.00515
Total Loss | Avg Loss: 3.211
Time elapsed: 0:51:17.276754

 --- Epoch 53
Task: Classification | Acc: 55.74% | Avg Loss: 0.687
Task: Reconstruction | Avg Loss: 5.955 
Mutual Information | Avg Loss: -0.00517
Total Loss | Avg Loss: 3.270
Time elapsed: 0:52:16.508592

 --- Epoch 54
Task: Classification | Acc: 55.43% | Avg Loss: 0.688
Task: Reconstruction | Avg Loss: 5.956 
Mutual Information | Avg Loss: -0.00518
Total Loss | Avg Loss: 3.321
Time elapsed: 0:53:15.747380

 --- Epoch 55
Task: Classification | Acc: 55.67% | Avg Loss: 0.688
Task: Reconstruction | Avg Loss: 5.956 
Mutual Information | Avg Loss: -0.00518
Total Loss | Avg Loss: 3.171
Time elapsed: 0:54:14.696170

 --- Epoch 56
Task: Classification | Acc: 55.87% | Avg Loss: 0.687
Task: Reconstruction | Avg Loss: 5.955 
Mutual Information | Avg Loss: -0.00519
Total Loss | Avg Loss: 3.440
Time elapsed: 0:55:13.983062

 --- Epoch 57
Task: Classification | Acc: 55.28% | Avg Loss: 0.688
Task: Reconstruction | Avg Loss: 5.951 
Mutual Information | Avg Loss: -0.00515
Total Loss | Avg Loss: 3.279
Time elapsed: 0:56:13.187117

 --- Epoch 58
Task: Classification | Acc: 55.94% | Avg Loss: 0.687
Task: Reconstruction | Avg Loss: 5.953 
Mutual Information | Avg Loss: -0.00516
Total Loss | Avg Loss: 3.239
Time elapsed: 0:57:12.289475

 --- Epoch 59
Task: Classification | Acc: 56.16% | Avg Loss: 0.686
Task: Reconstruction | Avg Loss: 5.989 
Mutual Information | Avg Loss: -0.00514
Total Loss | Avg Loss: 3.357
Time elapsed: 0:58:11.693889

 --- Epoch 60
Task: Classification | Acc: 55.90% | Avg Loss: 0.687
Task: Reconstruction | Avg Loss: 5.959 
Mutual Information | Avg Loss: -0.00514
Total Loss | Avg Loss: 3.442
Time elapsed: 0:59:11.351397
Example 1 ---
Original text: a smart, witty follow - up.
Reconstructed text: a the
Original IDs: [101, 1037, 6047, 1010, 25591, 3582, 1011, 2039, 1012, 102]
Predicted IDs: [101, 1037, 1996, 102, 102, 102, 102, 102, 102, 102]
BLEU Score: 0.0249
Example 2 ---
Original text: binoche makes it interesting trying to find out.
Reconstructed text: a the
Original IDs: [101, 8026, 23555, 3084, 2009, 5875, 2667, 2000, 2424, 2041, 1012, 102]
Predicted IDs: [102, 1037, 1996, 102, 102, 102, 102, 102, 102, 102, 102, 102]
BLEU Score: 0.0000
Example 3 ---
Original text: verbinski implements every hack - artist trick to give us the ooky - spookies.
Reconstructed text: a the
Original IDs: [101, 12034, 19880, 22164, 2296, 20578, 1011, 3063, 7577, 2000, 2507, 2149, 1996, 1051, 6559, 2100, 1011, 11867, 14659, 3111, 1012, 102]
Predicted IDs: [102, 1037, 1996, 102, 102, 102, 102, 102, 102, 102, 102, 102, 102, 102, 102, 102, 102, 102, 102, 102, 102, 102]
BLEU Score: 0.0008

 --- Epoch 61
Task: Classification | Acc: 55.78% | Avg Loss: 0.687
Task: Reconstruction | Avg Loss: 5.951 
Mutual Information | Avg Loss: -0.00517
Total Loss | Avg Loss: 3.198
Time elapsed: 1:00:10.005689

 --- Epoch 62
Task: Classification | Acc: 55.85% | Avg Loss: 0.687
Task: Reconstruction | Avg Loss: 5.955 
Mutual Information | Avg Loss: -0.00516
Total Loss | Avg Loss: 3.140
Time elapsed: 1:01:08.810018

 --- Epoch 63
Task: Classification | Acc: 55.90% | Avg Loss: 0.687
Task: Reconstruction | Avg Loss: 5.961 
Mutual Information | Avg Loss: -0.00515
Total Loss | Avg Loss: 3.263
Time elapsed: 1:02:08.096332

 --- Epoch 64
Task: Classification | Acc: 55.78% | Avg Loss: 0.687
Task: Reconstruction | Avg Loss: 5.953 
Mutual Information | Avg Loss: -0.00513
Total Loss | Avg Loss: 3.259
Time elapsed: 1:03:07.457232

 --- Epoch 65
Task: Classification | Acc: 55.50% | Avg Loss: 0.688
Task: Reconstruction | Avg Loss: 5.955 
Mutual Information | Avg Loss: -0.00513
Total Loss | Avg Loss: 3.441
Time elapsed: 1:04:07.215658

 --- Epoch 66
Task: Classification | Acc: 55.65% | Avg Loss: 0.687
Task: Reconstruction | Avg Loss: 5.947 
Mutual Information | Avg Loss: -0.00515
Total Loss | Avg Loss: 3.286
Time elapsed: 1:05:06.584732

 --- Epoch 67
Task: Classification | Acc: 55.97% | Avg Loss: 0.687
Task: Reconstruction | Avg Loss: 5.955 
Mutual Information | Avg Loss: -0.00517
Total Loss | Avg Loss: 3.280
Time elapsed: 1:06:05.814469

 --- Epoch 68
Task: Classification | Acc: 55.43% | Avg Loss: 0.688
Task: Reconstruction | Avg Loss: 5.955 
Mutual Information | Avg Loss: -0.00516
Total Loss | Avg Loss: 3.261
Time elapsed: 1:07:04.967894

 --- Epoch 69
Task: Classification | Acc: 55.72% | Avg Loss: 0.687
Task: Reconstruction | Avg Loss: 5.955 
Mutual Information | Avg Loss: -0.00515
Total Loss | Avg Loss: 3.271
Time elapsed: 1:08:04.201906

 --- Epoch 70
Task: Classification | Acc: 55.72% | Avg Loss: 0.687
Task: Reconstruction | Avg Loss: 5.953 
Mutual Information | Avg Loss: -0.00515
Total Loss | Avg Loss: 3.140
Time elapsed: 1:09:03.207452
Example 1 ---
Original text: while undisputed isn't exactly a high, it is a gripping, tidy little movie that takes mr. hill higher than he's been in a while.
Reconstructed text: a the
Original IDs: [101, 2096, 6151, 2483, 29462, 2003, 1050, 1005, 1056, 3599, 1037, 2152, 1010, 2009, 2003, 1037, 13940, 1010, 29369, 2210, 3185, 2008, 3138, 2720, 1012, 2940, 3020, 2084, 2002, 1005, 1055, 2042, 1999, 1037, 2096, 1012, 102]
Predicted IDs: [101, 1037, 1996, 102, 102, 102, 102, 102, 102, 102, 102, 102, 102, 102, 102, 102, 102, 102, 102, 102, 102, 102, 102, 102, 102, 102, 102, 102, 102, 102, 102, 102, 102, 102, 102, 102, 102]
BLEU Score: 0.0000
Example 2 ---
Original text: this is wild surreal stuff, but brilliant and the camera just kind of sits there and lets you look at this and its like you're going from one room to the next and none of them have any relation to the other.
Reconstructed text: a the..
Original IDs: [101, 2023, 2003, 3748, 16524, 4933, 1010, 2021, 8235, 1998, 1996, 4950, 2074, 2785, 1997, 7719, 2045, 1998, 11082, 2017, 2298, 2012, 2023, 1998, 2049, 2066, 2017, 1005, 2128, 2183, 2013, 2028, 2282, 2000, 1996, 2279, 1998, 3904, 1997, 2068, 2031, 2151, 7189, 2000, 1996, 2060, 1012, 102]
Predicted IDs: [101, 1037, 1996, 102, 102, 102, 102, 102, 102, 102, 102, 102, 102, 102, 102, 102, 102, 102, 102, 102, 102, 102, 102, 102, 102, 102, 102, 102, 102, 102, 102, 102, 102, 102, 102, 102, 102, 102, 102, 102, 102, 102, 102, 102, 102, 1012, 1012, 102]
BLEU Score: 0.0000
Example 3 ---
Original text: an intriguing cinematic omnibus and round - robin that occasionally is more interesting in concept than in execution.
Reconstructed text: a the
Original IDs: [101, 2019, 23824, 21014, 27284, 1998, 2461, 1011, 5863, 2008, 5681, 2003, 2062, 5875, 1999, 4145, 2084, 1999, 7781, 1012, 102]
Predicted IDs: [101, 1037, 1996, 102, 102, 102, 102, 102, 102, 102, 102, 102, 102, 102, 102, 102, 102, 102, 102, 102, 102]
BLEU Score: 0.0000

 --- Epoch 71
Task: Classification | Acc: 55.58% | Avg Loss: 0.687
Task: Reconstruction | Avg Loss: 5.945 
Mutual Information | Avg Loss: -0.00514
Total Loss | Avg Loss: 3.335
Time elapsed: 1:10:02.755818

 --- Epoch 72
Task: Classification | Acc: 55.81% | Avg Loss: 0.687
Task: Reconstruction | Avg Loss: 5.979 
Mutual Information | Avg Loss: -0.00517
Total Loss | Avg Loss: 3.483
Time elapsed: 1:11:02.330934

 --- Epoch 73
Task: Classification | Acc: 55.69% | Avg Loss: 0.687
Task: Reconstruction | Avg Loss: 5.959 
Mutual Information | Avg Loss: -0.00518
Total Loss | Avg Loss: 3.262
Time elapsed: 1:12:01.137894

 --- Epoch 74
Task: Classification | Acc: 55.79% | Avg Loss: 0.687
Task: Reconstruction | Avg Loss: 5.965 
Mutual Information | Avg Loss: -0.00520
Total Loss | Avg Loss: 3.205
Time elapsed: 1:13:00.058935

 --- Epoch 75
Task: Classification | Acc: 55.63% | Avg Loss: 0.687
Task: Reconstruction | Avg Loss: 5.957 
Mutual Information | Avg Loss: -0.00518
Total Loss | Avg Loss: 2.981
Time elapsed: 1:13:58.552806

 --- Epoch 76
Task: Classification | Acc: 55.99% | Avg Loss: 0.687
Task: Reconstruction | Avg Loss: 5.960 
Mutual Information | Avg Loss: -0.00514
Total Loss | Avg Loss: 3.312
Time elapsed: 1:14:57.838652

 --- Epoch 77
Task: Classification | Acc: 55.38% | Avg Loss: 0.688
Task: Reconstruction | Avg Loss: 5.949 
Mutual Information | Avg Loss: -0.00510
Total Loss | Avg Loss: 3.258
Time elapsed: 1:15:57.242217

 --- Epoch 78
Task: Classification | Acc: 55.77% | Avg Loss: 0.687
Task: Reconstruction | Avg Loss: 5.945 
Mutual Information | Avg Loss: -0.00517
Total Loss | Avg Loss: 3.265
Time elapsed: 1:16:56.168182

 --- Epoch 79
Task: Classification | Acc: 55.68% | Avg Loss: 0.687
Task: Reconstruction | Avg Loss: 5.947 
Mutual Information | Avg Loss: -0.00517
Total Loss | Avg Loss: 3.556
Time elapsed: 1:17:55.966402

 --- Epoch 80
Task: Classification | Acc: 55.56% | Avg Loss: 0.688
Task: Reconstruction | Avg Loss: 5.946 
Mutual Information | Avg Loss: -0.00516
Total Loss | Avg Loss: 3.206
Time elapsed: 1:18:55.039621
Example 1 ---
Original text: the second coming of harry potter is a film far superior to its predecessor.
Reconstructed text: a the
Original IDs: [101, 1996, 2117, 2746, 1997, 4302, 10693, 2003, 1037, 2143, 2521, 6020, 2000, 2049, 8646, 1012, 102]
Predicted IDs: [101, 1037, 1996, 102, 102, 102, 102, 102, 102, 102, 102, 102, 102, 102, 102, 102, 102]
BLEU Score: 0.0015
Example 2 ---
Original text: it is amusing, and that's all it needs to be.
Reconstructed text: a the
Original IDs: [101, 2009, 2003, 19142, 1010, 1998, 2008, 1005, 1055, 2035, 2009, 3791, 2000, 2022, 1012, 102]
Predicted IDs: [101, 1037, 1996, 102, 102, 102, 102, 102, 102, 102, 102, 102, 102, 102, 102, 102]
BLEU Score: 0.0000
Example 3 ---
Original text: the fly - on - the - wall method used to document rural french school life is a refreshing departure from the now more prevalent technique of the docu - makers being a visible part of their work.
Reconstructed text: a a.
Original IDs: [101, 1996, 4875, 1011, 2006, 1011, 1996, 1011, 2813, 4118, 2109, 2000, 6254, 3541, 2413, 2082, 2166, 2003, 1037, 27150, 6712, 2013, 1996, 2085, 2062, 15157, 6028, 1997, 1996, 9986, 2226, 1011, 11153, 2108, 1037, 5710, 2112, 1997, 2037, 2147, 1012, 102]
Predicted IDs: [101, 1037, 1037, 102, 102, 102, 102, 102, 102, 102, 102, 102, 102, 102, 102, 102, 102, 102, 102, 102, 102, 102, 102, 102, 102, 102, 102, 102, 102, 102, 102, 102, 102, 102, 102, 102, 102, 102, 102, 1012, 102, 101]
BLEU Score: 0.0000

 --- Epoch 81
Task: Classification | Acc: 55.62% | Avg Loss: 0.687
Task: Reconstruction | Avg Loss: 5.946 
Mutual Information | Avg Loss: -0.00514
Total Loss | Avg Loss: 3.505
Time elapsed: 1:19:54.988197

 --- Epoch 82
Task: Classification | Acc: 55.77% | Avg Loss: 0.687
Task: Reconstruction | Avg Loss: 5.946 
Mutual Information | Avg Loss: -0.00515
Total Loss | Avg Loss: 3.176
Time elapsed: 1:20:53.966793

 --- Epoch 83
Task: Classification | Acc: 55.69% | Avg Loss: 0.687
Task: Reconstruction | Avg Loss: 5.946 
Mutual Information | Avg Loss: -0.00511
Total Loss | Avg Loss: 3.246
Time elapsed: 1:21:53.271524

 --- Epoch 84
Task: Classification | Acc: 55.78% | Avg Loss: 0.687
Task: Reconstruction | Avg Loss: 5.948 
Mutual Information | Avg Loss: -0.00513
Total Loss | Avg Loss: 3.277
Time elapsed: 1:22:52.808103

 --- Epoch 85
Task: Classification | Acc: 56.07% | Avg Loss: 0.686
Task: Reconstruction | Avg Loss: 5.943 
Mutual Information | Avg Loss: -0.00520
Total Loss | Avg Loss: 3.204
Time elapsed: 1:23:51.761927

 --- Epoch 86
Task: Classification | Acc: 55.50% | Avg Loss: 0.688
Task: Reconstruction | Avg Loss: 5.947 
Mutual Information | Avg Loss: -0.00516
Total Loss | Avg Loss: 3.227
Time elapsed: 1:24:50.805184

 --- Epoch 87
Task: Classification | Acc: 55.69% | Avg Loss: 0.688
Task: Reconstruction | Avg Loss: 5.947 
Mutual Information | Avg Loss: -0.00520
Total Loss | Avg Loss: 3.346
Time elapsed: 1:25:49.970127

 --- Epoch 88
Task: Classification | Acc: 55.74% | Avg Loss: 0.687
Task: Reconstruction | Avg Loss: 5.945 
Mutual Information | Avg Loss: -0.00517
Total Loss | Avg Loss: 3.415
Time elapsed: 1:26:49.523696

 --- Epoch 89
Task: Classification | Acc: 55.84% | Avg Loss: 0.687
Task: Reconstruction | Avg Loss: 5.947 
Mutual Information | Avg Loss: -0.00515
Total Loss | Avg Loss: 3.246
Time elapsed: 1:27:48.690899

 --- Epoch 90
Task: Classification | Acc: 55.84% | Avg Loss: 0.687
Task: Reconstruction | Avg Loss: 5.952 
Mutual Information | Avg Loss: -0.00517
Total Loss | Avg Loss: 3.328
Time elapsed: 1:28:48.018000
Example 1 ---
Original text: harrison's flowers puts its heart in the right place, but its brains are in no particular place at all.
Reconstructed text: a the
Original IDs: [101, 6676, 1005, 1055, 4870, 8509, 2049, 2540, 1999, 1996, 2157, 2173, 1010, 2021, 2049, 14332, 2024, 1999, 2053, 3327, 2173, 2012, 2035, 1012, 102]
Predicted IDs: [101, 1037, 1996, 102, 102, 102, 102, 102, 102, 102, 102, 102, 102, 102, 102, 102, 102, 102, 102, 102, 102, 102, 102, 102, 102]
BLEU Score: 0.0000
Example 2 ---
Original text: charles'entertaining film chronicles seinfeld's return to stand - up comedy after the wrap of his legendary sitcom, alongside wannabe comic adams'attempts to get his shot at the big time.
Reconstructed text: a the..
Original IDs: [101, 2798, 1005, 14036, 2143, 11906, 7367, 2378, 8151, 1005, 1055, 2709, 2000, 3233, 1011, 2039, 4038, 2044, 1996, 10236, 1997, 2010, 8987, 13130, 1010, 4077, 10587, 4783, 5021, 5922, 1005, 4740, 2000, 2131, 2010, 2915, 2012, 1996, 2502, 2051, 1012, 102]
Predicted IDs: [101, 1037, 1996, 102, 102, 102, 102, 102, 102, 102, 102, 102, 102, 102, 102, 102, 102, 102, 102, 102, 102, 102, 102, 102, 102, 102, 102, 102, 102, 102, 102, 102, 102, 102, 102, 102, 102, 102, 102, 1012, 1012, 102]
BLEU Score: 0.0000
Example 3 ---
Original text: a swashbuckling tale of love, betrayal, revenge and above all, faith.
Reconstructed text: a the
Original IDs: [101, 1037, 25430, 11823, 24204, 2989, 6925, 1997, 2293, 1010, 14583, 1010, 7195, 1998, 2682, 2035, 1010, 4752, 1012, 102]
Predicted IDs: [101, 1037, 1996, 102, 102, 102, 102, 102, 102, 102, 102, 102, 102, 102, 102, 102, 102, 102, 102, 102]
BLEU Score: 0.0008

 --- Epoch 91
Task: Classification | Acc: 56.03% | Avg Loss: 0.686
Task: Reconstruction | Avg Loss: 5.941 
Mutual Information | Avg Loss: -0.00516
Total Loss | Avg Loss: 3.243
Time elapsed: 1:29:47.133578

 --- Epoch 92
Task: Classification | Acc: 56.03% | Avg Loss: 0.686
Task: Reconstruction | Avg Loss: 5.942 
Mutual Information | Avg Loss: -0.00517
Total Loss | Avg Loss: 3.183
Time elapsed: 1:30:45.910096

 --- Epoch 93
Task: Classification | Acc: 55.45% | Avg Loss: 0.688
Task: Reconstruction | Avg Loss: 5.983 
Mutual Information | Avg Loss: -0.00514
Total Loss | Avg Loss: 3.224
Time elapsed: 1:31:44.967267

 --- Epoch 94
Task: Classification | Acc: 56.02% | Avg Loss: 0.687
Task: Reconstruction | Avg Loss: 5.945 
Mutual Information | Avg Loss: -0.00516
Total Loss | Avg Loss: 3.305
Time elapsed: 1:32:44.292875

 --- Epoch 95
Task: Classification | Acc: 56.13% | Avg Loss: 0.686
Task: Reconstruction | Avg Loss: 5.946 
Mutual Information | Avg Loss: -0.00516
Total Loss | Avg Loss: 3.026
Time elapsed: 1:33:42.979270

 --- Epoch 96
Task: Classification | Acc: 55.93% | Avg Loss: 0.687
Task: Reconstruction | Avg Loss: 5.940 
Mutual Information | Avg Loss: -0.00513
Total Loss | Avg Loss: 3.163
Time elapsed: 1:34:41.984005

 --- Epoch 97
Task: Classification | Acc: 55.62% | Avg Loss: 0.687
Task: Reconstruction | Avg Loss: 5.936 
Mutual Information | Avg Loss: -0.00515
Total Loss | Avg Loss: 3.321
Time elapsed: 1:35:41.263367

 --- Epoch 98
Task: Classification | Acc: 56.05% | Avg Loss: 0.686
Task: Reconstruction | Avg Loss: 5.944 
Mutual Information | Avg Loss: -0.00517
Total Loss | Avg Loss: 3.304
Time elapsed: 1:36:40.562640

 --- Epoch 99
Task: Classification | Acc: 55.67% | Avg Loss: 0.687
Task: Reconstruction | Avg Loss: 5.938 
Mutual Information | Avg Loss: -0.00518
Total Loss | Avg Loss: 3.182
Time elapsed: 1:37:39.306239

 --- Epoch 100
Task: Classification | Acc: 55.91% | Avg Loss: 0.687
Task: Reconstruction | Avg Loss: 5.939 
Mutual Information | Avg Loss: -0.00515
Total Loss | Avg Loss: 3.332
Time elapsed: 1:38:38.734646
Example 1 ---
Original text: it's a much more emotional journey than what shyamalan has given us in his past two movies, and gibson, stepping in for bruce willis, is the perfect actor to take us on the trip.
Reconstructed text: a the..
Original IDs: [101, 2009, 1005, 1055, 1037, 2172, 2062, 6832, 4990, 2084, 2054, 11004, 8067, 5802, 2038, 2445, 2149, 1999, 2010, 2627, 2048, 5691, 1010, 1998, 9406, 1010, 9085, 1999, 2005, 5503, 12688, 1010, 2003, 1996, 3819, 3364, 2000, 2202, 2149, 2006, 1996, 4440, 1012, 102]
Predicted IDs: [101, 1037, 1996, 102, 102, 102, 102, 102, 102, 102, 102, 102, 102, 102, 102, 102, 102, 102, 102, 102, 102, 102, 102, 102, 102, 102, 102, 102, 102, 102, 102, 102, 102, 102, 102, 102, 102, 102, 102, 102, 102, 1012, 1012, 102]
BLEU Score: 0.0000
Example 2 ---
Original text: allows us to hope that nolan is poised to embark a major career as a commercial yet inventive filmmaker.
Reconstructed text: a the
Original IDs: [101, 4473, 2149, 2000, 3246, 2008, 13401, 2003, 22303, 2000, 28866, 1037, 2350, 2476, 2004, 1037, 3293, 2664, 1999, 15338, 3512, 12127, 1012, 102]
Predicted IDs: [101, 1037, 1996, 102, 102, 102, 102, 102, 102, 102, 102, 102, 102, 102, 102, 102, 102, 102, 102, 102, 102, 102, 102, 102]
BLEU Score: 0.0001
Example 3 ---
Original text: uncommonly stylish but equally silly... the picture fails to generate much suspense, nor does it ask searching enough questions to justify its pretensions.
Reconstructed text: a the
Original IDs: [101, 13191, 2135, 2358, 8516, 4509, 2021, 8053, 10021, 1012, 1012, 1012, 1996, 3861, 11896, 2000, 9699, 2172, 23873, 1010, 4496, 2515, 2009, 3198, 6575, 2438, 3980, 2000, 16114, 2049, 3653, 29048, 2015, 1012, 102]
Predicted IDs: [101, 1037, 1996, 102, 102, 102, 102, 102, 102, 102, 102, 102, 102, 102, 102, 102, 102, 102, 102, 102, 102, 102, 102, 102, 102, 102, 102, 102, 102, 102, 102, 102, 102, 102, 102]
BLEU Score: 0.0000

 --- Epoch 101
Task: Classification | Acc: 55.59% | Avg Loss: 0.687
Task: Reconstruction | Avg Loss: 5.942 
Mutual Information | Avg Loss: -0.00516
Total Loss | Avg Loss: 3.224
Time elapsed: 1:39:37.800622

 --- Epoch 102
Task: Classification | Acc: 55.84% | Avg Loss: 0.687
Task: Reconstruction | Avg Loss: 5.943 
Mutual Information | Avg Loss: -0.00515
Total Loss | Avg Loss: 3.244
Time elapsed: 1:40:36.951247

 --- Epoch 103
Task: Classification | Acc: 55.91% | Avg Loss: 0.687
Task: Reconstruction | Avg Loss: 5.944 
Mutual Information | Avg Loss: -0.00517
Total Loss | Avg Loss: 3.125
Time elapsed: 1:41:35.964272

 --- Epoch 104
Task: Classification | Acc: 55.51% | Avg Loss: 0.687
Task: Reconstruction | Avg Loss: 5.940 
Mutual Information | Avg Loss: -0.00516
Total Loss | Avg Loss: 3.333
Time elapsed: 1:42:35.297032

 --- Epoch 105
Task: Classification | Acc: 55.90% | Avg Loss: 0.687
Task: Reconstruction | Avg Loss: 5.939 
Mutual Information | Avg Loss: -0.00514
Total Loss | Avg Loss: 3.212
Time elapsed: 1:43:34.491233

 --- Epoch 106
Task: Classification | Acc: 55.49% | Avg Loss: 0.688
Task: Reconstruction | Avg Loss: 5.939 
Mutual Information | Avg Loss: -0.00514
Total Loss | Avg Loss: 3.492
Time elapsed: 1:44:34.111877

 --- Epoch 107
Task: Classification | Acc: 55.95% | Avg Loss: 0.687
Task: Reconstruction | Avg Loss: 5.940 
Mutual Information | Avg Loss: -0.00517
Total Loss | Avg Loss: 3.243
Time elapsed: 1:45:33.334492

 --- Epoch 108
Task: Classification | Acc: 55.69% | Avg Loss: 0.687
Task: Reconstruction | Avg Loss: 5.938 
Mutual Information | Avg Loss: -0.00512
Total Loss | Avg Loss: 3.053
Time elapsed: 1:46:32.065300

 --- Epoch 109
Task: Classification | Acc: 55.39% | Avg Loss: 0.688
Task: Reconstruction | Avg Loss: 5.943 
Mutual Information | Avg Loss: -0.00515
Total Loss | Avg Loss: 3.195
Time elapsed: 1:47:30.924515

 --- Epoch 110
Task: Classification | Acc: 55.56% | Avg Loss: 0.687
Task: Reconstruction | Avg Loss: 5.939 
Mutual Information | Avg Loss: -0.00515
Total Loss | Avg Loss: 3.163
Time elapsed: 1:48:29.844190
Example 1 ---
Original text: leigh's film is full of memorable performances from top to bottom.
Reconstructed text: a
Original IDs: [101, 11797, 1005, 1055, 2143, 2003, 2440, 1997, 13432, 4616, 2013, 2327, 2000, 3953, 1012, 102]
Predicted IDs: [101, 1037, 102, 102, 102, 102, 102, 102, 102, 102, 102, 102, 102, 102, 102, 102]
BLEU Score: 0.0000
Example 2 ---
Original text: deliriously funny, fast and loose, accessible to the uninitiated, and full of surprises
Reconstructed text: a
Original IDs: [101, 3972, 15735, 13453, 6057, 1010, 3435, 1998, 6065, 1010, 7801, 2000, 1996, 4895, 5498, 10711, 3064, 1010, 1998, 2440, 1997, 20096, 102]
Predicted IDs: [101, 1037, 102, 102, 102, 102, 102, 102, 102, 102, 102, 102, 102, 102, 102, 102, 102, 102, 102, 102, 102, 102, 102]
BLEU Score: 0.0000
Example 3 ---
Original text: the character of zigzag is not sufficiently developed to support a film constructed around him.
Reconstructed text: a
Original IDs: [101, 1996, 2839, 1997, 1062, 8004, 4143, 2290, 2003, 2025, 12949, 2764, 2000, 2490, 1037, 2143, 3833, 2105, 2032, 1012, 102]
Predicted IDs: [101, 1037, 102, 102, 102, 102, 102, 102, 102, 102, 102, 102, 102, 102, 102, 102, 102, 102, 102, 102, 102]
BLEU Score: 0.0000

 --- Epoch 111
Task: Classification | Acc: 55.82% | Avg Loss: 0.686
Task: Reconstruction | Avg Loss: 5.945 
Mutual Information | Avg Loss: -0.00515
Total Loss | Avg Loss: 3.415
Time elapsed: 1:49:29.397795

 --- Epoch 112
Task: Classification | Acc: 55.44% | Avg Loss: 0.688
Task: Reconstruction | Avg Loss: 5.945 
Mutual Information | Avg Loss: -0.00517
Total Loss | Avg Loss: 3.206
Time elapsed: 1:50:28.193410

 --- Epoch 113
Task: Classification | Acc: 55.47% | Avg Loss: 0.688
Task: Reconstruction | Avg Loss: 5.933 
Mutual Information | Avg Loss: -0.00516
Total Loss | Avg Loss: 3.250
Time elapsed: 1:51:27.481747

 --- Epoch 114
Task: Classification | Acc: 55.82% | Avg Loss: 0.687
Task: Reconstruction | Avg Loss: 5.936 
Mutual Information | Avg Loss: -0.00513
Total Loss | Avg Loss: 3.291
Time elapsed: 1:52:26.853938

 --- Epoch 115
Task: Classification | Acc: 55.72% | Avg Loss: 0.687
Task: Reconstruction | Avg Loss: 5.941 
Mutual Information | Avg Loss: -0.00517
Total Loss | Avg Loss: 3.233
Time elapsed: 1:53:25.843529

 --- Epoch 116
Task: Classification | Acc: 55.35% | Avg Loss: 0.688
Task: Reconstruction | Avg Loss: 5.936 
Mutual Information | Avg Loss: -0.00519
Total Loss | Avg Loss: 3.530
Time elapsed: 1:54:25.508610

 --- Epoch 117
Task: Classification | Acc: 55.77% | Avg Loss: 0.687
Task: Reconstruction | Avg Loss: 5.937 
Mutual Information | Avg Loss: -0.00518
Total Loss | Avg Loss: 3.361
Time elapsed: 1:55:24.915288

 --- Epoch 118
Task: Classification | Acc: 55.95% | Avg Loss: 0.687
Task: Reconstruction | Avg Loss: 5.941 
Mutual Information | Avg Loss: -0.00516
Total Loss | Avg Loss: 3.113
Time elapsed: 1:56:23.654013

 --- Epoch 119
Task: Classification | Acc: 55.84% | Avg Loss: 0.687
Task: Reconstruction | Avg Loss: 6.221 
Mutual Information | Avg Loss: -0.00517
Total Loss | Avg Loss: 3.423
Time elapsed: 1:57:23.006451

 --- Epoch 120
Task: Classification | Acc: 55.99% | Avg Loss: 0.687
Task: Reconstruction | Avg Loss: 6.400 
Mutual Information | Avg Loss: -0.00517
Total Loss | Avg Loss: 3.567
Time elapsed: 1:58:22.353863
Example 1 ---
Original text: instead, he shows them the respect they are due.
Reconstructed text: 
Original IDs: [101, 2612, 1010, 2002, 3065, 2068, 1996, 4847, 2027, 2024, 2349, 1012, 102]
Predicted IDs: [101, 101, 101, 101, 101, 101, 101, 101, 101, 101, 101, 101, 101]
BLEU Score: 0.0000
Example 2 ---
Original text: this is an egotistical endeavor from the daughter of horror director dario argento ( a producer here ), but her raw performance and utter fearlessness make it strangely magnetic.
Reconstructed text: 
Original IDs: [101, 2023, 2003, 2019, 13059, 16774, 7476, 23855, 2013, 1996, 2684, 1997, 5469, 2472, 26800, 23157, 2080, 1006, 1037, 3135, 2182, 1007, 1010, 2021, 2014, 6315, 2836, 1998, 14395, 22518, 2791, 2191, 2009, 13939, 8060, 1012, 102]
Predicted IDs: [101, 102, 102, 102, 102, 102, 102, 102, 102, 102, 102, 102, 101, 102, 102, 102, 102, 101, 102, 102, 102, 102, 102, 102, 102, 102, 102, 102, 102, 102, 102, 102, 102, 102, 102, 102, 101]
BLEU Score: 0.0000
Example 3 ---
Original text: an unclassifiably awful study in self - and audience - abuse.
Reconstructed text: 
Original IDs: [101, 2019, 4895, 26266, 10128, 2401, 6321, 9643, 2817, 1999, 2969, 1011, 1998, 4378, 1011, 6905, 1012, 102]
Predicted IDs: [101, 101, 101, 101, 101, 101, 101, 101, 101, 101, 101, 101, 101, 101, 101, 101, 101, 101]
BLEU Score: 0.0000

 --- Epoch 121
Task: Classification | Acc: 55.52% | Avg Loss: 0.688
Task: Reconstruction | Avg Loss: 6.323 
Mutual Information | Avg Loss: -0.00515
Total Loss | Avg Loss: 3.571
Time elapsed: 1:59:21.935774

 --- Epoch 122
Task: Classification | Acc: 55.47% | Avg Loss: 0.688
Task: Reconstruction | Avg Loss: 6.313 
Mutual Information | Avg Loss: -0.00515
Total Loss | Avg Loss: 3.224
Time elapsed: 2:00:20.573392

 --- Epoch 123
Task: Classification | Acc: 55.91% | Avg Loss: 0.686
Task: Reconstruction | Avg Loss: 6.329 
Mutual Information | Avg Loss: -0.00512
Total Loss | Avg Loss: 3.455
Time elapsed: 2:01:19.780615

 --- Epoch 124
Task: Classification | Acc: 55.84% | Avg Loss: 0.687
Task: Reconstruction | Avg Loss: 6.318 
Mutual Information | Avg Loss: -0.00519
Total Loss | Avg Loss: 3.439
Time elapsed: 2:02:18.687386

 --- Epoch 125
Task: Classification | Acc: 56.17% | Avg Loss: 0.686
Task: Reconstruction | Avg Loss: 6.311 
Mutual Information | Avg Loss: -0.00519
Total Loss | Avg Loss: 3.595
Time elapsed: 2:03:18.030000

 --- Epoch 126
Task: Classification | Acc: 55.92% | Avg Loss: 0.686
Task: Reconstruction | Avg Loss: 6.358 
Mutual Information | Avg Loss: -0.00515
Total Loss | Avg Loss: 3.545
Time elapsed: 2:04:17.376684

 --- Epoch 127
Task: Classification | Acc: 55.74% | Avg Loss: 0.687
Task: Reconstruction | Avg Loss: 6.307 
Mutual Information | Avg Loss: -0.00514
Total Loss | Avg Loss: 3.413
Time elapsed: 2:05:16.413247

 --- Epoch 128
Task: Classification | Acc: 55.57% | Avg Loss: 0.687
Task: Reconstruction | Avg Loss: 6.288 
Mutual Information | Avg Loss: -0.00515
Total Loss | Avg Loss: 3.531
Time elapsed: 2:06:15.838588

 --- Epoch 129
Task: Classification | Acc: 55.75% | Avg Loss: 0.687
Task: Reconstruction | Avg Loss: 6.287 
Mutual Information | Avg Loss: -0.00515
Total Loss | Avg Loss: 3.116
Time elapsed: 2:07:14.323923

 --- Epoch 130
Task: Classification | Acc: 55.49% | Avg Loss: 0.687
Task: Reconstruction | Avg Loss: 6.292 
Mutual Information | Avg Loss: -0.00516
Total Loss | Avg Loss: 3.618
Time elapsed: 2:08:13.956033
Example 1 ---
Original text: involves two mysteries - - one it gives away and the other featuring such badly drawn characters that its outcome hardly matters.
Reconstructed text: 
Original IDs: [101, 7336, 2048, 15572, 1011, 1011, 2028, 2009, 3957, 2185, 1998, 1996, 2060, 3794, 2107, 6649, 4567, 3494, 2008, 2049, 9560, 6684, 5609, 1012, 102]
Predicted IDs: [102, 102, 102, 102, 102, 102, 102, 102, 102, 102, 102, 102, 102, 102, 102, 102, 102, 102, 102, 102, 102, 102, 102, 102, 102]
BLEU Score: 0.0000
Example 2 ---
Original text: inside the film's conflict - powered plot there is a decent moral trying to get out, but it's not that, it's the tension that keeps you in your seat.
Reconstructed text: 
Original IDs: [101, 2503, 1996, 2143, 1005, 1055, 4736, 1011, 6113, 5436, 2045, 2003, 1037, 11519, 7191, 2667, 2000, 2131, 2041, 1010, 2021, 2009, 1005, 1055, 2025, 2008, 1010, 2009, 1005, 1055, 1996, 6980, 2008, 7906, 2017, 1999, 2115, 2835, 1012, 102]
Predicted IDs: [101, 102, 102, 102, 102, 102, 102, 102, 101, 102, 102, 102, 102, 102, 102, 102, 102, 102, 102, 102, 102, 102, 102, 102, 102, 102, 102, 102, 101, 102, 102, 102, 102, 102, 102, 102, 102, 102, 102, 101]
BLEU Score: 0.0000
Example 3 ---
Original text: a working class ` ` us vs. them'' opera that leaves no heartstring untugged and no liberal cause unplundered.
Reconstructed text: 
Original IDs: [101, 1037, 2551, 2465, 1036, 1036, 2149, 5443, 1012, 2068, 1005, 1005, 3850, 2008, 3727, 2053, 8072, 18886, 3070, 4895, 8525, 15567, 1998, 2053, 4314, 3426, 4895, 24759, 20824, 2098, 1012, 102]
Predicted IDs: [101, 102, 102, 102, 102, 102, 102, 102, 101, 102, 102, 102, 102, 102, 102, 102, 102, 102, 102, 102, 102, 102, 102, 102, 102, 102, 102, 102, 101, 102, 102, 102]
BLEU Score: 0.0000

 --- Epoch 131
Task: Classification | Acc: 55.94% | Avg Loss: 0.686
Task: Reconstruction | Avg Loss: 6.280 
Mutual Information | Avg Loss: -0.00515
Total Loss | Avg Loss: 3.473
Time elapsed: 2:09:13.450504

 --- Epoch 132
Task: Classification | Acc: 55.98% | Avg Loss: 0.686
Task: Reconstruction | Avg Loss: 6.304 
Mutual Information | Avg Loss: -0.00517
Total Loss | Avg Loss: 3.432
Time elapsed: 2:10:12.460441

 --- Epoch 133
Task: Classification | Acc: 55.64% | Avg Loss: 0.687
Task: Reconstruction | Avg Loss: 6.298 
Mutual Information | Avg Loss: -0.00515
Total Loss | Avg Loss: 3.408
Time elapsed: 2:11:11.751543

 --- Epoch 134
Task: Classification | Acc: 55.63% | Avg Loss: 0.687
Task: Reconstruction | Avg Loss: 6.308 
Mutual Information | Avg Loss: -0.00514
Total Loss | Avg Loss: 3.616
Time elapsed: 2:12:11.447534

 --- Epoch 135
Task: Classification | Acc: 55.76% | Avg Loss: 0.687
Task: Reconstruction | Avg Loss: 6.322 
Mutual Information | Avg Loss: -0.00518
Total Loss | Avg Loss: 3.537
Time elapsed: 2:13:10.639526

 --- Epoch 136
Task: Classification | Acc: 55.90% | Avg Loss: 0.687
Task: Reconstruction | Avg Loss: 6.467 
Mutual Information | Avg Loss: -0.00517
Total Loss | Avg Loss: 3.568
Time elapsed: 2:14:09.851547

 --- Epoch 137
Task: Classification | Acc: 55.77% | Avg Loss: 0.687
Task: Reconstruction | Avg Loss: 6.465 
Mutual Information | Avg Loss: -0.00515
Total Loss | Avg Loss: 3.512
Time elapsed: 2:15:09.130100

 --- Epoch 138
Task: Classification | Acc: 55.38% | Avg Loss: 0.688
Task: Reconstruction | Avg Loss: 6.469 
Mutual Information | Avg Loss: -0.00515
Total Loss | Avg Loss: 3.558
Time elapsed: 2:16:08.336644

 --- Epoch 139
Task: Classification | Acc: 55.85% | Avg Loss: 0.687
Task: Reconstruction | Avg Loss: 6.416 
Mutual Information | Avg Loss: -0.00513
Total Loss | Avg Loss: 3.575
Time elapsed: 2:17:07.781629

 --- Epoch 140
Task: Classification | Acc: 55.93% | Avg Loss: 0.687
Task: Reconstruction | Avg Loss: 6.459 
Mutual Information | Avg Loss: -0.00523
Total Loss | Avg Loss: 3.618
Time elapsed: 2:18:06.873465
Example 1 ---
Original text: a very well - made, funny and entertaining picture.
Reconstructed text: 
Original IDs: [101, 1037, 2200, 2092, 1011, 2081, 1010, 6057, 1998, 14036, 3861, 1012, 102]
Predicted IDs: [102, 102, 102, 102, 102, 102, 102, 102, 102, 102, 102, 102, 102]
BLEU Score: 0.0000
Example 2 ---
Original text: feels too formulaic and too familiar to produce the transgressive thrills of early underground work.
Reconstructed text: 
Original IDs: [101, 5683, 2205, 5675, 2594, 1998, 2205, 5220, 2000, 3965, 1996, 9099, 17603, 18719, 3726, 16959, 2015, 1997, 2220, 5230, 2147, 1012, 102]
Predicted IDs: [101, 101, 101, 101, 101, 101, 101, 101, 101, 101, 101, 101, 101, 101, 101, 101, 101, 101, 101, 101, 101, 101, 101]
BLEU Score: 0.0000
Example 3 ---
Original text: a gorgeous, high - spirited musical from india that exquisitely blends music, dance, song, and high drama.
Reconstructed text: 
Original IDs: [101, 1037, 9882, 1010, 2152, 1011, 24462, 3315, 2013, 2634, 2008, 19401, 2135, 12586, 2015, 2189, 1010, 3153, 1010, 2299, 1010, 1998, 2152, 3689, 1012, 102]
Predicted IDs: [101, 101, 101, 101, 101, 101, 101, 101, 101, 101, 101, 101, 101, 101, 101, 101, 101, 101, 101, 101, 101, 101, 101, 101, 101, 101]
BLEU Score: 0.0000

 --- Epoch 141
Task: Classification | Acc: 55.48% | Avg Loss: 0.688
Task: Reconstruction | Avg Loss: 6.468 
Mutual Information | Avg Loss: -0.00516
Total Loss | Avg Loss: 3.645
Time elapsed: 2:19:06.339480

 --- Epoch 142
Task: Classification | Acc: 55.67% | Avg Loss: 0.687
Task: Reconstruction | Avg Loss: 6.468 
Mutual Information | Avg Loss: -0.00517
Total Loss | Avg Loss: 3.766
Time elapsed: 2:20:06.017888

 --- Epoch 143
Task: Classification | Acc: 55.79% | Avg Loss: 0.687
Task: Reconstruction | Avg Loss: 6.466 
Mutual Information | Avg Loss: -0.00517
Total Loss | Avg Loss: 3.435
Time elapsed: 2:21:05.080879

 --- Epoch 144
Task: Classification | Acc: 55.81% | Avg Loss: 0.687
Task: Reconstruction | Avg Loss: 6.460 
Mutual Information | Avg Loss: -0.00513
Total Loss | Avg Loss: 3.586
Time elapsed: 2:22:04.785916

 --- Epoch 145
Task: Classification | Acc: 55.82% | Avg Loss: 0.687
Task: Reconstruction | Avg Loss: 6.424 
Mutual Information | Avg Loss: -0.00517
Total Loss | Avg Loss: 3.589
Time elapsed: 2:23:04.129372

 --- Epoch 146
Task: Classification | Acc: 55.93% | Avg Loss: 0.686
Task: Reconstruction | Avg Loss: 6.430 
Mutual Information | Avg Loss: -0.00515
Total Loss | Avg Loss: 3.593
Time elapsed: 2:24:03.538523

 --- Epoch 147
Task: Classification | Acc: 55.69% | Avg Loss: 0.687
Task: Reconstruction | Avg Loss: 6.433 
Mutual Information | Avg Loss: -0.00513
Total Loss | Avg Loss: 3.682
Time elapsed: 2:25:03.226608

 --- Epoch 148
Task: Classification | Acc: 56.11% | Avg Loss: 0.686
Task: Reconstruction | Avg Loss: 6.437 
Mutual Information | Avg Loss: -0.00519
Total Loss | Avg Loss: 3.705
Time elapsed: 2:26:02.617632

 --- Epoch 149
Task: Classification | Acc: 55.56% | Avg Loss: 0.687
Task: Reconstruction | Avg Loss: 6.437 
Mutual Information | Avg Loss: -0.00515
Total Loss | Avg Loss: 3.477
Time elapsed: 2:27:01.917062

 --- Epoch 150
Task: Classification | Acc: 55.86% | Avg Loss: 0.687
Task: Reconstruction | Avg Loss: 6.432 
Mutual Information | Avg Loss: -0.00513
Total Loss | Avg Loss: 3.528
Time elapsed: 2:28:01.207332
Example 1 ---
Original text: an exhilarating futuristic thriller - noir, minority report twists the best of technology around a gripping story, delivering a riveting, pulse intensifying escapist adventure of the first order
Reconstructed text: 
Original IDs: [101, 2019, 4654, 26415, 15172, 28971, 10874, 1011, 15587, 1010, 7162, 3189, 21438, 1996, 2190, 1997, 2974, 2105, 1037, 13940, 2466, 1010, 12771, 1037, 15544, 19510, 2075, 1010, 8187, 20014, 6132, 11787, 9686, 17695, 2923, 6172, 1997, 1996, 2034, 2344, 102]
Predicted IDs: [102, 102, 102, 102, 102, 102, 102, 102, 102, 102, 102, 102, 102, 102, 102, 102, 102, 102, 102, 102, 102, 102, 102, 102, 102, 102, 102, 102, 102, 102, 102, 102, 102, 102, 102, 102, 102, 102, 102, 102, 102]
BLEU Score: 0.0000
Example 2 ---
Original text: it's a beautiful madness.
Reconstructed text: 
Original IDs: [101, 2009, 1005, 1055, 1037, 3376, 12013, 1012, 102]
Predicted IDs: [102, 102, 102, 102, 102, 102, 102, 102, 102]
BLEU Score: 0.0000
Example 3 ---
Original text: for starters, the story is just too slim.
Reconstructed text: 
Original IDs: [101, 2005, 29400, 1010, 1996, 2466, 2003, 2074, 2205, 11754, 1012, 102]
Predicted IDs: [102, 102, 102, 102, 102, 102, 102, 102, 102, 102, 102, 102]
BLEU Score: 0.0000

 --- Epoch 151
Task: Classification | Acc: 55.74% | Avg Loss: 0.687
Task: Reconstruction | Avg Loss: 6.439 
Mutual Information | Avg Loss: -0.00517
Total Loss | Avg Loss: 3.586
Time elapsed: 2:29:00.426228

 --- Epoch 152
Task: Classification | Acc: 55.80% | Avg Loss: 0.687
Task: Reconstruction | Avg Loss: 6.454 
Mutual Information | Avg Loss: -0.00518
Total Loss | Avg Loss: 3.594
Time elapsed: 2:29:59.704045

 --- Epoch 153
Task: Classification | Acc: 56.08% | Avg Loss: 0.686
Task: Reconstruction | Avg Loss: 6.470 
Mutual Information | Avg Loss: -0.00516
Total Loss | Avg Loss: 3.602
Time elapsed: 2:30:59.075878

 --- Epoch 154
Task: Classification | Acc: 55.64% | Avg Loss: 0.687
Task: Reconstruction | Avg Loss: 6.470 
Mutual Information | Avg Loss: -0.00513
Total Loss | Avg Loss: 3.558
Time elapsed: 2:31:58.554613

 --- Epoch 155
Task: Classification | Acc: 55.73% | Avg Loss: 0.687
Task: Reconstruction | Avg Loss: 6.461 
Mutual Information | Avg Loss: -0.00516
Total Loss | Avg Loss: 3.762
Time elapsed: 2:32:58.322803

 --- Epoch 156
Task: Classification | Acc: 55.68% | Avg Loss: 0.687
Task: Reconstruction | Avg Loss: 6.462 
Mutual Information | Avg Loss: -0.00515
Total Loss | Avg Loss: 3.467
Time elapsed: 2:33:57.606749

 --- Epoch 157
Task: Classification | Acc: 55.84% | Avg Loss: 0.687
Task: Reconstruction | Avg Loss: 6.462 
Mutual Information | Avg Loss: -0.00515
Total Loss | Avg Loss: 3.773
Time elapsed: 2:34:57.583211

 --- Epoch 158
Task: Classification | Acc: 55.63% | Avg Loss: 0.687
Task: Reconstruction | Avg Loss: 6.464 
Mutual Information | Avg Loss: -0.00516
Total Loss | Avg Loss: 3.358
Time elapsed: 2:35:56.537375

 --- Epoch 159
Task: Classification | Acc: 55.84% | Avg Loss: 0.686
Task: Reconstruction | Avg Loss: 6.470 
Mutual Information | Avg Loss: -0.00514
Total Loss | Avg Loss: 3.558
Time elapsed: 2:36:55.883344

 --- Epoch 160
Task: Classification | Acc: 55.95% | Avg Loss: 0.686
Task: Reconstruction | Avg Loss: 6.464 
Mutual Information | Avg Loss: -0.00513
Total Loss | Avg Loss: 3.544
Time elapsed: 2:37:55.161534
Example 1 ---
Original text: the overall effect is less like a children's movie than a recruitment film for future hollywood sellouts.
Reconstructed text: 
Original IDs: [101, 1996, 3452, 3466, 2003, 2625, 2066, 1037, 2336, 1005, 1055, 3185, 2084, 1037, 15680, 2143, 2005, 2925, 5365, 5271, 12166, 1012, 102]
Predicted IDs: [101, 101, 101, 101, 101, 101, 101, 101, 101, 101, 101, 101, 101, 101, 101, 101, 101, 101, 101, 101, 101, 101, 101]
BLEU Score: 0.0000
Example 2 ---
Original text: a great ensemble cast can't lift this heartfelt enterprise out of the familiar.
Reconstructed text: 
Original IDs: [101, 1037, 2307, 7241, 3459, 6187, 1050, 1005, 1056, 6336, 2023, 2540, 26675, 6960, 2041, 1997, 1996, 5220, 1012, 102]
Predicted IDs: [101, 101, 101, 101, 101, 101, 101, 101, 101, 101, 101, 101, 101, 101, 101, 101, 101, 101, 101, 101]
BLEU Score: 0.0000
Example 3 ---
Original text: exquisitely nuanced in mood tics and dialogue, this chamber drama is superbly acted by the deeply appealing veteran bouquet and the chilling but quite human berling.
Reconstructed text: 
Original IDs: [101, 19401, 2135, 16371, 6651, 2094, 1999, 6888, 14841, 6169, 1998, 7982, 1010, 2023, 4574, 3689, 2003, 21688, 2135, 6051, 2011, 1996, 6171, 16004, 8003, 26700, 1998, 1996, 27017, 2021, 3243, 2529, 4068, 2290, 1012, 102]
Predicted IDs: [101, 101, 101, 101, 101, 101, 101, 101, 101, 101, 101, 101, 101, 101, 101, 101, 101, 101, 101, 101, 101, 101, 101, 101, 101, 101, 101, 101, 101, 101, 101, 101, 101, 101, 101, 101]
BLEU Score: 0.0000

 --- Epoch 161
Task: Classification | Acc: 55.97% | Avg Loss: 0.686
Task: Reconstruction | Avg Loss: 6.465 
Mutual Information | Avg Loss: -0.00517
Total Loss | Avg Loss: 3.391
Time elapsed: 2:38:54.062043

 --- Epoch 162
Task: Classification | Acc: 56.01% | Avg Loss: 0.686
Task: Reconstruction | Avg Loss: 6.462 
Mutual Information | Avg Loss: -0.00511
Total Loss | Avg Loss: 3.412
Time elapsed: 2:39:53.195245

 --- Epoch 163
Task: Classification | Acc: 55.96% | Avg Loss: 0.686
Task: Reconstruction | Avg Loss: 6.468 
Mutual Information | Avg Loss: -0.00517
Total Loss | Avg Loss: 3.447
Time elapsed: 2:40:52.099401

 --- Epoch 164
Task: Classification | Acc: 55.75% | Avg Loss: 0.687
Task: Reconstruction | Avg Loss: 6.459 
Mutual Information | Avg Loss: -0.00516
Total Loss | Avg Loss: 3.399
Time elapsed: 2:41:50.964945

 --- Epoch 165
Task: Classification | Acc: 55.63% | Avg Loss: 0.687
Task: Reconstruction | Avg Loss: 6.466 
Mutual Information | Avg Loss: -0.00521
Total Loss | Avg Loss: 3.446
Time elapsed: 2:42:49.781823

 --- Epoch 166
Task: Classification | Acc: 56.26% | Avg Loss: 0.686
Task: Reconstruction | Avg Loss: 6.467 
Mutual Information | Avg Loss: -0.00516
Total Loss | Avg Loss: 3.512
Time elapsed: 2:43:49.164646

 --- Epoch 167
Task: Classification | Acc: 55.81% | Avg Loss: 0.687
Task: Reconstruction | Avg Loss: 6.462 
Mutual Information | Avg Loss: -0.00515
Total Loss | Avg Loss: 3.521
Time elapsed: 2:44:48.419879

 --- Epoch 168
Task: Classification | Acc: 55.76% | Avg Loss: 0.687
Task: Reconstruction | Avg Loss: 6.464 
Mutual Information | Avg Loss: -0.00515
Total Loss | Avg Loss: 3.687
Time elapsed: 2:45:48.196007

 --- Epoch 169
Task: Classification | Acc: 55.65% | Avg Loss: 0.687
Task: Reconstruction | Avg Loss: 6.463 
Mutual Information | Avg Loss: -0.00518
Total Loss | Avg Loss: 3.664
Time elapsed: 2:46:47.553594

 --- Epoch 170
Task: Classification | Acc: 55.43% | Avg Loss: 0.688
Task: Reconstruction | Avg Loss: 6.461 
Mutual Information | Avg Loss: -0.00518
Total Loss | Avg Loss: 3.631
Time elapsed: 2:47:46.869167
Example 1 ---
Original text: you wonder why enough wasn't just a music video rather than a full - length movie.
Reconstructed text: 
Original IDs: [101, 2017, 4687, 2339, 2438, 2001, 1050, 1005, 1056, 2074, 1037, 2189, 2678, 2738, 2084, 1037, 2440, 1011, 3091, 3185, 1012, 102]
Predicted IDs: [102, 102, 102, 102, 102, 102, 102, 102, 102, 102, 102, 102, 102, 102, 102, 102, 102, 102, 102, 102, 102, 102]
BLEU Score: 0.0000
Example 2 ---
Original text: it's one pussy - ass world when even killer - thrillers revolve around group therapy sessions.
Reconstructed text: 
Original IDs: [101, 2009, 1005, 1055, 2028, 22418, 1011, 4632, 2088, 2043, 2130, 6359, 1011, 10874, 2015, 7065, 4747, 3726, 2105, 2177, 7242, 6521, 1012, 102]
Predicted IDs: [102, 102, 102, 102, 102, 102, 102, 102, 102, 102, 102, 102, 102, 102, 102, 102, 102, 102, 102, 102, 102, 102, 102, 102]
BLEU Score: 0.0000
Example 3 ---
Original text: the minor figures surrounding ( bobby )... form a gritty urban mosaic.
Reconstructed text: 
Original IDs: [101, 1996, 3576, 4481, 4193, 1006, 6173, 1007, 1012, 1012, 1012, 2433, 1037, 24842, 3723, 3923, 16061, 1012, 102]
Predicted IDs: [102, 102, 102, 102, 102, 102, 102, 102, 102, 102, 102, 102, 102, 102, 102, 102, 102, 102, 102]
BLEU Score: 0.0000

 --- Epoch 171
Task: Classification | Acc: 55.58% | Avg Loss: 0.687
Task: Reconstruction | Avg Loss: 6.458 
Mutual Information | Avg Loss: -0.00512
Total Loss | Avg Loss: 3.454
Time elapsed: 2:48:46.266885

 --- Epoch 172
Task: Classification | Acc: 55.81% | Avg Loss: 0.687
Task: Reconstruction | Avg Loss: 6.462 
Mutual Information | Avg Loss: -0.00516
Total Loss | Avg Loss: 3.357
Time elapsed: 2:49:45.109222

 --- Epoch 173
Task: Classification | Acc: 55.26% | Avg Loss: 0.688
Task: Reconstruction | Avg Loss: 6.458 
Mutual Information | Avg Loss: -0.00515
Total Loss | Avg Loss: 3.531
Time elapsed: 2:50:44.472917

 --- Epoch 174
Task: Classification | Acc: 55.83% | Avg Loss: 0.687
Task: Reconstruction | Avg Loss: 6.466 
Mutual Information | Avg Loss: -0.00512
Total Loss | Avg Loss: 3.435
Time elapsed: 2:51:43.720103

 --- Epoch 175
Task: Classification | Acc: 55.67% | Avg Loss: 0.687
Task: Reconstruction | Avg Loss: 6.468 
Mutual Information | Avg Loss: -0.00513
Total Loss | Avg Loss: 3.579
Time elapsed: 2:52:43.273400

 --- Epoch 176
Task: Classification | Acc: 55.50% | Avg Loss: 0.687
Task: Reconstruction | Avg Loss: 6.468 
Mutual Information | Avg Loss: -0.00516
Total Loss | Avg Loss: 3.360
Time elapsed: 2:53:42.071692

 --- Epoch 177
Task: Classification | Acc: 55.65% | Avg Loss: 0.687
Task: Reconstruction | Avg Loss: 6.467 
Mutual Information | Avg Loss: -0.00518
Total Loss | Avg Loss: 3.633
Time elapsed: 2:54:41.503818

 --- Epoch 178
Task: Classification | Acc: 55.49% | Avg Loss: 0.688
Task: Reconstruction | Avg Loss: 6.461 
Mutual Information | Avg Loss: -0.00515
Total Loss | Avg Loss: 3.773
Time elapsed: 2:55:41.376802

 --- Epoch 179
Task: Classification | Acc: 55.97% | Avg Loss: 0.686
Task: Reconstruction | Avg Loss: 6.464 
Mutual Information | Avg Loss: -0.00514
Total Loss | Avg Loss: 3.237
Time elapsed: 2:56:39.830328

 --- Epoch 180
Task: Classification | Acc: 55.78% | Avg Loss: 0.687
Task: Reconstruction | Avg Loss: 6.464 
Mutual Information | Avg Loss: -0.00516
Total Loss | Avg Loss: 3.303
Time elapsed: 2:57:38.564278
Example 1 ---
Original text: a gripping movie, played with performances that are all understated and touching.
Reconstructed text: 
Original IDs: [101, 1037, 13940, 3185, 1010, 2209, 2007, 4616, 2008, 2024, 2035, 2104, 9153, 3064, 1998, 7244, 1012, 102]
Predicted IDs: [102, 102, 102, 102, 102, 102, 102, 102, 102, 102, 102, 102, 102, 102, 102, 102, 102, 102]
BLEU Score: 0.0000
Example 2 ---
Original text: is the time really ripe for a warmed - over james bond adventure, with a village idiot as the 007 clone?
Reconstructed text: 
Original IDs: [101, 2003, 1996, 2051, 2428, 22503, 2005, 1037, 17336, 1011, 2058, 2508, 5416, 6172, 1010, 2007, 1037, 2352, 10041, 2004, 1996, 4002, 2581, 17598, 1029, 102]
Predicted IDs: [101, 101, 101, 101, 101, 101, 101, 101, 101, 101, 101, 101, 101, 101, 101, 101, 101, 101, 101, 101, 101, 101, 101, 101, 101, 101]
BLEU Score: 0.0000
Example 3 ---
Original text: it treats women like idiots.
Reconstructed text: 
Original IDs: [101, 2009, 18452, 2308, 2066, 28781, 1012, 102]
Predicted IDs: [101, 101, 101, 101, 101, 101, 101, 101]
BLEU Score: 0.0000

 --- Epoch 181
Task: Classification | Acc: 55.69% | Avg Loss: 0.687
Task: Reconstruction | Avg Loss: 6.466 
Mutual Information | Avg Loss: -0.00517
Total Loss | Avg Loss: 3.458
Time elapsed: 2:58:37.403637

 --- Epoch 182
Task: Classification | Acc: 55.89% | Avg Loss: 0.686
Task: Reconstruction | Avg Loss: 6.464 
Mutual Information | Avg Loss: -0.00517
Total Loss | Avg Loss: 3.588
Time elapsed: 2:59:36.734850

 --- Epoch 183
Task: Classification | Acc: 55.78% | Avg Loss: 0.687
Task: Reconstruction | Avg Loss: 6.464 
Mutual Information | Avg Loss: -0.00515
Total Loss | Avg Loss: 3.785
Time elapsed: 3:00:36.688787

 --- Epoch 184
Task: Classification | Acc: 55.76% | Avg Loss: 0.686
Task: Reconstruction | Avg Loss: 6.466 
Mutual Information | Avg Loss: -0.00516
Total Loss | Avg Loss: 3.644
Time elapsed: 3:01:35.971357

 --- Epoch 185
Task: Classification | Acc: 55.54% | Avg Loss: 0.687
Task: Reconstruction | Avg Loss: 6.458 
Mutual Information | Avg Loss: -0.00513
Total Loss | Avg Loss: 3.564
Time elapsed: 3:02:35.388623

 --- Epoch 186
Task: Classification | Acc: 55.76% | Avg Loss: 0.687
Task: Reconstruction | Avg Loss: 6.461 
Mutual Information | Avg Loss: -0.00517
Total Loss | Avg Loss: 3.663
Time elapsed: 3:03:34.903297

 --- Epoch 187
Task: Classification | Acc: 55.48% | Avg Loss: 0.687
Task: Reconstruction | Avg Loss: 6.462 
Mutual Information | Avg Loss: -0.00512
Total Loss | Avg Loss: 3.401
Time elapsed: 3:04:34.195206

 --- Epoch 188
Task: Classification | Acc: 55.72% | Avg Loss: 0.687
Task: Reconstruction | Avg Loss: 6.465 
Mutual Information | Avg Loss: -0.00518
Total Loss | Avg Loss: 3.533
Time elapsed: 3:05:33.360105

 --- Epoch 189
Task: Classification | Acc: 55.86% | Avg Loss: 0.687
Task: Reconstruction | Avg Loss: 6.464 
Mutual Information | Avg Loss: -0.00522
Total Loss | Avg Loss: 3.752
Time elapsed: 3:06:32.813911

 --- Epoch 190
Task: Classification | Acc: 55.74% | Avg Loss: 0.687
Task: Reconstruction | Avg Loss: 6.459 
Mutual Information | Avg Loss: -0.00519
Total Loss | Avg Loss: 3.585
Time elapsed: 3:07:32.166696
Example 1 ---
Original text: having had the good sense to cast actors who are, generally speaking, adored by the movie - going public, khouri then gets terrific performances from them all.
Reconstructed text: 
Original IDs: [101, 2383, 2018, 1996, 2204, 3168, 2000, 3459, 5889, 2040, 2024, 1010, 3227, 4092, 1010, 28456, 2011, 1996, 3185, 1011, 2183, 2270, 1010, 1047, 6806, 9496, 2059, 4152, 27547, 4616, 2013, 2068, 2035, 1012, 102]
Predicted IDs: [102, 102, 102, 102, 102, 102, 102, 102, 102, 102, 102, 102, 102, 102, 102, 102, 102, 102, 102, 102, 102, 102, 102, 102, 102, 102, 102, 102, 102, 102, 102, 102, 102, 102, 102]
BLEU Score: 0.0000
Example 2 ---
Original text: is the time really ripe for a warmed - over james bond adventure, with a village idiot as the 007 clone?
Reconstructed text: 
Original IDs: [101, 2003, 1996, 2051, 2428, 22503, 2005, 1037, 17336, 1011, 2058, 2508, 5416, 6172, 1010, 2007, 1037, 2352, 10041, 2004, 1996, 4002, 2581, 17598, 1029, 102]
Predicted IDs: [102, 102, 102, 102, 102, 102, 102, 102, 102, 102, 102, 102, 102, 102, 102, 102, 102, 102, 102, 102, 102, 102, 102, 102, 102, 102]
BLEU Score: 0.0000
Example 3 ---
Original text: one of the best films of the year with its exploration of the obstacles to happiness faced by five contemporary individuals... a psychological masterpiece.
Reconstructed text: 
Original IDs: [101, 2028, 1997, 1996, 2190, 3152, 1997, 1996, 2095, 2007, 2049, 8993, 1997, 1996, 15314, 2000, 8404, 4320, 2011, 2274, 3824, 3633, 1012, 1012, 1012, 1037, 8317, 17743, 1012, 102]
Predicted IDs: [102, 102, 102, 102, 102, 102, 102, 102, 102, 102, 102, 102, 102, 102, 102, 102, 102, 102, 102, 102, 102, 102, 102, 102, 102, 102, 102, 102, 102, 102]
BLEU Score: 0.0000

 --- Epoch 191
Task: Classification | Acc: 55.76% | Avg Loss: 0.687
Task: Reconstruction | Avg Loss: 6.466 
Mutual Information | Avg Loss: -0.00517
Total Loss | Avg Loss: 3.479
Time elapsed: 3:08:31.095631

 --- Epoch 192
Task: Classification | Acc: 55.60% | Avg Loss: 0.687
Task: Reconstruction | Avg Loss: 6.462 
Mutual Information | Avg Loss: -0.00515
Total Loss | Avg Loss: 3.697
Time elapsed: 3:09:30.827876

 --- Epoch 193
Task: Classification | Acc: 56.05% | Avg Loss: 0.686
Task: Reconstruction | Avg Loss: 6.464 
Mutual Information | Avg Loss: -0.00516
Total Loss | Avg Loss: 3.621
Time elapsed: 3:10:30.312623

 --- Epoch 194
Task: Classification | Acc: 55.66% | Avg Loss: 0.687
Task: Reconstruction | Avg Loss: 6.463 
Mutual Information | Avg Loss: -0.00516
Total Loss | Avg Loss: 3.401
Time elapsed: 3:11:29.355718

 --- Epoch 195
Task: Classification | Acc: 55.85% | Avg Loss: 0.687
Task: Reconstruction | Avg Loss: 6.457 
Mutual Information | Avg Loss: -0.00516
Total Loss | Avg Loss: 3.606
Time elapsed: 3:12:28.776308

 --- Epoch 196
Task: Classification | Acc: 55.91% | Avg Loss: 0.687
Task: Reconstruction | Avg Loss: 6.466 
Mutual Information | Avg Loss: -0.00515
Total Loss | Avg Loss: 3.501
Time elapsed: 3:13:27.943956

 --- Epoch 197
Task: Classification | Acc: 55.79% | Avg Loss: 0.686
Task: Reconstruction | Avg Loss: 6.463 
Mutual Information | Avg Loss: -0.00515
Total Loss | Avg Loss: 3.741
Time elapsed: 3:14:27.853758

 --- Epoch 198
Task: Classification | Acc: 55.30% | Avg Loss: 0.688
Task: Reconstruction | Avg Loss: 6.459 
Mutual Information | Avg Loss: -0.00518
Total Loss | Avg Loss: 3.345
Time elapsed: 3:15:26.545282

 --- Epoch 199
Task: Classification | Acc: 55.81% | Avg Loss: 0.687
Task: Reconstruction | Avg Loss: 6.459 
Mutual Information | Avg Loss: -0.00518
Total Loss | Avg Loss: 3.574
Time elapsed: 3:16:25.870109

 --- Epoch 200
Task: Classification | Acc: 55.79% | Avg Loss: 0.687
Task: Reconstruction | Avg Loss: 6.463 
Mutual Information | Avg Loss: -0.00521
Total Loss | Avg Loss: 3.719
Time elapsed: 3:17:25.208555
Example 1 ---
Original text: it haunts you, you can't forget it, you admire its conception and are able to resolve some of the confusions you had while watching it.
Reconstructed text: 
Original IDs: [101, 2009, 24542, 2015, 2017, 1010, 2017, 6187, 1050, 1005, 1056, 5293, 2009, 1010, 2017, 19837, 2049, 13120, 1998, 2024, 2583, 2000, 10663, 2070, 1997, 1996, 6724, 2015, 2017, 2018, 2096, 3666, 2009, 1012, 102]
Predicted IDs: [102, 102, 102, 102, 102, 102, 102, 102, 102, 102, 102, 102, 102, 102, 102, 102, 102, 102, 102, 102, 102, 102, 102, 102, 102, 102, 102, 102, 102, 102, 102, 102, 102, 102, 102]
BLEU Score: 0.0000
Example 2 ---
Original text: how do you spell cliche?
Reconstructed text: 
Original IDs: [101, 2129, 2079, 2017, 6297, 18856, 17322, 1029, 102]
Predicted IDs: [102, 102, 102, 102, 102, 102, 102, 102, 102]
BLEU Score: 0.0000
Example 3 ---
Original text: looks and feels like a project better suited for the small screen.
Reconstructed text: 
Original IDs: [101, 3504, 1998, 5683, 2066, 1037, 2622, 2488, 10897, 2005, 1996, 2235, 3898, 1012, 102]
Predicted IDs: [102, 102, 102, 102, 102, 102, 102, 102, 102, 102, 102, 102, 102, 102, 102]
BLEU Score: 0.0000

--- Final Test BLEU Score ---
Avg BLEU Score: 0.0000
Training lasted 3:17:26.652885
