nohup: ignoring input
Training started at 2025-06-15 04:18:07
Training detail: learning rate: 2e-4, weight decay: 5e-3, total epochs: 250, batch size: 128, seed: 2231
Starting training...

 --- Epoch 1
Task: Classification | Acc: 54.56% | Avg Loss: 0.692
Task: Reconstruction | Avg Loss: 6.431 
Mutual Information | Avg Loss: -0.00219
Total Loss | Avg Loss: 3.316
Time elapsed: 0:00:58.224388

 --- Epoch 2
Task: Classification | Acc: 54.40% | Avg Loss: 0.693
Task: Reconstruction | Avg Loss: 6.188 
Mutual Information | Avg Loss: 0.00000
Total Loss | Avg Loss: 3.341
Time elapsed: 0:01:56.416915

 --- Epoch 3
Task: Classification | Acc: 54.72% | Avg Loss: 0.689
Task: Reconstruction | Avg Loss: 6.159 
Mutual Information | Avg Loss: 0.00000
Total Loss | Avg Loss: 3.398
Time elapsed: 0:02:55.288898

 --- Epoch 4
Task: Classification | Acc: 54.48% | Avg Loss: 0.692
Task: Reconstruction | Avg Loss: 6.145 
Mutual Information | Avg Loss: 0.00000
Total Loss | Avg Loss: 3.403
Time elapsed: 0:03:54.318898

 --- Epoch 5
Task: Classification | Acc: 54.93% | Avg Loss: 0.690
Task: Reconstruction | Avg Loss: 6.425 
Mutual Information | Avg Loss: 0.00000
Total Loss | Avg Loss: 3.617
Time elapsed: 0:04:53.274069

 --- Epoch 6
Task: Classification | Acc: 55.73% | Avg Loss: 0.689
Task: Reconstruction | Avg Loss: 6.494 
Mutual Information | Avg Loss: 0.00000
Total Loss | Avg Loss: 3.564
Time elapsed: 0:05:52.029063

 --- Epoch 7
Task: Classification | Acc: 55.16% | Avg Loss: 0.689
Task: Reconstruction | Avg Loss: 6.493 
Mutual Information | Avg Loss: 0.00000
Total Loss | Avg Loss: 3.486
Time elapsed: 0:06:50.383800

 --- Epoch 8
Task: Classification | Acc: 55.21% | Avg Loss: 0.689
Task: Reconstruction | Avg Loss: 6.494 
Mutual Information | Avg Loss: 0.00000
Total Loss | Avg Loss: 3.707
Time elapsed: 0:07:49.541672

 --- Epoch 9
Task: Classification | Acc: 55.52% | Avg Loss: 0.688
Task: Reconstruction | Avg Loss: 6.487 
Mutual Information | Avg Loss: 0.00000
Total Loss | Avg Loss: 3.813
Time elapsed: 0:08:48.979967

 --- Epoch 10
Task: Classification | Acc: 55.24% | Avg Loss: 0.688
Task: Reconstruction | Avg Loss: 6.486 
Mutual Information | Avg Loss: 0.00000
Total Loss | Avg Loss: 3.626
Time elapsed: 0:09:47.888969
Example 1 ---
Original text: at once half - baked and overheated.
Reconstructed text: 
Original IDs: [101, 2012, 2320, 2431, 1011, 17776, 1998, 2058, 20192, 3064, 1012, 102]
Predicted IDs: [102, 102, 102, 102, 102, 102, 102, 102, 102, 102, 102, 102]
BLEU Score: 0.0000
Example 2 ---
Original text: the story and the friendship proceeds in such a way that you're watching a soap opera rather than a chronicle of the ups and downs that accompany lifelong friendships.
Reconstructed text: 
Original IDs: [101, 1996, 2466, 1998, 1996, 6860, 10951, 1999, 2107, 1037, 2126, 2008, 2017, 1005, 2128, 3666, 1037, 7815, 3850, 2738, 2084, 1037, 9519, 1997, 1996, 11139, 1998, 12482, 2008, 12673, 13506, 28956, 1012, 102]
Predicted IDs: [102, 102, 102, 102, 102, 102, 102, 102, 102, 102, 102, 102, 102, 102, 102, 102, 102, 102, 102, 102, 102, 102, 102, 102, 102, 102, 102, 102, 102, 102, 102, 102, 102, 102]
BLEU Score: 0.0000
Example 3 ---
Original text: for movie lovers as well as opera lovers, tosca is a real treat.
Reconstructed text: 
Original IDs: [101, 2005, 3185, 10205, 2004, 2092, 2004, 3850, 10205, 1010, 2000, 15782, 2003, 1037, 2613, 7438, 1012, 102]
Predicted IDs: [102, 102, 102, 102, 102, 102, 102, 102, 102, 102, 102, 102, 102, 102, 102, 102, 102, 102]
BLEU Score: 0.0000

 --- Epoch 11
Task: Classification | Acc: 55.87% | Avg Loss: 0.687
Task: Reconstruction | Avg Loss: 6.479 
Mutual Information | Avg Loss: 0.00000
Total Loss | Avg Loss: 3.644
Time elapsed: 0:10:46.651219

 --- Epoch 12
Task: Classification | Acc: 55.74% | Avg Loss: 0.687
Task: Reconstruction | Avg Loss: 6.484 
Mutual Information | Avg Loss: 0.00000
Total Loss | Avg Loss: 3.668
Time elapsed: 0:11:45.497534

 --- Epoch 13
Task: Classification | Acc: 55.94% | Avg Loss: 0.687
Task: Reconstruction | Avg Loss: 6.483 
Mutual Information | Avg Loss: 0.00000
Total Loss | Avg Loss: 3.668
Time elapsed: 0:12:44.499355

 --- Epoch 14
Task: Classification | Acc: 55.80% | Avg Loss: 0.687
Task: Reconstruction | Avg Loss: 6.475 
Mutual Information | Avg Loss: 0.00000
Total Loss | Avg Loss: 3.729
Time elapsed: 0:13:43.599808

 --- Epoch 15
Task: Classification | Acc: 55.61% | Avg Loss: 0.687
Task: Reconstruction | Avg Loss: 6.479 
Mutual Information | Avg Loss: 0.00000
Total Loss | Avg Loss: 3.380
Time elapsed: 0:14:41.695480

 --- Epoch 16
Task: Classification | Acc: 55.64% | Avg Loss: 0.688
Task: Reconstruction | Avg Loss: 6.472 
Mutual Information | Avg Loss: 0.00000
Total Loss | Avg Loss: 3.399
Time elapsed: 0:15:40.048036

 --- Epoch 17
Task: Classification | Acc: 55.82% | Avg Loss: 0.687
Task: Reconstruction | Avg Loss: 6.473 
Mutual Information | Avg Loss: 0.00000
Total Loss | Avg Loss: 3.651
Time elapsed: 0:16:38.954100

 --- Epoch 18
Task: Classification | Acc: 55.87% | Avg Loss: 0.687
Task: Reconstruction | Avg Loss: 6.475 
Mutual Information | Avg Loss: 0.00000
Total Loss | Avg Loss: 3.565
Time elapsed: 0:17:37.701605

 --- Epoch 19
Task: Classification | Acc: 55.78% | Avg Loss: 0.687
Task: Reconstruction | Avg Loss: 6.479 
Mutual Information | Avg Loss: 0.00000
Total Loss | Avg Loss: 3.435
Time elapsed: 0:18:36.159794

 --- Epoch 20
Task: Classification | Acc: 55.59% | Avg Loss: 0.688
Task: Reconstruction | Avg Loss: 6.473 
Mutual Information | Avg Loss: 0.00000
Total Loss | Avg Loss: 3.674
Time elapsed: 0:19:35.041195
Example 1 ---
Original text: even if you don't think ( kissinger's ) any more guilty of criminal activity than most contemporary statesmen, he'd sure make a courtroom trial great fun to watch.
Reconstructed text: 
Original IDs: [101, 2130, 2065, 2017, 2079, 1050, 1005, 1056, 2228, 1006, 7618, 2121, 1005, 1055, 1007, 2151, 2062, 5905, 1997, 4735, 4023, 2084, 2087, 3824, 2163, 3549, 1010, 2002, 1005, 1040, 2469, 2191, 1037, 20747, 3979, 2307, 4569, 2000, 3422, 1012, 102]
Predicted IDs: [101, 101, 101, 101, 101, 101, 101, 101, 101, 101, 101, 101, 101, 101, 101, 101, 101, 101, 101, 101, 101, 101, 101, 101, 101, 101, 101, 101, 101, 101, 101, 101, 101, 101, 101, 101, 101, 101, 101, 101, 101]
BLEU Score: 0.0000
Example 2 ---
Original text: reggio's continual visual barrage is absorbing as well as thought - provoking.
Reconstructed text: 
Original IDs: [101, 19723, 11411, 1005, 1055, 27222, 5107, 19359, 2003, 20998, 2004, 2092, 2004, 2245, 1011, 4013, 22776, 1012, 102]
Predicted IDs: [102, 102, 102, 102, 102, 102, 102, 102, 102, 102, 102, 102, 102, 102, 102, 102, 102, 102, 102]
BLEU Score: 0.0000
Example 3 ---
Original text: outer - space buffs might love this film, but others will find its pleasures intermittent.
Reconstructed text: 
Original IDs: [101, 6058, 1011, 2686, 23176, 2015, 2453, 2293, 2023, 2143, 1010, 2021, 2500, 2097, 2424, 2049, 26552, 23852, 1012, 102]
Predicted IDs: [102, 102, 102, 102, 102, 102, 102, 102, 102, 102, 102, 102, 102, 102, 102, 102, 102, 102, 102, 102]
BLEU Score: 0.0000

 --- Epoch 21
Task: Classification | Acc: 55.76% | Avg Loss: 0.687
Task: Reconstruction | Avg Loss: 6.469 
Mutual Information | Avg Loss: 0.00000
Total Loss | Avg Loss: 3.386
Time elapsed: 0:20:33.376565

 --- Epoch 22
Task: Classification | Acc: 55.87% | Avg Loss: 0.687
Task: Reconstruction | Avg Loss: 6.473 
Mutual Information | Avg Loss: 0.00000
Total Loss | Avg Loss: 3.388
Time elapsed: 0:21:31.874876

 --- Epoch 23
Task: Classification | Acc: 56.03% | Avg Loss: 0.686
Task: Reconstruction | Avg Loss: 6.468 
Mutual Information | Avg Loss: 0.00000
Total Loss | Avg Loss: 3.484
Time elapsed: 0:22:30.137221

 --- Epoch 24
Task: Classification | Acc: 55.98% | Avg Loss: 0.686
Task: Reconstruction | Avg Loss: 6.470 
Mutual Information | Avg Loss: 0.00000
Total Loss | Avg Loss: 3.364
Time elapsed: 0:23:28.114733

 --- Epoch 25
Task: Classification | Acc: 55.75% | Avg Loss: 0.687
Task: Reconstruction | Avg Loss: 6.472 
Mutual Information | Avg Loss: 0.00000
Total Loss | Avg Loss: 3.662
Time elapsed: 0:24:27.310686

 --- Epoch 26
Task: Classification | Acc: 55.86% | Avg Loss: 0.687
Task: Reconstruction | Avg Loss: 6.469 
Mutual Information | Avg Loss: 0.00000
Total Loss | Avg Loss: 3.441
Time elapsed: 0:25:25.477105

 --- Epoch 27
Task: Classification | Acc: 55.51% | Avg Loss: 0.688
Task: Reconstruction | Avg Loss: 6.468 
Mutual Information | Avg Loss: 0.00000
Total Loss | Avg Loss: 3.627
Time elapsed: 0:26:24.289948

 --- Epoch 28
Task: Classification | Acc: 55.62% | Avg Loss: 0.687
Task: Reconstruction | Avg Loss: 6.469 
Mutual Information | Avg Loss: 0.00000
Total Loss | Avg Loss: 3.485
Time elapsed: 0:27:22.922609

 --- Epoch 29
Task: Classification | Acc: 55.87% | Avg Loss: 0.687
Task: Reconstruction | Avg Loss: 6.470 
Mutual Information | Avg Loss: 0.00000
Total Loss | Avg Loss: 3.419
Time elapsed: 0:28:21.263489

 --- Epoch 30
Task: Classification | Acc: 55.79% | Avg Loss: 0.687
Task: Reconstruction | Avg Loss: 6.471 
Mutual Information | Avg Loss: 0.00000
Total Loss | Avg Loss: 3.705
Time elapsed: 0:29:20.235406
Example 1 ---
Original text: a coda in every sense, the pinochet case splits time between a minute - by - minute account of the british court's extradition chess game and the regime's talking - head survivors.
Reconstructed text: 
Original IDs: [101, 1037, 19429, 2050, 1999, 2296, 3168, 1010, 1996, 9231, 23555, 2102, 2553, 19584, 2051, 2090, 1037, 3371, 1011, 2011, 1011, 3371, 4070, 1997, 1996, 2329, 2457, 1005, 1055, 4469, 20562, 7433, 2208, 1998, 1996, 6939, 1005, 1055, 3331, 1011, 2132, 8643, 1012, 102]
Predicted IDs: [102, 102, 102, 102, 102, 102, 102, 102, 102, 102, 102, 102, 102, 102, 102, 102, 102, 102, 102, 102, 102, 102, 102, 102, 102, 102, 102, 102, 102, 102, 102, 102, 102, 102, 102, 102, 102, 102, 102, 102, 102, 102, 102, 102]
BLEU Score: 0.0000
Example 2 ---
Original text: a strangely compelling and brilliantly acted psychological drama.
Reconstructed text: 
Original IDs: [101, 1037, 13939, 17075, 1998, 8235, 2135, 6051, 8317, 3689, 1012, 102]
Predicted IDs: [102, 102, 102, 102, 102, 102, 102, 102, 102, 102, 102, 102]
BLEU Score: 0.0000
Example 3 ---
Original text: because of an unnecessary and clumsy last scene, ` swimfan'left me with a very bad feeling.
Reconstructed text: 
Original IDs: [101, 2138, 1997, 2019, 14203, 1998, 22902, 2197, 3496, 1010, 1036, 9880, 15143, 1005, 2187, 2033, 2007, 1037, 2200, 2919, 3110, 1012, 102]
Predicted IDs: [102, 102, 102, 102, 102, 102, 102, 102, 102, 102, 102, 102, 102, 102, 102, 102, 102, 102, 102, 102, 102, 102, 102]
BLEU Score: 0.0000

 --- Epoch 31
Task: Classification | Acc: 55.73% | Avg Loss: 0.687
Task: Reconstruction | Avg Loss: 6.474 
Mutual Information | Avg Loss: 0.00000
Total Loss | Avg Loss: 3.630
Time elapsed: 0:30:18.926295

 --- Epoch 32
Task: Classification | Acc: 56.12% | Avg Loss: 0.686
Task: Reconstruction | Avg Loss: 6.471 
Mutual Information | Avg Loss: 0.00000
Total Loss | Avg Loss: 3.661
Time elapsed: 0:31:17.830015

 --- Epoch 33
Task: Classification | Acc: 55.52% | Avg Loss: 0.687
Task: Reconstruction | Avg Loss: 6.475 
Mutual Information | Avg Loss: 0.00000
Total Loss | Avg Loss: 3.587
Time elapsed: 0:32:16.592336

 --- Epoch 34
Task: Classification | Acc: 55.73% | Avg Loss: 0.687
Task: Reconstruction | Avg Loss: 6.464 
Mutual Information | Avg Loss: 0.00000
Total Loss | Avg Loss: 3.482
Time elapsed: 0:33:14.998519

 --- Epoch 35
Task: Classification | Acc: 55.75% | Avg Loss: 0.687
Task: Reconstruction | Avg Loss: 6.469 
Mutual Information | Avg Loss: 0.00000
Total Loss | Avg Loss: 3.638
Time elapsed: 0:34:13.859452

 --- Epoch 36
Task: Classification | Acc: 56.14% | Avg Loss: 0.686
Task: Reconstruction | Avg Loss: 6.470 
Mutual Information | Avg Loss: 0.00000
Total Loss | Avg Loss: 3.441
Time elapsed: 0:35:12.018292

 --- Epoch 37
Task: Classification | Acc: 55.95% | Avg Loss: 0.687
Task: Reconstruction | Avg Loss: 6.470 
Mutual Information | Avg Loss: 0.00000
Total Loss | Avg Loss: 3.584
Time elapsed: 0:36:10.726243

 --- Epoch 38
Task: Classification | Acc: 55.75% | Avg Loss: 0.687
Task: Reconstruction | Avg Loss: 6.468 
Mutual Information | Avg Loss: 0.00000
Total Loss | Avg Loss: 3.671
Time elapsed: 0:37:09.558088

 --- Epoch 39
Task: Classification | Acc: 55.88% | Avg Loss: 0.687
Task: Reconstruction | Avg Loss: 6.464 
Mutual Information | Avg Loss: 0.00000
Total Loss | Avg Loss: 3.603
Time elapsed: 0:38:08.336363

 --- Epoch 40
Task: Classification | Acc: 56.02% | Avg Loss: 0.687
Task: Reconstruction | Avg Loss: 6.467 
Mutual Information | Avg Loss: 0.00000
Total Loss | Avg Loss: 3.495
Time elapsed: 0:39:06.827124
Example 1 ---
Original text: k - 19 exploits our substantial collective fear of nuclear holocaust to generate cheap hollywood tension.
Reconstructed text: 
Original IDs: [101, 1047, 1011, 2539, 20397, 2256, 6937, 7268, 3571, 1997, 4517, 11513, 2000, 9699, 10036, 5365, 6980, 1012, 102]
Predicted IDs: [102, 102, 102, 102, 102, 102, 102, 102, 102, 102, 102, 102, 102, 102, 102, 102, 102, 102, 102]
BLEU Score: 0.0000
Example 2 ---
Original text: but what are adults doing in the theater at all?
Reconstructed text: 
Original IDs: [101, 2021, 2054, 2024, 6001, 2725, 1999, 1996, 4258, 2012, 2035, 1029, 102]
Predicted IDs: [101, 101, 101, 101, 101, 101, 101, 101, 101, 101, 101, 101, 101]
BLEU Score: 0.0000
Example 3 ---
Original text: davis... is so enamored of her own creation that she can't see how insufferable the character is.
Reconstructed text: 
Original IDs: [101, 4482, 1012, 1012, 1012, 2003, 2061, 4372, 22591, 5596, 1997, 2014, 2219, 4325, 2008, 2016, 6187, 1050, 1005, 1056, 2156, 2129, 16021, 16093, 27709, 3468, 1996, 2839, 2003, 1012, 102]
Predicted IDs: [101, 101, 101, 101, 101, 101, 101, 101, 101, 101, 101, 101, 101, 101, 101, 101, 101, 101, 101, 101, 101, 101, 101, 101, 101, 101, 101, 101, 101, 101, 101]
BLEU Score: 0.0000

 --- Epoch 41
Task: Classification | Acc: 56.15% | Avg Loss: 0.686
Task: Reconstruction | Avg Loss: 6.475 
Mutual Information | Avg Loss: 0.00000
Total Loss | Avg Loss: 3.729
Time elapsed: 0:40:05.733914

 --- Epoch 42
Task: Classification | Acc: 55.92% | Avg Loss: 0.686
Task: Reconstruction | Avg Loss: 6.471 
Mutual Information | Avg Loss: 0.00000
Total Loss | Avg Loss: 3.617
Time elapsed: 0:41:04.395652

 --- Epoch 43
Task: Classification | Acc: 55.73% | Avg Loss: 0.687
Task: Reconstruction | Avg Loss: 6.468 
Mutual Information | Avg Loss: 0.00000
Total Loss | Avg Loss: 3.539
Time elapsed: 0:42:02.957361

 --- Epoch 44
Task: Classification | Acc: 55.88% | Avg Loss: 0.687
Task: Reconstruction | Avg Loss: 6.471 
Mutual Information | Avg Loss: 0.00000
Total Loss | Avg Loss: 3.463
Time elapsed: 0:43:01.486269

 --- Epoch 45
Task: Classification | Acc: 55.70% | Avg Loss: 0.687
Task: Reconstruction | Avg Loss: 6.464 
Mutual Information | Avg Loss: 0.00000
Total Loss | Avg Loss: 3.493
Time elapsed: 0:43:59.963538

 --- Epoch 46
Task: Classification | Acc: 56.04% | Avg Loss: 0.686
Task: Reconstruction | Avg Loss: 6.471 
Mutual Information | Avg Loss: 0.00000
Total Loss | Avg Loss: 3.353
Time elapsed: 0:44:58.043335

 --- Epoch 47
Task: Classification | Acc: 55.87% | Avg Loss: 0.687
Task: Reconstruction | Avg Loss: 6.466 
Mutual Information | Avg Loss: 0.00000
Total Loss | Avg Loss: 3.615
Time elapsed: 0:45:56.800461

 --- Epoch 48
Task: Classification | Acc: 55.59% | Avg Loss: 0.687
Task: Reconstruction | Avg Loss: 6.467 
Mutual Information | Avg Loss: 0.00000
Total Loss | Avg Loss: 3.703
Time elapsed: 0:46:55.682569

 --- Epoch 49
Task: Classification | Acc: 56.03% | Avg Loss: 0.686
Task: Reconstruction | Avg Loss: 6.470 
Mutual Information | Avg Loss: 0.00000
Total Loss | Avg Loss: 3.748
Time elapsed: 0:47:54.794635

 --- Epoch 50
Task: Classification | Acc: 55.88% | Avg Loss: 0.687
Task: Reconstruction | Avg Loss: 6.472 
Mutual Information | Avg Loss: 0.00000
Total Loss | Avg Loss: 3.497
Time elapsed: 0:48:53.297221
Example 1 ---
Original text: the movie does a good job of laying out some of the major issues that we encounter as we journey through life.
Reconstructed text: 
Original IDs: [101, 1996, 3185, 2515, 1037, 2204, 3105, 1997, 10201, 2041, 2070, 1997, 1996, 2350, 3314, 2008, 2057, 8087, 2004, 2057, 4990, 2083, 2166, 1012, 102]
Predicted IDs: [101, 101, 101, 101, 101, 101, 101, 101, 101, 101, 101, 101, 101, 101, 101, 101, 101, 101, 101, 101, 101, 101, 101, 101, 101]
BLEU Score: 0.0000
Example 2 ---
Original text: a warm but realistic meditation on friendship, family and affection.
Reconstructed text: 
Original IDs: [101, 1037, 4010, 2021, 12689, 13804, 2006, 6860, 1010, 2155, 1998, 12242, 1012, 102]
Predicted IDs: [101, 101, 101, 101, 101, 101, 101, 101, 101, 101, 101, 101, 101, 101]
BLEU Score: 0.0000
Example 3 ---
Original text: falls neatly into the category of good stupid fun.
Reconstructed text: 
Original IDs: [101, 4212, 15981, 2046, 1996, 4696, 1997, 2204, 5236, 4569, 1012, 102]
Predicted IDs: [101, 101, 101, 101, 101, 101, 101, 101, 101, 101, 101, 101]
BLEU Score: 0.0000

 --- Epoch 51
Task: Classification | Acc: 55.96% | Avg Loss: 0.687
Task: Reconstruction | Avg Loss: 6.462 
Mutual Information | Avg Loss: 0.00000
Total Loss | Avg Loss: 3.514
Time elapsed: 0:49:51.943538

 --- Epoch 52
Task: Classification | Acc: 55.68% | Avg Loss: 0.687
Task: Reconstruction | Avg Loss: 6.468 
Mutual Information | Avg Loss: 0.00000
Total Loss | Avg Loss: 3.484
Time elapsed: 0:50:50.276922

 --- Epoch 53
Task: Classification | Acc: 55.75% | Avg Loss: 0.687
Task: Reconstruction | Avg Loss: 6.471 
Mutual Information | Avg Loss: 0.00000
Total Loss | Avg Loss: 3.551
Time elapsed: 0:51:48.869864

 --- Epoch 54
Task: Classification | Acc: 55.16% | Avg Loss: 0.688
Task: Reconstruction | Avg Loss: 6.461 
Mutual Information | Avg Loss: 0.00000
Total Loss | Avg Loss: 3.602
Time elapsed: 0:52:47.833033

 --- Epoch 55
Task: Classification | Acc: 55.78% | Avg Loss: 0.687
Task: Reconstruction | Avg Loss: 6.462 
Mutual Information | Avg Loss: 0.00000
Total Loss | Avg Loss: 3.437
Time elapsed: 0:53:46.178834

 --- Epoch 56
Task: Classification | Acc: 55.53% | Avg Loss: 0.687
Task: Reconstruction | Avg Loss: 6.462 
Mutual Information | Avg Loss: 0.00000
Total Loss | Avg Loss: 3.734
Time elapsed: 0:54:45.615520

 --- Epoch 57
Task: Classification | Acc: 55.87% | Avg Loss: 0.687
Task: Reconstruction | Avg Loss: 6.473 
Mutual Information | Avg Loss: 0.00000
Total Loss | Avg Loss: 3.563
Time elapsed: 0:55:44.407970

 --- Epoch 58
Task: Classification | Acc: 55.79% | Avg Loss: 0.687
Task: Reconstruction | Avg Loss: 6.465 
Mutual Information | Avg Loss: 0.00000
Total Loss | Avg Loss: 3.515
Time elapsed: 0:56:42.997588

 --- Epoch 59
Task: Classification | Acc: 55.93% | Avg Loss: 0.687
Task: Reconstruction | Avg Loss: 6.464 
Mutual Information | Avg Loss: 0.00000
Total Loss | Avg Loss: 3.624
Time elapsed: 0:57:41.765109

 --- Epoch 60
Task: Classification | Acc: 55.60% | Avg Loss: 0.687
Task: Reconstruction | Avg Loss: 6.470 
Mutual Information | Avg Loss: 0.00000
Total Loss | Avg Loss: 3.738
Time elapsed: 0:58:41.019100
Example 1 ---
Original text: a smart, witty follow - up.
Reconstructed text: 
Original IDs: [101, 1037, 6047, 1010, 25591, 3582, 1011, 2039, 1012, 102]
Predicted IDs: [101, 101, 101, 101, 101, 101, 101, 101, 101, 101]
BLEU Score: 0.0000
Example 2 ---
Original text: binoche makes it interesting trying to find out.
Reconstructed text: 
Original IDs: [101, 8026, 23555, 3084, 2009, 5875, 2667, 2000, 2424, 2041, 1012, 102]
Predicted IDs: [101, 101, 101, 101, 101, 101, 101, 101, 101, 101, 101, 101]
BLEU Score: 0.0000
Example 3 ---
Original text: verbinski implements every hack - artist trick to give us the ooky - spookies.
Reconstructed text: 
Original IDs: [101, 12034, 19880, 22164, 2296, 20578, 1011, 3063, 7577, 2000, 2507, 2149, 1996, 1051, 6559, 2100, 1011, 11867, 14659, 3111, 1012, 102]
Predicted IDs: [101, 101, 101, 101, 101, 101, 101, 101, 101, 101, 101, 101, 101, 101, 101, 101, 101, 101, 101, 101, 101, 101]
BLEU Score: 0.0000

 --- Epoch 61
Task: Classification | Acc: 56.25% | Avg Loss: 0.686
Task: Reconstruction | Avg Loss: 6.464 
Mutual Information | Avg Loss: 0.00000
Total Loss | Avg Loss: 3.471
Time elapsed: 0:59:39.529565

 --- Epoch 62
Task: Classification | Acc: 55.77% | Avg Loss: 0.687
Task: Reconstruction | Avg Loss: 6.463 
Mutual Information | Avg Loss: 0.00000
Total Loss | Avg Loss: 3.405
Time elapsed: 1:00:38.017436

 --- Epoch 63
Task: Classification | Acc: 55.87% | Avg Loss: 0.687
Task: Reconstruction | Avg Loss: 6.465 
Mutual Information | Avg Loss: 0.00000
Total Loss | Avg Loss: 3.537
Time elapsed: 1:01:36.362493

 --- Epoch 64
Task: Classification | Acc: 56.03% | Avg Loss: 0.686
Task: Reconstruction | Avg Loss: 6.465 
Mutual Information | Avg Loss: 0.00000
Total Loss | Avg Loss: 3.537
Time elapsed: 1:02:35.040442

 --- Epoch 65
Task: Classification | Acc: 55.90% | Avg Loss: 0.687
Task: Reconstruction | Avg Loss: 6.466 
Mutual Information | Avg Loss: 0.00000
Total Loss | Avg Loss: 3.735
Time elapsed: 1:03:34.221813

 --- Epoch 66
Task: Classification | Acc: 55.78% | Avg Loss: 0.687
Task: Reconstruction | Avg Loss: 6.466 
Mutual Information | Avg Loss: 0.00000
Total Loss | Avg Loss: 3.571
Time elapsed: 1:04:32.868045

 --- Epoch 67
Task: Classification | Acc: 55.70% | Avg Loss: 0.687
Task: Reconstruction | Avg Loss: 6.463 
Mutual Information | Avg Loss: 0.00000
Total Loss | Avg Loss: 3.559
Time elapsed: 1:05:31.503114

 --- Epoch 68
Task: Classification | Acc: 55.76% | Avg Loss: 0.687
Task: Reconstruction | Avg Loss: 6.467 
Mutual Information | Avg Loss: 0.00000
Total Loss | Avg Loss: 3.539
Time elapsed: 1:06:30.035961

 --- Epoch 69
Task: Classification | Acc: 56.06% | Avg Loss: 0.686
Task: Reconstruction | Avg Loss: 6.465 
Mutual Information | Avg Loss: 0.00000
Total Loss | Avg Loss: 3.548
Time elapsed: 1:07:28.671417

 --- Epoch 70
Task: Classification | Acc: 55.82% | Avg Loss: 0.687
Task: Reconstruction | Avg Loss: 6.461 
Mutual Information | Avg Loss: 0.00000
Total Loss | Avg Loss: 3.404
Time elapsed: 1:08:26.928917
Example 1 ---
Original text: while undisputed isn't exactly a high, it is a gripping, tidy little movie that takes mr. hill higher than he's been in a while.
Reconstructed text: 
Original IDs: [101, 2096, 6151, 2483, 29462, 2003, 1050, 1005, 1056, 3599, 1037, 2152, 1010, 2009, 2003, 1037, 13940, 1010, 29369, 2210, 3185, 2008, 3138, 2720, 1012, 2940, 3020, 2084, 2002, 1005, 1055, 2042, 1999, 1037, 2096, 1012, 102]
Predicted IDs: [102, 102, 102, 102, 102, 102, 102, 102, 102, 102, 102, 102, 102, 102, 102, 102, 102, 102, 102, 102, 102, 102, 102, 102, 102, 102, 102, 102, 102, 102, 102, 102, 102, 102, 102, 102, 102]
BLEU Score: 0.0000
Example 2 ---
Original text: this is wild surreal stuff, but brilliant and the camera just kind of sits there and lets you look at this and its like you're going from one room to the next and none of them have any relation to the other.
Reconstructed text: 
Original IDs: [101, 2023, 2003, 3748, 16524, 4933, 1010, 2021, 8235, 1998, 1996, 4950, 2074, 2785, 1997, 7719, 2045, 1998, 11082, 2017, 2298, 2012, 2023, 1998, 2049, 2066, 2017, 1005, 2128, 2183, 2013, 2028, 2282, 2000, 1996, 2279, 1998, 3904, 1997, 2068, 2031, 2151, 7189, 2000, 1996, 2060, 1012, 102]
Predicted IDs: [102, 102, 102, 102, 102, 102, 102, 102, 102, 102, 102, 102, 102, 102, 102, 102, 102, 102, 102, 102, 102, 102, 102, 102, 102, 102, 102, 102, 102, 102, 102, 102, 102, 102, 102, 102, 102, 102, 102, 102, 102, 102, 102, 102, 102, 102, 102, 102]
BLEU Score: 0.0000
Example 3 ---
Original text: an intriguing cinematic omnibus and round - robin that occasionally is more interesting in concept than in execution.
Reconstructed text: 
Original IDs: [101, 2019, 23824, 21014, 27284, 1998, 2461, 1011, 5863, 2008, 5681, 2003, 2062, 5875, 1999, 4145, 2084, 1999, 7781, 1012, 102]
Predicted IDs: [101, 101, 101, 101, 101, 101, 101, 101, 101, 101, 101, 101, 101, 101, 101, 101, 101, 101, 101, 101, 101]
BLEU Score: 0.0000

 --- Epoch 71
Task: Classification | Acc: 55.71% | Avg Loss: 0.687
Task: Reconstruction | Avg Loss: 6.469 
Mutual Information | Avg Loss: 0.00000
Total Loss | Avg Loss: 3.627
Time elapsed: 1:09:25.737225

 --- Epoch 72
Task: Classification | Acc: 55.44% | Avg Loss: 0.688
Task: Reconstruction | Avg Loss: 6.466 
Mutual Information | Avg Loss: 0.00000
Total Loss | Avg Loss: 3.769
Time elapsed: 1:10:24.774087

 --- Epoch 73
Task: Classification | Acc: 56.24% | Avg Loss: 0.686
Task: Reconstruction | Avg Loss: 6.465 
Mutual Information | Avg Loss: 0.00000
Total Loss | Avg Loss: 3.537
Time elapsed: 1:11:23.350308

 --- Epoch 74
Task: Classification | Acc: 55.74% | Avg Loss: 0.687
Task: Reconstruction | Avg Loss: 6.465 
Mutual Information | Avg Loss: 0.00000
Total Loss | Avg Loss: 3.472
Time elapsed: 1:12:21.701995

 --- Epoch 75
Task: Classification | Acc: 55.87% | Avg Loss: 0.687
Task: Reconstruction | Avg Loss: 6.462 
Mutual Information | Avg Loss: 0.00000
Total Loss | Avg Loss: 3.229
Time elapsed: 1:13:19.717201

 --- Epoch 76
Task: Classification | Acc: 55.78% | Avg Loss: 0.687
Task: Reconstruction | Avg Loss: 6.465 
Mutual Information | Avg Loss: 0.00000
Total Loss | Avg Loss: 3.592
Time elapsed: 1:14:18.499110

 --- Epoch 77
Task: Classification | Acc: 56.02% | Avg Loss: 0.686
Task: Reconstruction | Avg Loss: 6.467 
Mutual Information | Avg Loss: 0.00000
Total Loss | Avg Loss: 3.538
Time elapsed: 1:15:17.397475

 --- Epoch 78
Task: Classification | Acc: 55.97% | Avg Loss: 0.686
Task: Reconstruction | Avg Loss: 6.468 
Mutual Information | Avg Loss: 0.00000
Total Loss | Avg Loss: 3.550
Time elapsed: 1:16:16.068528

 --- Epoch 79
Task: Classification | Acc: 55.99% | Avg Loss: 0.686
Task: Reconstruction | Avg Loss: 6.463 
Mutual Information | Avg Loss: 0.00000
Total Loss | Avg Loss: 3.865
Time elapsed: 1:17:15.377302

 --- Epoch 80
Task: Classification | Acc: 55.53% | Avg Loss: 0.687
Task: Reconstruction | Avg Loss: 6.464 
Mutual Information | Avg Loss: 0.00000
Total Loss | Avg Loss: 3.483
Time elapsed: 1:18:13.662687
Example 1 ---
Original text: the second coming of harry potter is a film far superior to its predecessor.
Reconstructed text: 
Original IDs: [101, 1996, 2117, 2746, 1997, 4302, 10693, 2003, 1037, 2143, 2521, 6020, 2000, 2049, 8646, 1012, 102]
Predicted IDs: [101, 101, 101, 101, 101, 101, 101, 101, 101, 101, 101, 101, 101, 101, 101, 101, 101]
BLEU Score: 0.0000
Example 2 ---
Original text: it is amusing, and that's all it needs to be.
Reconstructed text: 
Original IDs: [101, 2009, 2003, 19142, 1010, 1998, 2008, 1005, 1055, 2035, 2009, 3791, 2000, 2022, 1012, 102]
Predicted IDs: [101, 101, 101, 101, 101, 101, 101, 101, 101, 101, 101, 101, 101, 101, 101, 101]
BLEU Score: 0.0000
Example 3 ---
Original text: the fly - on - the - wall method used to document rural french school life is a refreshing departure from the now more prevalent technique of the docu - makers being a visible part of their work.
Reconstructed text: 
Original IDs: [101, 1996, 4875, 1011, 2006, 1011, 1996, 1011, 2813, 4118, 2109, 2000, 6254, 3541, 2413, 2082, 2166, 2003, 1037, 27150, 6712, 2013, 1996, 2085, 2062, 15157, 6028, 1997, 1996, 9986, 2226, 1011, 11153, 2108, 1037, 5710, 2112, 1997, 2037, 2147, 1012, 102]
Predicted IDs: [102, 102, 102, 102, 102, 102, 102, 102, 102, 102, 102, 102, 102, 102, 102, 102, 102, 102, 102, 102, 102, 102, 102, 102, 102, 102, 102, 102, 102, 102, 102, 102, 102, 102, 102, 102, 102, 102, 102, 102, 102, 102]
BLEU Score: 0.0000

 --- Epoch 81
Task: Classification | Acc: 55.55% | Avg Loss: 0.687
Task: Reconstruction | Avg Loss: 6.459 
Mutual Information | Avg Loss: 0.00000
Total Loss | Avg Loss: 3.809
Time elapsed: 1:19:12.904357

 --- Epoch 82
Task: Classification | Acc: 55.87% | Avg Loss: 0.687
Task: Reconstruction | Avg Loss: 6.456 
Mutual Information | Avg Loss: 0.00000
Total Loss | Avg Loss: 3.446
Time elapsed: 1:20:11.167276

 --- Epoch 83
Task: Classification | Acc: 55.83% | Avg Loss: 0.687
Task: Reconstruction | Avg Loss: 6.465 
Mutual Information | Avg Loss: 0.00000
Total Loss | Avg Loss: 3.527
Time elapsed: 1:21:09.682072

 --- Epoch 84
Task: Classification | Acc: 55.78% | Avg Loss: 0.687
Task: Reconstruction | Avg Loss: 6.468 
Mutual Information | Avg Loss: 0.00000
Total Loss | Avg Loss: 3.561
Time elapsed: 1:22:08.383145

 --- Epoch 85
Task: Classification | Acc: 55.90% | Avg Loss: 0.686
Task: Reconstruction | Avg Loss: 6.465 
Mutual Information | Avg Loss: 0.00000
Total Loss | Avg Loss: 3.482
Time elapsed: 1:23:06.509843

 --- Epoch 86
Task: Classification | Acc: 55.82% | Avg Loss: 0.687
Task: Reconstruction | Avg Loss: 6.470 
Mutual Information | Avg Loss: 0.00000
Total Loss | Avg Loss: 3.507
Time elapsed: 1:24:05.181920

 --- Epoch 87
Task: Classification | Acc: 55.93% | Avg Loss: 0.686
Task: Reconstruction | Avg Loss: 6.463 
Mutual Information | Avg Loss: 0.00000
Total Loss | Avg Loss: 3.635
Time elapsed: 1:25:04.210638

 --- Epoch 88
Task: Classification | Acc: 55.68% | Avg Loss: 0.687
Task: Reconstruction | Avg Loss: 6.466 
Mutual Information | Avg Loss: 0.00000
Total Loss | Avg Loss: 3.714
Time elapsed: 1:26:03.272529

 --- Epoch 89
Task: Classification | Acc: 55.50% | Avg Loss: 0.688
Task: Reconstruction | Avg Loss: 6.461 
Mutual Information | Avg Loss: 0.00000
Total Loss | Avg Loss: 3.525
Time elapsed: 1:27:01.968537

 --- Epoch 90
Task: Classification | Acc: 55.52% | Avg Loss: 0.687
Task: Reconstruction | Avg Loss: 6.458 
Mutual Information | Avg Loss: 0.00000
Total Loss | Avg Loss: 3.611
Time elapsed: 1:28:00.764415
Example 1 ---
Original text: harrison's flowers puts its heart in the right place, but its brains are in no particular place at all.
Reconstructed text: 
Original IDs: [101, 6676, 1005, 1055, 4870, 8509, 2049, 2540, 1999, 1996, 2157, 2173, 1010, 2021, 2049, 14332, 2024, 1999, 2053, 3327, 2173, 2012, 2035, 1012, 102]
Predicted IDs: [101, 101, 101, 101, 101, 101, 101, 101, 101, 101, 101, 101, 101, 101, 101, 101, 101, 101, 101, 101, 101, 101, 101, 101, 101]
BLEU Score: 0.0000
Example 2 ---
Original text: charles'entertaining film chronicles seinfeld's return to stand - up comedy after the wrap of his legendary sitcom, alongside wannabe comic adams'attempts to get his shot at the big time.
Reconstructed text: 
Original IDs: [101, 2798, 1005, 14036, 2143, 11906, 7367, 2378, 8151, 1005, 1055, 2709, 2000, 3233, 1011, 2039, 4038, 2044, 1996, 10236, 1997, 2010, 8987, 13130, 1010, 4077, 10587, 4783, 5021, 5922, 1005, 4740, 2000, 2131, 2010, 2915, 2012, 1996, 2502, 2051, 1012, 102]
Predicted IDs: [101, 101, 101, 101, 101, 101, 101, 101, 101, 101, 101, 101, 101, 101, 101, 101, 101, 101, 101, 101, 101, 101, 101, 101, 101, 101, 101, 101, 101, 101, 101, 101, 101, 101, 101, 101, 101, 101, 101, 101, 101, 101]
BLEU Score: 0.0000
Example 3 ---
Original text: a swashbuckling tale of love, betrayal, revenge and above all, faith.
Reconstructed text: 
Original IDs: [101, 1037, 25430, 11823, 24204, 2989, 6925, 1997, 2293, 1010, 14583, 1010, 7195, 1998, 2682, 2035, 1010, 4752, 1012, 102]
Predicted IDs: [101, 101, 101, 101, 101, 101, 101, 101, 101, 101, 101, 101, 101, 101, 101, 101, 101, 101, 101, 101]
BLEU Score: 0.0000

 --- Epoch 91
Task: Classification | Acc: 56.13% | Avg Loss: 0.686
Task: Reconstruction | Avg Loss: 6.468 
Mutual Information | Avg Loss: 0.00000
Total Loss | Avg Loss: 3.528
Time elapsed: 1:28:59.529502

 --- Epoch 92
Task: Classification | Acc: 55.66% | Avg Loss: 0.687
Task: Reconstruction | Avg Loss: 6.466 
Mutual Information | Avg Loss: 0.00000
Total Loss | Avg Loss: 3.462
Time elapsed: 1:29:57.812365

 --- Epoch 93
Task: Classification | Acc: 56.11% | Avg Loss: 0.686
Task: Reconstruction | Avg Loss: 6.470 
Mutual Information | Avg Loss: 0.00000
Total Loss | Avg Loss: 3.485
Time elapsed: 1:30:56.332859

 --- Epoch 94
Task: Classification | Acc: 55.65% | Avg Loss: 0.687
Task: Reconstruction | Avg Loss: 6.461 
Mutual Information | Avg Loss: 0.00000
Total Loss | Avg Loss: 3.590
Time elapsed: 1:31:54.991706

 --- Epoch 95
Task: Classification | Acc: 55.73% | Avg Loss: 0.687
Task: Reconstruction | Avg Loss: 6.464 
Mutual Information | Avg Loss: 0.00000
Total Loss | Avg Loss: 3.285
Time elapsed: 1:32:53.064285

 --- Epoch 96
Task: Classification | Acc: 55.84% | Avg Loss: 0.687
Task: Reconstruction | Avg Loss: 6.468 
Mutual Information | Avg Loss: 0.00000
Total Loss | Avg Loss: 3.440
Time elapsed: 1:33:51.506607

 --- Epoch 97
Task: Classification | Acc: 55.65% | Avg Loss: 0.687
Task: Reconstruction | Avg Loss: 6.466 
Mutual Information | Avg Loss: 0.00000
Total Loss | Avg Loss: 3.615
Time elapsed: 1:34:50.461530

 --- Epoch 98
Task: Classification | Acc: 55.38% | Avg Loss: 0.688
Task: Reconstruction | Avg Loss: 6.468 
Mutual Information | Avg Loss: 0.00000
Total Loss | Avg Loss: 3.595
Time elapsed: 1:35:49.368879

 --- Epoch 99
Task: Classification | Acc: 55.56% | Avg Loss: 0.687
Task: Reconstruction | Avg Loss: 6.465 
Mutual Information | Avg Loss: 0.00000
Total Loss | Avg Loss: 3.461
Time elapsed: 1:36:48.103706

 --- Epoch 100
Task: Classification | Acc: 55.73% | Avg Loss: 0.687
Task: Reconstruction | Avg Loss: 6.469 
Mutual Information | Avg Loss: 0.00000
Total Loss | Avg Loss: 3.627
Time elapsed: 1:37:47.120427
Example 1 ---
Original text: it's a much more emotional journey than what shyamalan has given us in his past two movies, and gibson, stepping in for bruce willis, is the perfect actor to take us on the trip.
Reconstructed text: 
Original IDs: [101, 2009, 1005, 1055, 1037, 2172, 2062, 6832, 4990, 2084, 2054, 11004, 8067, 5802, 2038, 2445, 2149, 1999, 2010, 2627, 2048, 5691, 1010, 1998, 9406, 1010, 9085, 1999, 2005, 5503, 12688, 1010, 2003, 1996, 3819, 3364, 2000, 2202, 2149, 2006, 1996, 4440, 1012, 102]
Predicted IDs: [102, 102, 102, 102, 102, 102, 102, 102, 102, 102, 102, 102, 102, 102, 102, 102, 102, 102, 102, 102, 102, 102, 102, 102, 102, 102, 102, 102, 102, 102, 102, 102, 102, 102, 102, 102, 102, 102, 102, 102, 102, 102, 102, 102]
BLEU Score: 0.0000
Example 2 ---
Original text: allows us to hope that nolan is poised to embark a major career as a commercial yet inventive filmmaker.
Reconstructed text: 
Original IDs: [101, 4473, 2149, 2000, 3246, 2008, 13401, 2003, 22303, 2000, 28866, 1037, 2350, 2476, 2004, 1037, 3293, 2664, 1999, 15338, 3512, 12127, 1012, 102]
Predicted IDs: [101, 101, 101, 101, 101, 101, 101, 101, 101, 101, 101, 101, 101, 101, 101, 101, 101, 101, 101, 101, 101, 101, 101, 101]
BLEU Score: 0.0000
Example 3 ---
Original text: uncommonly stylish but equally silly... the picture fails to generate much suspense, nor does it ask searching enough questions to justify its pretensions.
Reconstructed text: 
Original IDs: [101, 13191, 2135, 2358, 8516, 4509, 2021, 8053, 10021, 1012, 1012, 1012, 1996, 3861, 11896, 2000, 9699, 2172, 23873, 1010, 4496, 2515, 2009, 3198, 6575, 2438, 3980, 2000, 16114, 2049, 3653, 29048, 2015, 1012, 102]
Predicted IDs: [102, 102, 102, 102, 102, 102, 102, 102, 102, 102, 102, 102, 102, 102, 102, 102, 102, 102, 102, 102, 102, 102, 102, 102, 102, 102, 102, 102, 102, 102, 102, 102, 102, 102, 102]
BLEU Score: 0.0000

 --- Epoch 101
Task: Classification | Acc: 55.84% | Avg Loss: 0.687
Task: Reconstruction | Avg Loss: 6.458 
Mutual Information | Avg Loss: 0.00000
Total Loss | Avg Loss: 3.501
Time elapsed: 1:38:45.609645

 --- Epoch 102
Task: Classification | Acc: 55.98% | Avg Loss: 0.686
Task: Reconstruction | Avg Loss: 6.469 
Mutual Information | Avg Loss: 0.00000
Total Loss | Avg Loss: 3.528
Time elapsed: 1:39:44.286838

 --- Epoch 103
Task: Classification | Acc: 55.90% | Avg Loss: 0.686
Task: Reconstruction | Avg Loss: 6.466 
Mutual Information | Avg Loss: 0.00000
Total Loss | Avg Loss: 3.395
Time elapsed: 1:40:42.519776

 --- Epoch 104
Task: Classification | Acc: 55.96% | Avg Loss: 0.686
Task: Reconstruction | Avg Loss: 6.462 
Mutual Information | Avg Loss: 0.00000
Total Loss | Avg Loss: 3.624
Time elapsed: 1:41:41.237896

 --- Epoch 105
Task: Classification | Acc: 55.66% | Avg Loss: 0.687
Task: Reconstruction | Avg Loss: 6.466 
Mutual Information | Avg Loss: 0.00000
Total Loss | Avg Loss: 3.494
Time elapsed: 1:42:39.713395

 --- Epoch 106
Task: Classification | Acc: 55.77% | Avg Loss: 0.687
Task: Reconstruction | Avg Loss: 6.465 
Mutual Information | Avg Loss: 0.00000
Total Loss | Avg Loss: 3.801
Time elapsed: 1:43:38.996602

 --- Epoch 107
Task: Classification | Acc: 56.07% | Avg Loss: 0.686
Task: Reconstruction | Avg Loss: 6.466 
Mutual Information | Avg Loss: 0.00000
Total Loss | Avg Loss: 3.527
Time elapsed: 1:44:37.410071

 --- Epoch 108
Task: Classification | Acc: 55.74% | Avg Loss: 0.687
Task: Reconstruction | Avg Loss: 6.458 
Mutual Information | Avg Loss: 0.00000
Total Loss | Avg Loss: 3.315
Time elapsed: 1:45:35.478961

 --- Epoch 109
Task: Classification | Acc: 55.61% | Avg Loss: 0.687
Task: Reconstruction | Avg Loss: 6.461 
Mutual Information | Avg Loss: 0.00000
Total Loss | Avg Loss: 3.470
Time elapsed: 1:46:33.877607

 --- Epoch 110
Task: Classification | Acc: 55.69% | Avg Loss: 0.687
Task: Reconstruction | Avg Loss: 6.459 
Mutual Information | Avg Loss: 0.00000
Total Loss | Avg Loss: 3.436
Time elapsed: 1:47:32.412113
Example 1 ---
Original text: leigh's film is full of memorable performances from top to bottom.
Reconstructed text: 
Original IDs: [101, 11797, 1005, 1055, 2143, 2003, 2440, 1997, 13432, 4616, 2013, 2327, 2000, 3953, 1012, 102]
Predicted IDs: [101, 101, 101, 101, 101, 101, 101, 101, 101, 101, 101, 101, 101, 101, 101, 101]
BLEU Score: 0.0000
Example 2 ---
Original text: deliriously funny, fast and loose, accessible to the uninitiated, and full of surprises
Reconstructed text: 
Original IDs: [101, 3972, 15735, 13453, 6057, 1010, 3435, 1998, 6065, 1010, 7801, 2000, 1996, 4895, 5498, 10711, 3064, 1010, 1998, 2440, 1997, 20096, 102]
Predicted IDs: [101, 101, 101, 101, 101, 101, 101, 101, 101, 101, 101, 101, 101, 101, 101, 101, 101, 101, 101, 101, 101, 101, 101]
BLEU Score: 0.0000
Example 3 ---
Original text: the character of zigzag is not sufficiently developed to support a film constructed around him.
Reconstructed text: 
Original IDs: [101, 1996, 2839, 1997, 1062, 8004, 4143, 2290, 2003, 2025, 12949, 2764, 2000, 2490, 1037, 2143, 3833, 2105, 2032, 1012, 102]
Predicted IDs: [101, 101, 101, 101, 101, 101, 101, 101, 101, 101, 101, 101, 101, 101, 101, 101, 101, 101, 101, 101, 101]
BLEU Score: 0.0000

 --- Epoch 111
Task: Classification | Acc: 56.00% | Avg Loss: 0.686
Task: Reconstruction | Avg Loss: 6.463 
Mutual Information | Avg Loss: 0.00000
Total Loss | Avg Loss: 3.712
Time elapsed: 1:48:31.568530

 --- Epoch 112
Task: Classification | Acc: 56.09% | Avg Loss: 0.686
Task: Reconstruction | Avg Loss: 6.467 
Mutual Information | Avg Loss: 0.00000
Total Loss | Avg Loss: 3.483
Time elapsed: 1:49:30.142124

 --- Epoch 113
Task: Classification | Acc: 55.63% | Avg Loss: 0.687
Task: Reconstruction | Avg Loss: 6.463 
Mutual Information | Avg Loss: 0.00000
Total Loss | Avg Loss: 3.537
Time elapsed: 1:50:28.673063

 --- Epoch 114
Task: Classification | Acc: 55.70% | Avg Loss: 0.687
Task: Reconstruction | Avg Loss: 6.463 
Mutual Information | Avg Loss: 0.00000
Total Loss | Avg Loss: 3.580
Time elapsed: 1:51:27.399812

 --- Epoch 115
Task: Classification | Acc: 55.88% | Avg Loss: 0.687
Task: Reconstruction | Avg Loss: 6.464 
Mutual Information | Avg Loss: 0.00000
Total Loss | Avg Loss: 3.515
Time elapsed: 1:52:25.964188

 --- Epoch 116
Task: Classification | Acc: 56.10% | Avg Loss: 0.686
Task: Reconstruction | Avg Loss: 6.459 
Mutual Information | Avg Loss: 0.00000
Total Loss | Avg Loss: 3.841
Time elapsed: 1:53:25.109167

 --- Epoch 117
Task: Classification | Acc: 56.03% | Avg Loss: 0.686
Task: Reconstruction | Avg Loss: 6.463 
Mutual Information | Avg Loss: 0.00000
Total Loss | Avg Loss: 3.657
Time elapsed: 1:54:24.130508

 --- Epoch 118
Task: Classification | Acc: 55.73% | Avg Loss: 0.687
Task: Reconstruction | Avg Loss: 6.459 
Mutual Information | Avg Loss: 0.00000
Total Loss | Avg Loss: 3.381
Time elapsed: 1:55:22.312903

 --- Epoch 119
Task: Classification | Acc: 55.75% | Avg Loss: 0.687
Task: Reconstruction | Avg Loss: 6.454 
Mutual Information | Avg Loss: 0.00000
Total Loss | Avg Loss: 3.565
Time elapsed: 1:56:21.160041

 --- Epoch 120
Task: Classification | Acc: 55.89% | Avg Loss: 0.686
Task: Reconstruction | Avg Loss: 6.466 
Mutual Information | Avg Loss: 0.00000
Total Loss | Avg Loss: 3.626
Time elapsed: 1:57:20.075188
Example 1 ---
Original text: instead, he shows them the respect they are due.
Reconstructed text: 
Original IDs: [101, 2612, 1010, 2002, 3065, 2068, 1996, 4847, 2027, 2024, 2349, 1012, 102]
Predicted IDs: [101, 101, 101, 101, 101, 101, 101, 101, 101, 101, 101, 101, 101]
BLEU Score: 0.0000
Example 2 ---
Original text: this is an egotistical endeavor from the daughter of horror director dario argento ( a producer here ), but her raw performance and utter fearlessness make it strangely magnetic.
Reconstructed text: 
Original IDs: [101, 2023, 2003, 2019, 13059, 16774, 7476, 23855, 2013, 1996, 2684, 1997, 5469, 2472, 26800, 23157, 2080, 1006, 1037, 3135, 2182, 1007, 1010, 2021, 2014, 6315, 2836, 1998, 14395, 22518, 2791, 2191, 2009, 13939, 8060, 1012, 102]
Predicted IDs: [101, 101, 101, 101, 101, 101, 101, 101, 101, 101, 101, 101, 101, 101, 101, 101, 101, 101, 101, 101, 101, 101, 101, 101, 101, 101, 101, 101, 101, 101, 101, 101, 101, 101, 101, 101, 101]
BLEU Score: 0.0000
Example 3 ---
Original text: an unclassifiably awful study in self - and audience - abuse.
Reconstructed text: 
Original IDs: [101, 2019, 4895, 26266, 10128, 2401, 6321, 9643, 2817, 1999, 2969, 1011, 1998, 4378, 1011, 6905, 1012, 102]
Predicted IDs: [101, 101, 101, 101, 101, 101, 101, 101, 101, 101, 101, 101, 101, 101, 101, 101, 101, 101]
BLEU Score: 0.0000

 --- Epoch 121
Task: Classification | Acc: 55.64% | Avg Loss: 0.687
Task: Reconstruction | Avg Loss: 6.460 
Mutual Information | Avg Loss: 0.00000
Total Loss | Avg Loss: 3.667
Time elapsed: 1:58:19.093095

 --- Epoch 122
Task: Classification | Acc: 55.88% | Avg Loss: 0.686
Task: Reconstruction | Avg Loss: 6.461 
Mutual Information | Avg Loss: 0.00000
Total Loss | Avg Loss: 3.316
Time elapsed: 1:59:17.293959

 --- Epoch 123
Task: Classification | Acc: 55.82% | Avg Loss: 0.687
Task: Reconstruction | Avg Loss: 6.462 
Mutual Information | Avg Loss: 0.00000
Total Loss | Avg Loss: 3.547
Time elapsed: 2:00:15.841112

 --- Epoch 124
Task: Classification | Acc: 55.72% | Avg Loss: 0.687
Task: Reconstruction | Avg Loss: 6.461 
Mutual Information | Avg Loss: 0.00000
Total Loss | Avg Loss: 3.536
Time elapsed: 2:01:14.615620

 --- Epoch 125
Task: Classification | Acc: 55.81% | Avg Loss: 0.687
Task: Reconstruction | Avg Loss: 6.462 
Mutual Information | Avg Loss: 0.00000
Total Loss | Avg Loss: 3.701
Time elapsed: 2:02:13.539503

 --- Epoch 126
Task: Classification | Acc: 55.79% | Avg Loss: 0.687
Task: Reconstruction | Avg Loss: 6.465 
Mutual Information | Avg Loss: 0.00000
Total Loss | Avg Loss: 3.625
Time elapsed: 2:03:12.466148

 --- Epoch 127
Task: Classification | Acc: 55.76% | Avg Loss: 0.687
Task: Reconstruction | Avg Loss: 6.462 
Mutual Information | Avg Loss: 0.00000
Total Loss | Avg Loss: 3.514
Time elapsed: 2:04:11.114118

 --- Epoch 128
Task: Classification | Acc: 55.83% | Avg Loss: 0.686
Task: Reconstruction | Avg Loss: 6.465 
Mutual Information | Avg Loss: 0.00000
Total Loss | Avg Loss: 3.647
Time elapsed: 2:05:10.036845

 --- Epoch 129
Task: Classification | Acc: 55.83% | Avg Loss: 0.687
Task: Reconstruction | Avg Loss: 6.467 
Mutual Information | Avg Loss: 0.00000
Total Loss | Avg Loss: 3.221
Time elapsed: 2:06:07.776054

 --- Epoch 130
Task: Classification | Acc: 55.74% | Avg Loss: 0.687
Task: Reconstruction | Avg Loss: 6.467 
Mutual Information | Avg Loss: 0.00000
Total Loss | Avg Loss: 3.736
Time elapsed: 2:07:07.037267
Example 1 ---
Original text: involves two mysteries - - one it gives away and the other featuring such badly drawn characters that its outcome hardly matters.
Reconstructed text: 
Original IDs: [101, 7336, 2048, 15572, 1011, 1011, 2028, 2009, 3957, 2185, 1998, 1996, 2060, 3794, 2107, 6649, 4567, 3494, 2008, 2049, 9560, 6684, 5609, 1012, 102]
Predicted IDs: [101, 101, 101, 101, 101, 101, 101, 101, 101, 101, 101, 101, 101, 101, 101, 101, 101, 101, 101, 101, 101, 101, 101, 101, 101]
BLEU Score: 0.0000
Example 2 ---
Original text: inside the film's conflict - powered plot there is a decent moral trying to get out, but it's not that, it's the tension that keeps you in your seat.
Reconstructed text: 
Original IDs: [101, 2503, 1996, 2143, 1005, 1055, 4736, 1011, 6113, 5436, 2045, 2003, 1037, 11519, 7191, 2667, 2000, 2131, 2041, 1010, 2021, 2009, 1005, 1055, 2025, 2008, 1010, 2009, 1005, 1055, 1996, 6980, 2008, 7906, 2017, 1999, 2115, 2835, 1012, 102]
Predicted IDs: [101, 101, 101, 101, 101, 101, 101, 101, 101, 101, 101, 101, 101, 101, 101, 101, 101, 101, 101, 101, 101, 101, 101, 101, 101, 101, 101, 101, 101, 101, 101, 101, 101, 101, 101, 101, 101, 101, 101, 101]
BLEU Score: 0.0000
Example 3 ---
Original text: a working class ` ` us vs. them'' opera that leaves no heartstring untugged and no liberal cause unplundered.
Reconstructed text: 
Original IDs: [101, 1037, 2551, 2465, 1036, 1036, 2149, 5443, 1012, 2068, 1005, 1005, 3850, 2008, 3727, 2053, 8072, 18886, 3070, 4895, 8525, 15567, 1998, 2053, 4314, 3426, 4895, 24759, 20824, 2098, 1012, 102]
Predicted IDs: [101, 101, 101, 101, 101, 101, 101, 101, 101, 101, 101, 101, 101, 101, 101, 101, 101, 101, 101, 101, 101, 101, 101, 101, 101, 101, 101, 101, 101, 101, 101, 101]
BLEU Score: 0.0000

 --- Epoch 131
Task: Classification | Acc: 56.05% | Avg Loss: 0.686
Task: Reconstruction | Avg Loss: 6.462 
Mutual Information | Avg Loss: 0.00000
Total Loss | Avg Loss: 3.590
Time elapsed: 2:08:06.045701

 --- Epoch 132
Task: Classification | Acc: 55.83% | Avg Loss: 0.687
Task: Reconstruction | Avg Loss: 6.460 
Mutual Information | Avg Loss: 0.00000
Total Loss | Avg Loss: 3.535
Time elapsed: 2:09:04.716773

 --- Epoch 133
Task: Classification | Acc: 56.15% | Avg Loss: 0.686
Task: Reconstruction | Avg Loss: 6.463 
Mutual Information | Avg Loss: 0.00000
Total Loss | Avg Loss: 3.514
Time elapsed: 2:10:03.415152

 --- Epoch 134
Task: Classification | Acc: 55.70% | Avg Loss: 0.687
Task: Reconstruction | Avg Loss: 6.464 
Mutual Information | Avg Loss: 0.00000
Total Loss | Avg Loss: 3.723
Time elapsed: 2:11:02.531164

 --- Epoch 135
Task: Classification | Acc: 55.88% | Avg Loss: 0.686
Task: Reconstruction | Avg Loss: 6.467 
Mutual Information | Avg Loss: 0.00000
Total Loss | Avg Loss: 3.637
Time elapsed: 2:12:01.474795

 --- Epoch 136
Task: Classification | Acc: 55.87% | Avg Loss: 0.686
Task: Reconstruction | Avg Loss: 6.463 
Mutual Information | Avg Loss: 0.00000
Total Loss | Avg Loss: 3.591
Time elapsed: 2:13:00.136667

 --- Epoch 137
Task: Classification | Acc: 55.78% | Avg Loss: 0.687
Task: Reconstruction | Avg Loss: 6.461 
Mutual Information | Avg Loss: 0.00000
Total Loss | Avg Loss: 3.535
Time elapsed: 2:13:58.811948

 --- Epoch 138
Task: Classification | Acc: 55.92% | Avg Loss: 0.686
Task: Reconstruction | Avg Loss: 6.464 
Mutual Information | Avg Loss: 0.00000
Total Loss | Avg Loss: 3.581
Time elapsed: 2:14:57.640745

 --- Epoch 139
Task: Classification | Acc: 55.71% | Avg Loss: 0.687
Task: Reconstruction | Avg Loss: 6.461 
Mutual Information | Avg Loss: 0.00000
Total Loss | Avg Loss: 3.623
Time elapsed: 2:15:56.370311

 --- Epoch 140
Task: Classification | Acc: 55.74% | Avg Loss: 0.687
Task: Reconstruction | Avg Loss: 6.457 
Mutual Information | Avg Loss: 0.00000
Total Loss | Avg Loss: 3.643
Time elapsed: 2:16:55.266517
Example 1 ---
Original text: a very well - made, funny and entertaining picture.
Reconstructed text: 
Original IDs: [101, 1037, 2200, 2092, 1011, 2081, 1010, 6057, 1998, 14036, 3861, 1012, 102]
Predicted IDs: [102, 102, 102, 102, 102, 102, 102, 102, 102, 102, 102, 102, 102]
BLEU Score: 0.0000
Example 2 ---
Original text: feels too formulaic and too familiar to produce the transgressive thrills of early underground work.
Reconstructed text: 
Original IDs: [101, 5683, 2205, 5675, 2594, 1998, 2205, 5220, 2000, 3965, 1996, 9099, 17603, 18719, 3726, 16959, 2015, 1997, 2220, 5230, 2147, 1012, 102]
Predicted IDs: [101, 101, 101, 101, 101, 101, 101, 101, 101, 101, 101, 101, 101, 101, 101, 101, 101, 101, 101, 101, 101, 101, 101]
BLEU Score: 0.0000
Example 3 ---
Original text: a gorgeous, high - spirited musical from india that exquisitely blends music, dance, song, and high drama.
Reconstructed text: 
Original IDs: [101, 1037, 9882, 1010, 2152, 1011, 24462, 3315, 2013, 2634, 2008, 19401, 2135, 12586, 2015, 2189, 1010, 3153, 1010, 2299, 1010, 1998, 2152, 3689, 1012, 102]
Predicted IDs: [102, 102, 102, 102, 102, 102, 102, 102, 102, 102, 102, 102, 102, 102, 102, 102, 102, 102, 102, 102, 102, 102, 102, 102, 102, 102]
BLEU Score: 0.0000

 --- Epoch 141
Task: Classification | Acc: 55.70% | Avg Loss: 0.687
Task: Reconstruction | Avg Loss: 6.461 
Mutual Information | Avg Loss: 0.00000
Total Loss | Avg Loss: 3.667
Time elapsed: 2:17:54.109276

 --- Epoch 142
Task: Classification | Acc: 55.68% | Avg Loss: 0.687
Task: Reconstruction | Avg Loss: 6.462 
Mutual Information | Avg Loss: 0.00000
Total Loss | Avg Loss: 3.788
Time elapsed: 2:18:53.328577

 --- Epoch 143
Task: Classification | Acc: 55.83% | Avg Loss: 0.687
Task: Reconstruction | Avg Loss: 6.462 
Mutual Information | Avg Loss: 0.00000
Total Loss | Avg Loss: 3.459
Time elapsed: 2:19:51.636398

 --- Epoch 144
Task: Classification | Acc: 55.55% | Avg Loss: 0.687
Task: Reconstruction | Avg Loss: 6.467 
Mutual Information | Avg Loss: 0.00000
Total Loss | Avg Loss: 3.615
Time elapsed: 2:20:50.417585

 --- Epoch 145
Task: Classification | Acc: 55.69% | Avg Loss: 0.687
Task: Reconstruction | Avg Loss: 6.462 
Mutual Information | Avg Loss: 0.00000
Total Loss | Avg Loss: 3.635
Time elapsed: 2:21:49.268249

 --- Epoch 146
Task: Classification | Acc: 55.73% | Avg Loss: 0.687
Task: Reconstruction | Avg Loss: 6.458 
Mutual Information | Avg Loss: 0.00000
Total Loss | Avg Loss: 3.633
Time elapsed: 2:22:48.134493

 --- Epoch 147
Task: Classification | Acc: 55.58% | Avg Loss: 0.687
Task: Reconstruction | Avg Loss: 6.463 
Mutual Information | Avg Loss: 0.00000
Total Loss | Avg Loss: 3.723
Time elapsed: 2:23:47.275528

 --- Epoch 148
Task: Classification | Acc: 55.76% | Avg Loss: 0.687
Task: Reconstruction | Avg Loss: 6.462 
Mutual Information | Avg Loss: 0.00000
Total Loss | Avg Loss: 3.744
Time elapsed: 2:24:46.047581

 --- Epoch 149
Task: Classification | Acc: 55.97% | Avg Loss: 0.686
Task: Reconstruction | Avg Loss: 6.459 
Mutual Information | Avg Loss: 0.00000
Total Loss | Avg Loss: 3.513
Time elapsed: 2:25:44.682910

 --- Epoch 150
Task: Classification | Acc: 55.92% | Avg Loss: 0.686
Task: Reconstruction | Avg Loss: 6.459 
Mutual Information | Avg Loss: 0.00000
Total Loss | Avg Loss: 3.567
Time elapsed: 2:26:43.412792
Example 1 ---
Original text: an exhilarating futuristic thriller - noir, minority report twists the best of technology around a gripping story, delivering a riveting, pulse intensifying escapist adventure of the first order
Reconstructed text: 
Original IDs: [101, 2019, 4654, 26415, 15172, 28971, 10874, 1011, 15587, 1010, 7162, 3189, 21438, 1996, 2190, 1997, 2974, 2105, 1037, 13940, 2466, 1010, 12771, 1037, 15544, 19510, 2075, 1010, 8187, 20014, 6132, 11787, 9686, 17695, 2923, 6172, 1997, 1996, 2034, 2344, 102]
Predicted IDs: [102, 102, 102, 102, 102, 102, 102, 102, 102, 102, 102, 102, 102, 102, 102, 102, 102, 102, 102, 102, 102, 102, 102, 102, 102, 102, 102, 102, 102, 102, 102, 102, 102, 102, 102, 102, 102, 102, 102, 102, 102]
BLEU Score: 0.0000
Example 2 ---
Original text: it's a beautiful madness.
Reconstructed text: 
Original IDs: [101, 2009, 1005, 1055, 1037, 3376, 12013, 1012, 102]
Predicted IDs: [102, 102, 102, 102, 102, 102, 102, 102, 102]
BLEU Score: 0.0000
Example 3 ---
Original text: for starters, the story is just too slim.
Reconstructed text: 
Original IDs: [101, 2005, 29400, 1010, 1996, 2466, 2003, 2074, 2205, 11754, 1012, 102]
Predicted IDs: [102, 102, 102, 102, 102, 102, 102, 102, 102, 102, 102, 102]
BLEU Score: 0.0000

 --- Epoch 151
Task: Classification | Acc: 56.00% | Avg Loss: 0.686
Task: Reconstruction | Avg Loss: 6.466 
Mutual Information | Avg Loss: 0.00000
Total Loss | Avg Loss: 3.626
Time elapsed: 2:27:42.315941

 --- Epoch 152
Task: Classification | Acc: 55.80% | Avg Loss: 0.686
Task: Reconstruction | Avg Loss: 6.463 
Mutual Information | Avg Loss: 0.00000
Total Loss | Avg Loss: 3.624
Time elapsed: 2:28:41.110191

 --- Epoch 153
Task: Classification | Acc: 55.68% | Avg Loss: 0.687
Task: Reconstruction | Avg Loss: 6.458 
Mutual Information | Avg Loss: 0.00000
Total Loss | Avg Loss: 3.622
Time elapsed: 2:29:40.109952

 --- Epoch 154
Task: Classification | Acc: 55.77% | Avg Loss: 0.687
Task: Reconstruction | Avg Loss: 6.458 
Mutual Information | Avg Loss: 0.00000
Total Loss | Avg Loss: 3.578
Time elapsed: 2:30:38.926714

 --- Epoch 155
Task: Classification | Acc: 55.78% | Avg Loss: 0.687
Task: Reconstruction | Avg Loss: 6.465 
Mutual Information | Avg Loss: 0.00000
Total Loss | Avg Loss: 3.790
Time elapsed: 2:31:38.094315

 --- Epoch 156
Task: Classification | Acc: 56.07% | Avg Loss: 0.686
Task: Reconstruction | Avg Loss: 6.465 
Mutual Information | Avg Loss: 0.00000
Total Loss | Avg Loss: 3.493
Time elapsed: 2:32:36.502564

 --- Epoch 157
Task: Classification | Acc: 55.92% | Avg Loss: 0.686
Task: Reconstruction | Avg Loss: 6.468 
Mutual Information | Avg Loss: 0.00000
Total Loss | Avg Loss: 3.802
Time elapsed: 2:33:35.694751

 --- Epoch 158
Task: Classification | Acc: 55.69% | Avg Loss: 0.687
Task: Reconstruction | Avg Loss: 6.456 
Mutual Information | Avg Loss: 0.00000
Total Loss | Avg Loss: 3.380
Time elapsed: 2:34:34.162003

 --- Epoch 159
Task: Classification | Acc: 56.12% | Avg Loss: 0.686
Task: Reconstruction | Avg Loss: 6.464 
Mutual Information | Avg Loss: 0.00000
Total Loss | Avg Loss: 3.580
Time elapsed: 2:35:32.585763

 --- Epoch 160
Task: Classification | Acc: 55.47% | Avg Loss: 0.687
Task: Reconstruction | Avg Loss: 6.464 
Mutual Information | Avg Loss: 0.00000
Total Loss | Avg Loss: 3.570
Time elapsed: 2:36:31.547089
Example 1 ---
Original text: the overall effect is less like a children's movie than a recruitment film for future hollywood sellouts.
Reconstructed text: 
Original IDs: [101, 1996, 3452, 3466, 2003, 2625, 2066, 1037, 2336, 1005, 1055, 3185, 2084, 1037, 15680, 2143, 2005, 2925, 5365, 5271, 12166, 1012, 102]
Predicted IDs: [101, 101, 101, 101, 101, 101, 101, 101, 101, 101, 101, 101, 101, 101, 101, 101, 101, 101, 101, 101, 101, 101, 101]
BLEU Score: 0.0000
Example 2 ---
Original text: a great ensemble cast can't lift this heartfelt enterprise out of the familiar.
Reconstructed text: 
Original IDs: [101, 1037, 2307, 7241, 3459, 6187, 1050, 1005, 1056, 6336, 2023, 2540, 26675, 6960, 2041, 1997, 1996, 5220, 1012, 102]
Predicted IDs: [101, 101, 101, 101, 101, 101, 101, 101, 101, 101, 101, 101, 101, 101, 101, 101, 101, 101, 101, 101]
BLEU Score: 0.0000
Example 3 ---
Original text: exquisitely nuanced in mood tics and dialogue, this chamber drama is superbly acted by the deeply appealing veteran bouquet and the chilling but quite human berling.
Reconstructed text: 
Original IDs: [101, 19401, 2135, 16371, 6651, 2094, 1999, 6888, 14841, 6169, 1998, 7982, 1010, 2023, 4574, 3689, 2003, 21688, 2135, 6051, 2011, 1996, 6171, 16004, 8003, 26700, 1998, 1996, 27017, 2021, 3243, 2529, 4068, 2290, 1012, 102]
Predicted IDs: [101, 101, 101, 101, 101, 101, 101, 101, 101, 101, 101, 101, 101, 101, 101, 101, 101, 101, 101, 101, 101, 101, 101, 101, 101, 101, 101, 101, 101, 101, 101, 101, 101, 101, 101, 101]
BLEU Score: 0.0000

 --- Epoch 161
Task: Classification | Acc: 55.66% | Avg Loss: 0.687
Task: Reconstruction | Avg Loss: 6.461 
Mutual Information | Avg Loss: 0.00000
Total Loss | Avg Loss: 3.415
Time elapsed: 2:37:29.854703

 --- Epoch 162
Task: Classification | Acc: 55.43% | Avg Loss: 0.688
Task: Reconstruction | Avg Loss: 6.463 
Mutual Information | Avg Loss: 0.00000
Total Loss | Avg Loss: 3.438
Time elapsed: 2:38:28.260318

 --- Epoch 163
Task: Classification | Acc: 55.79% | Avg Loss: 0.687
Task: Reconstruction | Avg Loss: 6.462 
Mutual Information | Avg Loss: 0.00000
Total Loss | Avg Loss: 3.470
Time elapsed: 2:39:26.601762

 --- Epoch 164
Task: Classification | Acc: 55.97% | Avg Loss: 0.686
Task: Reconstruction | Avg Loss: 6.469 
Mutual Information | Avg Loss: 0.00000
Total Loss | Avg Loss: 3.429
Time elapsed: 2:40:24.929962

 --- Epoch 165
Task: Classification | Acc: 55.84% | Avg Loss: 0.686
Task: Reconstruction | Avg Loss: 6.464 
Mutual Information | Avg Loss: 0.00000
Total Loss | Avg Loss: 3.471
Time elapsed: 2:41:23.342821

 --- Epoch 166
Task: Classification | Acc: 55.83% | Avg Loss: 0.687
Task: Reconstruction | Avg Loss: 6.460 
Mutual Information | Avg Loss: 0.00000
Total Loss | Avg Loss: 3.535
Time elapsed: 2:42:22.000554

 --- Epoch 167
Task: Classification | Acc: 55.63% | Avg Loss: 0.687
Task: Reconstruction | Avg Loss: 6.461 
Mutual Information | Avg Loss: 0.00000
Total Loss | Avg Loss: 3.547
Time elapsed: 2:43:20.603567

 --- Epoch 168
Task: Classification | Acc: 56.06% | Avg Loss: 0.686
Task: Reconstruction | Avg Loss: 6.458 
Mutual Information | Avg Loss: 0.00000
Total Loss | Avg Loss: 3.709
Time elapsed: 2:44:19.697374

 --- Epoch 169
Task: Classification | Acc: 55.61% | Avg Loss: 0.687
Task: Reconstruction | Avg Loss: 6.462 
Mutual Information | Avg Loss: 0.00000
Total Loss | Avg Loss: 3.690
Time elapsed: 2:45:18.747263

 --- Epoch 170
Task: Classification | Acc: 55.89% | Avg Loss: 0.686
Task: Reconstruction | Avg Loss: 6.456 
Mutual Information | Avg Loss: 0.00000
Total Loss | Avg Loss: 3.653
Time elapsed: 2:46:17.535589
Example 1 ---
Original text: you wonder why enough wasn't just a music video rather than a full - length movie.
Reconstructed text: 
Original IDs: [101, 2017, 4687, 2339, 2438, 2001, 1050, 1005, 1056, 2074, 1037, 2189, 2678, 2738, 2084, 1037, 2440, 1011, 3091, 3185, 1012, 102]
Predicted IDs: [102, 102, 102, 102, 102, 102, 102, 102, 102, 102, 102, 102, 102, 102, 102, 102, 102, 102, 102, 102, 102, 102]
BLEU Score: 0.0000
Example 2 ---
Original text: it's one pussy - ass world when even killer - thrillers revolve around group therapy sessions.
Reconstructed text: 
Original IDs: [101, 2009, 1005, 1055, 2028, 22418, 1011, 4632, 2088, 2043, 2130, 6359, 1011, 10874, 2015, 7065, 4747, 3726, 2105, 2177, 7242, 6521, 1012, 102]
Predicted IDs: [101, 101, 101, 101, 101, 101, 101, 101, 101, 101, 101, 101, 101, 101, 101, 101, 101, 101, 101, 101, 101, 101, 101, 101]
BLEU Score: 0.0000
Example 3 ---
Original text: the minor figures surrounding ( bobby )... form a gritty urban mosaic.
Reconstructed text: 
Original IDs: [101, 1996, 3576, 4481, 4193, 1006, 6173, 1007, 1012, 1012, 1012, 2433, 1037, 24842, 3723, 3923, 16061, 1012, 102]
Predicted IDs: [101, 101, 101, 101, 101, 101, 101, 101, 101, 101, 101, 101, 101, 101, 101, 101, 101, 101, 101]
BLEU Score: 0.0000

 --- Epoch 171
Task: Classification | Acc: 56.03% | Avg Loss: 0.686
Task: Reconstruction | Avg Loss: 6.458 
Mutual Information | Avg Loss: 0.00000
Total Loss | Avg Loss: 3.479
Time elapsed: 2:47:16.237199

 --- Epoch 172
Task: Classification | Acc: 55.92% | Avg Loss: 0.686
Task: Reconstruction | Avg Loss: 6.464 
Mutual Information | Avg Loss: 0.00000
Total Loss | Avg Loss: 3.383
Time elapsed: 2:48:14.474587

 --- Epoch 173
Task: Classification | Acc: 55.78% | Avg Loss: 0.687
Task: Reconstruction | Avg Loss: 6.459 
Mutual Information | Avg Loss: 0.00000
Total Loss | Avg Loss: 3.557
Time elapsed: 2:49:13.035388

 --- Epoch 174
Task: Classification | Acc: 55.56% | Avg Loss: 0.687
Task: Reconstruction | Avg Loss: 6.458 
Mutual Information | Avg Loss: 0.00000
Total Loss | Avg Loss: 3.457
Time elapsed: 2:50:11.330808

 --- Epoch 175
Task: Classification | Acc: 55.85% | Avg Loss: 0.687
Task: Reconstruction | Avg Loss: 6.463 
Mutual Information | Avg Loss: 0.00000
Total Loss | Avg Loss: 3.602
Time elapsed: 2:51:10.226791

 --- Epoch 176
Task: Classification | Acc: 56.00% | Avg Loss: 0.686
Task: Reconstruction | Avg Loss: 6.459 
Mutual Information | Avg Loss: 0.00000
Total Loss | Avg Loss: 3.381
Time elapsed: 2:52:08.474881

 --- Epoch 177
Task: Classification | Acc: 56.00% | Avg Loss: 0.686
Task: Reconstruction | Avg Loss: 6.458 
Mutual Information | Avg Loss: 0.00000
Total Loss | Avg Loss: 3.654
Time elapsed: 2:53:07.113373

 --- Epoch 178
Task: Classification | Acc: 56.06% | Avg Loss: 0.686
Task: Reconstruction | Avg Loss: 6.459 
Mutual Information | Avg Loss: 0.00000
Total Loss | Avg Loss: 3.797
Time elapsed: 2:54:06.377388

 --- Epoch 179
Task: Classification | Acc: 55.88% | Avg Loss: 0.686
Task: Reconstruction | Avg Loss: 6.460 
Mutual Information | Avg Loss: 0.00000
Total Loss | Avg Loss: 3.261
Time elapsed: 2:55:04.308654

 --- Epoch 180
Task: Classification | Acc: 55.65% | Avg Loss: 0.687
Task: Reconstruction | Avg Loss: 6.464 
Mutual Information | Avg Loss: 0.00000
Total Loss | Avg Loss: 3.329
Time elapsed: 2:56:02.244478
Example 1 ---
Original text: a gripping movie, played with performances that are all understated and touching.
Reconstructed text: 
Original IDs: [101, 1037, 13940, 3185, 1010, 2209, 2007, 4616, 2008, 2024, 2035, 2104, 9153, 3064, 1998, 7244, 1012, 102]
Predicted IDs: [101, 101, 101, 101, 101, 101, 101, 101, 101, 101, 101, 101, 101, 101, 101, 101, 101, 101]
BLEU Score: 0.0000
Example 2 ---
Original text: is the time really ripe for a warmed - over james bond adventure, with a village idiot as the 007 clone?
Reconstructed text: 
Original IDs: [101, 2003, 1996, 2051, 2428, 22503, 2005, 1037, 17336, 1011, 2058, 2508, 5416, 6172, 1010, 2007, 1037, 2352, 10041, 2004, 1996, 4002, 2581, 17598, 1029, 102]
Predicted IDs: [101, 101, 101, 101, 101, 101, 101, 101, 101, 101, 101, 101, 101, 101, 101, 101, 101, 101, 101, 101, 101, 101, 101, 101, 101, 101]
BLEU Score: 0.0000
Example 3 ---
Original text: it treats women like idiots.
Reconstructed text: 
Original IDs: [101, 2009, 18452, 2308, 2066, 28781, 1012, 102]
Predicted IDs: [101, 101, 101, 101, 101, 101, 101, 101]
BLEU Score: 0.0000

 --- Epoch 181
Task: Classification | Acc: 56.11% | Avg Loss: 0.686
Task: Reconstruction | Avg Loss: 6.461 
Mutual Information | Avg Loss: 0.00000
Total Loss | Avg Loss: 3.481
Time elapsed: 2:57:00.818748

 --- Epoch 182
Task: Classification | Acc: 55.52% | Avg Loss: 0.687
Task: Reconstruction | Avg Loss: 6.459 
Mutual Information | Avg Loss: 0.00000
Total Loss | Avg Loss: 3.611
Time elapsed: 2:57:59.691409

 --- Epoch 183
Task: Classification | Acc: 55.95% | Avg Loss: 0.686
Task: Reconstruction | Avg Loss: 6.464 
Mutual Information | Avg Loss: 0.00000
Total Loss | Avg Loss: 3.811
Time elapsed: 2:58:58.865664

 --- Epoch 184
Task: Classification | Acc: 56.13% | Avg Loss: 0.686
Task: Reconstruction | Avg Loss: 6.460 
Mutual Information | Avg Loss: 0.00000
Total Loss | Avg Loss: 3.666
Time elapsed: 2:59:57.704118

 --- Epoch 185
Task: Classification | Acc: 55.64% | Avg Loss: 0.687
Task: Reconstruction | Avg Loss: 6.461 
Mutual Information | Avg Loss: 0.00000
Total Loss | Avg Loss: 3.591
Time elapsed: 3:00:56.494755

 --- Epoch 186
Task: Classification | Acc: 55.94% | Avg Loss: 0.686
Task: Reconstruction | Avg Loss: 6.459 
Mutual Information | Avg Loss: 0.00000
Total Loss | Avg Loss: 3.688
Time elapsed: 3:01:55.298914

 --- Epoch 187
Task: Classification | Acc: 55.77% | Avg Loss: 0.687
Task: Reconstruction | Avg Loss: 6.462 
Mutual Information | Avg Loss: 0.00000
Total Loss | Avg Loss: 3.426
Time elapsed: 3:02:53.749534

 --- Epoch 188
Task: Classification | Acc: 55.76% | Avg Loss: 0.687
Task: Reconstruction | Avg Loss: 6.462 
Mutual Information | Avg Loss: 0.00000
Total Loss | Avg Loss: 3.558
Time elapsed: 3:03:52.116307

 --- Epoch 189
Task: Classification | Acc: 55.93% | Avg Loss: 0.686
Task: Reconstruction | Avg Loss: 6.459 
Mutual Information | Avg Loss: 0.00000
Total Loss | Avg Loss: 3.775
Time elapsed: 3:04:51.221478

 --- Epoch 190
Task: Classification | Acc: 55.97% | Avg Loss: 0.686
Task: Reconstruction | Avg Loss: 6.458 
Mutual Information | Avg Loss: 0.00000
Total Loss | Avg Loss: 3.610
Time elapsed: 3:05:50.183396
Example 1 ---
Original text: having had the good sense to cast actors who are, generally speaking, adored by the movie - going public, khouri then gets terrific performances from them all.
Reconstructed text: 
Original IDs: [101, 2383, 2018, 1996, 2204, 3168, 2000, 3459, 5889, 2040, 2024, 1010, 3227, 4092, 1010, 28456, 2011, 1996, 3185, 1011, 2183, 2270, 1010, 1047, 6806, 9496, 2059, 4152, 27547, 4616, 2013, 2068, 2035, 1012, 102]
Predicted IDs: [101, 101, 101, 101, 101, 101, 101, 101, 101, 101, 101, 101, 101, 101, 101, 101, 101, 101, 101, 101, 101, 101, 101, 101, 101, 101, 101, 101, 101, 101, 101, 101, 101, 101, 101]
BLEU Score: 0.0000
Example 2 ---
Original text: is the time really ripe for a warmed - over james bond adventure, with a village idiot as the 007 clone?
Reconstructed text: 
Original IDs: [101, 2003, 1996, 2051, 2428, 22503, 2005, 1037, 17336, 1011, 2058, 2508, 5416, 6172, 1010, 2007, 1037, 2352, 10041, 2004, 1996, 4002, 2581, 17598, 1029, 102]
Predicted IDs: [101, 101, 101, 101, 101, 101, 101, 101, 101, 101, 101, 101, 101, 101, 101, 101, 101, 101, 101, 101, 101, 101, 101, 101, 101, 101]
BLEU Score: 0.0000
Example 3 ---
Original text: one of the best films of the year with its exploration of the obstacles to happiness faced by five contemporary individuals... a psychological masterpiece.
Reconstructed text: 
Original IDs: [101, 2028, 1997, 1996, 2190, 3152, 1997, 1996, 2095, 2007, 2049, 8993, 1997, 1996, 15314, 2000, 8404, 4320, 2011, 2274, 3824, 3633, 1012, 1012, 1012, 1037, 8317, 17743, 1012, 102]
Predicted IDs: [101, 101, 101, 101, 101, 101, 101, 101, 101, 101, 101, 101, 101, 101, 101, 101, 101, 101, 101, 101, 101, 101, 101, 101, 101, 101, 101, 101, 101, 101]
BLEU Score: 0.0000

 --- Epoch 191
Task: Classification | Acc: 55.65% | Avg Loss: 0.687
Task: Reconstruction | Avg Loss: 6.466 
Mutual Information | Avg Loss: 0.00000
Total Loss | Avg Loss: 3.505
Time elapsed: 3:06:48.726775

 --- Epoch 192
Task: Classification | Acc: 55.91% | Avg Loss: 0.686
Task: Reconstruction | Avg Loss: 6.459 
Mutual Information | Avg Loss: 0.00000
Total Loss | Avg Loss: 3.721
Time elapsed: 3:07:48.065168

 --- Epoch 193
Task: Classification | Acc: 56.04% | Avg Loss: 0.686
Task: Reconstruction | Avg Loss: 6.464 
Mutual Information | Avg Loss: 0.00000
Total Loss | Avg Loss: 3.646
Time elapsed: 3:08:46.669184

 --- Epoch 194
Task: Classification | Acc: 55.49% | Avg Loss: 0.687
Task: Reconstruction | Avg Loss: 6.458 
Mutual Information | Avg Loss: 0.00000
Total Loss | Avg Loss: 3.425
Time elapsed: 3:09:44.894751

 --- Epoch 195
Task: Classification | Acc: 55.73% | Avg Loss: 0.687
Task: Reconstruction | Avg Loss: 6.460 
Mutual Information | Avg Loss: 0.00000
Total Loss | Avg Loss: 3.634
Time elapsed: 3:10:43.862030

 --- Epoch 196
Task: Classification | Acc: 55.77% | Avg Loss: 0.687
Task: Reconstruction | Avg Loss: 6.456 
Mutual Information | Avg Loss: 0.00000
Total Loss | Avg Loss: 3.522
Time elapsed: 3:11:42.401391

 --- Epoch 197
Task: Classification | Acc: 55.69% | Avg Loss: 0.687
Task: Reconstruction | Avg Loss: 6.458 
Mutual Information | Avg Loss: 0.00000
Total Loss | Avg Loss: 3.764
Time elapsed: 3:12:41.304633

 --- Epoch 198
Task: Classification | Acc: 55.66% | Avg Loss: 0.687
Task: Reconstruction | Avg Loss: 6.461 
Mutual Information | Avg Loss: 0.00000
Total Loss | Avg Loss: 3.371
Time elapsed: 3:13:39.198176

 --- Epoch 199
Task: Classification | Acc: 55.49% | Avg Loss: 0.687
Task: Reconstruction | Avg Loss: 6.466 
Mutual Information | Avg Loss: 0.00000
Total Loss | Avg Loss: 3.604
Time elapsed: 3:14:38.024830

 --- Epoch 200
Task: Classification | Acc: 55.89% | Avg Loss: 0.686
Task: Reconstruction | Avg Loss: 6.465 
Mutual Information | Avg Loss: 0.00000
Total Loss | Avg Loss: 3.746
Time elapsed: 3:15:36.827574
Example 1 ---
Original text: it haunts you, you can't forget it, you admire its conception and are able to resolve some of the confusions you had while watching it.
Reconstructed text: 
Original IDs: [101, 2009, 24542, 2015, 2017, 1010, 2017, 6187, 1050, 1005, 1056, 5293, 2009, 1010, 2017, 19837, 2049, 13120, 1998, 2024, 2583, 2000, 10663, 2070, 1997, 1996, 6724, 2015, 2017, 2018, 2096, 3666, 2009, 1012, 102]
Predicted IDs: [101, 101, 101, 101, 101, 101, 101, 101, 101, 101, 101, 101, 101, 101, 101, 101, 101, 101, 101, 101, 101, 101, 101, 101, 101, 101, 101, 101, 101, 101, 101, 101, 101, 101, 101]
BLEU Score: 0.0000
Example 2 ---
Original text: how do you spell cliche?
Reconstructed text: 
Original IDs: [101, 2129, 2079, 2017, 6297, 18856, 17322, 1029, 102]
Predicted IDs: [101, 101, 101, 101, 101, 101, 101, 101, 101]
BLEU Score: 0.0000
Example 3 ---
Original text: looks and feels like a project better suited for the small screen.
Reconstructed text: 
Original IDs: [101, 3504, 1998, 5683, 2066, 1037, 2622, 2488, 10897, 2005, 1996, 2235, 3898, 1012, 102]
Predicted IDs: [101, 101, 101, 101, 101, 101, 101, 101, 101, 101, 101, 101, 101, 101, 101]
BLEU Score: 0.0000

 --- Epoch 201
Task: Classification | Acc: 55.78% | Avg Loss: 0.687
Task: Reconstruction | Avg Loss: 6.457 
Mutual Information | Avg Loss: 0.00000
Total Loss | Avg Loss: 3.556
Time elapsed: 3:16:35.469838

 --- Epoch 202
Task: Classification | Acc: 56.01% | Avg Loss: 0.686
Task: Reconstruction | Avg Loss: 6.461 
Mutual Information | Avg Loss: 0.00000
Total Loss | Avg Loss: 3.623
Time elapsed: 3:17:34.322189

 --- Epoch 203
Task: Classification | Acc: 56.14% | Avg Loss: 0.686
Task: Reconstruction | Avg Loss: 6.464 
Mutual Information | Avg Loss: 0.00000
Total Loss | Avg Loss: 3.570
Time elapsed: 3:18:32.877874

 --- Epoch 204
Task: Classification | Acc: 55.63% | Avg Loss: 0.687
Task: Reconstruction | Avg Loss: 6.456 
Mutual Information | Avg Loss: 0.00000
Total Loss | Avg Loss: 3.599
Time elapsed: 3:19:31.297614

 --- Epoch 205
Task: Classification | Acc: 55.87% | Avg Loss: 0.686
Task: Reconstruction | Avg Loss: 6.460 
Mutual Information | Avg Loss: 0.00000
Total Loss | Avg Loss: 3.502
Time elapsed: 3:20:29.961273

 --- Epoch 206
Task: Classification | Acc: 55.68% | Avg Loss: 0.687
Task: Reconstruction | Avg Loss: 6.467 
Mutual Information | Avg Loss: 0.00000
Total Loss | Avg Loss: 3.802
Time elapsed: 3:21:29.190392

 --- Epoch 207
Task: Classification | Acc: 55.72% | Avg Loss: 0.687
Task: Reconstruction | Avg Loss: 6.460 
Mutual Information | Avg Loss: 0.00000
Total Loss | Avg Loss: 3.327
Time elapsed: 3:22:27.298113

 --- Epoch 208
Task: Classification | Acc: 55.64% | Avg Loss: 0.687
Task: Reconstruction | Avg Loss: 6.467 
Mutual Information | Avg Loss: 0.00000
Total Loss | Avg Loss: 3.681
Time elapsed: 3:23:26.194671

 --- Epoch 209
Task: Classification | Acc: 55.76% | Avg Loss: 0.687
Task: Reconstruction | Avg Loss: 6.466 
Mutual Information | Avg Loss: 0.00000
Total Loss | Avg Loss: 3.549
Time elapsed: 3:24:24.921309

 --- Epoch 210
Task: Classification | Acc: 55.82% | Avg Loss: 0.687
Task: Reconstruction | Avg Loss: 6.462 
Mutual Information | Avg Loss: 0.00000
Total Loss | Avg Loss: 3.601
Time elapsed: 3:25:23.852021
Example 1 ---
Original text: anchored by friel and williams's exceptional performances, the film's power lies in its complexity.
Reconstructed text: 
Original IDs: [101, 14453, 2011, 10424, 9257, 1998, 3766, 1005, 1055, 11813, 4616, 1010, 1996, 2143, 1005, 1055, 2373, 3658, 1999, 2049, 11619, 1012, 102]
Predicted IDs: [102, 102, 102, 102, 102, 102, 102, 102, 102, 102, 102, 102, 102, 102, 102, 102, 102, 102, 102, 102, 102, 102, 102]
BLEU Score: 0.0000
Example 2 ---
Original text: it's somewhat clumsy and too lethargically paced - - but its story about a mysterious creature with psychic abilities offers a solid build - up, a terrific climax, and some nice chills along the way.
Reconstructed text: 
Original IDs: [101, 2009, 1005, 1055, 5399, 22902, 1998, 2205, 2292, 8167, 26715, 2135, 13823, 1011, 1011, 2021, 2049, 2466, 2055, 1037, 8075, 6492, 2007, 12663, 7590, 4107, 1037, 5024, 3857, 1011, 2039, 1010, 1037, 27547, 14463, 1010, 1998, 2070, 3835, 10720, 2015, 2247, 1996, 2126, 1012, 102]
Predicted IDs: [102, 102, 102, 102, 102, 102, 102, 102, 102, 102, 102, 102, 102, 102, 102, 102, 102, 102, 102, 102, 102, 102, 102, 102, 102, 102, 102, 102, 102, 102, 102, 102, 102, 102, 102, 102, 102, 102, 102, 102, 102, 102, 102, 102, 102, 102]
BLEU Score: 0.0000
Example 3 ---
Original text: puts a human face on a land most westerners are unfamiliar with.
Reconstructed text: 
Original IDs: [101, 8509, 1037, 2529, 2227, 2006, 1037, 2455, 2087, 2530, 2545, 2024, 16261, 2007, 1012, 102]
Predicted IDs: [102, 102, 102, 102, 102, 102, 102, 102, 102, 102, 102, 102, 102, 102, 102, 102]
BLEU Score: 0.0000

 --- Epoch 211
Task: Classification | Acc: 55.68% | Avg Loss: 0.687
Task: Reconstruction | Avg Loss: 6.458 
Mutual Information | Avg Loss: 0.00000
Total Loss | Avg Loss: 3.425
Time elapsed: 3:26:22.477251

 --- Epoch 212
Task: Classification | Acc: 55.65% | Avg Loss: 0.687
Task: Reconstruction | Avg Loss: 6.459 
Mutual Information | Avg Loss: 0.00000
Total Loss | Avg Loss: 3.425
Time elapsed: 3:27:20.751668

 --- Epoch 213
Task: Classification | Acc: 55.86% | Avg Loss: 0.686
Task: Reconstruction | Avg Loss: 6.459 
Mutual Information | Avg Loss: 0.00000
Total Loss | Avg Loss: 3.644
Time elapsed: 3:28:19.803506

 --- Epoch 214
Task: Classification | Acc: 56.04% | Avg Loss: 0.686
Task: Reconstruction | Avg Loss: 6.462 
Mutual Information | Avg Loss: 0.00000
Total Loss | Avg Loss: 3.667
Time elapsed: 3:29:18.888736

 --- Epoch 215
Task: Classification | Acc: 55.84% | Avg Loss: 0.687
Task: Reconstruction | Avg Loss: 6.466 
Mutual Information | Avg Loss: 0.00000
Total Loss | Avg Loss: 3.626
Time elapsed: 3:30:17.764606

 --- Epoch 216
Task: Classification | Acc: 55.52% | Avg Loss: 0.687
Task: Reconstruction | Avg Loss: 6.458 
Mutual Information | Avg Loss: 0.00000
Total Loss | Avg Loss: 3.392
Time elapsed: 3:31:15.885425

 --- Epoch 217
Task: Classification | Acc: 55.56% | Avg Loss: 0.687
Task: Reconstruction | Avg Loss: 6.459 
Mutual Information | Avg Loss: 0.00000
Total Loss | Avg Loss: 3.612
Time elapsed: 3:32:14.559588

 --- Epoch 218
Task: Classification | Acc: 55.81% | Avg Loss: 0.687
Task: Reconstruction | Avg Loss: 6.457 
Mutual Information | Avg Loss: 0.00000
Total Loss | Avg Loss: 3.764
Time elapsed: 3:33:13.747130

 --- Epoch 219
Task: Classification | Acc: 55.78% | Avg Loss: 0.687
Task: Reconstruction | Avg Loss: 6.462 
Mutual Information | Avg Loss: 0.00000
Total Loss | Avg Loss: 3.624
Time elapsed: 3:34:12.536852

 --- Epoch 220
Task: Classification | Acc: 55.84% | Avg Loss: 0.687
Task: Reconstruction | Avg Loss: 6.457 
Mutual Information | Avg Loss: 0.00000
Total Loss | Avg Loss: 3.643
Time elapsed: 3:35:11.475714
Example 1 ---
Original text: it's about following your dreams, no matter what your parents think.
Reconstructed text: 
Original IDs: [101, 2009, 1005, 1055, 2055, 2206, 2115, 5544, 1010, 2053, 3043, 2054, 2115, 3008, 2228, 1012, 102]
Predicted IDs: [101, 101, 101, 101, 101, 101, 101, 101, 101, 101, 101, 101, 101, 101, 101, 101, 101]
BLEU Score: 0.0000
Example 2 ---
Original text: this is a shameless sham, calculated to cash in on the popularity of its stars.
Reconstructed text: 
Original IDs: [101, 2023, 2003, 1037, 9467, 3238, 25850, 1010, 10174, 2000, 5356, 1999, 2006, 1996, 6217, 1997, 2049, 3340, 1012, 102]
Predicted IDs: [101, 101, 101, 101, 101, 101, 101, 101, 101, 101, 101, 101, 101, 101, 101, 101, 101, 101, 101, 101]
BLEU Score: 0.0000
Example 3 ---
Original text: has all the depth of a wading pool.
Reconstructed text: 
Original IDs: [101, 2038, 2035, 1996, 5995, 1997, 1037, 28380, 3070, 4770, 1012, 102]
Predicted IDs: [101, 101, 101, 101, 101, 101, 101, 101, 101, 101, 101, 101]
BLEU Score: 0.0000

 --- Epoch 221
Task: Classification | Acc: 55.36% | Avg Loss: 0.688
Task: Reconstruction | Avg Loss: 6.460 
Mutual Information | Avg Loss: 0.00000
Total Loss | Avg Loss: 3.502
Time elapsed: 3:36:10.060760

 --- Epoch 222
Task: Classification | Acc: 55.55% | Avg Loss: 0.687
Task: Reconstruction | Avg Loss: 6.461 
Mutual Information | Avg Loss: 0.00000
Total Loss | Avg Loss: 3.612
Time elapsed: 3:37:09.027627

 --- Epoch 223
Task: Classification | Acc: 55.75% | Avg Loss: 0.687
Task: Reconstruction | Avg Loss: 6.461 
Mutual Information | Avg Loss: 0.00000
Total Loss | Avg Loss: 3.459
Time elapsed: 3:38:07.478898

 --- Epoch 224
Task: Classification | Acc: 55.86% | Avg Loss: 0.687
Task: Reconstruction | Avg Loss: 6.457 
Mutual Information | Avg Loss: 0.00000
Total Loss | Avg Loss: 3.709
Time elapsed: 3:39:06.626723

 --- Epoch 225
Task: Classification | Acc: 55.91% | Avg Loss: 0.686
Task: Reconstruction | Avg Loss: 6.458 
Mutual Information | Avg Loss: 0.00000
Total Loss | Avg Loss: 3.556
Time elapsed: 3:40:05.403821

 --- Epoch 226
Task: Classification | Acc: 55.87% | Avg Loss: 0.686
Task: Reconstruction | Avg Loss: 6.466 
Mutual Information | Avg Loss: 0.00000
Total Loss | Avg Loss: 3.527
Time elapsed: 3:41:03.909115

 --- Epoch 227
Task: Classification | Acc: 55.74% | Avg Loss: 0.687
Task: Reconstruction | Avg Loss: 6.459 
Mutual Information | Avg Loss: 0.00000
Total Loss | Avg Loss: 3.381
Time elapsed: 3:42:02.110569

 --- Epoch 228
Task: Classification | Acc: 55.33% | Avg Loss: 0.688
Task: Reconstruction | Avg Loss: 6.456 
Mutual Information | Avg Loss: 0.00000
Total Loss | Avg Loss: 3.643
Time elapsed: 3:43:00.906471

 --- Epoch 229
Task: Classification | Acc: 55.64% | Avg Loss: 0.687
Task: Reconstruction | Avg Loss: 6.462 
Mutual Information | Avg Loss: 0.00000
Total Loss | Avg Loss: 3.459
Time elapsed: 3:43:59.409498

 --- Epoch 230
Task: Classification | Acc: 55.65% | Avg Loss: 0.687
Task: Reconstruction | Avg Loss: 6.458 
Mutual Information | Avg Loss: 0.00000
Total Loss | Avg Loss: 3.720
Time elapsed: 3:44:58.397056
Example 1 ---
Original text: the son's room is a triumph of gentility that earns its moments of pathos.
Reconstructed text: 
Original IDs: [101, 1996, 2365, 1005, 1055, 2282, 2003, 1037, 10911, 1997, 8991, 18724, 2008, 7796, 2015, 2049, 5312, 1997, 4130, 2891, 1012, 102]
Predicted IDs: [101, 101, 101, 101, 101, 101, 101, 101, 101, 101, 101, 101, 101, 101, 101, 101, 101, 101, 101, 101, 101, 101]
BLEU Score: 0.0000
Example 2 ---
Original text: it has charm to spare, and unlike many romantic comedies, it does not alienate either gender in the audience.
Reconstructed text: 
Original IDs: [101, 2009, 2038, 11084, 2000, 8622, 1010, 1998, 4406, 2116, 6298, 22092, 1010, 2009, 2515, 2025, 7344, 3686, 2593, 5907, 1999, 1996, 4378, 1012, 102]
Predicted IDs: [101, 101, 101, 101, 101, 101, 101, 101, 101, 101, 101, 101, 101, 101, 101, 101, 101, 101, 101, 101, 101, 101, 101, 101, 101]
BLEU Score: 0.0000
Example 3 ---
Original text: the movie is beautiful to behold and engages one in a sense of epic struggle - - inner and outer - - that's all too rare in hollywood's hastier productions.
Reconstructed text: 
Original IDs: [101, 1996, 3185, 2003, 3376, 2000, 27541, 1998, 24255, 2028, 1999, 1037, 3168, 1997, 8680, 5998, 1011, 1011, 5110, 1998, 6058, 1011, 1011, 2008, 1005, 1055, 2035, 2205, 4678, 1999, 5365, 1005, 1055, 2038, 17579, 5453, 1012, 102]
Predicted IDs: [101, 101, 101, 101, 101, 101, 101, 101, 101, 101, 101, 101, 101, 101, 101, 101, 101, 101, 101, 101, 101, 101, 101, 101, 101, 101, 101, 101, 101, 101, 101, 101, 101, 101, 101, 101, 101, 101]
BLEU Score: 0.0000

 --- Epoch 231
Task: Classification | Acc: 55.53% | Avg Loss: 0.687
Task: Reconstruction | Avg Loss: 6.461 
Mutual Information | Avg Loss: 0.00000
Total Loss | Avg Loss: 3.733
Time elapsed: 3:45:57.435297

 --- Epoch 232
Task: Classification | Acc: 56.00% | Avg Loss: 0.686
Task: Reconstruction | Avg Loss: 6.464 
Mutual Information | Avg Loss: 0.00000
Total Loss | Avg Loss: 3.614
Time elapsed: 3:46:56.220184

 --- Epoch 233
Task: Classification | Acc: 55.97% | Avg Loss: 0.686
Task: Reconstruction | Avg Loss: 6.459 
Mutual Information | Avg Loss: 0.00000
Total Loss | Avg Loss: 3.600
Time elapsed: 3:47:54.935221

 --- Epoch 234
Task: Classification | Acc: 55.80% | Avg Loss: 0.687
Task: Reconstruction | Avg Loss: 6.461 
Mutual Information | Avg Loss: 0.00000
Total Loss | Avg Loss: 3.700
Time elapsed: 3:48:54.034643

 --- Epoch 235
Task: Classification | Acc: 55.80% | Avg Loss: 0.687
Task: Reconstruction | Avg Loss: 6.460 
Mutual Information | Avg Loss: 0.00000
Total Loss | Avg Loss: 3.415
Time elapsed: 3:49:52.358383

 --- Epoch 236
Task: Classification | Acc: 55.70% | Avg Loss: 0.687
Task: Reconstruction | Avg Loss: 6.458 
Mutual Information | Avg Loss: 0.00000
Total Loss | Avg Loss: 3.611
Time elapsed: 3:50:51.269710

 --- Epoch 237
Task: Classification | Acc: 55.91% | Avg Loss: 0.686
Task: Reconstruction | Avg Loss: 6.461 
Mutual Information | Avg Loss: 0.00000
Total Loss | Avg Loss: 3.546
Time elapsed: 3:51:49.668868

 --- Epoch 238
Task: Classification | Acc: 55.77% | Avg Loss: 0.687
Task: Reconstruction | Avg Loss: 6.467 
Mutual Information | Avg Loss: 0.00000
Total Loss | Avg Loss: 3.517
Time elapsed: 3:52:48.306894

 --- Epoch 239
Task: Classification | Acc: 55.68% | Avg Loss: 0.687
Task: Reconstruction | Avg Loss: 6.458 
Mutual Information | Avg Loss: 0.00000
Total Loss | Avg Loss: 3.512
Time elapsed: 3:53:46.979019

 --- Epoch 240
Task: Classification | Acc: 55.49% | Avg Loss: 0.687
Task: Reconstruction | Avg Loss: 6.460 
Mutual Information | Avg Loss: 0.00000
Total Loss | Avg Loss: 3.623
Time elapsed: 3:54:45.710324
Example 1 ---
Original text: a coda in every sense, the pinochet case splits time between a minute - by - minute account of the british court's extradition chess game and the regime's talking - head survivors.
Reconstructed text: 
Original IDs: [101, 1037, 19429, 2050, 1999, 2296, 3168, 1010, 1996, 9231, 23555, 2102, 2553, 19584, 2051, 2090, 1037, 3371, 1011, 2011, 1011, 3371, 4070, 1997, 1996, 2329, 2457, 1005, 1055, 4469, 20562, 7433, 2208, 1998, 1996, 6939, 1005, 1055, 3331, 1011, 2132, 8643, 1012, 102]
Predicted IDs: [101, 101, 101, 101, 101, 101, 101, 101, 101, 101, 101, 101, 101, 101, 101, 101, 101, 101, 101, 101, 101, 101, 101, 101, 101, 101, 101, 101, 101, 101, 101, 101, 101, 101, 101, 101, 101, 101, 101, 101, 101, 101, 101, 101]
BLEU Score: 0.0000
Example 2 ---
Original text: the movie, directed by mick jackson, leaves no cliche unturned, from the predictable plot to the characters straight out of central casting.
Reconstructed text: 
Original IDs: [101, 1996, 3185, 1010, 2856, 2011, 10872, 4027, 1010, 3727, 2053, 18856, 17322, 4895, 22299, 2098, 1010, 2013, 1996, 21425, 5436, 2000, 1996, 3494, 3442, 2041, 1997, 2430, 9179, 1012, 102]
Predicted IDs: [101, 101, 101, 101, 101, 101, 101, 101, 101, 101, 101, 101, 101, 101, 101, 101, 101, 101, 101, 101, 101, 101, 101, 101, 101, 101, 101, 101, 101, 101, 101]
BLEU Score: 0.0000
Example 3 ---
Original text: try as i may, i can't think of a single good reason to see this movie, even though everyone in my group extemporaneously shouted, ` thank you! '
Reconstructed text: 
Original IDs: [101, 3046, 2004, 1045, 2089, 1010, 1045, 6187, 1050, 1005, 1056, 2228, 1997, 1037, 2309, 2204, 3114, 2000, 2156, 2023, 3185, 1010, 2130, 2295, 3071, 1999, 2026, 2177, 4654, 18532, 17822, 17191, 2135, 6626, 1010, 1036, 4067, 2017, 999, 1005, 102]
Predicted IDs: [101, 101, 101, 101, 101, 101, 101, 101, 101, 101, 101, 101, 101, 101, 101, 101, 101, 101, 101, 101, 101, 101, 101, 101, 101, 101, 101, 101, 101, 101, 101, 101, 101, 101, 101, 101, 101, 101, 101, 101, 101]
BLEU Score: 0.0000

 --- Epoch 241
Task: Classification | Acc: 55.97% | Avg Loss: 0.686
Task: Reconstruction | Avg Loss: 6.462 
Mutual Information | Avg Loss: 0.00000
Total Loss | Avg Loss: 3.558
Time elapsed: 3:55:44.662094

 --- Epoch 242
Task: Classification | Acc: 55.58% | Avg Loss: 0.687
Task: Reconstruction | Avg Loss: 6.463 
Mutual Information | Avg Loss: 0.00000
Total Loss | Avg Loss: 3.394
Time elapsed: 3:56:42.938426

 --- Epoch 243
Task: Classification | Acc: 56.01% | Avg Loss: 0.686
Task: Reconstruction | Avg Loss: 6.458 
Mutual Information | Avg Loss: 0.00000
Total Loss | Avg Loss: 3.622
Time elapsed: 3:57:41.882175

 --- Epoch 244
Task: Classification | Acc: 55.77% | Avg Loss: 0.687
Task: Reconstruction | Avg Loss: 6.458 
Mutual Information | Avg Loss: 0.00000
Total Loss | Avg Loss: 3.578
Time elapsed: 3:58:40.605148

 --- Epoch 245
Task: Classification | Acc: 55.85% | Avg Loss: 0.686
Task: Reconstruction | Avg Loss: 6.466 
Mutual Information | Avg Loss: 0.00000
Total Loss | Avg Loss: 3.516
Time elapsed: 3:59:39.217850

 --- Epoch 246
Task: Classification | Acc: 55.54% | Avg Loss: 0.687
Task: Reconstruction | Avg Loss: 6.463 
Mutual Information | Avg Loss: 0.00000
Total Loss | Avg Loss: 3.734
Time elapsed: 4:00:38.262851

 --- Epoch 247
Task: Classification | Acc: 56.00% | Avg Loss: 0.686
Task: Reconstruction | Avg Loss: 6.460 
Mutual Information | Avg Loss: 0.00000
Total Loss | Avg Loss: 3.535
Time elapsed: 4:01:36.748681

 --- Epoch 248
Task: Classification | Acc: 55.96% | Avg Loss: 0.686
Task: Reconstruction | Avg Loss: 6.467 
Mutual Information | Avg Loss: 0.00000
Total Loss | Avg Loss: 3.691
Time elapsed: 4:02:35.902718

 --- Epoch 249
Task: Classification | Acc: 55.56% | Avg Loss: 0.687
Task: Reconstruction | Avg Loss: 6.463 
Mutual Information | Avg Loss: 0.00000
Total Loss | Avg Loss: 3.712
Time elapsed: 4:03:34.927216

 --- Epoch 250
Task: Classification | Acc: 56.39% | Avg Loss: 0.685
Task: Reconstruction | Avg Loss: 6.458 
Mutual Information | Avg Loss: 0.00000
Total Loss | Avg Loss: 3.731
Time elapsed: 4:04:34.165598
Example 1 ---
Original text: a science - fiction pastiche so lacking in originality that if you stripped away its inspirations there would be precious little left.
Reconstructed text: 
Original IDs: [101, 1037, 2671, 1011, 4349, 2627, 17322, 2061, 11158, 1999, 2434, 3012, 2008, 2065, 2017, 10040, 2185, 2049, 7780, 2015, 2045, 2052, 2022, 9062, 2210, 2187, 1012, 102]
Predicted IDs: [101, 101, 101, 101, 101, 101, 101, 101, 101, 101, 101, 101, 101, 101, 101, 101, 101, 101, 101, 101, 101, 101, 101, 101, 101, 101, 101, 101]
BLEU Score: 0.0000
Example 2 ---
Original text: the movie achieves as great an impact by keeping these thoughts hidden as... ( quills ) did by showing them.
Reconstructed text: 
Original IDs: [101, 1996, 3185, 6162, 2015, 2004, 2307, 2019, 4254, 2011, 4363, 2122, 4301, 5023, 2004, 1012, 1012, 1012, 1006, 21864, 12718, 1007, 2106, 2011, 4760, 2068, 1012, 102]
Predicted IDs: [101, 101, 101, 101, 101, 101, 101, 101, 101, 101, 101, 101, 101, 101, 101, 101, 101, 101, 101, 101, 101, 101, 101, 101, 101, 101, 101, 101]
BLEU Score: 0.0000
Example 3 ---
Original text: schaeffer has to find some hook on which to hang his persistently useless movies, and it might as well be the resuscitation of the middle - aged character.
Reconstructed text: 
Original IDs: [101, 8040, 25293, 12494, 2038, 2000, 2424, 2070, 8103, 2006, 2029, 2000, 6865, 2010, 14516, 2135, 11809, 5691, 1010, 1998, 2009, 2453, 2004, 2092, 2022, 1996, 24501, 2271, 26243, 3370, 1997, 1996, 2690, 1011, 4793, 2839, 1012, 102]
Predicted IDs: [101, 101, 101, 101, 101, 101, 101, 101, 101, 101, 101, 101, 101, 101, 101, 101, 101, 101, 101, 101, 101, 101, 101, 101, 101, 101, 101, 101, 101, 101, 101, 101, 101, 101, 101, 101, 101, 101]
BLEU Score: 0.0000

--- Final Test BLEU Score ---
Avg BLEU Score: 0.0000
Training lasted 4:04:35.729498
