nohup: ignoring input
Training started at 2025-06-16 04:36:53
Training detail: learning rate: 2e-4, weight decay: 5e-3, total epochs: 250, batch size: 128, seed: 2231
Starting training...

 --- Epoch 1
Task: Classification | Acc: 73.02% | Avg Loss: 0.526
Task: Reconstruction | Avg Loss: 6.486 
Mutual Information | Avg Loss: -0.00001
Total Loss | Avg Loss: 3.738
Time elapsed: 0:00:58.611993

 --- Epoch 2
Task: Classification | Acc: 85.11% | Avg Loss: 0.351
Task: Reconstruction | Avg Loss: 5.756 
Mutual Information | Avg Loss: -0.00016
Total Loss | Avg Loss: 3.036
Time elapsed: 0:01:56.495750

 --- Epoch 3
Task: Classification | Acc: 86.04% | Avg Loss: 0.326
Task: Reconstruction | Avg Loss: 5.585 
Mutual Information | Avg Loss: -0.00071
Total Loss | Avg Loss: 2.794
Time elapsed: 0:02:53.761178

 --- Epoch 4
Task: Classification | Acc: 86.79% | Avg Loss: 0.313
Task: Reconstruction | Avg Loss: 5.434 
Mutual Information | Avg Loss: -0.00160
Total Loss | Avg Loss: 2.911
Time elapsed: 0:03:51.730244

 --- Epoch 5
Task: Classification | Acc: 87.59% | Avg Loss: 0.296
Task: Reconstruction | Avg Loss: 5.225 
Mutual Information | Avg Loss: -0.00257
Total Loss | Avg Loss: 2.562
Time elapsed: 0:04:49.096029

 --- Epoch 6
Task: Classification | Acc: 88.01% | Avg Loss: 0.284
Task: Reconstruction | Avg Loss: 5.041 
Mutual Information | Avg Loss: -0.00345
Total Loss | Avg Loss: 2.380
Time elapsed: 0:05:46.246539

 --- Epoch 7
Task: Classification | Acc: 88.61% | Avg Loss: 0.275
Task: Reconstruction | Avg Loss: 4.917 
Mutual Information | Avg Loss: -0.00398
Total Loss | Avg Loss: 2.490
Time elapsed: 0:06:43.735872

 --- Epoch 8
Task: Classification | Acc: 89.64% | Avg Loss: 0.254
Task: Reconstruction | Avg Loss: 4.824 
Mutual Information | Avg Loss: -0.00431
Total Loss | Avg Loss: 2.518
Time elapsed: 0:07:41.728012

 --- Epoch 9
Task: Classification | Acc: 89.88% | Avg Loss: 0.248
Task: Reconstruction | Avg Loss: 4.733 
Mutual Information | Avg Loss: -0.00452
Total Loss | Avg Loss: 2.475
Time elapsed: 0:08:39.708667

 --- Epoch 10
Task: Classification | Acc: 90.43% | Avg Loss: 0.238
Task: Reconstruction | Avg Loss: 4.677 
Mutual Information | Avg Loss: -0.00466
Total Loss | Avg Loss: 2.272
Time elapsed: 0:09:37.027558
Example 1 ---
Original text: at once half - baked and overheated.
Reconstructed text: is have on the movie, unlessy..
Original IDs: [101, 2012, 2320, 2431, 1011, 17776, 1998, 2058, 20192, 3064, 1012, 102]
Predicted IDs: [101, 2003, 2031, 2006, 1996, 3185, 1010, 4895, 3238, 2100, 1012, 1012]
BLEU Score: 0.0000
Example 2 ---
Original text: the story and the friendship proceeds in such a way that you're watching a soap opera rather than a chronicle of the ups and downs that accompany lifelong friendships.
Reconstructed text: the film is a film, is a the - of it's funny and s - film,,, of the best of the ` ` ` `.
Original IDs: [101, 1996, 2466, 1998, 1996, 6860, 10951, 1999, 2107, 1037, 2126, 2008, 2017, 1005, 2128, 3666, 1037, 7815, 3850, 2738, 2084, 1037, 9519, 1997, 1996, 11139, 1998, 12482, 2008, 12673, 13506, 28956, 1012, 102]
Predicted IDs: [101, 1996, 2143, 2003, 1037, 2143, 1010, 2003, 1037, 1996, 1011, 1997, 2009, 1005, 1055, 6057, 1998, 1055, 1011, 2143, 1010, 1010, 1010, 1997, 1996, 2190, 1997, 1996, 1036, 1036, 1036, 1036, 1012, 102]
BLEU Score: 0.2581
Example 3 ---
Original text: for movie lovers as well as opera lovers, tosca is a real treat.
Reconstructed text: of noly is it is of funny, s funny, ` the funny, and
Original IDs: [101, 2005, 3185, 10205, 2004, 2092, 2004, 3850, 10205, 1010, 2000, 15782, 2003, 1037, 2613, 7438, 1012, 102]
Predicted IDs: [101, 1997, 2053, 2135, 2003, 2009, 2003, 1997, 6057, 1010, 1055, 6057, 1010, 1036, 1996, 6057, 1010, 1998]
BLEU Score: 0.1250

 --- Epoch 11
Task: Classification | Acc: 91.02% | Avg Loss: 0.226
Task: Reconstruction | Avg Loss: 4.625 
Mutual Information | Avg Loss: -0.00466
Total Loss | Avg Loss: 2.425
Time elapsed: 0:10:35.073438

 --- Epoch 12
Task: Classification | Acc: 91.31% | Avg Loss: 0.219
Task: Reconstruction | Avg Loss: 4.564 
Mutual Information | Avg Loss: -0.00472
Total Loss | Avg Loss: 2.406
Time elapsed: 0:11:33.043185

 --- Epoch 13
Task: Classification | Acc: 91.64% | Avg Loss: 0.212
Task: Reconstruction | Avg Loss: 4.519 
Mutual Information | Avg Loss: -0.00470
Total Loss | Avg Loss: 2.380
Time elapsed: 0:12:31.082258

 --- Epoch 14
Task: Classification | Acc: 92.20% | Avg Loss: 0.200
Task: Reconstruction | Avg Loss: 4.488 
Mutual Information | Avg Loss: -0.00475
Total Loss | Avg Loss: 2.407
Time elapsed: 0:13:29.201302

 --- Epoch 15
Task: Classification | Acc: 92.67% | Avg Loss: 0.189
Task: Reconstruction | Avg Loss: 4.444 
Mutual Information | Avg Loss: -0.00469
Total Loss | Avg Loss: 2.120
Time elapsed: 0:14:26.457571

 --- Epoch 16
Task: Classification | Acc: 92.88% | Avg Loss: 0.186
Task: Reconstruction | Avg Loss: 4.404 
Mutual Information | Avg Loss: -0.00462
Total Loss | Avg Loss: 2.117
Time elapsed: 0:15:23.660832

 --- Epoch 17
Task: Classification | Acc: 92.88% | Avg Loss: 0.185
Task: Reconstruction | Avg Loss: 4.377 
Mutual Information | Avg Loss: -0.00458
Total Loss | Avg Loss: 2.287
Time elapsed: 0:16:21.661162

 --- Epoch 18
Task: Classification | Acc: 93.40% | Avg Loss: 0.172
Task: Reconstruction | Avg Loss: 4.342 
Mutual Information | Avg Loss: -0.00455
Total Loss | Avg Loss: 2.200
Time elapsed: 0:17:19.422194

 --- Epoch 19
Task: Classification | Acc: 93.66% | Avg Loss: 0.170
Task: Reconstruction | Avg Loss: 4.314 
Mutual Information | Avg Loss: -0.00459
Total Loss | Avg Loss: 2.090
Time elapsed: 0:18:16.463899

 --- Epoch 20
Task: Classification | Acc: 93.79% | Avg Loss: 0.164
Task: Reconstruction | Avg Loss: 4.287 
Mutual Information | Avg Loss: -0.00450
Total Loss | Avg Loss: 2.247
Time elapsed: 0:19:14.393732
Example 1 ---
Original text: even if you don't think ( kissinger's ) any more guilty of criminal activity than most contemporary statesmen, he'd sure make a courtroom trial great fun to watch.
Reconstructed text: i that you isn't seen, a i, to if it and you of bady, s a bad - old that, but to in the - - - time to care.
Original IDs: [101, 2130, 2065, 2017, 2079, 1050, 1005, 1056, 2228, 1006, 7618, 2121, 1005, 1055, 1007, 2151, 2062, 5905, 1997, 4735, 4023, 2084, 2087, 3824, 2163, 3549, 1010, 2002, 1005, 1040, 2469, 2191, 1037, 20747, 3979, 2307, 4569, 2000, 3422, 1012, 102]
Predicted IDs: [101, 1045, 2008, 2017, 2003, 1050, 1005, 1056, 2464, 1010, 1037, 1045, 1010, 2000, 2065, 2009, 1998, 2017, 1997, 2919, 2100, 1010, 1055, 1037, 2919, 1011, 2214, 2008, 1010, 2021, 2000, 1999, 1996, 1011, 1011, 1011, 2051, 2000, 2729, 1012, 102]
BLEU Score: 0.2222
Example 2 ---
Original text: reggio's continual visual barrage is absorbing as well as thought - provoking.
Reconstructed text: ( it's a of,, self, funny and self - proy..
Original IDs: [101, 19723, 11411, 1005, 1055, 27222, 5107, 19359, 2003, 20998, 2004, 2092, 2004, 2245, 1011, 4013, 22776, 1012, 102]
Predicted IDs: [101, 1006, 2009, 1005, 1055, 1037, 1997, 1010, 1010, 2969, 1010, 6057, 1998, 2969, 1011, 4013, 2100, 1012, 1012]
BLEU Score: 0.1333
Example 3 ---
Original text: outer - space buffs might love this film, but others will find its pleasures intermittent.
Reconstructed text: if the most ofs to of a movie, but'to be the bad minutes.
Original IDs: [101, 6058, 1011, 2686, 23176, 2015, 2453, 2293, 2023, 2143, 1010, 2021, 2500, 2097, 2424, 2049, 26552, 23852, 1012, 102]
Predicted IDs: [101, 2065, 1996, 2087, 1997, 2015, 2000, 1997, 1037, 3185, 1010, 2021, 1005, 2000, 2022, 1996, 2919, 2781, 1012, 102]
BLEU Score: 0.1167

 --- Epoch 21
Task: Classification | Acc: 94.00% | Avg Loss: 0.159
Task: Reconstruction | Avg Loss: 4.257 
Mutual Information | Avg Loss: -0.00445
Total Loss | Avg Loss: 2.027
Time elapsed: 0:20:11.936680

 --- Epoch 22
Task: Classification | Acc: 94.34% | Avg Loss: 0.152
Task: Reconstruction | Avg Loss: 4.233 
Mutual Information | Avg Loss: -0.00441
Total Loss | Avg Loss: 2.013
Time elapsed: 0:21:09.205962

 --- Epoch 23
Task: Classification | Acc: 94.47% | Avg Loss: 0.149
Task: Reconstruction | Avg Loss: 4.218 
Mutual Information | Avg Loss: -0.00433
Total Loss | Avg Loss: 2.074
Time elapsed: 0:22:06.648203

 --- Epoch 24
Task: Classification | Acc: 94.43% | Avg Loss: 0.147
Task: Reconstruction | Avg Loss: 4.188 
Mutual Information | Avg Loss: -0.00432
Total Loss | Avg Loss: 1.975
Time elapsed: 0:23:03.899688

 --- Epoch 25
Task: Classification | Acc: 94.70% | Avg Loss: 0.146
Task: Reconstruction | Avg Loss: 4.161 
Mutual Information | Avg Loss: -0.00442
Total Loss | Avg Loss: 2.167
Time elapsed: 0:24:01.746107

 --- Epoch 26
Task: Classification | Acc: 94.76% | Avg Loss: 0.142
Task: Reconstruction | Avg Loss: 4.118 
Mutual Information | Avg Loss: -0.00435
Total Loss | Avg Loss: 1.992
Time elapsed: 0:24:59.099245

 --- Epoch 27
Task: Classification | Acc: 94.98% | Avg Loss: 0.136
Task: Reconstruction | Avg Loss: 4.087 
Mutual Information | Avg Loss: -0.00444
Total Loss | Avg Loss: 2.101
Time elapsed: 0:25:57.018439

 --- Epoch 28
Task: Classification | Acc: 94.89% | Avg Loss: 0.135
Task: Reconstruction | Avg Loss: 4.061 
Mutual Information | Avg Loss: -0.00424
Total Loss | Avg Loss: 1.992
Time elapsed: 0:26:54.544252

 --- Epoch 29
Task: Classification | Acc: 95.30% | Avg Loss: 0.126
Task: Reconstruction | Avg Loss: 4.038 
Mutual Information | Avg Loss: -0.00418
Total Loss | Avg Loss: 1.932
Time elapsed: 0:27:52.175311

 --- Epoch 30
Task: Classification | Acc: 95.10% | Avg Loss: 0.128
Task: Reconstruction | Avg Loss: 4.015 
Mutual Information | Avg Loss: -0.00415
Total Loss | Avg Loss: 2.115
Time elapsed: 0:28:50.262379
Example 1 ---
Original text: a coda in every sense, the pinochet case splits time between a minute - by - minute account of the british court's extradition chess game and the regime's talking - head survivors.
Reconstructed text: the film'of a the - - of is a, a dull and the film, of the worst version of the young.'s thecc ands in the way to to the the movie..
Original IDs: [101, 1037, 19429, 2050, 1999, 2296, 3168, 1010, 1996, 9231, 23555, 2102, 2553, 19584, 2051, 2090, 1037, 3371, 1011, 2011, 1011, 3371, 4070, 1997, 1996, 2329, 2457, 1005, 1055, 4469, 20562, 7433, 2208, 1998, 1996, 6939, 1005, 1055, 3331, 1011, 2132, 8643, 1012, 102]
Predicted IDs: [101, 1996, 2143, 1005, 1997, 1037, 1996, 1011, 1011, 1997, 2003, 1037, 1010, 1037, 10634, 1998, 1996, 2143, 1010, 1997, 1996, 5409, 2544, 1997, 1996, 2402, 1012, 1005, 1055, 1996, 9468, 1998, 2015, 1999, 1996, 2126, 2000, 2000, 1996, 1996, 3185, 1012, 1012, 102]
BLEU Score: 0.3611
Example 2 ---
Original text: a strangely compelling and brilliantly acted psychological drama.
Reconstructed text: beautifully, and entertainingly funny,..
Original IDs: [101, 1037, 13939, 17075, 1998, 8235, 2135, 6051, 8317, 3689, 1012, 102]
Predicted IDs: [102, 102, 17950, 1010, 1998, 14036, 2135, 6057, 1010, 1012, 1012, 102]
BLEU Score: 0.1074
Example 3 ---
Original text: because of an unnecessary and clumsy last scene, ` swimfan'left me with a very bad feeling.
Reconstructed text: to to the ` of the,, `y n'' to expect in a ` gooder'and
Original IDs: [101, 2138, 1997, 2019, 14203, 1998, 22902, 2197, 3496, 1010, 1036, 9880, 15143, 1005, 2187, 2033, 2007, 1037, 2200, 2919, 3110, 1012, 102]
Predicted IDs: [101, 2000, 2000, 1996, 1036, 1997, 1996, 1010, 1010, 1036, 2100, 1050, 1005, 1005, 2000, 5987, 1999, 1037, 1036, 2204, 2121, 1005, 1998]
BLEU Score: 0.2222

 --- Epoch 31
Task: Classification | Acc: 95.31% | Avg Loss: 0.123
Task: Reconstruction | Avg Loss: 3.993 
Mutual Information | Avg Loss: -0.00433
Total Loss | Avg Loss: 2.048
Time elapsed: 0:29:48.150563

 --- Epoch 32
Task: Classification | Acc: 95.49% | Avg Loss: 0.123
Task: Reconstruction | Avg Loss: 3.964 
Mutual Information | Avg Loss: -0.00424
Total Loss | Avg Loss: 2.056
Time elapsed: 0:30:46.130656

 --- Epoch 33
Task: Classification | Acc: 95.64% | Avg Loss: 0.118
Task: Reconstruction | Avg Loss: 3.934 
Mutual Information | Avg Loss: -0.00418
Total Loss | Avg Loss: 1.988
Time elapsed: 0:31:43.875514

 --- Epoch 34
Task: Classification | Acc: 95.62% | Avg Loss: 0.116
Task: Reconstruction | Avg Loss: 3.913 
Mutual Information | Avg Loss: -0.00402
Total Loss | Avg Loss: 1.913
Time elapsed: 0:32:41.446950

 --- Epoch 35
Task: Classification | Acc: 95.72% | Avg Loss: 0.116
Task: Reconstruction | Avg Loss: 3.899 
Mutual Information | Avg Loss: -0.00414
Total Loss | Avg Loss: 2.005
Time elapsed: 0:33:39.436380

 --- Epoch 36
Task: Classification | Acc: 95.73% | Avg Loss: 0.114
Task: Reconstruction | Avg Loss: 3.874 
Mutual Information | Avg Loss: -0.00402
Total Loss | Avg Loss: 1.865
Time elapsed: 0:34:37.030396

 --- Epoch 37
Task: Classification | Acc: 95.97% | Avg Loss: 0.111
Task: Reconstruction | Avg Loss: 3.865 
Mutual Information | Avg Loss: -0.00426
Total Loss | Avg Loss: 1.949
Time elapsed: 0:35:34.694565

 --- Epoch 38
Task: Classification | Acc: 95.83% | Avg Loss: 0.113
Task: Reconstruction | Avg Loss: 3.837 
Mutual Information | Avg Loss: -0.00417
Total Loss | Avg Loss: 1.993
Time elapsed: 0:36:32.583827

 --- Epoch 39
Task: Classification | Acc: 96.14% | Avg Loss: 0.107
Task: Reconstruction | Avg Loss: 3.817 
Mutual Information | Avg Loss: -0.00409
Total Loss | Avg Loss: 1.939
Time elapsed: 0:37:30.498043

 --- Epoch 40
Task: Classification | Acc: 96.16% | Avg Loss: 0.103
Task: Reconstruction | Avg Loss: 3.790 
Mutual Information | Avg Loss: -0.00416
Total Loss | Avg Loss: 1.853
Time elapsed: 0:38:27.849581
Example 1 ---
Original text: k - 19 exploits our substantial collective fear of nuclear holocaust to generate cheap hollywood tension.
Reconstructed text: a -, into - old - exercise with the use of a mel clism, s
Original IDs: [101, 1047, 1011, 2539, 20397, 2256, 6937, 7268, 3571, 1997, 4517, 11513, 2000, 9699, 10036, 5365, 6980, 1012, 102]
Predicted IDs: [101, 1037, 1011, 1010, 2046, 1011, 2214, 1011, 6912, 2007, 1996, 2224, 1997, 1037, 11463, 18856, 2964, 1010, 1055]
BLEU Score: 0.1176
Example 2 ---
Original text: but what are adults doing in the theater at all?
Reconstructed text: , you as you to see the theater in a,,
Original IDs: [101, 2021, 2054, 2024, 6001, 2725, 1999, 1996, 4258, 2012, 2035, 1029, 102]
Predicted IDs: [101, 1010, 2017, 2004, 2017, 2000, 2156, 1996, 4258, 1999, 1037, 1010, 1010]
BLEU Score: 0.2500
Example 3 ---
Original text: davis... is so enamored of her own creation that she can't see how insufferable the character is.
Reconstructed text: .... a the uncoming of - -, that it doesn't really, so soima what - to and as
Original IDs: [101, 4482, 1012, 1012, 1012, 2003, 2061, 4372, 22591, 5596, 1997, 2014, 2219, 4325, 2008, 2016, 6187, 1050, 1005, 1056, 2156, 2129, 16021, 16093, 27709, 3468, 1996, 2839, 2003, 1012, 102]
Predicted IDs: [101, 1012, 1012, 1012, 1012, 1037, 1996, 4895, 9006, 2075, 1997, 1011, 1011, 1010, 2008, 2009, 2515, 1050, 1005, 1056, 2428, 1010, 2061, 2061, 9581, 2054, 1011, 2000, 1998, 102, 2004]
BLEU Score: 0.2381

 --- Epoch 41
Task: Classification | Acc: 96.23% | Avg Loss: 0.102
Task: Reconstruction | Avg Loss: 3.779 
Mutual Information | Avg Loss: -0.00407
Total Loss | Avg Loss: 1.994
Time elapsed: 0:39:25.916890

 --- Epoch 42
Task: Classification | Acc: 96.24% | Avg Loss: 0.100
Task: Reconstruction | Avg Loss: 3.751 
Mutual Information | Avg Loss: -0.00412
Total Loss | Avg Loss: 1.908
Time elapsed: 0:40:23.731065

 --- Epoch 43
Task: Classification | Acc: 96.30% | Avg Loss: 0.099
Task: Reconstruction | Avg Loss: 3.739 
Mutual Information | Avg Loss: -0.00411
Total Loss | Avg Loss: 1.853
Time elapsed: 0:41:21.360977

 --- Epoch 44
Task: Classification | Acc: 96.46% | Avg Loss: 0.098
Task: Reconstruction | Avg Loss: 3.711 
Mutual Information | Avg Loss: -0.00390
Total Loss | Avg Loss: 1.794
Time elapsed: 0:42:18.776671

 --- Epoch 45
Task: Classification | Acc: 96.39% | Avg Loss: 0.096
Task: Reconstruction | Avg Loss: 3.696 
Mutual Information | Avg Loss: -0.00386
Total Loss | Avg Loss: 1.806
Time elapsed: 0:43:16.283754

 --- Epoch 46
Task: Classification | Acc: 96.65% | Avg Loss: 0.091
Task: Reconstruction | Avg Loss: 3.670 
Mutual Information | Avg Loss: -0.00380
Total Loss | Avg Loss: 1.704
Time elapsed: 0:44:13.516657

 --- Epoch 47
Task: Classification | Acc: 96.62% | Avg Loss: 0.094
Task: Reconstruction | Avg Loss: 3.651 
Mutual Information | Avg Loss: -0.00393
Total Loss | Avg Loss: 1.857
Time elapsed: 0:45:11.480485

 --- Epoch 48
Task: Classification | Acc: 96.51% | Avg Loss: 0.094
Task: Reconstruction | Avg Loss: 3.643 
Mutual Information | Avg Loss: -0.00394
Total Loss | Avg Loss: 1.907
Time elapsed: 0:46:09.645472

 --- Epoch 49
Task: Classification | Acc: 96.75% | Avg Loss: 0.085
Task: Reconstruction | Avg Loss: 3.622 
Mutual Information | Avg Loss: -0.00393
Total Loss | Avg Loss: 1.918
Time elapsed: 0:47:07.704222

 --- Epoch 50
Task: Classification | Acc: 96.70% | Avg Loss: 0.088
Task: Reconstruction | Avg Loss: 3.592 
Mutual Information | Avg Loss: -0.00386
Total Loss | Avg Loss: 1.751
Time elapsed: 0:48:05.156415
Example 1 ---
Original text: the movie does a good job of laying out some of the major issues that we encounter as we journey through life.
Reconstructed text: a to with a rare ability to sneak in one of the own of, it 'ing the life of it
Original IDs: [101, 1996, 3185, 2515, 1037, 2204, 3105, 1997, 10201, 2041, 2070, 1997, 1996, 2350, 3314, 2008, 2057, 8087, 2004, 2057, 4990, 2083, 2166, 1012, 102]
Predicted IDs: [101, 1037, 2000, 2007, 1037, 4678, 3754, 2000, 13583, 1999, 2028, 1997, 1996, 2219, 1997, 1010, 2009, 1005, 2075, 1996, 2166, 1997, 2009, 102, 102]
BLEU Score: 0.2598
Example 2 ---
Original text: a warm but realistic meditation on friendship, family and affection.
Reconstructed text: a powerful and qui meditation of love, love and intelligence, and
Original IDs: [101, 1037, 4010, 2021, 12689, 13804, 2006, 6860, 1010, 2155, 1998, 12242, 1012, 102]
Predicted IDs: [101, 1037, 3928, 1998, 21864, 13804, 1997, 2293, 1010, 2293, 1998, 4454, 1010, 1998]
BLEU Score: 0.3077
Example 3 ---
Original text: falls neatly into the category of good stupid fun.
Reconstructed text: is fun as the worst of fun trip entertainment
Original IDs: [101, 4212, 15981, 2046, 1996, 4696, 1997, 2204, 5236, 4569, 1012, 102]
Predicted IDs: [101, 2003, 4569, 2004, 1996, 5409, 1997, 4569, 4440, 4024, 102, 102]
BLEU Score: 0.2983

 --- Epoch 51
Task: Classification | Acc: 96.76% | Avg Loss: 0.088
Task: Reconstruction | Avg Loss: 3.583 
Mutual Information | Avg Loss: -0.00396
Total Loss | Avg Loss: 1.759
Time elapsed: 0:49:02.909037

 --- Epoch 52
Task: Classification | Acc: 96.96% | Avg Loss: 0.082
Task: Reconstruction | Avg Loss: 3.577 
Mutual Information | Avg Loss: -0.00394
Total Loss | Avg Loss: 1.734
Time elapsed: 0:50:00.427714

 --- Epoch 53
Task: Classification | Acc: 96.84% | Avg Loss: 0.086
Task: Reconstruction | Avg Loss: 3.550 
Mutual Information | Avg Loss: -0.00390
Total Loss | Avg Loss: 1.762
Time elapsed: 0:50:58.173930

 --- Epoch 54
Task: Classification | Acc: 96.72% | Avg Loss: 0.089
Task: Reconstruction | Avg Loss: 3.526 
Mutual Information | Avg Loss: -0.00404
Total Loss | Avg Loss: 1.784
Time elapsed: 0:51:55.839991

 --- Epoch 55
Task: Classification | Acc: 96.92% | Avg Loss: 0.083
Task: Reconstruction | Avg Loss: 3.527 
Mutual Information | Avg Loss: -0.00381
Total Loss | Avg Loss: 1.685
Time elapsed: 0:52:53.107626

 --- Epoch 56
Task: Classification | Acc: 96.98% | Avg Loss: 0.082
Task: Reconstruction | Avg Loss: 3.507 
Mutual Information | Avg Loss: -0.00384
Total Loss | Avg Loss: 1.850
Time elapsed: 0:53:51.178876

 --- Epoch 57
Task: Classification | Acc: 97.11% | Avg Loss: 0.078
Task: Reconstruction | Avg Loss: 3.492 
Mutual Information | Avg Loss: -0.00384
Total Loss | Avg Loss: 1.737
Time elapsed: 0:54:48.886493

 --- Epoch 58
Task: Classification | Acc: 97.14% | Avg Loss: 0.078
Task: Reconstruction | Avg Loss: 3.465 
Mutual Information | Avg Loss: -0.00372
Total Loss | Avg Loss: 1.699
Time elapsed: 0:55:46.592162

 --- Epoch 59
Task: Classification | Acc: 97.19% | Avg Loss: 0.081
Task: Reconstruction | Avg Loss: 3.457 
Mutual Information | Avg Loss: -0.00380
Total Loss | Avg Loss: 1.760
Time elapsed: 0:56:44.478294

 --- Epoch 60
Task: Classification | Acc: 97.25% | Avg Loss: 0.073
Task: Reconstruction | Avg Loss: 3.442 
Mutual Information | Avg Loss: -0.00374
Total Loss | Avg Loss: 1.813
Time elapsed: 0:57:42.580755
Example 1 ---
Original text: a smart, witty follow - up.
Reconstructed text: a fascinating, satisfying coming - made
Original IDs: [101, 1037, 6047, 1010, 25591, 3582, 1011, 2039, 1012, 102]
Predicted IDs: [102, 1037, 17160, 1010, 17087, 2746, 1011, 2081, 102, 102]
BLEU Score: 0.3715
Example 2 ---
Original text: binoche makes it interesting trying to find out.
Reconstructed text: thes in the filmmakers trying to come up and,
Original IDs: [101, 8026, 23555, 3084, 2009, 5875, 2667, 2000, 2424, 2041, 1012, 102]
Predicted IDs: [101, 1996, 2015, 1999, 1996, 16587, 2667, 2000, 2272, 2039, 1998, 1010]
BLEU Score: 0.2000
Example 3 ---
Original text: verbinski implements every hack - artist trick to give us the ooky - spookies.
Reconstructed text: iss to theed the that only to be a the clichee grotesque sgos
Original IDs: [101, 12034, 19880, 22164, 2296, 20578, 1011, 3063, 7577, 2000, 2507, 2149, 1996, 1051, 6559, 2100, 1011, 11867, 14659, 3111, 1012, 102]
Predicted IDs: [101, 2003, 2015, 2000, 1996, 2098, 1996, 2008, 2069, 2000, 2022, 1037, 1996, 18856, 17322, 2063, 27707, 1055, 3995, 2015, 102, 102]
BLEU Score: 0.1319

 --- Epoch 61
Task: Classification | Acc: 97.11% | Avg Loss: 0.079
Task: Reconstruction | Avg Loss: 3.431 
Mutual Information | Avg Loss: -0.00369
Total Loss | Avg Loss: 1.657
Time elapsed: 0:58:40.147897

 --- Epoch 62
Task: Classification | Acc: 97.31% | Avg Loss: 0.076
Task: Reconstruction | Avg Loss: 3.403 
Mutual Information | Avg Loss: -0.00363
Total Loss | Avg Loss: 1.605
Time elapsed: 0:59:37.584255

 --- Epoch 63
Task: Classification | Acc: 97.16% | Avg Loss: 0.078
Task: Reconstruction | Avg Loss: 3.401 
Mutual Information | Avg Loss: -0.00373
Total Loss | Avg Loss: 1.680
Time elapsed: 1:00:35.147399

 --- Epoch 64
Task: Classification | Acc: 97.16% | Avg Loss: 0.076
Task: Reconstruction | Avg Loss: 3.380 
Mutual Information | Avg Loss: -0.00374
Total Loss | Avg Loss: 1.668
Time elapsed: 1:01:32.966377

 --- Epoch 65
Task: Classification | Acc: 97.42% | Avg Loss: 0.072
Task: Reconstruction | Avg Loss: 3.360 
Mutual Information | Avg Loss: -0.00385
Total Loss | Avg Loss: 1.768
Time elapsed: 1:02:31.053400

 --- Epoch 66
Task: Classification | Acc: 97.35% | Avg Loss: 0.071
Task: Reconstruction | Avg Loss: 3.356 
Mutual Information | Avg Loss: -0.00374
Total Loss | Avg Loss: 1.673
Time elapsed: 1:03:28.891404

 --- Epoch 67
Task: Classification | Acc: 97.48% | Avg Loss: 0.071
Task: Reconstruction | Avg Loss: 3.328 
Mutual Information | Avg Loss: -0.00373
Total Loss | Avg Loss: 1.653
Time elapsed: 1:04:26.579594

 --- Epoch 68
Task: Classification | Acc: 97.50% | Avg Loss: 0.069
Task: Reconstruction | Avg Loss: 3.318 
Mutual Information | Avg Loss: -0.00371
Total Loss | Avg Loss: 1.635
Time elapsed: 1:05:23.863411

 --- Epoch 69
Task: Classification | Acc: 97.47% | Avg Loss: 0.070
Task: Reconstruction | Avg Loss: 3.298 
Mutual Information | Avg Loss: -0.00380
Total Loss | Avg Loss: 1.631
Time elapsed: 1:06:21.487180

 --- Epoch 70
Task: Classification | Acc: 97.54% | Avg Loss: 0.068
Task: Reconstruction | Avg Loss: 3.297 
Mutual Information | Avg Loss: -0.00365
Total Loss | Avg Loss: 1.551
Time elapsed: 1:07:18.762104
Example 1 ---
Original text: while undisputed isn't exactly a high, it is a gripping, tidy little movie that takes mr. hill higher than he's been in a while.
Reconstructed text: a - of that is n, t and a fabulous, the insane,, and some solid performances and the film s that it's made in a..
Original IDs: [101, 2096, 6151, 2483, 29462, 2003, 1050, 1005, 1056, 3599, 1037, 2152, 1010, 2009, 2003, 1037, 13940, 1010, 29369, 2210, 3185, 2008, 3138, 2720, 1012, 2940, 3020, 2084, 2002, 1005, 1055, 2042, 1999, 1037, 2096, 1012, 102]
Predicted IDs: [101, 1037, 1011, 1997, 2008, 2003, 1050, 1010, 1056, 1998, 1037, 18783, 1010, 1996, 9577, 1010, 1010, 1998, 2070, 5024, 4616, 102, 1998, 1996, 2143, 102, 1055, 2008, 2009, 1005, 1055, 2081, 1999, 1037, 1012, 1012, 102]
BLEU Score: 0.3226
Example 2 ---
Original text: this is wild surreal stuff, but brilliant and the camera just kind of sits there and lets you look at this and its like you're going from one room to the next and none of them have any relation to the other.
Reconstructed text: it a s a, the the to in the,, in the to, hurry, and more of the know, if it's seen and a idea of the chest, and in the ofive sense of the own.
Original IDs: [101, 2023, 2003, 3748, 16524, 4933, 1010, 2021, 8235, 1998, 1996, 4950, 2074, 2785, 1997, 7719, 2045, 1998, 11082, 2017, 2298, 2012, 2023, 1998, 2049, 2066, 2017, 1005, 2128, 2183, 2013, 2028, 2282, 2000, 1996, 2279, 1998, 3904, 1997, 2068, 2031, 2151, 7189, 2000, 1996, 2060, 1012, 102]
Predicted IDs: [101, 2009, 1037, 1055, 1037, 1010, 1996, 1996, 2000, 1999, 1996, 1010, 1010, 1999, 1996, 2000, 1010, 9241, 1010, 1998, 2062, 1997, 1996, 2113, 1010, 2065, 2009, 1005, 1055, 2464, 1998, 1037, 2801, 1997, 1996, 3108, 1010, 1998, 1999, 1996, 1997, 3512, 3168, 1997, 1996, 2219, 1012, 102]
BLEU Score: 0.2666
Example 3 ---
Original text: an intriguing cinematic omnibus and round - robin that occasionally is more interesting in concept than in execution.
Reconstructed text: a a -d - of - - film, and the original is certainly out to control.
Original IDs: [101, 2019, 23824, 21014, 27284, 1998, 2461, 1011, 5863, 2008, 5681, 2003, 2062, 5875, 1999, 4145, 2084, 1999, 7781, 1012, 102]
Predicted IDs: [101, 1037, 1037, 1011, 2094, 1011, 1997, 1011, 1011, 2143, 1010, 1998, 1996, 2434, 2003, 5121, 2041, 2000, 2491, 1012, 102]
BLEU Score: 0.2102

 --- Epoch 71
Task: Classification | Acc: 97.38% | Avg Loss: 0.070
Task: Reconstruction | Avg Loss: 3.290 
Mutual Information | Avg Loss: -0.00371
Total Loss | Avg Loss: 1.670
Time elapsed: 1:08:16.670946

 --- Epoch 72
Task: Classification | Acc: 97.51% | Avg Loss: 0.067
Task: Reconstruction | Avg Loss: 3.277 
Mutual Information | Avg Loss: -0.00380
Total Loss | Avg Loss: 1.741
Time elapsed: 1:09:14.855728

 --- Epoch 73
Task: Classification | Acc: 97.53% | Avg Loss: 0.069
Task: Reconstruction | Avg Loss: 3.256 
Mutual Information | Avg Loss: -0.00354
Total Loss | Avg Loss: 1.606
Time elapsed: 1:10:12.626651

 --- Epoch 74
Task: Classification | Acc: 97.67% | Avg Loss: 0.066
Task: Reconstruction | Avg Loss: 3.241 
Mutual Information | Avg Loss: -0.00364
Total Loss | Avg Loss: 1.560
Time elapsed: 1:11:09.986386

 --- Epoch 75
Task: Classification | Acc: 97.80% | Avg Loss: 0.061
Task: Reconstruction | Avg Loss: 3.228 
Mutual Information | Avg Loss: -0.00356
Total Loss | Avg Loss: 1.419
Time elapsed: 1:12:06.877953

 --- Epoch 76
Task: Classification | Acc: 97.66% | Avg Loss: 0.065
Task: Reconstruction | Avg Loss: 3.225 
Mutual Information | Avg Loss: -0.00367
Total Loss | Avg Loss: 1.617
Time elapsed: 1:13:04.743235

 --- Epoch 77
Task: Classification | Acc: 97.59% | Avg Loss: 0.067
Task: Reconstruction | Avg Loss: 3.218 
Mutual Information | Avg Loss: -0.00367
Total Loss | Avg Loss: 1.585
Time elapsed: 1:14:02.452198

 --- Epoch 78
Task: Classification | Acc: 97.79% | Avg Loss: 0.062
Task: Reconstruction | Avg Loss: 3.200 
Mutual Information | Avg Loss: -0.00376
Total Loss | Avg Loss: 1.578
Time elapsed: 1:15:00.177464

 --- Epoch 79
Task: Classification | Acc: 97.60% | Avg Loss: 0.064
Task: Reconstruction | Avg Loss: 3.177 
Mutual Information | Avg Loss: -0.00383
Total Loss | Avg Loss: 1.739
Time elapsed: 1:15:58.563260

 --- Epoch 80
Task: Classification | Acc: 97.72% | Avg Loss: 0.062
Task: Reconstruction | Avg Loss: 3.174 
Mutual Information | Avg Loss: -0.00372
Total Loss | Avg Loss: 1.531
Time elapsed: 1:16:56.125549
Example 1 ---
Original text: the second coming of harry potter is a film far superior to its predecessor.
Reconstructed text: the film makes of a more is a movie worst films of the year.
Original IDs: [101, 1996, 2117, 2746, 1997, 4302, 10693, 2003, 1037, 2143, 2521, 6020, 2000, 2049, 8646, 1012, 102]
Predicted IDs: [101, 1996, 2143, 3084, 1997, 1037, 2062, 2003, 1037, 3185, 5409, 3152, 1997, 1996, 2095, 1012, 102]
BLEU Score: 0.4000
Example 2 ---
Original text: it is amusing, and that's all it needs to be.
Reconstructed text: the be understand, but it's always the enough of watch, but
Original IDs: [101, 2009, 2003, 19142, 1010, 1998, 2008, 1005, 1055, 2035, 2009, 3791, 2000, 2022, 1012, 102]
Predicted IDs: [101, 1996, 2022, 3305, 1010, 2021, 2009, 1005, 1055, 2467, 1996, 2438, 1997, 3422, 1010, 2021]
BLEU Score: 0.2857
Example 3 ---
Original text: the fly - on - the - wall method used to document rural french school life is a refreshing departure from the now more prevalent technique of the docu - makers being a visible part of their work.
Reconstructed text: the of -, - in the globe the, - to as the - -, the - - of the light - - - - - - - girlfriend and the the spirit out of the proper.
Original IDs: [101, 1996, 4875, 1011, 2006, 1011, 1996, 1011, 2813, 4118, 2109, 2000, 6254, 3541, 2413, 2082, 2166, 2003, 1037, 27150, 6712, 2013, 1996, 2085, 2062, 15157, 6028, 1997, 1996, 9986, 2226, 1011, 11153, 2108, 1037, 5710, 2112, 1997, 2037, 2147, 1012, 102]
Predicted IDs: [101, 1996, 1997, 1011, 1010, 1011, 1999, 1996, 7595, 1996, 1010, 1011, 2000, 2004, 1996, 1011, 1011, 1010, 1996, 1011, 1011, 1997, 1996, 2422, 1011, 1011, 1011, 1011, 1011, 1011, 1011, 6513, 1998, 1996, 1996, 4382, 2041, 1997, 1996, 5372, 1012, 102]
BLEU Score: 0.3000

 --- Epoch 81
Task: Classification | Acc: 97.75% | Avg Loss: 0.063
Task: Reconstruction | Avg Loss: 3.146 
Mutual Information | Avg Loss: -0.00381
Total Loss | Avg Loss: 1.692
Time elapsed: 1:17:54.332749

 --- Epoch 82
Task: Classification | Acc: 97.74% | Avg Loss: 0.061
Task: Reconstruction | Avg Loss: 3.147 
Mutual Information | Avg Loss: -0.00369
Total Loss | Avg Loss: 1.500
Time elapsed: 1:18:51.584665

 --- Epoch 83
Task: Classification | Acc: 97.75% | Avg Loss: 0.062
Task: Reconstruction | Avg Loss: 3.144 
Mutual Information | Avg Loss: -0.00366
Total Loss | Avg Loss: 1.540
Time elapsed: 1:19:49.284524

 --- Epoch 84
Task: Classification | Acc: 97.90% | Avg Loss: 0.059
Task: Reconstruction | Avg Loss: 3.119 
Mutual Information | Avg Loss: -0.00357
Total Loss | Avg Loss: 1.544
Time elapsed: 1:20:47.268370

 --- Epoch 85
Task: Classification | Acc: 97.83% | Avg Loss: 0.060
Task: Reconstruction | Avg Loss: 3.108 
Mutual Information | Avg Loss: -0.00350
Total Loss | Avg Loss: 1.500
Time elapsed: 1:21:44.880501

 --- Epoch 86
Task: Classification | Acc: 97.90% | Avg Loss: 0.057
Task: Reconstruction | Avg Loss: 3.103 
Mutual Information | Avg Loss: -0.00357
Total Loss | Avg Loss: 1.507
Time elapsed: 1:22:42.526613

 --- Epoch 87
Task: Classification | Acc: 97.87% | Avg Loss: 0.059
Task: Reconstruction | Avg Loss: 3.089 
Mutual Information | Avg Loss: -0.00367
Total Loss | Avg Loss: 1.569
Time elapsed: 1:23:40.733086

 --- Epoch 88
Task: Classification | Acc: 97.86% | Avg Loss: 0.059
Task: Reconstruction | Avg Loss: 3.075 
Mutual Information | Avg Loss: -0.00382
Total Loss | Avg Loss: 1.600
Time elapsed: 1:24:38.884243

 --- Epoch 89
Task: Classification | Acc: 97.89% | Avg Loss: 0.057
Task: Reconstruction | Avg Loss: 3.070 
Mutual Information | Avg Loss: -0.00371
Total Loss | Avg Loss: 1.501
Time elapsed: 1:25:36.419726

 --- Epoch 90
Task: Classification | Acc: 97.96% | Avg Loss: 0.057
Task: Reconstruction | Avg Loss: 3.058 
Mutual Information | Avg Loss: -0.00370
Total Loss | Avg Loss: 1.540
Time elapsed: 1:26:34.224133
Example 1 ---
Original text: harrison's flowers puts its heart in the right place, but its brains are in no particular place at all.
Reconstructed text: it's not for the joke of the movie is a new -, and in the story is n t
Original IDs: [101, 6676, 1005, 1055, 4870, 8509, 2049, 2540, 1999, 1996, 2157, 2173, 1010, 2021, 2049, 14332, 2024, 1999, 2053, 3327, 2173, 2012, 2035, 1012, 102]
Predicted IDs: [101, 2009, 1005, 1055, 2025, 2005, 1996, 8257, 1997, 1996, 3185, 2003, 1037, 2047, 1011, 1010, 1998, 1999, 1996, 2466, 2003, 1050, 102, 1056, 102]
BLEU Score: 0.1816
Example 2 ---
Original text: charles'entertaining film chronicles seinfeld's return to stand - up comedy after the wrap of his legendary sitcom, alongside wannabe comic adams'attempts to get his shot at the big time.
Reconstructed text: adicts director director kahllan's film, a the warningness and the tensions of the daily rig and nearly the freudiani acts to. apart in the sane eye.
Original IDs: [101, 2798, 1005, 14036, 2143, 11906, 7367, 2378, 8151, 1005, 1055, 2709, 2000, 3233, 1011, 2039, 4038, 2044, 1996, 10236, 1997, 2010, 8987, 13130, 1010, 4077, 10587, 4783, 5021, 5922, 1005, 4740, 2000, 2131, 2010, 2915, 2012, 1996, 2502, 2051, 1012, 102]
Predicted IDs: [101, 1037, 29201, 2015, 2472, 2472, 10556, 7317, 5802, 1005, 1055, 2143, 1010, 1037, 1996, 5432, 2791, 1998, 1996, 13136, 1997, 1996, 3679, 19838, 1998, 3053, 1996, 19338, 25443, 4490, 102, 102, 2000, 1012, 102, 4237, 1999, 1996, 22856, 3239, 1012, 102]
BLEU Score: 0.2495
Example 3 ---
Original text: a swashbuckling tale of love, betrayal, revenge and above all, faith.
Reconstructed text: an mesmeril mixture of love, history, love, ripe direction, gorgeous,,
Original IDs: [101, 1037, 25430, 11823, 24204, 2989, 6925, 1997, 2293, 1010, 14583, 1010, 7195, 1998, 2682, 2035, 1010, 4752, 1012, 102]
Predicted IDs: [101, 2019, 2033, 6491, 11124, 2140, 8150, 1997, 2293, 1010, 2381, 1010, 2293, 1010, 22503, 3257, 1010, 9882, 1010, 1010]
BLEU Score: 0.3125

 --- Epoch 91
Task: Classification | Acc: 98.03% | Avg Loss: 0.055
Task: Reconstruction | Avg Loss: 3.040 
Mutual Information | Avg Loss: -0.00357
Total Loss | Avg Loss: 1.486
Time elapsed: 1:27:31.982971

 --- Epoch 92
Task: Classification | Acc: 97.96% | Avg Loss: 0.056
Task: Reconstruction | Avg Loss: 3.022 
Mutual Information | Avg Loss: -0.00350
Total Loss | Avg Loss: 1.445
Time elapsed: 1:28:29.380885

 --- Epoch 93
Task: Classification | Acc: 97.99% | Avg Loss: 0.055
Task: Reconstruction | Avg Loss: 3.030 
Mutual Information | Avg Loss: -0.00351
Total Loss | Avg Loss: 1.460
Time elapsed: 1:29:26.947294

 --- Epoch 94
Task: Classification | Acc: 98.00% | Avg Loss: 0.056
Task: Reconstruction | Avg Loss: 3.005 
Mutual Information | Avg Loss: -0.00357
Total Loss | Avg Loss: 1.503
Time elapsed: 1:30:24.885419

 --- Epoch 95
Task: Classification | Acc: 97.97% | Avg Loss: 0.056
Task: Reconstruction | Avg Loss: 3.001 
Mutual Information | Avg Loss: -0.00356
Total Loss | Avg Loss: 1.345
Time elapsed: 1:31:21.920690

 --- Epoch 96
Task: Classification | Acc: 98.07% | Avg Loss: 0.054
Task: Reconstruction | Avg Loss: 2.996 
Mutual Information | Avg Loss: -0.00358
Total Loss | Avg Loss: 1.419
Time elapsed: 1:32:19.313622

 --- Epoch 97
Task: Classification | Acc: 98.09% | Avg Loss: 0.052
Task: Reconstruction | Avg Loss: 2.992 
Mutual Information | Avg Loss: -0.00352
Total Loss | Avg Loss: 1.506
Time elapsed: 1:33:17.318939

 --- Epoch 98
Task: Classification | Acc: 98.11% | Avg Loss: 0.053
Task: Reconstruction | Avg Loss: 2.972 
Mutual Information | Avg Loss: -0.00356
Total Loss | Avg Loss: 1.485
Time elapsed: 1:34:15.110190

 --- Epoch 99
Task: Classification | Acc: 98.12% | Avg Loss: 0.053
Task: Reconstruction | Avg Loss: 2.946 
Mutual Information | Avg Loss: -0.00341
Total Loss | Avg Loss: 1.408
Time elapsed: 1:35:12.747361

 --- Epoch 100
Task: Classification | Acc: 98.06% | Avg Loss: 0.054
Task: Reconstruction | Avg Loss: 2.948 
Mutual Information | Avg Loss: -0.00366
Total Loss | Avg Loss: 1.489
Time elapsed: 1:36:10.632515
Example 1 ---
Original text: it's a much more emotional journey than what shyamalan has given us in his past two movies, and gibson, stepping in for bruce willis, is the perfect actor to take us on the trip.
Reconstructed text: it's a, with strong interesting and mesmerizing and,twined in the powerful and emotions, but the that to is a subtle,, and the other character that come us in the balance.
Original IDs: [101, 2009, 1005, 1055, 1037, 2172, 2062, 6832, 4990, 2084, 2054, 11004, 8067, 5802, 2038, 2445, 2149, 1999, 2010, 2627, 2048, 5691, 1010, 1998, 9406, 1010, 9085, 1999, 2005, 5503, 12688, 1010, 2003, 1996, 3819, 3364, 2000, 2202, 2149, 2006, 1996, 4440, 1012, 102]
Predicted IDs: [101, 2009, 1005, 1055, 1037, 1010, 2007, 2844, 5875, 1998, 2033, 6491, 11124, 6774, 1998, 1010, 21077, 1999, 1996, 3928, 1998, 6699, 1010, 2021, 1996, 2008, 2000, 2003, 1037, 11259, 1010, 1010, 1998, 1996, 2060, 2839, 2008, 2272, 2149, 1999, 1996, 5703, 1012, 102]
BLEU Score: 0.3845
Example 2 ---
Original text: allows us to hope that nolan is poised to embark a major career as a commercial yet inventive filmmaker.
Reconstructed text: it to to the, that that able to overcome a kitchen stories into a smooth and unptive
Original IDs: [101, 4473, 2149, 2000, 3246, 2008, 13401, 2003, 22303, 2000, 28866, 1037, 2350, 2476, 2004, 1037, 3293, 2664, 1999, 15338, 3512, 12127, 1012, 102]
Predicted IDs: [101, 2009, 2000, 2000, 1996, 1010, 2008, 2008, 2583, 2000, 9462, 1037, 3829, 3441, 2046, 1037, 5744, 1998, 4895, 13876, 3512, 102, 102, 102]
BLEU Score: 0.2486
Example 3 ---
Original text: uncommonly stylish but equally silly... the picture fails to generate much suspense, nor does it ask searching enough questions to justify its pretensions.
Reconstructed text: it, n's,, and,, and the -, of be something suggests, but to followed, in the ability to be things spsettrating.
Original IDs: [101, 13191, 2135, 2358, 8516, 4509, 2021, 8053, 10021, 1012, 1012, 1012, 1996, 3861, 11896, 2000, 9699, 2172, 23873, 1010, 4496, 2515, 2009, 3198, 6575, 2438, 3980, 2000, 16114, 2049, 3653, 29048, 2015, 1012, 102]
Predicted IDs: [101, 2009, 1010, 1050, 1005, 1055, 1010, 1010, 1998, 1010, 1010, 1998, 1996, 1011, 1010, 1997, 2022, 2242, 6083, 1010, 2021, 2000, 2628, 1010, 1999, 1996, 3754, 2000, 2022, 2477, 11867, 21678, 15172, 1012, 102]
BLEU Score: 0.2333

 --- Epoch 101
Task: Classification | Acc: 98.17% | Avg Loss: 0.050
Task: Reconstruction | Avg Loss: 2.938 
Mutual Information | Avg Loss: -0.00344
Total Loss | Avg Loss: 1.424
Time elapsed: 1:37:08.274821

 --- Epoch 102
Task: Classification | Acc: 98.20% | Avg Loss: 0.050
Task: Reconstruction | Avg Loss: 2.914 
Mutual Information | Avg Loss: -0.00353
Total Loss | Avg Loss: 1.423
Time elapsed: 1:38:05.999921

 --- Epoch 103
Task: Classification | Acc: 98.21% | Avg Loss: 0.051
Task: Reconstruction | Avg Loss: 2.920 
Mutual Information | Avg Loss: -0.00340
Total Loss | Avg Loss: 1.362
Time elapsed: 1:39:03.354155

 --- Epoch 104
Task: Classification | Acc: 98.12% | Avg Loss: 0.051
Task: Reconstruction | Avg Loss: 2.908 
Mutual Information | Avg Loss: -0.00359
Total Loss | Avg Loss: 1.468
Time elapsed: 1:40:01.412670

 --- Epoch 105
Task: Classification | Acc: 98.30% | Avg Loss: 0.049
Task: Reconstruction | Avg Loss: 2.887 
Mutual Information | Avg Loss: -0.00358
Total Loss | Avg Loss: 1.392
Time elapsed: 1:40:59.053189

 --- Epoch 106
Task: Classification | Acc: 98.01% | Avg Loss: 0.053
Task: Reconstruction | Avg Loss: 2.889 
Mutual Information | Avg Loss: -0.00366
Total Loss | Avg Loss: 1.545
Time elapsed: 1:41:57.509432

 --- Epoch 107
Task: Classification | Acc: 98.38% | Avg Loss: 0.048
Task: Reconstruction | Avg Loss: 2.873 
Mutual Information | Avg Loss: -0.00334
Total Loss | Avg Loss: 1.403
Time elapsed: 1:42:54.980662

 --- Epoch 108
Task: Classification | Acc: 98.14% | Avg Loss: 0.051
Task: Reconstruction | Avg Loss: 2.879 
Mutual Information | Avg Loss: -0.00339
Total Loss | Avg Loss: 1.305
Time elapsed: 1:43:52.252528

 --- Epoch 109
Task: Classification | Acc: 98.17% | Avg Loss: 0.050
Task: Reconstruction | Avg Loss: 2.861 
Mutual Information | Avg Loss: -0.00334
Total Loss | Avg Loss: 1.371
Time elapsed: 1:44:49.776536

 --- Epoch 110
Task: Classification | Acc: 98.30% | Avg Loss: 0.047
Task: Reconstruction | Avg Loss: 2.866 
Mutual Information | Avg Loss: -0.00342
Total Loss | Avg Loss: 1.355
Time elapsed: 1:45:47.247594
Example 1 ---
Original text: leigh's film is full of memorable performances from top to bottom.
Reconstructed text: it's just is reign of insulting filmmaking is moments to flop.
Original IDs: [101, 11797, 1005, 1055, 2143, 2003, 2440, 1997, 13432, 4616, 2013, 2327, 2000, 3953, 1012, 102]
Predicted IDs: [101, 2009, 1005, 1055, 2074, 2003, 5853, 1997, 23979, 24466, 2003, 5312, 2000, 28583, 1012, 102]
BLEU Score: 0.3846
Example 2 ---
Original text: deliriously funny, fast and loose, accessible to the uninitiated, and full of surprises
Reconstructed text: undery film, the and the,s of the un flgisy, and lots of a empty
Original IDs: [101, 3972, 15735, 13453, 6057, 1010, 3435, 1998, 6065, 1010, 7801, 2000, 1996, 4895, 5498, 10711, 3064, 1010, 1998, 2440, 1997, 20096, 102]
Predicted IDs: [101, 4895, 4063, 2100, 2143, 1010, 1996, 1998, 1996, 1010, 2015, 1997, 1996, 4895, 13109, 17701, 2100, 1010, 1998, 7167, 1997, 1037, 4064]
BLEU Score: 0.3889
Example 3 ---
Original text: the character of zigzag is not sufficiently developed to support a film constructed around him.
Reconstructed text: the'toeniaing point to be a engaging damage of which, that behave be popcorn everyone
Original IDs: [101, 1996, 2839, 1997, 1062, 8004, 4143, 2290, 2003, 2025, 12949, 2764, 2000, 2490, 1037, 2143, 3833, 2105, 2032, 1012, 102]
Predicted IDs: [101, 1996, 1005, 2000, 19825, 2075, 2391, 2000, 2022, 1037, 11973, 4053, 1997, 2029, 1010, 2008, 16582, 2022, 24593, 102, 3071]
BLEU Score: 0.1871

 --- Epoch 111
Task: Classification | Acc: 98.42% | Avg Loss: 0.047
Task: Reconstruction | Avg Loss: 2.840 
Mutual Information | Avg Loss: -0.00359
Total Loss | Avg Loss: 1.474
Time elapsed: 1:46:45.506159

 --- Epoch 112
Task: Classification | Acc: 98.18% | Avg Loss: 0.051
Task: Reconstruction | Avg Loss: 2.829 
Mutual Information | Avg Loss: -0.00349
Total Loss | Avg Loss: 1.360
Time elapsed: 1:47:42.751511

 --- Epoch 113
Task: Classification | Acc: 98.26% | Avg Loss: 0.048
Task: Reconstruction | Avg Loss: 2.830 
Mutual Information | Avg Loss: -0.00345
Total Loss | Avg Loss: 1.386
Time elapsed: 1:48:40.553518

 --- Epoch 114
Task: Classification | Acc: 98.29% | Avg Loss: 0.048
Task: Reconstruction | Avg Loss: 2.817 
Mutual Information | Avg Loss: -0.00363
Total Loss | Avg Loss: 1.399
Time elapsed: 1:49:38.163584

 --- Epoch 115
Task: Classification | Acc: 98.33% | Avg Loss: 0.048
Task: Reconstruction | Avg Loss: 2.799 
Mutual Information | Avg Loss: -0.00372
Total Loss | Avg Loss: 1.357
Time elapsed: 1:50:35.590441

 --- Epoch 116
Task: Classification | Acc: 98.43% | Avg Loss: 0.046
Task: Reconstruction | Avg Loss: 2.794 
Mutual Information | Avg Loss: -0.00372
Total Loss | Avg Loss: 1.510
Time elapsed: 1:51:33.772471

 --- Epoch 117
Task: Classification | Acc: 98.29% | Avg Loss: 0.049
Task: Reconstruction | Avg Loss: 2.784 
Mutual Information | Avg Loss: -0.00362
Total Loss | Avg Loss: 1.419
Time elapsed: 1:52:31.525964

 --- Epoch 118
Task: Classification | Acc: 98.33% | Avg Loss: 0.046
Task: Reconstruction | Avg Loss: 2.774 
Mutual Information | Avg Loss: -0.00349
Total Loss | Avg Loss: 1.285
Time elapsed: 1:53:28.694053

 --- Epoch 119
Task: Classification | Acc: 98.33% | Avg Loss: 0.046
Task: Reconstruction | Avg Loss: 2.774 
Mutual Information | Avg Loss: -0.00345
Total Loss | Avg Loss: 1.373
Time elapsed: 1:54:26.223723

 --- Epoch 120
Task: Classification | Acc: 98.31% | Avg Loss: 0.046
Task: Reconstruction | Avg Loss: 2.761 
Mutual Information | Avg Loss: -0.00352
Total Loss | Avg Loss: 1.391
Time elapsed: 1:55:24.239293
Example 1 ---
Original text: instead, he shows them the respect they are due.
Reconstructed text: if, we works in the audience it has later,
Original IDs: [101, 2612, 1010, 2002, 3065, 2068, 1996, 4847, 2027, 2024, 2349, 1012, 102]
Predicted IDs: [101, 2065, 1010, 2057, 2573, 1999, 1996, 4378, 2009, 2038, 2101, 1010, 102]
BLEU Score: 0.1818
Example 2 ---
Original text: this is an egotistical endeavor from the daughter of horror director dario argento ( a producer here ), but her raw performance and utter fearlessness make it strangely magnetic.
Reconstructed text: .. a un funane comedy to the sort of writer `ers hughito's hollywoods payne right. right.
Original IDs: [101, 2023, 2003, 2019, 13059, 16774, 7476, 23855, 2013, 1996, 2684, 1997, 5469, 2472, 26800, 23157, 2080, 1006, 1037, 3135, 2182, 1007, 1010, 2021, 2014, 6315, 2836, 1998, 14395, 22518, 2791, 2191, 2009, 13939, 8060, 1012, 102]
Predicted IDs: [101, 1012, 1012, 1037, 4895, 4569, 7231, 4038, 2000, 1996, 4066, 1997, 3213, 1036, 2545, 6621, 9956, 1005, 1055, 5365, 2015, 102, 102, 102, 102, 13470, 102, 102, 102, 2157, 102, 1012, 102, 102, 2157, 1012, 102]
BLEU Score: 0.1154
Example 3 ---
Original text: an unclassifiably awful study in self - and audience - abuse.
Reconstructed text: a unpulativeing classic 86 - of scene - - fish - -
Original IDs: [101, 2019, 4895, 26266, 10128, 2401, 6321, 9643, 2817, 1999, 2969, 1011, 1998, 4378, 1011, 6905, 1012, 102]
Predicted IDs: [101, 1037, 4895, 14289, 26255, 2075, 4438, 6564, 1011, 1997, 3496, 1011, 1011, 3869, 1011, 1011, 102, 102]
BLEU Score: 0.1667

 --- Epoch 121
Task: Classification | Acc: 98.29% | Avg Loss: 0.046
Task: Reconstruction | Avg Loss: 2.743 
Mutual Information | Avg Loss: -0.00360
Total Loss | Avg Loss: 1.402
Time elapsed: 1:56:22.285031

 --- Epoch 122
Task: Classification | Acc: 98.32% | Avg Loss: 0.045
Task: Reconstruction | Avg Loss: 2.748 
Mutual Information | Avg Loss: -0.00330
Total Loss | Avg Loss: 1.243
Time elapsed: 1:57:19.562916

 --- Epoch 123
Task: Classification | Acc: 98.43% | Avg Loss: 0.045
Task: Reconstruction | Avg Loss: 2.735 
Mutual Information | Avg Loss: -0.00346
Total Loss | Avg Loss: 1.343
Time elapsed: 1:58:17.171336

 --- Epoch 124
Task: Classification | Acc: 98.35% | Avg Loss: 0.045
Task: Reconstruction | Avg Loss: 2.734 
Mutual Information | Avg Loss: -0.00349
Total Loss | Avg Loss: 1.337
Time elapsed: 1:59:15.024381

 --- Epoch 125
Task: Classification | Acc: 98.38% | Avg Loss: 0.044
Task: Reconstruction | Avg Loss: 2.729 
Mutual Information | Avg Loss: -0.00352
Total Loss | Avg Loss: 1.410
Time elapsed: 2:00:13.074466

 --- Epoch 126
Task: Classification | Acc: 98.56% | Avg Loss: 0.042
Task: Reconstruction | Avg Loss: 2.699 
Mutual Information | Avg Loss: -0.00341
Total Loss | Avg Loss: 1.359
Time elapsed: 2:01:11.000967

 --- Epoch 127
Task: Classification | Acc: 98.40% | Avg Loss: 0.044
Task: Reconstruction | Avg Loss: 2.704 
Mutual Information | Avg Loss: -0.00351
Total Loss | Avg Loss: 1.311
Time elapsed: 2:02:08.758141

 --- Epoch 128
Task: Classification | Acc: 98.36% | Avg Loss: 0.046
Task: Reconstruction | Avg Loss: 2.690 
Mutual Information | Avg Loss: -0.00364
Total Loss | Avg Loss: 1.365
Time elapsed: 2:03:06.636595

 --- Epoch 129
Task: Classification | Acc: 98.40% | Avg Loss: 0.045
Task: Reconstruction | Avg Loss: 2.687 
Mutual Information | Avg Loss: -0.00332
Total Loss | Avg Loss: 1.170
Time elapsed: 2:04:03.688496

 --- Epoch 130
Task: Classification | Acc: 98.59% | Avg Loss: 0.041
Task: Reconstruction | Avg Loss: 2.681 
Mutual Information | Avg Loss: -0.00359
Total Loss | Avg Loss: 1.398
Time elapsed: 2:05:01.650988
Example 1 ---
Original text: involves two mysteries - - one it gives away and the other featuring such badly drawn characters that its outcome hardly matters.
Reconstructed text: is the a - - dropping, the with, the sense of a elbows sticking life where the knees has be.
Original IDs: [101, 7336, 2048, 15572, 1011, 1011, 2028, 2009, 3957, 2185, 1998, 1996, 2060, 3794, 2107, 6649, 4567, 3494, 2008, 2049, 9560, 6684, 5609, 1012, 102]
Predicted IDs: [101, 2003, 1996, 1037, 1011, 1011, 7510, 1010, 1996, 2007, 1010, 1996, 3168, 1997, 1037, 13690, 13423, 2166, 2073, 1996, 5042, 2038, 2022, 1012, 102]
BLEU Score: 0.1739
Example 2 ---
Original text: inside the film's conflict - powered plot there is a decent moral trying to get out, but it's not that, it's the tension that keeps you in your seat.
Reconstructed text: be the film's mostly clever little film the sort to be, is, s the bit..'s the servedledweighs in the.
Original IDs: [101, 2503, 1996, 2143, 1005, 1055, 4736, 1011, 6113, 5436, 2045, 2003, 1037, 11519, 7191, 2667, 2000, 2131, 2041, 1010, 2021, 2009, 1005, 1055, 2025, 2008, 1010, 2009, 1005, 1055, 1996, 6980, 2008, 7906, 2017, 1999, 2115, 2835, 1012, 102]
Predicted IDs: [101, 2022, 1996, 2143, 1005, 1055, 2087, 2135, 12266, 2210, 2143, 102, 102, 102, 1996, 4066, 2000, 2022, 102, 1010, 102, 2003, 1010, 1055, 1996, 2978, 1012, 1012, 1005, 1055, 1996, 2366, 3709, 27204, 7898, 1999, 1996, 102, 1012, 102]
BLEU Score: 0.2949
Example 3 ---
Original text: a working class ` ` us vs. them'' opera that leaves no heartstring untugged and no liberal cause unplundered.
Reconstructed text: the s `, ` ` `. gangs'' s by been written, copy cliches, superficials and goomeaps.
Original IDs: [101, 1037, 2551, 2465, 1036, 1036, 2149, 5443, 1012, 2068, 1005, 1005, 3850, 2008, 3727, 2053, 8072, 18886, 3070, 4895, 8525, 15567, 1998, 2053, 4314, 3426, 4895, 24759, 20824, 2098, 1012, 102]
Predicted IDs: [101, 1996, 1055, 1036, 1010, 1036, 1036, 1036, 1012, 18542, 1005, 1005, 1055, 2011, 2042, 2517, 1010, 8872, 2100, 18856, 17322, 2015, 1010, 23105, 2015, 1998, 27571, 4168, 9331, 2015, 1012, 102]
BLEU Score: 0.2273

 --- Epoch 131
Task: Classification | Acc: 98.53% | Avg Loss: 0.043
Task: Reconstruction | Avg Loss: 2.670 
Mutual Information | Avg Loss: -0.00349
Total Loss | Avg Loss: 1.329
Time elapsed: 2:05:59.431247

 --- Epoch 132
Task: Classification | Acc: 98.49% | Avg Loss: 0.044
Task: Reconstruction | Avg Loss: 2.662 
Mutual Information | Avg Loss: -0.00358
Total Loss | Avg Loss: 1.300
Time elapsed: 2:06:57.073899

 --- Epoch 133
Task: Classification | Acc: 98.47% | Avg Loss: 0.042
Task: Reconstruction | Avg Loss: 2.660 
Mutual Information | Avg Loss: -0.00361
Total Loss | Avg Loss: 1.288
Time elapsed: 2:07:54.748784

 --- Epoch 134
Task: Classification | Acc: 98.51% | Avg Loss: 0.041
Task: Reconstruction | Avg Loss: 2.653 
Mutual Information | Avg Loss: -0.00360
Total Loss | Avg Loss: 1.378
Time elapsed: 2:08:52.904644

 --- Epoch 135
Task: Classification | Acc: 98.36% | Avg Loss: 0.043
Task: Reconstruction | Avg Loss: 2.630 
Mutual Information | Avg Loss: -0.00358
Total Loss | Avg Loss: 1.328
Time elapsed: 2:09:50.834913

 --- Epoch 136
Task: Classification | Acc: 98.45% | Avg Loss: 0.044
Task: Reconstruction | Avg Loss: 2.642 
Mutual Information | Avg Loss: -0.00359
Total Loss | Avg Loss: 1.314
Time elapsed: 2:10:48.851653

 --- Epoch 137
Task: Classification | Acc: 98.60% | Avg Loss: 0.039
Task: Reconstruction | Avg Loss: 2.629 
Mutual Information | Avg Loss: -0.00349
Total Loss | Avg Loss: 1.282
Time elapsed: 2:11:46.653255

 --- Epoch 138
Task: Classification | Acc: 98.52% | Avg Loss: 0.041
Task: Reconstruction | Avg Loss: 2.613 
Mutual Information | Avg Loss: -0.00370
Total Loss | Avg Loss: 1.293
Time elapsed: 2:12:44.334238

 --- Epoch 139
Task: Classification | Acc: 98.65% | Avg Loss: 0.037
Task: Reconstruction | Avg Loss: 2.610 
Mutual Information | Avg Loss: -0.00365
Total Loss | Avg Loss: 1.309
Time elapsed: 2:13:42.211659

 --- Epoch 140
Task: Classification | Acc: 98.50% | Avg Loss: 0.043
Task: Reconstruction | Avg Loss: 2.601 
Mutual Information | Avg Loss: -0.00368
Total Loss | Avg Loss: 1.317
Time elapsed: 2:14:40.021853
Example 1 ---
Original text: a very well - made, funny and entertaining picture.
Reconstructed text: of the well - made, funny and funny comedy
Original IDs: [101, 1037, 2200, 2092, 1011, 2081, 1010, 6057, 1998, 14036, 3861, 1012, 102]
Predicted IDs: [101, 1997, 1996, 2092, 1011, 2081, 1010, 6057, 1998, 6057, 4038, 102, 102]
BLEU Score: 0.5429
Example 2 ---
Original text: feels too formulaic and too familiar to produce the transgressive thrills of early underground work.
Reconstructed text: has by overy, and manages of the the melodramaible scraps of emotional blandness
Original IDs: [101, 5683, 2205, 5675, 2594, 1998, 2205, 5220, 2000, 3965, 1996, 9099, 17603, 18719, 3726, 16959, 2015, 1997, 2220, 5230, 2147, 1012, 102]
Predicted IDs: [101, 2038, 2011, 2058, 2100, 1010, 1998, 9020, 1997, 1996, 1996, 11463, 7716, 14672, 7028, 15121, 2015, 1997, 6832, 20857, 2791, 102, 102]
BLEU Score: 0.1858
Example 3 ---
Original text: a gorgeous, high - spirited musical from india that exquisitely blends music, dance, song, and high drama.
Reconstructed text: a ri,o's often of answers that, to meditation with love, music and complicated. and poem.
Original IDs: [101, 1037, 9882, 1010, 2152, 1011, 24462, 3315, 2013, 2634, 2008, 19401, 2135, 12586, 2015, 2189, 1010, 3153, 1010, 2299, 1010, 1998, 2152, 3689, 1012, 102]
Predicted IDs: [101, 1037, 15544, 1010, 2080, 1005, 1055, 2411, 1997, 6998, 2008, 1010, 2000, 13804, 2007, 2293, 1010, 2189, 1998, 8552, 1012, 1998, 102, 5961, 1012, 102]
BLEU Score: 0.3636

 --- Epoch 141
Task: Classification | Acc: 98.50% | Avg Loss: 0.042
Task: Reconstruction | Avg Loss: 2.590 
Mutual Information | Avg Loss: -0.00355
Total Loss | Avg Loss: 1.322
Time elapsed: 2:15:38.116850

 --- Epoch 142
Task: Classification | Acc: 98.48% | Avg Loss: 0.040
Task: Reconstruction | Avg Loss: 2.575 
Mutual Information | Avg Loss: -0.00362
Total Loss | Avg Loss: 1.365
Time elapsed: 2:16:36.210437

 --- Epoch 143
Task: Classification | Acc: 98.53% | Avg Loss: 0.040
Task: Reconstruction | Avg Loss: 2.572 
Mutual Information | Avg Loss: -0.00347
Total Loss | Avg Loss: 1.221
Time elapsed: 2:17:33.813191

 --- Epoch 144
Task: Classification | Acc: 98.57% | Avg Loss: 0.042
Task: Reconstruction | Avg Loss: 2.577 
Mutual Information | Avg Loss: -0.00357
Total Loss | Avg Loss: 1.290
Time elapsed: 2:18:31.496924

 --- Epoch 145
Task: Classification | Acc: 98.63% | Avg Loss: 0.041
Task: Reconstruction | Avg Loss: 2.572 
Mutual Information | Avg Loss: -0.00363
Total Loss | Avg Loss: 1.297
Time elapsed: 2:19:29.491443

 --- Epoch 146
Task: Classification | Acc: 98.55% | Avg Loss: 0.041
Task: Reconstruction | Avg Loss: 2.559 
Mutual Information | Avg Loss: -0.00368
Total Loss | Avg Loss: 1.290
Time elapsed: 2:20:27.413249

 --- Epoch 147
Task: Classification | Acc: 98.55% | Avg Loss: 0.041
Task: Reconstruction | Avg Loss: 2.557 
Mutual Information | Avg Loss: -0.00373
Total Loss | Avg Loss: 1.326
Time elapsed: 2:21:25.387889

 --- Epoch 148
Task: Classification | Acc: 98.56% | Avg Loss: 0.039
Task: Reconstruction | Avg Loss: 2.551 
Mutual Information | Avg Loss: -0.00354
Total Loss | Avg Loss: 1.333
Time elapsed: 2:22:23.634644

 --- Epoch 149
Task: Classification | Acc: 98.53% | Avg Loss: 0.041
Task: Reconstruction | Avg Loss: 2.540 
Mutual Information | Avg Loss: -0.00345
Total Loss | Avg Loss: 1.230
Time elapsed: 2:23:21.231784

 --- Epoch 150
Task: Classification | Acc: 98.58% | Avg Loss: 0.042
Task: Reconstruction | Avg Loss: 2.539 
Mutual Information | Avg Loss: -0.00355
Total Loss | Avg Loss: 1.252
Time elapsed: 2:24:18.809694
Example 1 ---
Original text: an exhilarating futuristic thriller - noir, minority report twists the best of technology around a gripping story, delivering a riveting, pulse intensifying escapist adventure of the first order
Reconstructed text: the of the the - -, leading -,, that a mix of the in - turninglessness, especially a dricheed, un imdd morpling any of other fans.
Original IDs: [101, 2019, 4654, 26415, 15172, 28971, 10874, 1011, 15587, 1010, 7162, 3189, 21438, 1996, 2190, 1997, 2974, 2105, 1037, 13940, 2466, 1010, 12771, 1037, 15544, 19510, 2075, 1010, 8187, 20014, 6132, 11787, 9686, 17695, 2923, 6172, 1997, 1996, 2034, 2344, 102]
Predicted IDs: [101, 1996, 1997, 1996, 1996, 1011, 1011, 1010, 2877, 1011, 1010, 1010, 2008, 1037, 4666, 1997, 1996, 1999, 1011, 3810, 24913, 1010, 2926, 1037, 2852, 17322, 2098, 1010, 4895, 10047, 2094, 2094, 22822, 24759, 2075, 2151, 1997, 2060, 4599, 1012, 102]
BLEU Score: 0.3125
Example 2 ---
Original text: it's a beautiful madness.
Reconstructed text: it's a good situation
Original IDs: [101, 2009, 1005, 1055, 1037, 3376, 12013, 1012, 102]
Predicted IDs: [101, 2009, 1005, 1055, 1037, 2204, 3663, 102, 102]
BLEU Score: 0.4912
Example 3 ---
Original text: for starters, the story is just too slim.
Reconstructed text: is twice, the film is far too boring, but
Original IDs: [101, 2005, 29400, 1010, 1996, 2466, 2003, 2074, 2205, 11754, 1012, 102]
Predicted IDs: [101, 2003, 3807, 1010, 1996, 2143, 2003, 2521, 2205, 11771, 1010, 2021]
BLEU Score: 0.3636

 --- Epoch 151
Task: Classification | Acc: 98.58% | Avg Loss: 0.041
Task: Reconstruction | Avg Loss: 2.522 
Mutual Information | Avg Loss: -0.00370
Total Loss | Avg Loss: 1.266
Time elapsed: 2:25:16.729393

 --- Epoch 152
Task: Classification | Acc: 98.68% | Avg Loss: 0.038
Task: Reconstruction | Avg Loss: 2.522 
Mutual Information | Avg Loss: -0.00350
Total Loss | Avg Loss: 1.266
Time elapsed: 2:26:14.911995

 --- Epoch 153
Task: Classification | Acc: 98.59% | Avg Loss: 0.042
Task: Reconstruction | Avg Loss: 2.498 
Mutual Information | Avg Loss: -0.00347
Total Loss | Avg Loss: 1.256
Time elapsed: 2:27:13.096996

 --- Epoch 154
Task: Classification | Acc: 98.42% | Avg Loss: 0.042
Task: Reconstruction | Avg Loss: 2.512 
Mutual Information | Avg Loss: -0.00339
Total Loss | Avg Loss: 1.245
Time elapsed: 2:28:10.979780

 --- Epoch 155
Task: Classification | Acc: 98.66% | Avg Loss: 0.039
Task: Reconstruction | Avg Loss: 2.496 
Mutual Information | Avg Loss: -0.00359
Total Loss | Avg Loss: 1.323
Time elapsed: 2:29:09.147146

 --- Epoch 156
Task: Classification | Acc: 98.58% | Avg Loss: 0.040
Task: Reconstruction | Avg Loss: 2.497 
Mutual Information | Avg Loss: -0.00348
Total Loss | Avg Loss: 1.199
Time elapsed: 2:30:06.914801

 --- Epoch 157
Task: Classification | Acc: 98.64% | Avg Loss: 0.039
Task: Reconstruction | Avg Loss: 2.473 
Mutual Information | Avg Loss: -0.00371
Total Loss | Avg Loss: 1.314
Time elapsed: 2:31:04.834916

 --- Epoch 158
Task: Classification | Acc: 98.66% | Avg Loss: 0.037
Task: Reconstruction | Avg Loss: 2.492 
Mutual Information | Avg Loss: -0.00341
Total Loss | Avg Loss: 1.149
Time elapsed: 2:32:02.229755

 --- Epoch 159
Task: Classification | Acc: 98.59% | Avg Loss: 0.038
Task: Reconstruction | Avg Loss: 2.476 
Mutual Information | Avg Loss: -0.00344
Total Loss | Avg Loss: 1.225
Time elapsed: 2:33:00.011435

 --- Epoch 160
Task: Classification | Acc: 98.56% | Avg Loss: 0.038
Task: Reconstruction | Avg Loss: 2.463 
Mutual Information | Avg Loss: -0.00338
Total Loss | Avg Loss: 1.214
Time elapsed: 2:33:57.654002
Example 1 ---
Original text: the overall effect is less like a children's movie than a recruitment film for future hollywood sellouts.
Reconstructed text: it'green ', is a artificial'funky, as a standard play in the real bear of.
Original IDs: [101, 1996, 3452, 3466, 2003, 2625, 2066, 1037, 2336, 1005, 1055, 3185, 2084, 1037, 15680, 2143, 2005, 2925, 5365, 5271, 12166, 1012, 102]
Predicted IDs: [101, 2009, 1005, 2665, 1005, 1010, 2003, 1037, 7976, 1005, 24151, 1010, 2004, 1037, 3115, 2377, 1999, 1996, 2613, 4562, 1997, 1012, 102]
BLEU Score: 0.2615
Example 2 ---
Original text: a great ensemble cast can't lift this heartfelt enterprise out of the familiar.
Reconstructed text: a bad comedy that doesn't notice the con tri animationity of its plot
Original IDs: [101, 1037, 2307, 7241, 3459, 6187, 1050, 1005, 1056, 6336, 2023, 2540, 26675, 6960, 2041, 1997, 1996, 5220, 1012, 102]
Predicted IDs: [101, 1037, 2919, 4038, 2008, 2515, 1050, 1005, 1056, 5060, 1996, 9530, 13012, 7284, 3012, 1997, 2049, 5436, 102, 102]
BLEU Score: 0.2660
Example 3 ---
Original text: exquisitely nuanced in mood tics and dialogue, this chamber drama is superbly acted by the deeply appealing veteran bouquet and the chilling but quite human berling.
Reconstructed text: elegant, el andhesive,,, direction, works and the tension, andfussly use of low,,, and - mouse, intelligent thriller.
Original IDs: [101, 19401, 2135, 16371, 6651, 2094, 1999, 6888, 14841, 6169, 1998, 7982, 1010, 2023, 4574, 3689, 2003, 21688, 2135, 6051, 2011, 1996, 6171, 16004, 8003, 26700, 1998, 1996, 27017, 2021, 3243, 2529, 4068, 2290, 1012, 102]
Predicted IDs: [101, 11552, 1010, 3449, 1998, 21579, 1010, 1010, 1010, 3257, 1010, 2573, 1998, 1996, 6980, 1010, 1998, 25608, 2015, 2135, 2224, 1997, 2659, 1010, 1010, 1010, 1998, 1011, 8000, 1010, 9414, 10874, 102, 102, 1012, 102]
BLEU Score: 0.1786

 --- Epoch 161
Task: Classification | Acc: 98.69% | Avg Loss: 0.038
Task: Reconstruction | Avg Loss: 2.478 
Mutual Information | Avg Loss: -0.00347
Total Loss | Avg Loss: 1.156
Time elapsed: 2:34:55.183737

 --- Epoch 162
Task: Classification | Acc: 98.69% | Avg Loss: 0.038
Task: Reconstruction | Avg Loss: 2.457 
Mutual Information | Avg Loss: -0.00344
Total Loss | Avg Loss: 1.156
Time elapsed: 2:35:52.849786

 --- Epoch 163
Task: Classification | Acc: 98.69% | Avg Loss: 0.034
Task: Reconstruction | Avg Loss: 2.452 
Mutual Information | Avg Loss: -0.00343
Total Loss | Avg Loss: 1.165
Time elapsed: 2:36:50.600628

 --- Epoch 164
Task: Classification | Acc: 98.73% | Avg Loss: 0.036
Task: Reconstruction | Avg Loss: 2.450 
Mutual Information | Avg Loss: -0.00343
Total Loss | Avg Loss: 1.147
Time elapsed: 2:37:48.258185

 --- Epoch 165
Task: Classification | Acc: 98.73% | Avg Loss: 0.036
Task: Reconstruction | Avg Loss: 2.451 
Mutual Information | Avg Loss: -0.00347
Total Loss | Avg Loss: 1.165
Time elapsed: 2:38:45.888414

 --- Epoch 166
Task: Classification | Acc: 98.67% | Avg Loss: 0.037
Task: Reconstruction | Avg Loss: 2.423 
Mutual Information | Avg Loss: -0.00356
Total Loss | Avg Loss: 1.179
Time elapsed: 2:39:43.585386

 --- Epoch 167
Task: Classification | Acc: 98.71% | Avg Loss: 0.035
Task: Reconstruction | Avg Loss: 2.430 
Mutual Information | Avg Loss: -0.00355
Total Loss | Avg Loss: 1.186
Time elapsed: 2:40:41.314528

 --- Epoch 168
Task: Classification | Acc: 98.64% | Avg Loss: 0.036
Task: Reconstruction | Avg Loss: 2.426 
Mutual Information | Avg Loss: -0.00353
Total Loss | Avg Loss: 1.252
Time elapsed: 2:41:39.350708

 --- Epoch 169
Task: Classification | Acc: 98.72% | Avg Loss: 0.038
Task: Reconstruction | Avg Loss: 2.413 
Mutual Information | Avg Loss: -0.00358
Total Loss | Avg Loss: 1.237
Time elapsed: 2:42:37.605372

 --- Epoch 170
Task: Classification | Acc: 98.72% | Avg Loss: 0.037
Task: Reconstruction | Avg Loss: 2.412 
Mutual Information | Avg Loss: -0.00355
Total Loss | Avg Loss: 1.223
Time elapsed: 2:43:35.324222
Example 1 ---
Original text: you wonder why enough wasn't just a music video rather than a full - length movie.
Reconstructed text: the that that that didn't have a longest 90, or a 90 - minute cotton candy
Original IDs: [101, 2017, 4687, 2339, 2438, 2001, 1050, 1005, 1056, 2074, 1037, 2189, 2678, 2738, 2084, 1037, 2440, 1011, 3091, 3185, 1012, 102]
Predicted IDs: [101, 1996, 2008, 2008, 2008, 2106, 1050, 1005, 1056, 2031, 1037, 6493, 3938, 1010, 2030, 1037, 3938, 1011, 3371, 6557, 9485, 102]
BLEU Score: 0.2222
Example 2 ---
Original text: it's one pussy - ass world when even killer - thrillers revolve around group therapy sessions.
Reconstructed text: it's a feature - feminist action, of hard - directorage melodnns barber actions
Original IDs: [101, 2009, 1005, 1055, 2028, 22418, 1011, 4632, 2088, 2043, 2130, 6359, 1011, 10874, 2015, 7065, 4747, 3726, 2105, 2177, 7242, 6521, 1012, 102]
Predicted IDs: [101, 2009, 1005, 1055, 1037, 3444, 1011, 10469, 2895, 1010, 1997, 2524, 1011, 2472, 4270, 11463, 7716, 10695, 2015, 13362, 2895, 2015, 102, 102]
BLEU Score: 0.2183
Example 3 ---
Original text: the minor figures surrounding ( bobby )... form a gritty urban mosaic.
Reconstructed text: enables shafer, s spaces both large.. and a brilliant ama john nerve..
Original IDs: [101, 1996, 3576, 4481, 4193, 1006, 6173, 1007, 1012, 1012, 1012, 2433, 1037, 24842, 3723, 3923, 16061, 1012, 102]
Predicted IDs: [101, 12939, 21146, 7512, 1010, 1055, 7258, 2119, 2312, 1012, 1012, 1998, 1037, 8235, 25933, 2198, 9113, 1012, 1012]
BLEU Score: 0.0667

 --- Epoch 171
Task: Classification | Acc: 98.71% | Avg Loss: 0.036
Task: Reconstruction | Avg Loss: 2.397 
Mutual Information | Avg Loss: -0.00344
Total Loss | Avg Loss: 1.144
Time elapsed: 2:44:32.846030

 --- Epoch 172
Task: Classification | Acc: 98.76% | Avg Loss: 0.035
Task: Reconstruction | Avg Loss: 2.399 
Mutual Information | Avg Loss: -0.00350
Total Loss | Avg Loss: 1.103
Time elapsed: 2:45:29.957438

 --- Epoch 173
Task: Classification | Acc: 98.75% | Avg Loss: 0.035
Task: Reconstruction | Avg Loss: 2.396 
Mutual Information | Avg Loss: -0.00341
Total Loss | Avg Loss: 1.175
Time elapsed: 2:46:27.565935

 --- Epoch 174
Task: Classification | Acc: 98.73% | Avg Loss: 0.036
Task: Reconstruction | Avg Loss: 2.399 
Mutual Information | Avg Loss: -0.00341
Total Loss | Avg Loss: 1.136
Time elapsed: 2:47:25.005434

 --- Epoch 175
Task: Classification | Acc: 98.72% | Avg Loss: 0.037
Task: Reconstruction | Avg Loss: 2.370 
Mutual Information | Avg Loss: -0.00355
Total Loss | Avg Loss: 1.179
Time elapsed: 2:48:22.936345

 --- Epoch 176
Task: Classification | Acc: 98.81% | Avg Loss: 0.034
Task: Reconstruction | Avg Loss: 2.374 
Mutual Information | Avg Loss: -0.00348
Total Loss | Avg Loss: 1.092
Time elapsed: 2:49:19.845669

 --- Epoch 177
Task: Classification | Acc: 98.80% | Avg Loss: 0.034
Task: Reconstruction | Avg Loss: 2.372 
Mutual Information | Avg Loss: -0.00363
Total Loss | Avg Loss: 1.200
Time elapsed: 2:50:17.599943

 --- Epoch 178
Task: Classification | Acc: 98.68% | Avg Loss: 0.037
Task: Reconstruction | Avg Loss: 2.372 
Mutual Information | Avg Loss: -0.00365
Total Loss | Avg Loss: 1.259
Time elapsed: 2:51:15.853883

 --- Epoch 179
Task: Classification | Acc: 98.81% | Avg Loss: 0.033
Task: Reconstruction | Avg Loss: 2.377 
Mutual Information | Avg Loss: -0.00348
Total Loss | Avg Loss: 1.044
Time elapsed: 2:52:12.778367

 --- Epoch 180
Task: Classification | Acc: 98.81% | Avg Loss: 0.033
Task: Reconstruction | Avg Loss: 2.353 
Mutual Information | Avg Loss: -0.00326
Total Loss | Avg Loss: 1.061
Time elapsed: 2:53:09.987157
Example 1 ---
Original text: a gripping movie, played with performances that are all understated and touching.
Reconstructed text: a huge film the setup, the that is so laplayal and dull. and
Original IDs: [101, 1037, 13940, 3185, 1010, 2209, 2007, 4616, 2008, 2024, 2035, 2104, 9153, 3064, 1998, 7244, 1012, 102]
Predicted IDs: [101, 1037, 4121, 2143, 1996, 16437, 1010, 1996, 2008, 2003, 2061, 2474, 13068, 2389, 1998, 10634, 1012, 1998]
BLEU Score: 0.3333
Example 2 ---
Original text: is the time really ripe for a warmed - over james bond adventure, with a village idiot as the 007 clone?
Reconstructed text: is to it wants to be a self - time shenanits that like a distinguishs in the next 30 minutes
Original IDs: [101, 2003, 1996, 2051, 2428, 22503, 2005, 1037, 17336, 1011, 2058, 2508, 5416, 6172, 1010, 2007, 1037, 2352, 10041, 2004, 1996, 4002, 2581, 17598, 1029, 102]
Predicted IDs: [101, 2003, 2000, 2009, 4122, 2000, 2022, 1037, 2969, 1011, 2051, 21882, 7088, 3215, 2008, 2066, 1037, 10782, 2015, 1999, 1996, 2279, 2382, 2781, 102, 102]
BLEU Score: 0.2582
Example 3 ---
Original text: it treats women like idiots.
Reconstructed text: it feel half as half.
Original IDs: [101, 2009, 18452, 2308, 2066, 28781, 1012, 102]
Predicted IDs: [101, 2009, 2514, 2431, 2004, 2431, 1012, 102]
BLEU Score: 0.3333

 --- Epoch 181
Task: Classification | Acc: 98.77% | Avg Loss: 0.035
Task: Reconstruction | Avg Loss: 2.356 
Mutual Information | Avg Loss: -0.00336
Total Loss | Avg Loss: 1.125
Time elapsed: 2:54:07.557439

 --- Epoch 182
Task: Classification | Acc: 98.75% | Avg Loss: 0.037
Task: Reconstruction | Avg Loss: 2.346 
Mutual Information | Avg Loss: -0.00351
Total Loss | Avg Loss: 1.172
Time elapsed: 2:55:05.359639

 --- Epoch 183
Task: Classification | Acc: 98.79% | Avg Loss: 0.034
Task: Reconstruction | Avg Loss: 2.337 
Mutual Information | Avg Loss: -0.00365
Total Loss | Avg Loss: 1.243
Time elapsed: 2:56:03.648089

 --- Epoch 184
Task: Classification | Acc: 98.82% | Avg Loss: 0.035
Task: Reconstruction | Avg Loss: 2.348 
Mutual Information | Avg Loss: -0.00356
Total Loss | Avg Loss: 1.193
Time elapsed: 2:57:01.512804

 --- Epoch 185
Task: Classification | Acc: 98.76% | Avg Loss: 0.035
Task: Reconstruction | Avg Loss: 2.336 
Mutual Information | Avg Loss: -0.00351
Total Loss | Avg Loss: 1.157
Time elapsed: 2:57:59.394507

 --- Epoch 186
Task: Classification | Acc: 98.82% | Avg Loss: 0.035
Task: Reconstruction | Avg Loss: 2.325 
Mutual Information | Avg Loss: -0.00356
Total Loss | Avg Loss: 1.190
Time elapsed: 2:58:57.290203

 --- Epoch 187
Task: Classification | Acc: 98.84% | Avg Loss: 0.032
Task: Reconstruction | Avg Loss: 2.333 
Mutual Information | Avg Loss: -0.00350
Total Loss | Avg Loss: 1.089
Time elapsed: 2:59:54.545919

 --- Epoch 188
Task: Classification | Acc: 98.83% | Avg Loss: 0.034
Task: Reconstruction | Avg Loss: 2.317 
Mutual Information | Avg Loss: -0.00357
Total Loss | Avg Loss: 1.133
Time elapsed: 3:00:52.311539

 --- Epoch 189
Task: Classification | Acc: 98.84% | Avg Loss: 0.032
Task: Reconstruction | Avg Loss: 2.327 
Mutual Information | Avg Loss: -0.00361
Total Loss | Avg Loss: 1.224
Time elapsed: 3:01:50.551790

 --- Epoch 190
Task: Classification | Acc: 98.85% | Avg Loss: 0.033
Task: Reconstruction | Avg Loss: 2.321 
Mutual Information | Avg Loss: -0.00344
Total Loss | Avg Loss: 1.158
Time elapsed: 3:02:48.602421
Example 1 ---
Original text: having had the good sense to cast actors who are, generally speaking, adored by the movie - going public, khouri then gets terrific performances from them all.
Reconstructed text: the the the minutes animation that that you could is a martin of and seat for the pop - century comments, sentimentalirigue situations desperately.
Original IDs: [101, 2383, 2018, 1996, 2204, 3168, 2000, 3459, 5889, 2040, 2024, 1010, 3227, 4092, 1010, 28456, 2011, 1996, 3185, 1011, 2183, 2270, 1010, 1047, 6806, 9496, 2059, 4152, 27547, 4616, 2013, 2068, 2035, 1012, 102]
Predicted IDs: [101, 1996, 1996, 1996, 2781, 7284, 2008, 2008, 2017, 2071, 2003, 1037, 3235, 1997, 1998, 2835, 2005, 1996, 3769, 1011, 2301, 7928, 1010, 23069, 2072, 27611, 8146, 102, 102, 9652, 102, 102, 102, 1012, 102]
BLEU Score: 0.1587
Example 2 ---
Original text: is the time really ripe for a warmed - over james bond adventure, with a village idiot as the 007 clone?
Reconstructed text: feelsmpss it lump like a last - outta video theatricalr, like the good reaching in the new minutes up
Original IDs: [101, 2003, 1996, 2051, 2428, 22503, 2005, 1037, 17336, 1011, 2058, 2508, 5416, 6172, 1010, 2007, 1037, 2352, 10041, 2004, 1996, 4002, 2581, 17598, 1029, 102]
Predicted IDs: [101, 5683, 25370, 2015, 2009, 15116, 2066, 1037, 2197, 1011, 24955, 2678, 8900, 2099, 1010, 2066, 1996, 2204, 4285, 1999, 1996, 2047, 2781, 2039, 102, 102]
BLEU Score: 0.2152
Example 3 ---
Original text: one of the best films of the year with its exploration of the obstacles to happiness faced by five contemporary individuals... a psychological masterpiece.
Reconstructed text: avoids all the the casting of the situationsw, catalyst in the price of of more in rapting america... positively mis. moving
Original IDs: [101, 2028, 1997, 1996, 2190, 3152, 1997, 1996, 2095, 2007, 2049, 8993, 1997, 1996, 15314, 2000, 8404, 4320, 2011, 2274, 3824, 3633, 1012, 1012, 1012, 1037, 8317, 17743, 1012, 102]
Predicted IDs: [101, 26777, 2035, 1996, 1996, 9179, 1997, 1996, 3663, 26760, 1010, 16771, 1999, 1996, 3976, 1997, 1997, 2062, 1999, 9680, 3436, 2637, 1012, 1012, 1012, 13567, 28616, 1012, 102, 3048]
BLEU Score: 0.3067

 --- Epoch 191
Task: Classification | Acc: 98.82% | Avg Loss: 0.032
Task: Reconstruction | Avg Loss: 2.307 
Mutual Information | Avg Loss: -0.00328
Total Loss | Avg Loss: 1.109
Time elapsed: 3:03:46.374815

 --- Epoch 192
Task: Classification | Acc: 98.81% | Avg Loss: 0.033
Task: Reconstruction | Avg Loss: 2.297 
Mutual Information | Avg Loss: -0.00349
Total Loss | Avg Loss: 1.188
Time elapsed: 3:04:44.438350

 --- Epoch 193
Task: Classification | Acc: 98.83% | Avg Loss: 0.034
Task: Reconstruction | Avg Loss: 2.299 
Mutual Information | Avg Loss: -0.00344
Total Loss | Avg Loss: 1.160
Time elapsed: 3:05:42.236375

 --- Epoch 194
Task: Classification | Acc: 98.83% | Avg Loss: 0.034
Task: Reconstruction | Avg Loss: 2.285 
Mutual Information | Avg Loss: -0.00336
Total Loss | Avg Loss: 1.068
Time elapsed: 3:06:39.760946

 --- Epoch 195
Task: Classification | Acc: 98.81% | Avg Loss: 0.034
Task: Reconstruction | Avg Loss: 2.294 
Mutual Information | Avg Loss: -0.00342
Total Loss | Avg Loss: 1.153
Time elapsed: 3:07:37.752190

 --- Epoch 196
Task: Classification | Acc: 98.86% | Avg Loss: 0.033
Task: Reconstruction | Avg Loss: 2.289 
Mutual Information | Avg Loss: -0.00331
Total Loss | Avg Loss: 1.109
Time elapsed: 3:08:35.520559

 --- Epoch 197
Task: Classification | Acc: 98.76% | Avg Loss: 0.035
Task: Reconstruction | Avg Loss: 2.285 
Mutual Information | Avg Loss: -0.00355
Total Loss | Avg Loss: 1.199
Time elapsed: 3:09:33.964065

 --- Epoch 198
Task: Classification | Acc: 98.87% | Avg Loss: 0.031
Task: Reconstruction | Avg Loss: 2.276 
Mutual Information | Avg Loss: -0.00336
Total Loss | Avg Loss: 1.042
Time elapsed: 3:10:31.335809

 --- Epoch 199
Task: Classification | Acc: 98.72% | Avg Loss: 0.035
Task: Reconstruction | Avg Loss: 2.267 
Mutual Information | Avg Loss: -0.00354
Total Loss | Avg Loss: 1.127
Time elapsed: 3:11:29.227609

 --- Epoch 200
Task: Classification | Acc: 98.78% | Avg Loss: 0.031
Task: Reconstruction | Avg Loss: 2.279 
Mutual Information | Avg Loss: -0.00356
Total Loss | Avg Loss: 1.185
Time elapsed: 3:12:27.312598
Example 1 ---
Original text: it haunts you, you can't forget it, you admire its conception and are able to resolve some of the confusions you had while watching it.
Reconstructed text: if you you have, i you n'of the,, caught if stay watch re seat you to sneak out to the theater., or if., if
Original IDs: [101, 2009, 24542, 2015, 2017, 1010, 2017, 6187, 1050, 1005, 1056, 5293, 2009, 1010, 2017, 19837, 2049, 13120, 1998, 2024, 2583, 2000, 10663, 2070, 1997, 1996, 6724, 2015, 2017, 2018, 2096, 3666, 2009, 1012, 102]
Predicted IDs: [101, 2065, 2017, 2017, 2031, 1010, 1045, 2017, 1050, 1005, 1997, 1996, 1010, 1010, 3236, 2065, 2994, 3422, 2128, 2835, 2017, 2000, 13583, 2041, 2000, 1996, 4258, 1012, 102, 1010, 2030, 2065, 1012, 1010, 2065]
BLEU Score: 0.2759
Example 2 ---
Original text: how do you spell cliche?
Reconstructed text: , da i feel garbage...
Original IDs: [101, 2129, 2079, 2017, 6297, 18856, 17322, 1029, 102]
Predicted IDs: [101, 1010, 4830, 1045, 2514, 13044, 1012, 1012, 1012]
BLEU Score: 0.0000
Example 3 ---
Original text: looks and feels like a project better suited for the small screen.
Reconstructed text: is fit left as a reasonably good time in the own one
Original IDs: [101, 3504, 1998, 5683, 2066, 1037, 2622, 2488, 10897, 2005, 1996, 2235, 3898, 1012, 102]
Predicted IDs: [101, 2003, 4906, 2187, 2004, 1037, 16286, 2204, 2051, 1999, 1996, 2219, 2028, 102, 102]
BLEU Score: 0.1533

 --- Epoch 201
Task: Classification | Acc: 98.81% | Avg Loss: 0.033
Task: Reconstruction | Avg Loss: 2.272 
Mutual Information | Avg Loss: -0.00347
Total Loss | Avg Loss: 1.111
Time elapsed: 3:13:25.248260

 --- Epoch 202
Task: Classification | Acc: 98.99% | Avg Loss: 0.029
Task: Reconstruction | Avg Loss: 2.264 
Mutual Information | Avg Loss: -0.00345
Total Loss | Avg Loss: 1.131
Time elapsed: 3:14:23.091541

 --- Epoch 203
Task: Classification | Acc: 98.80% | Avg Loss: 0.034
Task: Reconstruction | Avg Loss: 2.254 
Mutual Information | Avg Loss: -0.00342
Total Loss | Avg Loss: 1.108
Time elapsed: 3:15:21.044758

 --- Epoch 204
Task: Classification | Acc: 98.90% | Avg Loss: 0.032
Task: Reconstruction | Avg Loss: 2.257 
Mutual Information | Avg Loss: -0.00330
Total Loss | Avg Loss: 1.122
Time elapsed: 3:16:18.940384

 --- Epoch 205
Task: Classification | Acc: 98.88% | Avg Loss: 0.032
Task: Reconstruction | Avg Loss: 2.241 
Mutual Information | Avg Loss: -0.00345
Total Loss | Avg Loss: 1.075
Time elapsed: 3:17:16.272194

 --- Epoch 206
Task: Classification | Acc: 98.89% | Avg Loss: 0.031
Task: Reconstruction | Avg Loss: 2.244 
Mutual Information | Avg Loss: -0.00372
Total Loss | Avg Loss: 1.186
Time elapsed: 3:18:14.607605

 --- Epoch 207
Task: Classification | Acc: 98.87% | Avg Loss: 0.031
Task: Reconstruction | Avg Loss: 2.224 
Mutual Information | Avg Loss: -0.00327
Total Loss | Avg Loss: 1.001
Time elapsed: 3:19:11.909666

 --- Epoch 208
Task: Classification | Acc: 98.85% | Avg Loss: 0.033
Task: Reconstruction | Avg Loss: 2.227 
Mutual Information | Avg Loss: -0.00356
Total Loss | Avg Loss: 1.134
Time elapsed: 3:20:09.819705

 --- Epoch 209
Task: Classification | Acc: 98.90% | Avg Loss: 0.031
Task: Reconstruction | Avg Loss: 2.223 
Mutual Information | Avg Loss: -0.00350
Total Loss | Avg Loss: 1.082
Time elapsed: 3:21:07.389550

 --- Epoch 210
Task: Classification | Acc: 98.97% | Avg Loss: 0.030
Task: Reconstruction | Avg Loss: 2.226 
Mutual Information | Avg Loss: -0.00347
Total Loss | Avg Loss: 1.104
Time elapsed: 3:22:04.979803
Example 1 ---
Original text: anchored by friel and williams's exceptional performances, the film's power lies in its complexity.
Reconstructed text: leave up about this that he's best prevalent all the girls whoses it in centered about
Original IDs: [101, 14453, 2011, 10424, 9257, 1998, 3766, 1005, 1055, 11813, 4616, 1010, 1996, 2143, 1005, 1055, 2373, 3658, 1999, 2049, 11619, 1012, 102]
Predicted IDs: [101, 2681, 2039, 2055, 2023, 2008, 2002, 1005, 1055, 2190, 15157, 2035, 1996, 3057, 102, 102, 3005, 102, 2015, 2009, 1999, 8857, 2055]
BLEU Score: 0.1664
Example 2 ---
Original text: it's somewhat clumsy and too lethargically paced - - but its story about a mysterious creature with psychic abilities offers a solid build - up, a terrific climax, and some nice chills along the way.
Reconstructed text: it's not to be a - bio everyone as so as in the soul. comedic of the film's comic poetry. wholesome least. in your story.
Original IDs: [101, 2009, 1005, 1055, 5399, 22902, 1998, 2205, 2292, 8167, 26715, 2135, 13823, 1011, 1011, 2021, 2049, 2466, 2055, 1037, 8075, 6492, 2007, 12663, 7590, 4107, 1037, 5024, 3857, 1011, 2039, 1010, 1037, 27547, 14463, 1010, 1998, 2070, 3835, 10720, 2015, 2247, 1996, 2126, 1012, 102]
Predicted IDs: [101, 2009, 1005, 1055, 2025, 2000, 2022, 1037, 1011, 16012, 3071, 2004, 2061, 1037, 2015, 1999, 1996, 3969, 1012, 102, 102, 21699, 1997, 1996, 2143, 1005, 1055, 5021, 4623, 102, 102, 1012, 102, 2878, 14045, 102, 102, 2560, 1012, 102, 102, 1999, 2115, 2466, 1012, 102]
BLEU Score: 0.1744
Example 3 ---
Original text: puts a human face on a land most westerners are unfamiliar with.
Reconstructed text: makes a powerful delight with a world that makes who becomes all apart
Original IDs: [101, 8509, 1037, 2529, 2227, 2006, 1037, 2455, 2087, 2530, 2545, 2024, 16261, 2007, 1012, 102]
Predicted IDs: [101, 3084, 1037, 3928, 12208, 2007, 1037, 2088, 2008, 3084, 2040, 4150, 2035, 4237, 102, 102]
BLEU Score: 0.2308

 --- Epoch 211
Task: Classification | Acc: 98.86% | Avg Loss: 0.031
Task: Reconstruction | Avg Loss: 2.220 
Mutual Information | Avg Loss: -0.00337
Total Loss | Avg Loss: 1.036
Time elapsed: 3:23:02.601243

 --- Epoch 212
Task: Classification | Acc: 98.82% | Avg Loss: 0.032
Task: Reconstruction | Avg Loss: 2.219 
Mutual Information | Avg Loss: -0.00336
Total Loss | Avg Loss: 1.036
Time elapsed: 3:24:00.140240

 --- Epoch 213
Task: Classification | Acc: 99.00% | Avg Loss: 0.028
Task: Reconstruction | Avg Loss: 2.225 
Mutual Information | Avg Loss: -0.00350
Total Loss | Avg Loss: 1.119
Time elapsed: 3:24:58.208396

 --- Epoch 214
Task: Classification | Acc: 98.95% | Avg Loss: 0.031
Task: Reconstruction | Avg Loss: 2.216 
Mutual Information | Avg Loss: -0.00361
Total Loss | Avg Loss: 1.123
Time elapsed: 3:25:56.071473

 --- Epoch 215
Task: Classification | Acc: 98.95% | Avg Loss: 0.031
Task: Reconstruction | Avg Loss: 2.215 
Mutual Information | Avg Loss: -0.00360
Total Loss | Avg Loss: 1.106
Time elapsed: 3:26:53.887863

 --- Epoch 216
Task: Classification | Acc: 98.93% | Avg Loss: 0.031
Task: Reconstruction | Avg Loss: 2.198 
Mutual Information | Avg Loss: -0.00341
Total Loss | Avg Loss: 1.013
Time elapsed: 3:27:51.248572

 --- Epoch 217
Task: Classification | Acc: 98.93% | Avg Loss: 0.031
Task: Reconstruction | Avg Loss: 2.199 
Mutual Information | Avg Loss: -0.00343
Total Loss | Avg Loss: 1.095
Time elapsed: 3:28:49.301625

 --- Epoch 218
Task: Classification | Acc: 98.93% | Avg Loss: 0.032
Task: Reconstruction | Avg Loss: 2.182 
Mutual Information | Avg Loss: -0.00361
Total Loss | Avg Loss: 1.142
Time elapsed: 3:29:47.327285

 --- Epoch 219
Task: Classification | Acc: 98.91% | Avg Loss: 0.031
Task: Reconstruction | Avg Loss: 2.183 
Mutual Information | Avg Loss: -0.00351
Total Loss | Avg Loss: 1.090
Time elapsed: 3:30:45.212363

 --- Epoch 220
Task: Classification | Acc: 98.93% | Avg Loss: 0.031
Task: Reconstruction | Avg Loss: 2.185 
Mutual Information | Avg Loss: -0.00342
Total Loss | Avg Loss: 1.100
Time elapsed: 3:31:43.471373
Example 1 ---
Original text: it's about following your dreams, no matter what your parents think.
Reconstructed text: it's not for the film, which how what the movie was.
Original IDs: [101, 2009, 1005, 1055, 2055, 2206, 2115, 5544, 1010, 2053, 3043, 2054, 2115, 3008, 2228, 1012, 102]
Predicted IDs: [101, 2009, 1005, 1055, 2025, 2005, 1996, 2143, 1010, 2029, 2129, 2054, 1996, 3185, 2001, 1012, 102]
BLEU Score: 0.3571
Example 2 ---
Original text: this is a shameless sham, calculated to cash in on the popularity of its stars.
Reconstructed text: , too barbershot with a spectacle to ar us from the middle of its commune
Original IDs: [101, 2023, 2003, 1037, 9467, 3238, 25850, 1010, 10174, 2000, 5356, 1999, 2006, 1996, 6217, 1997, 2049, 3340, 1012, 102]
Predicted IDs: [101, 1010, 2205, 13362, 22231, 2102, 2007, 1037, 21177, 2000, 12098, 2149, 2013, 1996, 2690, 1997, 2049, 5715, 102, 102]
BLEU Score: 0.3501
Example 3 ---
Original text: has all the depth of a wading pool.
Reconstructed text: achieve to the feel of a fanciful motion picture
Original IDs: [101, 2038, 2035, 1996, 5995, 1997, 1037, 28380, 3070, 4770, 1012, 102]
Predicted IDs: [101, 6162, 2000, 1996, 2514, 1997, 1037, 5470, 26336, 4367, 3861, 102]
BLEU Score: 0.3333

 --- Epoch 221
Task: Classification | Acc: 98.96% | Avg Loss: 0.030
Task: Reconstruction | Avg Loss: 2.176 
Mutual Information | Avg Loss: -0.00340
Total Loss | Avg Loss: 1.043
Time elapsed: 3:32:41.171586

 --- Epoch 222
Task: Classification | Acc: 98.97% | Avg Loss: 0.031
Task: Reconstruction | Avg Loss: 2.176 
Mutual Information | Avg Loss: -0.00344
Total Loss | Avg Loss: 1.083
Time elapsed: 3:33:38.840839

 --- Epoch 223
Task: Classification | Acc: 98.90% | Avg Loss: 0.031
Task: Reconstruction | Avg Loss: 2.165 
Mutual Information | Avg Loss: -0.00328
Total Loss | Avg Loss: 1.022
Time elapsed: 3:34:36.552059

 --- Epoch 224
Task: Classification | Acc: 98.92% | Avg Loss: 0.031
Task: Reconstruction | Avg Loss: 2.167 
Mutual Information | Avg Loss: -0.00341
Total Loss | Avg Loss: 1.115
Time elapsed: 3:35:34.527957

 --- Epoch 225
Task: Classification | Acc: 99.03% | Avg Loss: 0.028
Task: Reconstruction | Avg Loss: 2.169 
Mutual Information | Avg Loss: -0.00340
Total Loss | Avg Loss: 1.059
Time elapsed: 3:36:32.034820

 --- Epoch 226
Task: Classification | Acc: 98.99% | Avg Loss: 0.030
Task: Reconstruction | Avg Loss: 2.158 
Mutual Information | Avg Loss: -0.00340
Total Loss | Avg Loss: 1.042
Time elapsed: 3:37:29.781193

 --- Epoch 227
Task: Classification | Acc: 98.93% | Avg Loss: 0.031
Task: Reconstruction | Avg Loss: 2.160 
Mutual Information | Avg Loss: -0.00331
Total Loss | Avg Loss: 0.992
Time elapsed: 3:38:27.142113

 --- Epoch 228
Task: Classification | Acc: 99.00% | Avg Loss: 0.029
Task: Reconstruction | Avg Loss: 2.151 
Mutual Information | Avg Loss: -0.00349
Total Loss | Avg Loss: 1.082
Time elapsed: 3:39:25.157998

 --- Epoch 229
Task: Classification | Acc: 99.02% | Avg Loss: 0.027
Task: Reconstruction | Avg Loss: 2.143 
Mutual Information | Avg Loss: -0.00332
Total Loss | Avg Loss: 1.010
Time elapsed: 3:40:22.658446

 --- Epoch 230
Task: Classification | Acc: 98.96% | Avg Loss: 0.030
Task: Reconstruction | Avg Loss: 2.143 
Mutual Information | Avg Loss: -0.00360
Total Loss | Avg Loss: 1.105
Time elapsed: 3:41:20.678145
Example 1 ---
Original text: the son's room is a triumph of gentility that earns its moments of pathos.
Reconstructed text: , it's ) quite a examination of w,ally rare in the gloss of highness
Original IDs: [101, 1996, 2365, 1005, 1055, 2282, 2003, 1037, 10911, 1997, 8991, 18724, 2008, 7796, 2015, 2049, 5312, 1997, 4130, 2891, 1012, 102]
Predicted IDs: [101, 1010, 2009, 1005, 1055, 1007, 3243, 1037, 7749, 1997, 1059, 1010, 3973, 4678, 1999, 1996, 27068, 1997, 2152, 2791, 102, 102]
BLEU Score: 0.2941
Example 2 ---
Original text: it has charm to spare, and unlike many romantic comedies, it does not alienate either gender in the audience.
Reconstructed text: is is of of films, that is in so matter, which should never well outside and not be fairly.
Original IDs: [101, 2009, 2038, 11084, 2000, 8622, 1010, 1998, 4406, 2116, 6298, 22092, 1010, 2009, 2515, 2025, 7344, 3686, 2593, 5907, 1999, 1996, 4378, 1012, 102]
Predicted IDs: [101, 2003, 2003, 1997, 1997, 3152, 1010, 2008, 2003, 1999, 2061, 3043, 1010, 2029, 2323, 2196, 2092, 2648, 1998, 2025, 2022, 7199, 1012, 102, 102]
BLEU Score: 0.2727
Example 3 ---
Original text: the movie is beautiful to behold and engages one in a sense of epic struggle - - inner and outer - - that's all too rare in hollywood's hastier productions.
Reconstructed text: the all the movie, is,,, and the ranks of all players - - and, romantic - - that's moving about best s belt..
Original IDs: [101, 1996, 3185, 2003, 3376, 2000, 27541, 1998, 24255, 2028, 1999, 1037, 3168, 1997, 8680, 5998, 1011, 1011, 5110, 1998, 6058, 1011, 1011, 2008, 1005, 1055, 2035, 2205, 4678, 1999, 5365, 1005, 1055, 2038, 17579, 5453, 1012, 102]
Predicted IDs: [101, 1996, 2035, 1996, 3185, 1010, 2003, 1010, 1010, 1010, 1998, 1996, 6938, 1997, 2035, 2867, 1011, 1011, 1998, 1010, 6298, 1011, 1011, 2008, 1005, 1055, 3048, 102, 102, 2055, 2190, 102, 1055, 5583, 1012, 102, 1012, 102]
BLEU Score: 0.3921

 --- Epoch 231
Task: Classification | Acc: 98.89% | Avg Loss: 0.030
Task: Reconstruction | Avg Loss: 2.155 
Mutual Information | Avg Loss: -0.00354
Total Loss | Avg Loss: 1.116
Time elapsed: 3:42:18.820480

 --- Epoch 232
Task: Classification | Acc: 98.95% | Avg Loss: 0.030
Task: Reconstruction | Avg Loss: 2.135 
Mutual Information | Avg Loss: -0.00343
Total Loss | Avg Loss: 1.062
Time elapsed: 3:43:16.743554

 --- Epoch 233
Task: Classification | Acc: 98.98% | Avg Loss: 0.030
Task: Reconstruction | Avg Loss: 2.134 
Mutual Information | Avg Loss: -0.00347
Total Loss | Avg Loss: 1.057
Time elapsed: 3:44:14.554589

 --- Epoch 234
Task: Classification | Acc: 98.96% | Avg Loss: 0.031
Task: Reconstruction | Avg Loss: 2.134 
Mutual Information | Avg Loss: -0.00343
Total Loss | Avg Loss: 1.094
Time elapsed: 3:45:12.838336

 --- Epoch 235
Task: Classification | Acc: 99.11% | Avg Loss: 0.026
Task: Reconstruction | Avg Loss: 2.132 
Mutual Information | Avg Loss: -0.00337
Total Loss | Avg Loss: 0.987
Time elapsed: 3:46:10.193837

 --- Epoch 236
Task: Classification | Acc: 99.04% | Avg Loss: 0.028
Task: Reconstruction | Avg Loss: 2.129 
Mutual Information | Avg Loss: -0.00340
Total Loss | Avg Loss: 1.059
Time elapsed: 3:47:08.152193

 --- Epoch 237
Task: Classification | Acc: 99.09% | Avg Loss: 0.028
Task: Reconstruction | Avg Loss: 2.128 
Mutual Information | Avg Loss: -0.00345
Total Loss | Avg Loss: 1.033
Time elapsed: 3:48:05.919654

 --- Epoch 238
Task: Classification | Acc: 98.92% | Avg Loss: 0.030
Task: Reconstruction | Avg Loss: 2.115 
Mutual Information | Avg Loss: -0.00349
Total Loss | Avg Loss: 1.016
Time elapsed: 3:49:03.410449

 --- Epoch 239
Task: Classification | Acc: 98.94% | Avg Loss: 0.028
Task: Reconstruction | Avg Loss: 2.115 
Mutual Information | Avg Loss: -0.00341
Total Loss | Avg Loss: 1.016
Time elapsed: 3:50:01.284244

 --- Epoch 240
Task: Classification | Acc: 99.02% | Avg Loss: 0.028
Task: Reconstruction | Avg Loss: 2.107 
Mutual Information | Avg Loss: -0.00357
Total Loss | Avg Loss: 1.050
Time elapsed: 3:50:59.170069
Example 1 ---
Original text: a coda in every sense, the pinochet case splits time between a minute - by - minute account of the british court's extradition chess game and the regime's talking - head survivors.
Reconstructed text: an filmre 'h and the capable, drama ofistic and performance has a art - who - as one of the that woman's face,,weig by the film's simple -.
Original IDs: [101, 1037, 19429, 2050, 1999, 2296, 3168, 1010, 1996, 9231, 23555, 2102, 2553, 19584, 2051, 2090, 1037, 3371, 1011, 2011, 1011, 3371, 4070, 1997, 1996, 2329, 2457, 1005, 1055, 4469, 20562, 7433, 2208, 1998, 1996, 6939, 1005, 1055, 3331, 1011, 2132, 8643, 1012, 102]
Predicted IDs: [101, 2019, 2143, 2890, 1005, 2232, 1998, 1996, 5214, 1010, 3689, 1997, 6553, 1998, 2836, 2038, 1037, 2396, 1011, 2040, 1011, 2004, 2028, 1997, 1996, 2008, 2450, 1005, 1055, 2227, 1010, 1010, 27204, 2011, 1996, 2143, 1005, 1055, 3722, 1011, 102, 102, 1012, 102]
BLEU Score: 0.3887
Example 2 ---
Original text: the movie, directed by mick jackson, leaves no cliche unturned, from the predictable plot to the characters straight out of central casting.
Reconstructed text: the structure and is,, spirit,, sl,, intentionsy dialogue, a a to slip on the little at of obligatory cheap..
Original IDs: [101, 1996, 3185, 1010, 2856, 2011, 10872, 4027, 1010, 3727, 2053, 18856, 17322, 4895, 22299, 2098, 1010, 2013, 1996, 21425, 5436, 2000, 1996, 3494, 3442, 2041, 1997, 2430, 9179, 1012, 102]
Predicted IDs: [101, 1996, 3252, 1998, 2003, 1010, 1010, 4382, 1010, 1010, 22889, 1010, 1010, 11174, 2100, 7982, 1010, 1037, 1037, 2000, 7540, 2006, 1996, 2210, 1037, 2102, 1997, 26471, 10036, 1012, 1012]
BLEU Score: 0.2593
Example 3 ---
Original text: try as i may, i can't think of a single good reason to see this movie, even though everyone in my group extemporaneously shouted, ` thank you! '
Reconstructed text: i i know if the set don't very sharp,,, to the you's,n'to on the own these prebiptiveptive. at some week..
Original IDs: [101, 3046, 2004, 1045, 2089, 1010, 1045, 6187, 1050, 1005, 1056, 2228, 1997, 1037, 2309, 2204, 3114, 2000, 2156, 2023, 3185, 1010, 2130, 2295, 3071, 1999, 2026, 2177, 4654, 18532, 17822, 17191, 2135, 6626, 1010, 1036, 4067, 2017, 999, 1005, 102]
Predicted IDs: [101, 1045, 1045, 2113, 2065, 1996, 2275, 2079, 1050, 1005, 1056, 2200, 4629, 1010, 1010, 1010, 2000, 1996, 2017, 1005, 1055, 1010, 1050, 1005, 2000, 2006, 1996, 2219, 2122, 3653, 5638, 24971, 24971, 1012, 102, 2012, 2070, 2733, 1012, 1012, 102]
BLEU Score: 0.2403

 --- Epoch 241
Task: Classification | Acc: 98.95% | Avg Loss: 0.031
Task: Reconstruction | Avg Loss: 2.103 
Mutual Information | Avg Loss: -0.00355
Total Loss | Avg Loss: 1.025
Time elapsed: 3:51:56.822130

 --- Epoch 242
Task: Classification | Acc: 99.04% | Avg Loss: 0.027
Task: Reconstruction | Avg Loss: 2.119 
Mutual Information | Avg Loss: -0.00339
Total Loss | Avg Loss: 0.974
Time elapsed: 3:52:54.233702

 --- Epoch 243
Task: Classification | Acc: 99.00% | Avg Loss: 0.028
Task: Reconstruction | Avg Loss: 2.102 
Mutual Information | Avg Loss: -0.00352
Total Loss | Avg Loss: 1.047
Time elapsed: 3:53:52.341315

 --- Epoch 244
Task: Classification | Acc: 98.95% | Avg Loss: 0.030
Task: Reconstruction | Avg Loss: 2.086 
Mutual Information | Avg Loss: -0.00349
Total Loss | Avg Loss: 1.025
Time elapsed: 3:54:50.026230

 --- Epoch 245
Task: Classification | Acc: 99.05% | Avg Loss: 0.027
Task: Reconstruction | Avg Loss: 2.115 
Mutual Information | Avg Loss: -0.00339
Total Loss | Avg Loss: 1.015
Time elapsed: 3:55:47.570809

 --- Epoch 246
Task: Classification | Acc: 98.98% | Avg Loss: 0.029
Task: Reconstruction | Avg Loss: 2.102 
Mutual Information | Avg Loss: -0.00354
Total Loss | Avg Loss: 1.087
Time elapsed: 3:56:45.771697

 --- Epoch 247
Task: Classification | Acc: 99.08% | Avg Loss: 0.026
Task: Reconstruction | Avg Loss: 2.094 
Mutual Information | Avg Loss: -0.00337
Total Loss | Avg Loss: 1.012
Time elapsed: 3:57:43.378096

 --- Epoch 248
Task: Classification | Acc: 99.04% | Avg Loss: 0.027
Task: Reconstruction | Avg Loss: 2.085 
Mutual Information | Avg Loss: -0.00347
Total Loss | Avg Loss: 1.062
Time elapsed: 3:58:41.414660

 --- Epoch 249
Task: Classification | Acc: 99.08% | Avg Loss: 0.027
Task: Reconstruction | Avg Loss: 2.084 
Mutual Information | Avg Loss: -0.00356
Total Loss | Avg Loss: 1.069
Time elapsed: 3:59:39.259825

 --- Epoch 250
Task: Classification | Acc: 98.95% | Avg Loss: 0.029
Task: Reconstruction | Avg Loss: 2.065 
Mutual Information | Avg Loss: -0.00354
Total Loss | Avg Loss: 1.067
Time elapsed: 4:00:37.446515
Example 1 ---
Original text: a science - fiction pastiche so lacking in originality that if you stripped away its inspirations there would be precious little left.
Reconstructed text: a all - director good movie that that that no more in the people money why the talented thing you would ever so.
Original IDs: [101, 1037, 2671, 1011, 4349, 2627, 17322, 2061, 11158, 1999, 2434, 3012, 2008, 2065, 2017, 10040, 2185, 2049, 7780, 2015, 2045, 2052, 2022, 9062, 2210, 2187, 1012, 102]
Predicted IDs: [101, 1037, 2035, 1011, 2472, 2204, 3185, 2008, 2008, 2008, 2053, 2062, 1999, 1996, 2111, 2769, 2339, 1996, 10904, 2518, 2017, 2052, 2412, 2061, 1012, 102, 102, 102]
BLEU Score: 0.3333
Example 2 ---
Original text: the movie achieves as great an impact by keeping these thoughts hidden as... ( quills ) did by showing them.
Reconstructed text: it is one for devoid to interesting ideas in some strong love stories.... around, the little little..
Original IDs: [101, 1996, 3185, 6162, 2015, 2004, 2307, 2019, 4254, 2011, 4363, 2122, 4301, 5023, 2004, 1012, 1012, 1012, 1006, 21864, 12718, 1007, 2106, 2011, 4760, 2068, 1012, 102]
Predicted IDs: [101, 2009, 2003, 2028, 2005, 22808, 2000, 5875, 4784, 1999, 2070, 2844, 2293, 3441, 1012, 1012, 1012, 1012, 102, 102, 2105, 1010, 1996, 2210, 2210, 1012, 1012, 102]
BLEU Score: 0.0452
Example 3 ---
Original text: schaeffer has to find some hook on which to hang his persistently useless movies, and it might as well be the resuscitation of the middle - aged character.
Reconstructed text: the the the, on the,,,, ex for the to, the life, the characters can be forgiven forgiven without una subicheing to the old - headss.
Original IDs: [101, 8040, 25293, 12494, 2038, 2000, 2424, 2070, 8103, 2006, 2029, 2000, 6865, 2010, 14516, 2135, 11809, 5691, 1010, 1998, 2009, 2453, 2004, 2092, 2022, 1996, 24501, 2271, 26243, 3370, 1997, 1996, 2690, 1011, 4793, 2839, 1012, 102]
Predicted IDs: [101, 1996, 1996, 1996, 1010, 2006, 1996, 1010, 1010, 1010, 1010, 4654, 2005, 1996, 2000, 1010, 1996, 2166, 1010, 1996, 3494, 2064, 2022, 24280, 24280, 2302, 14477, 4942, 17322, 2075, 2000, 1996, 2214, 1011, 4641, 2015, 1012, 102]
BLEU Score: 0.2727

--- Final Test BLEU Score ---
Avg BLEU Score: 0.2543
Training lasted 4:00:39.119064
