nohup: ignoring input
Training started at 2025-06-30 05:18:58
Training detail: learning rate: 0.00027524094128159016, weight decay: 1e-2, total epochs: 250, batch size: 512, seed: 2231
Starting training...

 --- Epoch 1
Task: Reconstruction | Avg Loss: 0.000 
Mutual Information | Avg Loss: -0.00110
Total Loss | Avg Loss: 0.620
Time elapsed: 0:04:05.541428
[Eval Classification Acc: 71.79%

 --- Epoch 2
Task: Reconstruction | Avg Loss: 0.000 
Mutual Information | Avg Loss: -0.00207
Total Loss | Avg Loss: 0.461
Time elapsed: 0:08:32.508259
[Eval Classification Acc: 77.77%

 --- Epoch 3
Task: Reconstruction | Avg Loss: 0.000 
Mutual Information | Avg Loss: -0.00214
Total Loss | Avg Loss: 0.414
Time elapsed: 0:12:59.324413
[Eval Classification Acc: 81.51%

 --- Epoch 4
Task: Reconstruction | Avg Loss: 0.000 
Mutual Information | Avg Loss: -0.00223
Total Loss | Avg Loss: 0.384
Time elapsed: 0:17:26.013152
[Eval Classification Acc: 81.63%

 --- Epoch 5
Task: Reconstruction | Avg Loss: 0.000 
Mutual Information | Avg Loss: -0.00237
Total Loss | Avg Loss: 0.361
Time elapsed: 0:21:52.559629
[Eval Classification Acc: 83.88%

 --- Epoch 6
Task: Reconstruction | Avg Loss: 0.000 
Mutual Information | Avg Loss: -0.00288
Total Loss | Avg Loss: 0.335
Time elapsed: 0:26:19.127586
[Eval Classification Acc: 84.23%

 --- Epoch 7
Task: Reconstruction | Avg Loss: 0.000 
Mutual Information | Avg Loss: -0.00346
Total Loss | Avg Loss: 0.314
Time elapsed: 0:30:45.897985
[Eval Classification Acc: 84.82%

 --- Epoch 8
Task: Reconstruction | Avg Loss: 0.000 
Mutual Information | Avg Loss: -0.00358
Total Loss | Avg Loss: 0.299
Time elapsed: 0:35:12.663298
[Eval Classification Acc: 84.57%

 --- Epoch 9
Task: Reconstruction | Avg Loss: 0.000 
Mutual Information | Avg Loss: -0.00363
Total Loss | Avg Loss: 0.287
Time elapsed: 0:39:39.213796
[Eval Classification Acc: 85.84%

 --- Epoch 10
Task: Reconstruction | Avg Loss: 0.000 
Mutual Information | Avg Loss: -0.00361
Total Loss | Avg Loss: 0.280
Time elapsed: 0:44:05.789640
[Eval Classification Acc: 86.52%

 --- Epoch 11
Task: Reconstruction | Avg Loss: 0.000 
Mutual Information | Avg Loss: -0.00362
Total Loss | Avg Loss: 0.270
Time elapsed: 0:48:32.321013
[Eval Classification Acc: 86.82%

 --- Epoch 12
Task: Reconstruction | Avg Loss: 0.000 
Mutual Information | Avg Loss: -0.00362
Total Loss | Avg Loss: 0.263
Time elapsed: 0:52:58.747298
[Eval Classification Acc: 87.05%

 --- Epoch 13
Task: Reconstruction | Avg Loss: 0.000 
Mutual Information | Avg Loss: -0.00359
Total Loss | Avg Loss: 0.258
Time elapsed: 0:57:25.440350
[Eval Classification Acc: 86.76%

 --- Epoch 14
Task: Reconstruction | Avg Loss: 0.000 
Mutual Information | Avg Loss: -0.00359
Total Loss | Avg Loss: 0.248
Time elapsed: 1:01:52.024469
[Eval Classification Acc: 87.47%

 --- Epoch 15
Task: Reconstruction | Avg Loss: 0.000 
Mutual Information | Avg Loss: -0.00359
Total Loss | Avg Loss: 0.242
Time elapsed: 1:06:18.500949
[Eval Classification Acc: 87.79%

 --- Epoch 16
Task: Reconstruction | Avg Loss: 0.000 
Mutual Information | Avg Loss: -0.00355
Total Loss | Avg Loss: 0.234
Time elapsed: 1:10:45.153443
[Eval Classification Acc: 87.92%

 --- Epoch 17
Task: Reconstruction | Avg Loss: 0.000 
Mutual Information | Avg Loss: -0.00352
Total Loss | Avg Loss: 0.228
Time elapsed: 1:15:11.641023
[Eval Classification Acc: 87.88%

 --- Epoch 18
Task: Reconstruction | Avg Loss: 0.000 
Mutual Information | Avg Loss: -0.00351
Total Loss | Avg Loss: 0.221
Time elapsed: 1:19:38.174034
[Eval Classification Acc: 87.80%

 --- Epoch 19
Task: Reconstruction | Avg Loss: 0.000 
Mutual Information | Avg Loss: -0.00350
Total Loss | Avg Loss: 0.216
Time elapsed: 1:24:04.809172
[Eval Classification Acc: 87.21%

 --- Epoch 20
Task: Reconstruction | Avg Loss: 0.000 
Mutual Information | Avg Loss: -0.00344
Total Loss | Avg Loss: 0.211
Time elapsed: 1:28:31.402775
[Eval Classification Acc: 88.18%

 --- Epoch 21
Task: Reconstruction | Avg Loss: 0.000 
Mutual Information | Avg Loss: -0.00344
Total Loss | Avg Loss: 0.205
Time elapsed: 1:32:57.977576
[Eval Classification Acc: 88.12%

 --- Epoch 22
Task: Reconstruction | Avg Loss: 0.000 
Mutual Information | Avg Loss: -0.00344
Total Loss | Avg Loss: 0.201
Time elapsed: 1:37:24.562549
[Eval Classification Acc: 88.18%

 --- Epoch 23
Task: Reconstruction | Avg Loss: 0.000 
Mutual Information | Avg Loss: -0.00341
Total Loss | Avg Loss: 0.195
Time elapsed: 1:41:51.166174
[Eval Classification Acc: 88.33%

 --- Epoch 24
Task: Reconstruction | Avg Loss: 0.000 
Mutual Information | Avg Loss: -0.00343
Total Loss | Avg Loss: 0.191
Time elapsed: 1:46:17.620594
[Eval Classification Acc: 88.26%

 --- Epoch 25
Task: Reconstruction | Avg Loss: 0.000 
Mutual Information | Avg Loss: -0.00336
Total Loss | Avg Loss: 0.187
Time elapsed: 1:50:44.294775
[Eval Classification Acc: 88.19%

 --- Epoch 26
Task: Reconstruction | Avg Loss: 0.000 
Mutual Information | Avg Loss: -0.00340
Total Loss | Avg Loss: 0.182
Time elapsed: 1:55:10.809194
[Eval Classification Acc: 88.39%

 --- Epoch 27
Task: Reconstruction | Avg Loss: 0.000 
Mutual Information | Avg Loss: -0.00335
Total Loss | Avg Loss: 0.179
Time elapsed: 1:59:37.345484
[Eval Classification Acc: 88.55%

 --- Epoch 28
Task: Reconstruction | Avg Loss: 0.000 
Mutual Information | Avg Loss: -0.00334
Total Loss | Avg Loss: 0.174
Time elapsed: 2:04:03.848976
[Eval Classification Acc: 88.23%

 --- Epoch 29
Task: Reconstruction | Avg Loss: 0.000 
Mutual Information | Avg Loss: -0.00331
Total Loss | Avg Loss: 0.171
Time elapsed: 2:08:30.482267
[Eval Classification Acc: 88.42%

 --- Epoch 30
Task: Reconstruction | Avg Loss: 0.000 
Mutual Information | Avg Loss: -0.00324
Total Loss | Avg Loss: 0.167
Time elapsed: 2:12:57.153783
[Eval Classification Acc: 88.57%

 --- Epoch 31
Task: Reconstruction | Avg Loss: 0.000 
Mutual Information | Avg Loss: -0.00328
Total Loss | Avg Loss: 0.163
Time elapsed: 2:17:23.769015
[Eval Classification Acc: 88.17%

 --- Epoch 32
Task: Reconstruction | Avg Loss: 0.000 
Mutual Information | Avg Loss: -0.00325
Total Loss | Avg Loss: 0.161
Time elapsed: 2:21:50.491716
[Eval Classification Acc: 88.20%

 --- Epoch 33
Task: Reconstruction | Avg Loss: 0.000 
Mutual Information | Avg Loss: -0.00327
Total Loss | Avg Loss: 0.156
Time elapsed: 2:26:17.165086
[Eval Classification Acc: 88.74%

 --- Epoch 34
Task: Reconstruction | Avg Loss: 0.000 
Mutual Information | Avg Loss: -0.00323
Total Loss | Avg Loss: 0.154
Time elapsed: 2:30:43.916505
[Eval Classification Acc: 88.45%

 --- Epoch 35
Task: Reconstruction | Avg Loss: 0.000 
Mutual Information | Avg Loss: -0.00319
Total Loss | Avg Loss: 0.151
Time elapsed: 2:35:10.830622
[Eval Classification Acc: 88.18%

 --- Epoch 36
Task: Reconstruction | Avg Loss: 0.000 
Mutual Information | Avg Loss: -0.00327
Total Loss | Avg Loss: 0.149
Time elapsed: 2:39:37.678612
[Eval Classification Acc: 88.41%

 --- Epoch 37
Task: Reconstruction | Avg Loss: 0.000 
Mutual Information | Avg Loss: -0.00316
Total Loss | Avg Loss: 0.147
Time elapsed: 2:44:04.488968
[Eval Classification Acc: 88.51%

 --- Epoch 38
Task: Reconstruction | Avg Loss: 0.000 
Mutual Information | Avg Loss: -0.00323
Total Loss | Avg Loss: 0.143
Time elapsed: 2:48:31.136275
[Eval Classification Acc: 88.87%

 --- Epoch 39
Task: Reconstruction | Avg Loss: 0.000 
Mutual Information | Avg Loss: -0.00320
Total Loss | Avg Loss: 0.141
Time elapsed: 2:52:57.831594
[Eval Classification Acc: 88.34%

 --- Epoch 40
Task: Reconstruction | Avg Loss: 0.000 
Mutual Information | Avg Loss: -0.00322
Total Loss | Avg Loss: 0.135
Time elapsed: 2:57:24.482200
[Eval Classification Acc: 88.57%

 --- Epoch 41
Task: Reconstruction | Avg Loss: 0.000 
Mutual Information | Avg Loss: -0.00320
Total Loss | Avg Loss: 0.134
Time elapsed: 3:01:51.053933
[Eval Classification Acc: 88.71%

 --- Epoch 42
Task: Reconstruction | Avg Loss: 0.000 
Mutual Information | Avg Loss: -0.00317
Total Loss | Avg Loss: 0.132
Time elapsed: 3:06:17.620667
[Eval Classification Acc: 88.79%

 --- Epoch 43
Task: Reconstruction | Avg Loss: 0.000 
Mutual Information | Avg Loss: -0.00317
Total Loss | Avg Loss: 0.129
Time elapsed: 3:10:44.138531
[Eval Classification Acc: 88.39%

 --- Epoch 44
Task: Reconstruction | Avg Loss: 0.000 
Mutual Information | Avg Loss: -0.00314
Total Loss | Avg Loss: 0.127
Time elapsed: 3:15:10.722480
[Eval Classification Acc: 88.64%

 --- Epoch 45
Task: Reconstruction | Avg Loss: 0.000 
Mutual Information | Avg Loss: -0.00313
Total Loss | Avg Loss: 0.123
Time elapsed: 3:19:37.408906
[Eval Classification Acc: 88.66%

 --- Epoch 46
Task: Reconstruction | Avg Loss: 0.000 
Mutual Information | Avg Loss: -0.00309
Total Loss | Avg Loss: 0.123
Time elapsed: 3:24:04.176312
[Eval Classification Acc: 88.84%

 --- Epoch 47
Task: Reconstruction | Avg Loss: 0.000 
Mutual Information | Avg Loss: -0.00313
Total Loss | Avg Loss: 0.119
Time elapsed: 3:28:30.715751
[Eval Classification Acc: 88.64%

 --- Epoch 48
Task: Reconstruction | Avg Loss: 0.000 
Mutual Information | Avg Loss: -0.00312
Total Loss | Avg Loss: 0.117
Time elapsed: 3:32:57.197582
[Eval Classification Acc: 88.24%

 --- Epoch 49
Task: Reconstruction | Avg Loss: 0.000 
Mutual Information | Avg Loss: -0.00311
Total Loss | Avg Loss: 0.115
Time elapsed: 3:37:23.833985
[Eval Classification Acc: 88.71%

 --- Epoch 50
Task: Reconstruction | Avg Loss: 0.000 
Mutual Information | Avg Loss: -0.00305
Total Loss | Avg Loss: 0.114
Time elapsed: 3:41:50.578304
[Eval Classification Acc: 88.54%

 --- Epoch 51
Task: Reconstruction | Avg Loss: 0.000 
Mutual Information | Avg Loss: -0.00303
Total Loss | Avg Loss: 0.111
Time elapsed: 3:46:17.548123
[Eval Classification Acc: 88.77%

 --- Epoch 52
Task: Reconstruction | Avg Loss: 0.000 
Mutual Information | Avg Loss: -0.00310
Total Loss | Avg Loss: 0.109
Time elapsed: 3:50:44.172409
[Eval Classification Acc: 88.78%

 --- Epoch 53
Task: Reconstruction | Avg Loss: 0.000 
Mutual Information | Avg Loss: -0.00303
Total Loss | Avg Loss: 0.107
Time elapsed: 3:55:10.916181
[Eval Classification Acc: 88.86%

 --- Epoch 54
Task: Reconstruction | Avg Loss: 0.000 
Mutual Information | Avg Loss: -0.00303
Total Loss | Avg Loss: 0.105
Time elapsed: 3:59:37.624038
[Eval Classification Acc: 88.94%

 --- Epoch 55
Task: Reconstruction | Avg Loss: 0.000 
Mutual Information | Avg Loss: -0.00300
Total Loss | Avg Loss: 0.103
Time elapsed: 4:04:04.348442
[Eval Classification Acc: 89.16%

 --- Epoch 56
Task: Reconstruction | Avg Loss: 0.000 
Mutual Information | Avg Loss: -0.00302
Total Loss | Avg Loss: 0.101
Time elapsed: 4:08:31.031449
[Eval Classification Acc: 88.84%

 --- Epoch 57
Task: Reconstruction | Avg Loss: 0.000 
Mutual Information | Avg Loss: -0.00301
Total Loss | Avg Loss: 0.101
Time elapsed: 4:12:57.425560
[Eval Classification Acc: 88.56%

 --- Epoch 58
Task: Reconstruction | Avg Loss: 0.000 
Mutual Information | Avg Loss: -0.00298
Total Loss | Avg Loss: 0.098
Time elapsed: 4:17:23.893958
[Eval Classification Acc: 89.04%

 --- Epoch 59
Task: Reconstruction | Avg Loss: 0.000 
Mutual Information | Avg Loss: -0.00299
Total Loss | Avg Loss: 0.096
Time elapsed: 4:21:50.421893
[Eval Classification Acc: 88.75%

 --- Epoch 60
Task: Reconstruction | Avg Loss: 0.000 
Mutual Information | Avg Loss: -0.00299
Total Loss | Avg Loss: 0.094
Time elapsed: 4:26:16.915125
[Eval Classification Acc: 88.61%

 --- Epoch 61
Task: Reconstruction | Avg Loss: 0.000 
Mutual Information | Avg Loss: -0.00299
Total Loss | Avg Loss: 0.092
Time elapsed: 4:30:43.460989
[Eval Classification Acc: 88.75%

 --- Epoch 62
Task: Reconstruction | Avg Loss: 0.000 
Mutual Information | Avg Loss: -0.00299
Total Loss | Avg Loss: 0.091
Time elapsed: 4:35:09.909670
[Eval Classification Acc: 88.76%

 --- Epoch 63
Task: Reconstruction | Avg Loss: 0.000 
Mutual Information | Avg Loss: -0.00299
Total Loss | Avg Loss: 0.089
Time elapsed: 4:39:36.515421
[Eval Classification Acc: 88.40%

 --- Epoch 64
Task: Reconstruction | Avg Loss: 0.000 
Mutual Information | Avg Loss: -0.00294
Total Loss | Avg Loss: 0.088
Time elapsed: 4:44:03.194516
[Eval Classification Acc: 88.86%

 --- Epoch 65
Task: Reconstruction | Avg Loss: 0.000 
Mutual Information | Avg Loss: -0.00296
Total Loss | Avg Loss: 0.088
Time elapsed: 4:50:09.624349
[Eval Classification Acc: 88.64%

 --- Epoch 66
Task: Reconstruction | Avg Loss: 0.000 
Mutual Information | Avg Loss: -0.00297
Total Loss | Avg Loss: 0.085
Time elapsed: 4:56:58.387308
[Eval Classification Acc: 88.66%

 --- Epoch 67
Task: Reconstruction | Avg Loss: 0.000 
Mutual Information | Avg Loss: -0.00294
Total Loss | Avg Loss: 0.086
Time elapsed: 5:04:23.014925
[Eval Classification Acc: 88.70%

 --- Epoch 68
Task: Reconstruction | Avg Loss: 0.000 
Mutual Information | Avg Loss: -0.00298
Total Loss | Avg Loss: 0.085
Time elapsed: 5:11:16.498247
[Eval Classification Acc: 88.88%

 --- Epoch 69
Task: Reconstruction | Avg Loss: 0.000 
Mutual Information | Avg Loss: -0.00290
Total Loss | Avg Loss: 0.082
Time elapsed: 5:18:10.097004
[Eval Classification Acc: 88.90%

 --- Epoch 70
Task: Reconstruction | Avg Loss: 0.000 
Mutual Information | Avg Loss: -0.00303
Total Loss | Avg Loss: 0.081
Time elapsed: 5:25:03.636053
[Eval Classification Acc: 88.76%

 --- Epoch 71
Task: Reconstruction | Avg Loss: 0.000 
Mutual Information | Avg Loss: -0.00291
Total Loss | Avg Loss: 0.081
Time elapsed: 5:31:56.867175
[Eval Classification Acc: 88.95%

 --- Epoch 72
Task: Reconstruction | Avg Loss: 0.000 
Mutual Information | Avg Loss: -0.00293
Total Loss | Avg Loss: 0.079
Time elapsed: 5:38:49.857777
[Eval Classification Acc: 88.80%

 --- Epoch 73
Task: Reconstruction | Avg Loss: 0.000 
Mutual Information | Avg Loss: -0.00296
Total Loss | Avg Loss: 0.078
Time elapsed: 5:45:43.171898
[Eval Classification Acc: 88.52%

 --- Epoch 74
Task: Reconstruction | Avg Loss: 0.000 
Mutual Information | Avg Loss: -0.00292
Total Loss | Avg Loss: 0.077
Time elapsed: 5:52:37.983782
[Eval Classification Acc: 88.86%

 --- Epoch 75
Task: Reconstruction | Avg Loss: 0.000 
Mutual Information | Avg Loss: -0.00288
Total Loss | Avg Loss: 0.074
Time elapsed: 5:59:31.726147
[Eval Classification Acc: 88.91%

 --- Epoch 76
Task: Reconstruction | Avg Loss: 0.000 
Mutual Information | Avg Loss: -0.00294
Total Loss | Avg Loss: 0.074
Time elapsed: 6:06:24.979384
[Eval Classification Acc: 88.59%

 --- Epoch 77
Task: Reconstruction | Avg Loss: 0.000 
Mutual Information | Avg Loss: -0.00292
Total Loss | Avg Loss: 0.072
Time elapsed: 6:13:17.860667
[Eval Classification Acc: 88.85%

 --- Epoch 78
Task: Reconstruction | Avg Loss: 0.000 
Mutual Information | Avg Loss: -0.00292
Total Loss | Avg Loss: 0.072
Time elapsed: 6:20:12.038957
[Eval Classification Acc: 88.66%

 --- Epoch 79
Task: Reconstruction | Avg Loss: 0.000 
Mutual Information | Avg Loss: -0.00294
Total Loss | Avg Loss: 0.069
Time elapsed: 6:28:38.755690
[Eval Classification Acc: 88.64%

 --- Epoch 80
Task: Reconstruction | Avg Loss: 0.000 
Mutual Information | Avg Loss: -0.00293
Total Loss | Avg Loss: 0.068
Time elapsed: 6:36:01.596786
[Eval Classification Acc: 88.50%

 --- Epoch 81
Task: Reconstruction | Avg Loss: 0.000 
Mutual Information | Avg Loss: -0.00291
Total Loss | Avg Loss: 0.068
Time elapsed: 6:42:54.412131
[Eval Classification Acc: 88.70%

 --- Epoch 82
Task: Reconstruction | Avg Loss: 0.000 
Mutual Information | Avg Loss: -0.00296
Total Loss | Avg Loss: 0.066
Time elapsed: 6:49:46.629238
[Eval Classification Acc: 88.77%

 --- Epoch 83
Task: Reconstruction | Avg Loss: 0.000 
Mutual Information | Avg Loss: -0.00289
Total Loss | Avg Loss: 0.065
Time elapsed: 6:56:39.169566
[Eval Classification Acc: 88.46%

 --- Epoch 84
Task: Reconstruction | Avg Loss: 0.000 
Mutual Information | Avg Loss: -0.00288
Total Loss | Avg Loss: 0.064
Time elapsed: 7:03:32.004118
[Eval Classification Acc: 88.73%

 --- Epoch 85
Task: Reconstruction | Avg Loss: 0.000 
Mutual Information | Avg Loss: -0.00290
Total Loss | Avg Loss: 0.063
Time elapsed: 7:10:25.147708
[Eval Classification Acc: 88.56%

 --- Epoch 86
Task: Reconstruction | Avg Loss: 0.000 
Mutual Information | Avg Loss: -0.00290
Total Loss | Avg Loss: 0.063
Time elapsed: 7:17:17.799516
[Eval Classification Acc: 88.79%

 --- Epoch 87
Task: Reconstruction | Avg Loss: 0.000 
Mutual Information | Avg Loss: -0.00288
Total Loss | Avg Loss: 0.061
Time elapsed: 7:24:40.485128
[Eval Classification Acc: 88.93%

 --- Epoch 88
Task: Reconstruction | Avg Loss: 0.000 
Mutual Information | Avg Loss: -0.00287
Total Loss | Avg Loss: 0.060
Time elapsed: 7:31:58.398910
[Eval Classification Acc: 88.76%

 --- Epoch 89
Task: Reconstruction | Avg Loss: 0.000 
Mutual Information | Avg Loss: -0.00287
Total Loss | Avg Loss: 0.060
Time elapsed: 7:40:09.226448
[Eval Classification Acc: 88.76%

 --- Epoch 90
Task: Reconstruction | Avg Loss: 0.000 
Mutual Information | Avg Loss: -0.00290
Total Loss | Avg Loss: 0.059
Time elapsed: 7:47:51.723736
[Eval Classification Acc: 88.30%

 --- Epoch 91
Task: Reconstruction | Avg Loss: 0.000 
Mutual Information | Avg Loss: -0.00287
Total Loss | Avg Loss: 0.058
Time elapsed: 7:54:44.085622
[Eval Classification Acc: 88.80%

 --- Epoch 92
Task: Reconstruction | Avg Loss: 0.000 
Mutual Information | Avg Loss: -0.00284
Total Loss | Avg Loss: 0.057
Time elapsed: 8:01:36.923521
[Eval Classification Acc: 88.50%

 --- Epoch 93
Task: Reconstruction | Avg Loss: 0.000 
Mutual Information | Avg Loss: -0.00288
Total Loss | Avg Loss: 0.056
Time elapsed: 8:09:30.635476
[Eval Classification Acc: 88.90%

 --- Epoch 94
Task: Reconstruction | Avg Loss: 0.000 
Mutual Information | Avg Loss: -0.00288
Total Loss | Avg Loss: 0.055
Time elapsed: 8:16:55.015163
[Eval Classification Acc: 88.87%

 --- Epoch 95
Task: Reconstruction | Avg Loss: 0.000 
Mutual Information | Avg Loss: -0.00286
Total Loss | Avg Loss: 0.054
Time elapsed: 8:24:18.985908
[Eval Classification Acc: 88.92%

 --- Epoch 96
Task: Reconstruction | Avg Loss: 0.000 
Mutual Information | Avg Loss: -0.00286
Total Loss | Avg Loss: 0.053
Time elapsed: 8:31:11.876872
[Eval Classification Acc: 88.75%

 --- Epoch 97
Task: Reconstruction | Avg Loss: 0.000 
Mutual Information | Avg Loss: -0.00281
Total Loss | Avg Loss: 0.052
Time elapsed: 8:38:04.677376
[Eval Classification Acc: 88.55%

 --- Epoch 98
Task: Reconstruction | Avg Loss: 0.000 
Mutual Information | Avg Loss: -0.00285
Total Loss | Avg Loss: 0.052
Time elapsed: 8:44:57.057378
[Eval Classification Acc: 88.78%

 --- Epoch 99
Task: Reconstruction | Avg Loss: 0.000 
Mutual Information | Avg Loss: -0.00278
Total Loss | Avg Loss: 0.050
Time elapsed: 8:51:49.376458
[Eval Classification Acc: 88.81%

 --- Epoch 100
Task: Reconstruction | Avg Loss: 0.000 
Mutual Information | Avg Loss: -0.00280
Total Loss | Avg Loss: 0.050
Time elapsed: 8:58:41.614243
[Eval Classification Acc: 88.73%

 --- Epoch 101
Task: Reconstruction | Avg Loss: 0.000 
Mutual Information | Avg Loss: -0.00285
Total Loss | Avg Loss: 0.048
Time elapsed: 9:06:05.828104
[Eval Classification Acc: 88.94%

 --- Epoch 102
Task: Reconstruction | Avg Loss: 0.000 
Mutual Information | Avg Loss: -0.00282
Total Loss | Avg Loss: 0.047
Time elapsed: 9:12:58.408672
[Eval Classification Acc: 88.83%

 --- Epoch 103
Task: Reconstruction | Avg Loss: 0.000 
Mutual Information | Avg Loss: -0.00285
Total Loss | Avg Loss: 0.047
Time elapsed: 9:19:51.714418
[Eval Classification Acc: 89.06%

 --- Epoch 104
