nohup: ignoring input
Training started at 2025-06-13 11:59:52
Training detail: learning rate: 2e-4, weight decay: 5e-3, total epochs: 150, batch size: 128, seed: 2231
Starting training...

 --- Epoch 1
Task: Classification | Acc: 64.65% | Avg Loss: 0.629
Task: Reconstruction | Avg Loss: 6.456 
Mutual Information | Avg Loss: -0.00145
Total Loss | Avg Loss: 3.563
Time elapsed: 0:00:58.720070

 --- Epoch 2
Task: Classification | Acc: 82.99% | Avg Loss: 0.401
Task: Reconstruction | Avg Loss: 5.811 
Mutual Information | Avg Loss: -0.00450
Total Loss | Avg Loss: 2.955
Time elapsed: 0:01:57.146293

 --- Epoch 3
Task: Classification | Acc: 84.85% | Avg Loss: 0.355
Task: Reconstruction | Avg Loss: 5.571 
Mutual Information | Avg Loss: -0.00480
Total Loss | Avg Loss: 3.102
Time elapsed: 0:02:56.097897

 --- Epoch 4
Task: Classification | Acc: 85.83% | Avg Loss: 0.333
Task: Reconstruction | Avg Loss: 5.271 
Mutual Information | Avg Loss: -0.00486
Total Loss | Avg Loss: 2.838
Time elapsed: 0:03:55.125772

 --- Epoch 5
Task: Classification | Acc: 86.19% | Avg Loss: 0.329
Task: Reconstruction | Avg Loss: 5.124 
Mutual Information | Avg Loss: -0.00493
Total Loss | Avg Loss: 2.652
Time elapsed: 0:04:53.666883

 --- Epoch 6
Task: Classification | Acc: 86.59% | Avg Loss: 0.321
Task: Reconstruction | Avg Loss: 4.959 
Mutual Information | Avg Loss: -0.00479
Total Loss | Avg Loss: 2.673
Time elapsed: 0:05:52.516244

 --- Epoch 7
Task: Classification | Acc: 87.04% | Avg Loss: 0.308
Task: Reconstruction | Avg Loss: 4.828 
Mutual Information | Avg Loss: -0.00489
Total Loss | Avg Loss: 2.505
Time elapsed: 0:06:51.149812

 --- Epoch 8
Task: Classification | Acc: 87.93% | Avg Loss: 0.294
Task: Reconstruction | Avg Loss: 4.733 
Mutual Information | Avg Loss: -0.00488
Total Loss | Avg Loss: 2.325
Time elapsed: 0:07:49.376850

 --- Epoch 9
Task: Classification | Acc: 88.02% | Avg Loss: 0.288
Task: Reconstruction | Avg Loss: 4.689 
Mutual Information | Avg Loss: -0.00489
Total Loss | Avg Loss: 2.477
Time elapsed: 0:08:48.286786

 --- Epoch 10
Task: Classification | Acc: 87.92% | Avg Loss: 0.290
Task: Reconstruction | Avg Loss: 4.614 
Mutual Information | Avg Loss: -0.00490
Total Loss | Avg Loss: 2.341
Time elapsed: 0:09:46.807548
Example 1 ---
Original text: at once half - baked and overheated.
Reconstructed text: is is a, story, uncends..
Original IDs: [101, 2012, 2320, 2431, 1011, 17776, 1998, 2058, 20192, 3064, 1012, 102]
Predicted IDs: [101, 2003, 2003, 1037, 1010, 2466, 1010, 4895, 23865, 2015, 1012, 1012]
BLEU Score: 0.0000
Example 2 ---
Original text: the story and the friendship proceeds in such a way that you're watching a soap opera rather than a chronicle of the ups and downs that accompany lifelong friendships.
Reconstructed text: a n's a film of one of a the that's a a andings in the film of the characters - a action..
Original IDs: [101, 1996, 2466, 1998, 1996, 6860, 10951, 1999, 2107, 1037, 2126, 2008, 2017, 1005, 2128, 3666, 1037, 7815, 3850, 2738, 2084, 1037, 9519, 1997, 1996, 11139, 1998, 12482, 2008, 12673, 13506, 28956, 1012, 102]
Predicted IDs: [101, 1037, 1050, 1005, 1055, 1037, 2143, 1997, 2028, 1997, 1037, 1996, 2008, 1005, 1055, 1037, 1037, 1998, 2075, 2015, 1999, 1996, 2143, 1997, 1996, 3494, 102, 102, 1011, 1037, 2895, 1012, 1012, 102]
BLEU Score: 0.2832
Example 3 ---
Original text: for movie lovers as well as opera lovers, tosca is a real treat.
Reconstructed text: the film that to be a good that, the. is is a one. and
Original IDs: [101, 2005, 3185, 10205, 2004, 2092, 2004, 3850, 10205, 1010, 2000, 15782, 2003, 1037, 2613, 7438, 1012, 102]
Predicted IDs: [101, 1996, 2143, 2008, 2000, 2022, 1037, 2204, 2008, 1010, 1996, 1012, 2003, 2003, 1037, 2028, 1012, 1998]
BLEU Score: 0.2353

 --- Epoch 11
Task: Classification | Acc: 88.43% | Avg Loss: 0.283
Task: Reconstruction | Avg Loss: 4.561 
Mutual Information | Avg Loss: -0.00490
Total Loss | Avg Loss: 2.443
Time elapsed: 0:10:45.714092

 --- Epoch 12
Task: Classification | Acc: 89.00% | Avg Loss: 0.270
Task: Reconstruction | Avg Loss: 4.504 
Mutual Information | Avg Loss: -0.00492
Total Loss | Avg Loss: 2.422
Time elapsed: 0:11:44.584843

 --- Epoch 13
Task: Classification | Acc: 89.01% | Avg Loss: 0.270
Task: Reconstruction | Avg Loss: 4.450 
Mutual Information | Avg Loss: -0.00490
Total Loss | Avg Loss: 2.395
Time elapsed: 0:12:43.488672

 --- Epoch 14
Task: Classification | Acc: 89.34% | Avg Loss: 0.262
Task: Reconstruction | Avg Loss: 4.403 
Mutual Information | Avg Loss: -0.00496
Total Loss | Avg Loss: 2.414
Time elapsed: 0:13:42.362452

 --- Epoch 15
Task: Classification | Acc: 90.09% | Avg Loss: 0.249
Task: Reconstruction | Avg Loss: 4.356 
Mutual Information | Avg Loss: -0.00495
Total Loss | Avg Loss: 2.133
Time elapsed: 0:14:40.542479

 --- Epoch 16
Task: Classification | Acc: 90.26% | Avg Loss: 0.244
Task: Reconstruction | Avg Loss: 4.317 
Mutual Information | Avg Loss: -0.00493
Total Loss | Avg Loss: 2.128
Time elapsed: 0:15:38.711888

 --- Epoch 17
Task: Classification | Acc: 90.40% | Avg Loss: 0.238
Task: Reconstruction | Avg Loss: 4.260 
Mutual Information | Avg Loss: -0.00500
Total Loss | Avg Loss: 2.273
Time elapsed: 0:16:37.263777

 --- Epoch 18
Task: Classification | Acc: 91.00% | Avg Loss: 0.226
Task: Reconstruction | Avg Loss: 4.195 
Mutual Information | Avg Loss: -0.00498
Total Loss | Avg Loss: 2.174
Time elapsed: 0:17:35.927567

 --- Epoch 19
Task: Classification | Acc: 91.04% | Avg Loss: 0.229
Task: Reconstruction | Avg Loss: 4.161 
Mutual Information | Avg Loss: -0.00493
Total Loss | Avg Loss: 2.069
Time elapsed: 0:18:34.311120

 --- Epoch 20
Task: Classification | Acc: 91.40% | Avg Loss: 0.218
Task: Reconstruction | Avg Loss: 4.116 
Mutual Information | Avg Loss: -0.00496
Total Loss | Avg Loss: 2.205
Time elapsed: 0:19:33.090525
Example 1 ---
Original text: even if you don't think ( kissinger's ) any more guilty of criminal activity than most contemporary statesmen, he'd sure make a courtroom trial great fun to watch.
Reconstructed text: , a a that,'of ` a the,''. and a series of unylent -,, ` can't really in the brain. to be
Original IDs: [101, 2130, 2065, 2017, 2079, 1050, 1005, 1056, 2228, 1006, 7618, 2121, 1005, 1055, 1007, 2151, 2062, 5905, 1997, 4735, 4023, 2084, 2087, 3824, 2163, 3549, 1010, 2002, 1005, 1040, 2469, 2191, 1037, 20747, 3979, 2307, 4569, 2000, 3422, 1012, 102]
Predicted IDs: [101, 1010, 1037, 1037, 2008, 1010, 1005, 1997, 1036, 1037, 1996, 1010, 1005, 1005, 1012, 1998, 1037, 2186, 1997, 4895, 8516, 4765, 1011, 1010, 1010, 1036, 6187, 1050, 1005, 1056, 2428, 1999, 1996, 4167, 1012, 102, 102, 2000, 2022, 102, 102]
BLEU Score: 0.1810
Example 2 ---
Original text: reggio's continual visual barrage is absorbing as well as thought - provoking.
Reconstructed text: ca n's good that is as moviess in in the - cl comedy
Original IDs: [101, 19723, 11411, 1005, 1055, 27222, 5107, 19359, 2003, 20998, 2004, 2092, 2004, 2245, 1011, 4013, 22776, 1012, 102]
Predicted IDs: [101, 6187, 1050, 1005, 1055, 2204, 2008, 2003, 2004, 5691, 2015, 1999, 1999, 1996, 1011, 18856, 102, 4038, 102]
BLEU Score: 0.2857
Example 3 ---
Original text: outer - space buffs might love this film, but others will find its pleasures intermittent.
Reconstructed text: one of the buffs to see the film as it can have a movie..
Original IDs: [101, 6058, 1011, 2686, 23176, 2015, 2453, 2293, 2023, 2143, 1010, 2021, 2500, 2097, 2424, 2049, 26552, 23852, 1012, 102]
Predicted IDs: [101, 2028, 1997, 1996, 23176, 2015, 2000, 2156, 1996, 2143, 102, 2004, 2009, 2064, 2031, 1037, 3185, 1012, 1012, 102]
BLEU Score: 0.1167

 --- Epoch 21
Task: Classification | Acc: 91.52% | Avg Loss: 0.217
Task: Reconstruction | Avg Loss: 4.075 
Mutual Information | Avg Loss: -0.00499
Total Loss | Avg Loss: 1.993
Time elapsed: 0:20:31.330845

 --- Epoch 22
Task: Classification | Acc: 91.85% | Avg Loss: 0.208
Task: Reconstruction | Avg Loss: 4.038 
Mutual Information | Avg Loss: -0.00501
Total Loss | Avg Loss: 1.971
Time elapsed: 0:21:29.486871

 --- Epoch 23
Task: Classification | Acc: 91.85% | Avg Loss: 0.206
Task: Reconstruction | Avg Loss: 4.002 
Mutual Information | Avg Loss: -0.00497
Total Loss | Avg Loss: 2.018
Time elapsed: 0:22:27.827853

 --- Epoch 24
Task: Classification | Acc: 91.96% | Avg Loss: 0.203
Task: Reconstruction | Avg Loss: 3.965 
Mutual Information | Avg Loss: -0.00502
Total Loss | Avg Loss: 1.920
Time elapsed: 0:23:25.892569

 --- Epoch 25
Task: Classification | Acc: 92.32% | Avg Loss: 0.203
Task: Reconstruction | Avg Loss: 3.925 
Mutual Information | Avg Loss: -0.00498
Total Loss | Avg Loss: 2.092
Time elapsed: 0:24:24.812253

 --- Epoch 26
Task: Classification | Acc: 92.45% | Avg Loss: 0.196
Task: Reconstruction | Avg Loss: 3.893 
Mutual Information | Avg Loss: -0.00500
Total Loss | Avg Loss: 1.932
Time elapsed: 0:25:22.980471

 --- Epoch 27
Task: Classification | Acc: 92.56% | Avg Loss: 0.192
Task: Reconstruction | Avg Loss: 3.853 
Mutual Information | Avg Loss: -0.00503
Total Loss | Avg Loss: 2.028
Time elapsed: 0:26:21.783724

 --- Epoch 28
Task: Classification | Acc: 92.80% | Avg Loss: 0.187
Task: Reconstruction | Avg Loss: 3.833 
Mutual Information | Avg Loss: -0.00498
Total Loss | Avg Loss: 1.926
Time elapsed: 0:27:19.926095

 --- Epoch 29
Task: Classification | Acc: 93.00% | Avg Loss: 0.184
Task: Reconstruction | Avg Loss: 3.819 
Mutual Information | Avg Loss: -0.00500
Total Loss | Avg Loss: 1.876
Time elapsed: 0:28:18.168306

 --- Epoch 30
Task: Classification | Acc: 93.14% | Avg Loss: 0.178
Task: Reconstruction | Avg Loss: 3.774 
Mutual Information | Avg Loss: -0.00502
Total Loss | Avg Loss: 2.029
Time elapsed: 0:29:17.046793
Example 1 ---
Original text: a coda in every sense, the pinochet case splits time between a minute - by - minute account of the british court's extradition chess game and the regime's talking - head survivors.
Reconstructed text: a fascinating film is well,, a the thes of the - with the world - - the s text of the and woman's most - ` ` ` the woman's pg -
Original IDs: [101, 1037, 19429, 2050, 1999, 2296, 3168, 1010, 1996, 9231, 23555, 2102, 2553, 19584, 2051, 2090, 1037, 3371, 1011, 2011, 1011, 3371, 4070, 1997, 1996, 2329, 2457, 1005, 1055, 4469, 20562, 7433, 2208, 1998, 1996, 6939, 1005, 1055, 3331, 1011, 2132, 8643, 1012, 102]
Predicted IDs: [101, 1037, 17160, 2143, 2003, 2092, 1010, 1010, 1037, 1996, 1996, 2015, 1997, 1996, 1011, 2007, 1996, 2088, 1011, 1011, 1996, 1055, 3793, 1997, 1996, 1998, 2450, 1005, 1055, 2087, 1011, 1036, 1036, 1036, 1996, 2450, 1005, 1055, 18720, 1011, 102, 102, 102, 102]
BLEU Score: 0.3611
Example 2 ---
Original text: a strangely compelling and brilliantly acted psychological drama.
Reconstructed text: a perfectly paced and butly many visual piece.
Original IDs: [101, 1037, 13939, 17075, 1998, 8235, 2135, 6051, 8317, 3689, 1012, 102]
Predicted IDs: [101, 1037, 6669, 13823, 1998, 2021, 2135, 2116, 5107, 3538, 1012, 102]
BLEU Score: 0.3333
Example 3 ---
Original text: because of an unnecessary and clumsy last scene, ` swimfan'left me with a very bad feeling.
Reconstructed text: has in a simple, often theing and a funny performances, but - of a companion little film
Original IDs: [101, 2138, 1997, 2019, 14203, 1998, 22902, 2197, 3496, 1010, 1036, 9880, 15143, 1005, 2187, 2033, 2007, 1037, 2200, 2919, 3110, 1012, 102]
Predicted IDs: [101, 2038, 1999, 1037, 3722, 1010, 2411, 1996, 2075, 1998, 1037, 6057, 4616, 1010, 2021, 1011, 1997, 1037, 7452, 2210, 2143, 102, 102]
BLEU Score: 0.2105

 --- Epoch 31
Task: Classification | Acc: 92.97% | Avg Loss: 0.182
Task: Reconstruction | Avg Loss: 3.755 
Mutual Information | Avg Loss: -0.00496
Total Loss | Avg Loss: 1.974
Time elapsed: 0:30:15.669699

 --- Epoch 32
Task: Classification | Acc: 93.13% | Avg Loss: 0.177
Task: Reconstruction | Avg Loss: 3.717 
Mutual Information | Avg Loss: -0.00499
Total Loss | Avg Loss: 1.972
Time elapsed: 0:31:14.561276

 --- Epoch 33
Task: Classification | Acc: 93.20% | Avg Loss: 0.175
Task: Reconstruction | Avg Loss: 3.700 
Mutual Information | Avg Loss: -0.00501
Total Loss | Avg Loss: 1.916
Time elapsed: 0:32:13.177181

 --- Epoch 34
Task: Classification | Acc: 93.61% | Avg Loss: 0.169
Task: Reconstruction | Avg Loss: 3.667 
Mutual Information | Avg Loss: -0.00499
Total Loss | Avg Loss: 1.836
Time elapsed: 0:33:11.725168

 --- Epoch 35
Task: Classification | Acc: 93.67% | Avg Loss: 0.166
Task: Reconstruction | Avg Loss: 3.640 
Mutual Information | Avg Loss: -0.00497
Total Loss | Avg Loss: 1.914
Time elapsed: 0:34:10.624380

 --- Epoch 36
Task: Classification | Acc: 93.53% | Avg Loss: 0.167
Task: Reconstruction | Avg Loss: 3.614 
Mutual Information | Avg Loss: -0.00499
Total Loss | Avg Loss: 1.784
Time elapsed: 0:35:09.004274

 --- Epoch 37
Task: Classification | Acc: 93.74% | Avg Loss: 0.161
Task: Reconstruction | Avg Loss: 3.584 
Mutual Information | Avg Loss: -0.00505
Total Loss | Avg Loss: 1.850
Time elapsed: 0:36:07.504439

 --- Epoch 38
Task: Classification | Acc: 93.87% | Avg Loss: 0.164
Task: Reconstruction | Avg Loss: 3.551 
Mutual Information | Avg Loss: -0.00502
Total Loss | Avg Loss: 1.887
Time elapsed: 0:37:06.361353

 --- Epoch 39
Task: Classification | Acc: 93.93% | Avg Loss: 0.159
Task: Reconstruction | Avg Loss: 3.527 
Mutual Information | Avg Loss: -0.00497
Total Loss | Avg Loss: 1.834
Time elapsed: 0:38:04.936737

 --- Epoch 40
Task: Classification | Acc: 94.09% | Avg Loss: 0.158
Task: Reconstruction | Avg Loss: 3.506 
Mutual Information | Avg Loss: -0.00501
Total Loss | Avg Loss: 1.760
Time elapsed: 0:39:03.358830
Example 1 ---
Original text: k - 19 exploits our substantial collective fear of nuclear holocaust to generate cheap hollywood tension.
Reconstructed text: has - film with a typical hundredds of animated movie that with mel regalrama.
Original IDs: [101, 1047, 1011, 2539, 20397, 2256, 6937, 7268, 3571, 1997, 4517, 11513, 2000, 9699, 10036, 5365, 6980, 1012, 102]
Predicted IDs: [101, 2038, 1011, 2143, 2007, 1037, 5171, 3634, 5104, 1997, 6579, 3185, 2008, 2007, 11463, 21279, 14672, 1012, 102]
BLEU Score: 0.1750
Example 2 ---
Original text: but what are adults doing in the theater at all?
Reconstructed text: one of a good time in the movie of you should have
Original IDs: [101, 2021, 2054, 2024, 6001, 2725, 1999, 1996, 4258, 2012, 2035, 1029, 102]
Predicted IDs: [101, 2028, 1997, 1037, 2204, 2051, 1999, 1996, 3185, 1997, 2017, 2323, 2031]
BLEU Score: 0.1667
Example 3 ---
Original text: davis... is so enamored of her own creation that she can't see how insufferable the character is.
Reconstructed text: sketches... like a visual moment! previous n. the emerge as a brick or theoge is a.
Original IDs: [101, 4482, 1012, 1012, 1012, 2003, 2061, 4372, 22591, 5596, 1997, 2014, 2219, 4325, 2008, 2016, 6187, 1050, 1005, 1056, 2156, 2129, 16021, 16093, 27709, 3468, 1996, 2839, 2003, 1012, 102]
Predicted IDs: [101, 12741, 1012, 1012, 1012, 102, 2066, 1037, 5107, 2617, 999, 102, 3025, 102, 102, 102, 102, 1050, 1012, 1996, 12636, 2004, 1037, 7987, 6799, 2030, 1996, 23884, 2003, 1037, 1012]
BLEU Score: 0.1997

 --- Epoch 41
Task: Classification | Acc: 94.07% | Avg Loss: 0.156
Task: Reconstruction | Avg Loss: 3.478 
Mutual Information | Avg Loss: -0.00505
Total Loss | Avg Loss: 1.877
Time elapsed: 0:40:02.546053

 --- Epoch 42
Task: Classification | Acc: 94.24% | Avg Loss: 0.150
Task: Reconstruction | Avg Loss: 3.449 
Mutual Information | Avg Loss: -0.00507
Total Loss | Avg Loss: 1.796
Time elapsed: 0:41:01.360061

 --- Epoch 43
Task: Classification | Acc: 94.15% | Avg Loss: 0.155
Task: Reconstruction | Avg Loss: 3.439 
Mutual Information | Avg Loss: -0.00500
Total Loss | Avg Loss: 1.750
Time elapsed: 0:42:00.035171

 --- Epoch 44
Task: Classification | Acc: 94.42% | Avg Loss: 0.151
Task: Reconstruction | Avg Loss: 3.417 
Mutual Information | Avg Loss: -0.00502
Total Loss | Avg Loss: 1.694
Time elapsed: 0:42:58.355180

 --- Epoch 45
Task: Classification | Acc: 94.41% | Avg Loss: 0.147
Task: Reconstruction | Avg Loss: 3.380 
Mutual Information | Avg Loss: -0.00502
Total Loss | Avg Loss: 1.692
Time elapsed: 0:43:56.858587

 --- Epoch 46
Task: Classification | Acc: 94.55% | Avg Loss: 0.144
Task: Reconstruction | Avg Loss: 3.378 
Mutual Information | Avg Loss: -0.00503
Total Loss | Avg Loss: 1.610
Time elapsed: 0:44:54.867674

 --- Epoch 47
Task: Classification | Acc: 94.51% | Avg Loss: 0.144
Task: Reconstruction | Avg Loss: 3.351 
Mutual Information | Avg Loss: -0.00504
Total Loss | Avg Loss: 1.744
Time elapsed: 0:45:53.685196

 --- Epoch 48
Task: Classification | Acc: 94.57% | Avg Loss: 0.143
Task: Reconstruction | Avg Loss: 3.326 
Mutual Information | Avg Loss: -0.00504
Total Loss | Avg Loss: 1.779
Time elapsed: 0:46:52.583276

 --- Epoch 49
Task: Classification | Acc: 94.65% | Avg Loss: 0.145
Task: Reconstruction | Avg Loss: 3.296 
Mutual Information | Avg Loss: -0.00502
Total Loss | Avg Loss: 1.788
Time elapsed: 0:47:51.683081

 --- Epoch 50
Task: Classification | Acc: 94.80% | Avg Loss: 0.138
Task: Reconstruction | Avg Loss: 3.282 
Mutual Information | Avg Loss: -0.00506
Total Loss | Avg Loss: 1.640
Time elapsed: 0:48:50.093819
Example 1 ---
Original text: the movie does a good job of laying out some of the major issues that we encounter as we journey through life.
Reconstructed text: the film is a whole way - avoid a trip of the darkculture that ahesion in a pants of love.
Original IDs: [101, 1996, 3185, 2515, 1037, 2204, 3105, 1997, 10201, 2041, 2070, 1997, 1996, 2350, 3314, 2008, 2057, 8087, 2004, 2057, 4990, 2083, 2166, 1012, 102]
Predicted IDs: [101, 1996, 2143, 2003, 1037, 2878, 2126, 1011, 4468, 1037, 4440, 1997, 1996, 2601, 14561, 2008, 1037, 21471, 1999, 1037, 6471, 1997, 2293, 1012, 102]
BLEU Score: 0.3031
Example 2 ---
Original text: a warm but realistic meditation on friendship, family and affection.
Reconstructed text: a visuallyly touching study of love, love, love. and
Original IDs: [101, 1037, 4010, 2021, 12689, 13804, 2006, 6860, 1010, 2155, 1998, 12242, 1012, 102]
Predicted IDs: [101, 1037, 17453, 2135, 7244, 2817, 1997, 2293, 1010, 2293, 1010, 2293, 1012, 1998]
BLEU Score: 0.3333
Example 3 ---
Original text: falls neatly into the category of good stupid fun.
Reconstructed text: is one of the film of dazzling inspirationalcious..
Original IDs: [101, 4212, 15981, 2046, 1996, 4696, 1997, 2204, 5236, 4569, 1012, 102]
Predicted IDs: [101, 2003, 2028, 1997, 1996, 2143, 1997, 28190, 28676, 18436, 1012, 1012]
BLEU Score: 0.1989

 --- Epoch 51
Task: Classification | Acc: 94.70% | Avg Loss: 0.141
Task: Reconstruction | Avg Loss: 3.274 
Mutual Information | Avg Loss: -0.00497
Total Loss | Avg Loss: 1.650
Time elapsed: 0:49:48.605858

 --- Epoch 52
Task: Classification | Acc: 94.94% | Avg Loss: 0.134
Task: Reconstruction | Avg Loss: 3.243 
Mutual Information | Avg Loss: -0.00499
Total Loss | Avg Loss: 1.613
Time elapsed: 0:50:47.062296

 --- Epoch 53
Task: Classification | Acc: 94.95% | Avg Loss: 0.133
Task: Reconstruction | Avg Loss: 3.228 
Mutual Information | Avg Loss: -0.00501
Total Loss | Avg Loss: 1.641
Time elapsed: 0:51:45.678516

 --- Epoch 54
Task: Classification | Acc: 95.08% | Avg Loss: 0.134
Task: Reconstruction | Avg Loss: 3.211 
Mutual Information | Avg Loss: -0.00504
Total Loss | Avg Loss: 1.662
Time elapsed: 0:52:44.430168

 --- Epoch 55
Task: Classification | Acc: 95.26% | Avg Loss: 0.131
Task: Reconstruction | Avg Loss: 3.200 
Mutual Information | Avg Loss: -0.00506
Total Loss | Avg Loss: 1.567
Time elapsed: 0:53:42.842748

 --- Epoch 56
Task: Classification | Acc: 95.06% | Avg Loss: 0.132
Task: Reconstruction | Avg Loss: 3.170 
Mutual Information | Avg Loss: -0.00503
Total Loss | Avg Loss: 1.710
Time elapsed: 0:54:41.843093

 --- Epoch 57
Task: Classification | Acc: 95.09% | Avg Loss: 0.130
Task: Reconstruction | Avg Loss: 3.158 
Mutual Information | Avg Loss: -0.00504
Total Loss | Avg Loss: 1.610
Time elapsed: 0:55:40.553161

 --- Epoch 58
Task: Classification | Acc: 95.36% | Avg Loss: 0.125
Task: Reconstruction | Avg Loss: 3.144 
Mutual Information | Avg Loss: -0.00503
Total Loss | Avg Loss: 1.578
Time elapsed: 0:56:39.309828

 --- Epoch 59
Task: Classification | Acc: 95.42% | Avg Loss: 0.127
Task: Reconstruction | Avg Loss: 3.131 
Mutual Information | Avg Loss: -0.00510
Total Loss | Avg Loss: 1.629
Time elapsed: 0:57:37.929809

 --- Epoch 60
Task: Classification | Acc: 95.48% | Avg Loss: 0.124
Task: Reconstruction | Avg Loss: 3.095 
Mutual Information | Avg Loss: -0.00499
Total Loss | Avg Loss: 1.666
Time elapsed: 0:58:37.047998
Example 1 ---
Original text: a smart, witty follow - up.
Reconstructed text: a solid, solid piece - is..
Original IDs: [101, 1037, 6047, 1010, 25591, 3582, 1011, 2039, 1012, 102]
Predicted IDs: [101, 1037, 5024, 1010, 5024, 3538, 1011, 2003, 1012, 1012]
BLEU Score: 0.3750
Example 2 ---
Original text: binoche makes it interesting trying to find out.
Reconstructed text: sea,s it little trying to be through, but
Original IDs: [101, 8026, 23555, 3084, 2009, 5875, 2667, 2000, 2424, 2041, 1012, 102]
Predicted IDs: [101, 2712, 1010, 2015, 2009, 2210, 2667, 2000, 2022, 2083, 1010, 2021]
BLEU Score: 0.2727
Example 3 ---
Original text: verbinski implements every hack - artist trick to give us the ooky - spookies.
Reconstructed text: the a drama of self - deserved rip to - of the characters - family - constructed blower.
Original IDs: [101, 12034, 19880, 22164, 2296, 20578, 1011, 3063, 7577, 2000, 2507, 2149, 1996, 1051, 6559, 2100, 1011, 11867, 14659, 3111, 1012, 102]
Predicted IDs: [101, 1996, 1037, 3689, 1997, 2969, 1011, 10849, 10973, 2000, 1011, 1997, 1996, 3494, 1011, 2155, 1011, 3833, 6271, 2121, 1012, 102]
BLEU Score: 0.2632

 --- Epoch 61
Task: Classification | Acc: 95.26% | Avg Loss: 0.127
Task: Reconstruction | Avg Loss: 3.087 
Mutual Information | Avg Loss: -0.00500
Total Loss | Avg Loss: 1.528
Time elapsed: 0:59:35.417691

 --- Epoch 62
Task: Classification | Acc: 95.50% | Avg Loss: 0.123
Task: Reconstruction | Avg Loss: 3.086 
Mutual Information | Avg Loss: -0.00502
Total Loss | Avg Loss: 1.492
Time elapsed: 1:00:33.740145

 --- Epoch 63
Task: Classification | Acc: 95.40% | Avg Loss: 0.121
Task: Reconstruction | Avg Loss: 3.065 
Mutual Information | Avg Loss: -0.00507
Total Loss | Avg Loss: 1.548
Time elapsed: 1:01:32.286062

 --- Epoch 64
Task: Classification | Acc: 95.63% | Avg Loss: 0.119
Task: Reconstruction | Avg Loss: 3.045 
Mutual Information | Avg Loss: -0.00502
Total Loss | Avg Loss: 1.537
Time elapsed: 1:02:30.840252

 --- Epoch 65
Task: Classification | Acc: 95.54% | Avg Loss: 0.122
Task: Reconstruction | Avg Loss: 3.021 
Mutual Information | Avg Loss: -0.00506
Total Loss | Avg Loss: 1.626
Time elapsed: 1:03:29.822664

 --- Epoch 66
Task: Classification | Acc: 95.81% | Avg Loss: 0.116
Task: Reconstruction | Avg Loss: 3.008 
Mutual Information | Avg Loss: -0.00506
Total Loss | Avg Loss: 1.534
Time elapsed: 1:04:28.564677

 --- Epoch 67
Task: Classification | Acc: 95.42% | Avg Loss: 0.120
Task: Reconstruction | Avg Loss: 2.993 
Mutual Information | Avg Loss: -0.00501
Total Loss | Avg Loss: 1.523
Time elapsed: 1:05:27.080319

 --- Epoch 68
Task: Classification | Acc: 95.73% | Avg Loss: 0.117
Task: Reconstruction | Avg Loss: 2.988 
Mutual Information | Avg Loss: -0.00507
Total Loss | Avg Loss: 1.508
Time elapsed: 1:06:25.442046

 --- Epoch 69
Task: Classification | Acc: 95.63% | Avg Loss: 0.114
Task: Reconstruction | Avg Loss: 2.981 
Mutual Information | Avg Loss: -0.00508
Total Loss | Avg Loss: 1.508
Time elapsed: 1:07:24.188862

 --- Epoch 70
Task: Classification | Acc: 95.84% | Avg Loss: 0.110
Task: Reconstruction | Avg Loss: 2.958 
Mutual Information | Avg Loss: -0.00504
Total Loss | Avg Loss: 1.425
Time elapsed: 1:08:22.598936
Example 1 ---
Original text: while undisputed isn't exactly a high, it is a gripping, tidy little movie that takes mr. hill higher than he's been in a while.
Reconstructed text: is the - - doesn't it's awfullys to girls and sweet and the filmmakersly messages and evil flicks it've seen interested..
Original IDs: [101, 2096, 6151, 2483, 29462, 2003, 1050, 1005, 1056, 3599, 1037, 2152, 1010, 2009, 2003, 1037, 13940, 1010, 29369, 2210, 3185, 2008, 3138, 2720, 1012, 2940, 3020, 2084, 2002, 1005, 1055, 2042, 1999, 1037, 2096, 1012, 102]
Predicted IDs: [101, 2003, 1996, 1011, 1011, 2515, 1050, 1005, 1056, 2009, 1005, 1055, 9643, 2135, 2015, 2000, 3057, 1998, 4086, 1998, 1996, 16587, 2135, 7696, 1998, 4763, 17312, 2015, 2009, 1005, 2310, 2464, 4699, 1012, 102, 1012, 102]
BLEU Score: 0.1363
Example 2 ---
Original text: this is wild surreal stuff, but brilliant and the camera just kind of sits there and lets you look at this and its like you're going from one room to the next and none of them have any relation to the other.
Reconstructed text: is a, profound mr, the,'the lendite suggests to the new, that to a the society and part - you's seen of years level.lum and putful the woman of of '.
Original IDs: [101, 2023, 2003, 3748, 16524, 4933, 1010, 2021, 8235, 1998, 1996, 4950, 2074, 2785, 1997, 7719, 2045, 1998, 11082, 2017, 2298, 2012, 2023, 1998, 2049, 2066, 2017, 1005, 2128, 2183, 2013, 2028, 2282, 2000, 1996, 2279, 1998, 3904, 1997, 2068, 2031, 2151, 7189, 2000, 1996, 2060, 1012, 102]
Predicted IDs: [101, 2003, 1037, 1010, 13769, 2720, 1010, 1996, 1010, 1005, 1996, 18496, 4221, 6083, 2000, 1996, 2047, 1010, 2008, 2000, 1037, 1996, 2554, 1998, 2112, 1011, 2017, 1005, 1055, 2464, 1997, 2086, 2504, 1012, 102, 12942, 1998, 2404, 3993, 1996, 2450, 1997, 102, 1997, 1005, 102, 1012, 102]
BLEU Score: 0.2830
Example 3 ---
Original text: an intriguing cinematic omnibus and round - robin that occasionally is more interesting in concept than in execution.
Reconstructed text: a indie fluidoked and self - nature that are been as more in people is as it as
Original IDs: [101, 2019, 23824, 21014, 27284, 1998, 2461, 1011, 5863, 2008, 5681, 2003, 2062, 5875, 1999, 4145, 2084, 1999, 7781, 1012, 102]
Predicted IDs: [101, 1037, 10271, 8331, 23461, 1998, 2969, 1011, 3267, 2008, 2024, 2042, 2004, 2062, 1999, 2111, 2003, 2004, 2009, 2004, 102]
BLEU Score: 0.3153

 --- Epoch 71
Task: Classification | Acc: 96.03% | Avg Loss: 0.109
Task: Reconstruction | Avg Loss: 2.955 
Mutual Information | Avg Loss: -0.00507
Total Loss | Avg Loss: 1.531
Time elapsed: 1:09:21.260686

 --- Epoch 72
Task: Classification | Acc: 95.72% | Avg Loss: 0.115
Task: Reconstruction | Avg Loss: 2.932 
Mutual Information | Avg Loss: -0.00500
Total Loss | Avg Loss: 1.592
Time elapsed: 1:10:20.594281

 --- Epoch 73
Task: Classification | Acc: 95.71% | Avg Loss: 0.113
Task: Reconstruction | Avg Loss: 2.924 
Mutual Information | Avg Loss: -0.00501
Total Loss | Avg Loss: 1.475
Time elapsed: 1:11:19.145625

 --- Epoch 74
Task: Classification | Acc: 95.94% | Avg Loss: 0.113
Task: Reconstruction | Avg Loss: 2.916 
Mutual Information | Avg Loss: -0.00506
Total Loss | Avg Loss: 1.439
Time elapsed: 1:12:17.507859

 --- Epoch 75
Task: Classification | Acc: 95.98% | Avg Loss: 0.106
Task: Reconstruction | Avg Loss: 2.903 
Mutual Information | Avg Loss: -0.00502
Total Loss | Avg Loss: 1.312
Time elapsed: 1:13:15.382177

 --- Epoch 76
Task: Classification | Acc: 96.02% | Avg Loss: 0.107
Task: Reconstruction | Avg Loss: 2.894 
Mutual Information | Avg Loss: -0.00509
Total Loss | Avg Loss: 1.483
Time elapsed: 1:14:14.020998

 --- Epoch 77
Task: Classification | Acc: 96.17% | Avg Loss: 0.105
Task: Reconstruction | Avg Loss: 2.882 
Mutual Information | Avg Loss: -0.00510
Total Loss | Avg Loss: 1.450
Time elapsed: 1:15:12.750430

 --- Epoch 78
Task: Classification | Acc: 95.97% | Avg Loss: 0.107
Task: Reconstruction | Avg Loss: 2.865 
Mutual Information | Avg Loss: -0.00511
Total Loss | Avg Loss: 1.447
Time elapsed: 1:16:11.139286

 --- Epoch 79
Task: Classification | Acc: 96.15% | Avg Loss: 0.103
Task: Reconstruction | Avg Loss: 2.854 
Mutual Information | Avg Loss: -0.00496
Total Loss | Avg Loss: 1.592
Time elapsed: 1:17:10.654831

 --- Epoch 80
Task: Classification | Acc: 96.15% | Avg Loss: 0.106
Task: Reconstruction | Avg Loss: 2.847 
Mutual Information | Avg Loss: -0.00502
Total Loss | Avg Loss: 1.407
Time elapsed: 1:18:08.987489
Example 1 ---
Original text: the second coming of harry potter is a film far superior to its predecessor.
Reconstructed text: the film, a a documentary with a world more complex - - -, but
Original IDs: [101, 1996, 2117, 2746, 1997, 4302, 10693, 2003, 1037, 2143, 2521, 6020, 2000, 2049, 8646, 1012, 102]
Predicted IDs: [101, 1996, 2143, 1010, 1037, 1037, 4516, 2007, 1037, 2088, 2062, 3375, 1011, 1011, 1011, 1010, 2021]
BLEU Score: 0.1875
Example 2 ---
Original text: it is amusing, and that's all it needs to be.
Reconstructed text: , the., but it's not a'to be, christmas
Original IDs: [101, 2009, 2003, 19142, 1010, 1998, 2008, 1005, 1055, 2035, 2009, 3791, 2000, 2022, 1012, 102]
Predicted IDs: [101, 1010, 1996, 1012, 1010, 2021, 2009, 1005, 1055, 2025, 1037, 1005, 2000, 2022, 1010, 4234]
BLEU Score: 0.3032
Example 3 ---
Original text: the fly - on - the - wall method used to document rural french school life is a refreshing departure from the now more prevalent technique of the docu - makers being a visible part of their work.
Reconstructed text: make short of almost - a - minute comedy : the, and hudi that that all have up to a developedhila cinema. boat. a a appealing a happiness.
Original IDs: [101, 1996, 4875, 1011, 2006, 1011, 1996, 1011, 2813, 4118, 2109, 2000, 6254, 3541, 2413, 2082, 2166, 2003, 1037, 27150, 6712, 2013, 1996, 2085, 2062, 15157, 6028, 1997, 1996, 9986, 2226, 1011, 11153, 2108, 1037, 5710, 2112, 1997, 2037, 2147, 1012, 102]
Predicted IDs: [101, 2191, 2460, 1997, 2471, 1011, 1037, 1011, 3371, 4038, 102, 1024, 1996, 1010, 1998, 15876, 4305, 2008, 2008, 2035, 2031, 2039, 2000, 1037, 2764, 26415, 5988, 1012, 102, 102, 4049, 1012, 102, 1037, 1037, 102, 16004, 102, 1037, 8404, 1012, 102]
BLEU Score: 0.2009

 --- Epoch 81
Task: Classification | Acc: 96.07% | Avg Loss: 0.103
Task: Reconstruction | Avg Loss: 2.825 
Mutual Information | Avg Loss: -0.00503
Total Loss | Avg Loss: 1.550
Time elapsed: 1:19:08.127213

 --- Epoch 82
Task: Classification | Acc: 96.00% | Avg Loss: 0.106
Task: Reconstruction | Avg Loss: 2.818 
Mutual Information | Avg Loss: -0.00500
Total Loss | Avg Loss: 1.378
Time elapsed: 1:20:06.558830

 --- Epoch 83
Task: Classification | Acc: 96.24% | Avg Loss: 0.104
Task: Reconstruction | Avg Loss: 2.816 
Mutual Information | Avg Loss: -0.00501
Total Loss | Avg Loss: 1.412
Time elapsed: 1:21:04.889564

 --- Epoch 84
Task: Classification | Acc: 96.04% | Avg Loss: 0.106
Task: Reconstruction | Avg Loss: 2.798 
Mutual Information | Avg Loss: -0.00506
Total Loss | Avg Loss: 1.419
Time elapsed: 1:22:03.462165

 --- Epoch 85
Task: Classification | Acc: 96.14% | Avg Loss: 0.103
Task: Reconstruction | Avg Loss: 2.796 
Mutual Information | Avg Loss: -0.00498
Total Loss | Avg Loss: 1.381
Time elapsed: 1:23:02.127942

 --- Epoch 86
Task: Classification | Acc: 96.19% | Avg Loss: 0.102
Task: Reconstruction | Avg Loss: 2.780 
Mutual Information | Avg Loss: -0.00505
Total Loss | Avg Loss: 1.383
Time elapsed: 1:24:00.719792

 --- Epoch 87
Task: Classification | Acc: 96.33% | Avg Loss: 0.098
Task: Reconstruction | Avg Loss: 2.774 
Mutual Information | Avg Loss: -0.00499
Total Loss | Avg Loss: 1.439
Time elapsed: 1:24:59.538503

 --- Epoch 88
Task: Classification | Acc: 96.08% | Avg Loss: 0.106
Task: Reconstruction | Avg Loss: 2.768 
Mutual Information | Avg Loss: -0.00500
Total Loss | Avg Loss: 1.476
Time elapsed: 1:25:58.744103

 --- Epoch 89
Task: Classification | Acc: 96.22% | Avg Loss: 0.100
Task: Reconstruction | Avg Loss: 2.765 
Mutual Information | Avg Loss: -0.00503
Total Loss | Avg Loss: 1.385
Time elapsed: 1:26:57.318131

 --- Epoch 90
Task: Classification | Acc: 96.39% | Avg Loss: 0.096
Task: Reconstruction | Avg Loss: 2.746 
Mutual Information | Avg Loss: -0.00496
Total Loss | Avg Loss: 1.414
Time elapsed: 1:27:56.295027
Example 1 ---
Original text: harrison's flowers puts its heart in the right place, but its brains are in no particular place at all.
Reconstructed text: it're convincing by the film of the plot done, but that it out to be ` concept in it.
Original IDs: [101, 6676, 1005, 1055, 4870, 8509, 2049, 2540, 1999, 1996, 2157, 2173, 1010, 2021, 2049, 14332, 2024, 1999, 2053, 3327, 2173, 2012, 2035, 1012, 102]
Predicted IDs: [101, 2009, 1005, 2128, 13359, 2011, 1996, 2143, 1997, 1996, 5436, 2589, 1010, 2021, 2008, 2009, 2041, 2000, 2022, 1036, 4145, 1999, 2009, 1012, 102]
BLEU Score: 0.2273
Example 2 ---
Original text: charles'entertaining film chronicles seinfeld's return to stand - up comedy after the wrap of his legendary sitcom, alongside wannabe comic adams'attempts to get his shot at the big time.
Reconstructed text: a the as one ofershmo's two better self - - safe that like new audiences, a storyline and or ` w, you's ever makes a down attempt to screen.
Original IDs: [101, 2798, 1005, 14036, 2143, 11906, 7367, 2378, 8151, 1005, 1055, 2709, 2000, 3233, 1011, 2039, 4038, 2044, 1996, 10236, 1997, 2010, 8987, 13130, 1010, 4077, 10587, 4783, 5021, 5922, 1005, 4740, 2000, 2131, 2010, 2915, 2012, 1996, 2502, 2051, 1012, 102]
Predicted IDs: [101, 1037, 1996, 2004, 2028, 1997, 2545, 14227, 2080, 1005, 1055, 2048, 2488, 2969, 1011, 1011, 3647, 2008, 2066, 2047, 9501, 1010, 1037, 9994, 1998, 2030, 1036, 1059, 1010, 2017, 1005, 1055, 2412, 3084, 1037, 2091, 3535, 2000, 102, 3898, 1012, 102]
BLEU Score: 0.1765
Example 3 ---
Original text: a swashbuckling tale of love, betrayal, revenge and above all, faith.
Reconstructed text: the film is of a drama that into the love, direction, spiritning and biting,
Original IDs: [101, 1037, 25430, 11823, 24204, 2989, 6925, 1997, 2293, 1010, 14583, 1010, 7195, 1998, 2682, 2035, 1010, 4752, 1012, 102]
Predicted IDs: [101, 1996, 2143, 2003, 1997, 1037, 3689, 2008, 2046, 1996, 2293, 1010, 3257, 1010, 4382, 5582, 1998, 12344, 1010, 102]
BLEU Score: 0.4118

 --- Epoch 91
Task: Classification | Acc: 96.38% | Avg Loss: 0.102
Task: Reconstruction | Avg Loss: 2.752 
Mutual Information | Avg Loss: -0.00507
Total Loss | Avg Loss: 1.379
Time elapsed: 1:28:55.060289

 --- Epoch 92
Task: Classification | Acc: 96.53% | Avg Loss: 0.093
Task: Reconstruction | Avg Loss: 2.740 
Mutual Information | Avg Loss: -0.00506
Total Loss | Avg Loss: 1.339
Time elapsed: 1:29:53.333921

 --- Epoch 93
Task: Classification | Acc: 96.55% | Avg Loss: 0.094
Task: Reconstruction | Avg Loss: 2.726 
Mutual Information | Avg Loss: -0.00505
Total Loss | Avg Loss: 1.343
Time elapsed: 1:30:51.604156

 --- Epoch 94
Task: Classification | Acc: 96.36% | Avg Loss: 0.099
Task: Reconstruction | Avg Loss: 2.712 
Mutual Information | Avg Loss: -0.00505
Total Loss | Avg Loss: 1.387
Time elapsed: 1:31:50.242721

 --- Epoch 95
Task: Classification | Acc: 96.44% | Avg Loss: 0.098
Task: Reconstruction | Avg Loss: 2.717 
Mutual Information | Avg Loss: -0.00498
Total Loss | Avg Loss: 1.251
Time elapsed: 1:32:48.159719

 --- Epoch 96
Task: Classification | Acc: 96.34% | Avg Loss: 0.099
Task: Reconstruction | Avg Loss: 2.699 
Mutual Information | Avg Loss: -0.00499
Total Loss | Avg Loss: 1.312
Time elapsed: 1:33:46.802292

 --- Epoch 97
Task: Classification | Acc: 96.54% | Avg Loss: 0.096
Task: Reconstruction | Avg Loss: 2.694 
Mutual Information | Avg Loss: -0.00505
Total Loss | Avg Loss: 1.387
Time elapsed: 1:34:45.481302

 --- Epoch 98
Task: Classification | Acc: 96.49% | Avg Loss: 0.096
Task: Reconstruction | Avg Loss: 2.679 
Mutual Information | Avg Loss: -0.00507
Total Loss | Avg Loss: 1.370
Time elapsed: 1:35:44.012290

 --- Epoch 99
Task: Classification | Acc: 96.57% | Avg Loss: 0.092
Task: Reconstruction | Avg Loss: 2.678 
Mutual Information | Avg Loss: -0.00509
Total Loss | Avg Loss: 1.308
Time elapsed: 1:36:42.276175

 --- Epoch 100
Task: Classification | Acc: 96.56% | Avg Loss: 0.095
Task: Reconstruction | Avg Loss: 2.662 
Mutual Information | Avg Loss: -0.00498
Total Loss | Avg Loss: 1.375
Time elapsed: 1:37:41.269011
Example 1 ---
Original text: it's a much more emotional journey than what shyamalan has given us in his past two movies, and gibson, stepping in for bruce willis, is the perfect actor to take us on the trip.
Reconstructed text: it's a smart, and people that for the stomachic ; of it is a america, lady and expressive humor. and i to the principles, among the most britishness than it in the screen.
Original IDs: [101, 2009, 1005, 1055, 1037, 2172, 2062, 6832, 4990, 2084, 2054, 11004, 8067, 5802, 2038, 2445, 2149, 1999, 2010, 2627, 2048, 5691, 1010, 1998, 9406, 1010, 9085, 1999, 2005, 5503, 12688, 1010, 2003, 1996, 3819, 3364, 2000, 2202, 2149, 2006, 1996, 4440, 1012, 102]
Predicted IDs: [101, 2009, 1005, 1055, 1037, 6047, 1010, 1998, 2111, 2008, 2005, 1996, 4308, 2594, 1025, 1997, 2009, 2003, 1037, 2637, 1010, 3203, 1998, 22570, 8562, 1012, 1998, 1045, 2000, 1996, 6481, 1010, 2426, 1996, 2087, 2329, 2791, 2084, 2009, 1999, 1996, 3898, 1012, 102]
BLEU Score: 0.3846
Example 2 ---
Original text: allows us to hope that nolan is poised to embark a major career as a commercial yet inventive filmmaker.
Reconstructed text: this is the a a of that that to be a human together in the races into unhidry trash.
Original IDs: [101, 4473, 2149, 2000, 3246, 2008, 13401, 2003, 22303, 2000, 28866, 1037, 2350, 2476, 2004, 1037, 3293, 2664, 1999, 15338, 3512, 12127, 1012, 102]
Predicted IDs: [101, 2023, 2003, 1996, 1037, 1037, 1997, 2008, 2008, 2000, 2022, 1037, 2529, 2362, 1999, 1996, 3837, 2046, 4895, 27511, 2854, 11669, 1012, 102]
BLEU Score: 0.3000
Example 3 ---
Original text: uncommonly stylish but equally silly... the picture fails to generate much suspense, nor does it ask searching enough questions to justify its pretensions.
Reconstructed text: the s ofcendness to be, as manhattan, but work of its true and frank film.. it'to hear a unventble.
Original IDs: [101, 13191, 2135, 2358, 8516, 4509, 2021, 8053, 10021, 1012, 1012, 1012, 1996, 3861, 11896, 2000, 9699, 2172, 23873, 1010, 4496, 2515, 2009, 3198, 6575, 2438, 3980, 2000, 16114, 2049, 3653, 29048, 2015, 1012, 102]
Predicted IDs: [101, 1996, 1055, 1997, 23865, 2791, 2000, 2022, 1010, 2004, 7128, 1010, 2021, 2147, 1997, 2049, 2995, 1998, 3581, 2143, 1012, 102, 102, 1012, 102, 2009, 1005, 2000, 2963, 1037, 4895, 15338, 3468, 1012, 102]
BLEU Score: 0.2290

 --- Epoch 101
Task: Classification | Acc: 96.64% | Avg Loss: 0.091
Task: Reconstruction | Avg Loss: 2.653 
Mutual Information | Avg Loss: -0.00508
Total Loss | Avg Loss: 1.315
Time elapsed: 1:38:39.602565

 --- Epoch 102
Task: Classification | Acc: 96.58% | Avg Loss: 0.093
Task: Reconstruction | Avg Loss: 2.641 
Mutual Information | Avg Loss: -0.00503
Total Loss | Avg Loss: 1.320
Time elapsed: 1:39:38.099648

 --- Epoch 103
Task: Classification | Acc: 96.52% | Avg Loss: 0.093
Task: Reconstruction | Avg Loss: 2.647 
Mutual Information | Avg Loss: -0.00505
Total Loss | Avg Loss: 1.265
Time elapsed: 1:40:36.217339

 --- Epoch 104
Task: Classification | Acc: 96.68% | Avg Loss: 0.092
Task: Reconstruction | Avg Loss: 2.635 
Mutual Information | Avg Loss: -0.00507
Total Loss | Avg Loss: 1.360
Time elapsed: 1:41:35.300400

 --- Epoch 105
Task: Classification | Acc: 96.83% | Avg Loss: 0.087
Task: Reconstruction | Avg Loss: 2.640 
Mutual Information | Avg Loss: -0.00510
Total Loss | Avg Loss: 1.302
Time elapsed: 1:42:33.730363

 --- Epoch 106
Task: Classification | Acc: 96.81% | Avg Loss: 0.088
Task: Reconstruction | Avg Loss: 2.619 
Mutual Information | Avg Loss: -0.00504
Total Loss | Avg Loss: 1.427
Time elapsed: 1:43:32.902310

 --- Epoch 107
Task: Classification | Acc: 96.69% | Avg Loss: 0.090
Task: Reconstruction | Avg Loss: 2.599 
Mutual Information | Avg Loss: -0.00504
Total Loss | Avg Loss: 1.298
Time elapsed: 1:44:31.500231

 --- Epoch 108
Task: Classification | Acc: 96.78% | Avg Loss: 0.088
Task: Reconstruction | Avg Loss: 2.609 
Mutual Information | Avg Loss: -0.00503
Total Loss | Avg Loss: 1.211
Time elapsed: 1:45:29.468815

 --- Epoch 109
Task: Classification | Acc: 96.81% | Avg Loss: 0.088
Task: Reconstruction | Avg Loss: 2.595 
Mutual Information | Avg Loss: -0.00505
Total Loss | Avg Loss: 1.271
Time elapsed: 1:46:27.935974

 --- Epoch 110
Task: Classification | Acc: 96.93% | Avg Loss: 0.085
Task: Reconstruction | Avg Loss: 2.594 
Mutual Information | Avg Loss: -0.00503
Total Loss | Avg Loss: 1.255
Time elapsed: 1:47:26.091882
Example 1 ---
Original text: leigh's film is full of memorable performances from top to bottom.
Reconstructed text: it's dedication to interested about a films from aims to politics and always
Original IDs: [101, 11797, 1005, 1055, 2143, 2003, 2440, 1997, 13432, 4616, 2013, 2327, 2000, 3953, 1012, 102]
Predicted IDs: [101, 2009, 1005, 1055, 12276, 2000, 4699, 2055, 1037, 3152, 2013, 8704, 2000, 4331, 1998, 2467]
BLEU Score: 0.2143
Example 2 ---
Original text: deliriously funny, fast and loose, accessible to the uninitiated, and full of surprises
Reconstructed text: ' s qui writing, snow, and and music since the most au sadess. yearlom
Original IDs: [101, 3972, 15735, 13453, 6057, 1010, 3435, 1998, 6065, 1010, 7801, 2000, 1996, 4895, 5498, 10711, 3064, 1010, 1998, 2440, 1997, 20096, 102]
Predicted IDs: [101, 1005, 1055, 21864, 3015, 1010, 4586, 1010, 1998, 1998, 2189, 2144, 1996, 2087, 8740, 6517, 7971, 1012, 102, 102, 102, 2095, 21297]
BLEU Score: 0.2941
Example 3 ---
Original text: the character of zigzag is not sufficiently developed to support a film constructed around him.
Reconstructed text: the kind of quirermed movie has too enough to show on particular kind of time
Original IDs: [101, 1996, 2839, 1997, 1062, 8004, 4143, 2290, 2003, 2025, 12949, 2764, 2000, 2490, 1037, 2143, 3833, 2105, 2032, 1012, 102]
Predicted IDs: [101, 1996, 2785, 1997, 21864, 2890, 10867, 2098, 3185, 2038, 2205, 2438, 2000, 2265, 2006, 3327, 2785, 1997, 2051, 102, 102]
BLEU Score: 0.1871

 --- Epoch 111
Task: Classification | Acc: 96.75% | Avg Loss: 0.088
Task: Reconstruction | Avg Loss: 2.594 
Mutual Information | Avg Loss: -0.00500
Total Loss | Avg Loss: 1.375
Time elapsed: 1:48:25.101519

 --- Epoch 112
Task: Classification | Acc: 96.71% | Avg Loss: 0.088
Task: Reconstruction | Avg Loss: 2.599 
Mutual Information | Avg Loss: -0.00504
Total Loss | Avg Loss: 1.278
Time elapsed: 1:49:23.422281

 --- Epoch 113
Task: Classification | Acc: 96.81% | Avg Loss: 0.087
Task: Reconstruction | Avg Loss: 2.586 
Mutual Information | Avg Loss: -0.00504
Total Loss | Avg Loss: 1.294
Time elapsed: 1:50:22.065957

 --- Epoch 114
Task: Classification | Acc: 96.76% | Avg Loss: 0.090
Task: Reconstruction | Avg Loss: 2.573 
Mutual Information | Avg Loss: -0.00507
Total Loss | Avg Loss: 1.309
Time elapsed: 1:51:20.800824

 --- Epoch 115
Task: Classification | Acc: 96.88% | Avg Loss: 0.084
Task: Reconstruction | Avg Loss: 2.560 
Mutual Information | Avg Loss: -0.00505
Total Loss | Avg Loss: 1.271
Time elapsed: 1:52:19.006143

 --- Epoch 116
Task: Classification | Acc: 96.87% | Avg Loss: 0.084
Task: Reconstruction | Avg Loss: 2.550 
Mutual Information | Avg Loss: -0.00505
Total Loss | Avg Loss: 1.406
Time elapsed: 1:53:18.458717

 --- Epoch 117
Task: Classification | Acc: 96.83% | Avg Loss: 0.085
Task: Reconstruction | Avg Loss: 2.537 
Mutual Information | Avg Loss: -0.00509
Total Loss | Avg Loss: 1.320
Time elapsed: 1:54:17.298475

 --- Epoch 118
Task: Classification | Acc: 96.90% | Avg Loss: 0.085
Task: Reconstruction | Avg Loss: 2.547 
Mutual Information | Avg Loss: -0.00502
Total Loss | Avg Loss: 1.209
Time elapsed: 1:55:15.576439

 --- Epoch 119
Task: Classification | Acc: 96.85% | Avg Loss: 0.084
Task: Reconstruction | Avg Loss: 2.535 
Mutual Information | Avg Loss: -0.00504
Total Loss | Avg Loss: 1.282
Time elapsed: 1:56:14.449136

 --- Epoch 120
Task: Classification | Acc: 96.95% | Avg Loss: 0.082
Task: Reconstruction | Avg Loss: 2.547 
Mutual Information | Avg Loss: -0.00501
Total Loss | Avg Loss: 1.311
Time elapsed: 1:57:13.498143
Example 1 ---
Original text: instead, he shows them the respect they are due.
Reconstructed text: is,. many to the movie - to expect, and
Original IDs: [101, 2612, 1010, 2002, 3065, 2068, 1996, 4847, 2027, 2024, 2349, 1012, 102]
Predicted IDs: [101, 2003, 1010, 1012, 2116, 2000, 1996, 3185, 1011, 2000, 5987, 1010, 1998]
BLEU Score: 0.2500
Example 2 ---
Original text: this is an egotistical endeavor from the daughter of horror director dario argento ( a producer here ), but her raw performance and utter fearlessness make it strangely magnetic.
Reconstructed text: the. is alently work. the except in another performers's ( in a victim.... a a character, unr suffering for manner as phoenix.
Original IDs: [101, 2023, 2003, 2019, 13059, 16774, 7476, 23855, 2013, 1996, 2684, 1997, 5469, 2472, 26800, 23157, 2080, 1006, 1037, 3135, 2182, 1007, 1010, 2021, 2014, 6315, 2836, 1998, 14395, 22518, 2791, 2191, 2009, 13939, 8060, 1012, 102]
Predicted IDs: [101, 1996, 1012, 2003, 1037, 16136, 2135, 2147, 1012, 1996, 3272, 1999, 2178, 9567, 1005, 1055, 1006, 1999, 1037, 6778, 1012, 1012, 1012, 1012, 1037, 1037, 2839, 1010, 4895, 2099, 6114, 2005, 5450, 2004, 6708, 1012, 102]
BLEU Score: 0.1925
Example 3 ---
Original text: an unclassifiably awful study in self - and audience - abuse.
Reconstructed text: an unrossy,ly funny, ultimately - - and hard - -,
Original IDs: [101, 2019, 4895, 26266, 10128, 2401, 6321, 9643, 2817, 1999, 2969, 1011, 1998, 4378, 1011, 6905, 1012, 102]
Predicted IDs: [101, 2019, 4895, 25725, 2100, 1010, 2135, 6057, 1010, 4821, 1011, 1011, 1998, 2524, 1011, 1011, 1010, 102]
BLEU Score: 0.2857

 --- Epoch 121
Task: Classification | Acc: 96.88% | Avg Loss: 0.082
Task: Reconstruction | Avg Loss: 2.522 
Mutual Information | Avg Loss: -0.00501
Total Loss | Avg Loss: 1.316
Time elapsed: 1:58:12.428313

 --- Epoch 122
Task: Classification | Acc: 96.95% | Avg Loss: 0.081
Task: Reconstruction | Avg Loss: 2.505 
Mutual Information | Avg Loss: -0.00501
Total Loss | Avg Loss: 1.160
Time elapsed: 1:59:10.724236

 --- Epoch 123
Task: Classification | Acc: 97.14% | Avg Loss: 0.080
Task: Reconstruction | Avg Loss: 2.504 
Mutual Information | Avg Loss: -0.00508
Total Loss | Avg Loss: 1.255
Time elapsed: 2:00:09.139931

 --- Epoch 124
Task: Classification | Acc: 97.01% | Avg Loss: 0.083
Task: Reconstruction | Avg Loss: 2.508 
Mutual Information | Avg Loss: -0.00506
Total Loss | Avg Loss: 1.254
Time elapsed: 2:01:07.669457

 --- Epoch 125
Task: Classification | Acc: 96.99% | Avg Loss: 0.083
Task: Reconstruction | Avg Loss: 2.499 
Mutual Information | Avg Loss: -0.00505
Total Loss | Avg Loss: 1.319
Time elapsed: 2:02:06.604964

 --- Epoch 126
Task: Classification | Acc: 97.08% | Avg Loss: 0.081
Task: Reconstruction | Avg Loss: 2.507 
Mutual Information | Avg Loss: -0.00500
Total Loss | Avg Loss: 1.290
Time elapsed: 2:03:05.666997

 --- Epoch 127
Task: Classification | Acc: 96.95% | Avg Loss: 0.083
Task: Reconstruction | Avg Loss: 2.488 
Mutual Information | Avg Loss: -0.00507
Total Loss | Avg Loss: 1.235
Time elapsed: 2:04:04.201030

 --- Epoch 128
Task: Classification | Acc: 96.95% | Avg Loss: 0.084
Task: Reconstruction | Avg Loss: 2.477 
Mutual Information | Avg Loss: -0.00504
Total Loss | Avg Loss: 1.285
Time elapsed: 2:05:03.239617

 --- Epoch 129
Task: Classification | Acc: 96.92% | Avg Loss: 0.082
Task: Reconstruction | Avg Loss: 2.479 
Mutual Information | Avg Loss: -0.00508
Total Loss | Avg Loss: 1.107
Time elapsed: 2:06:01.175730

 --- Epoch 130
Task: Classification | Acc: 97.08% | Avg Loss: 0.080
Task: Reconstruction | Avg Loss: 2.471 
Mutual Information | Avg Loss: -0.00508
Total Loss | Avg Loss: 1.316
Time elapsed: 2:06:59.999767
Example 1 ---
Original text: involves two mysteries - - one it gives away and the other featuring such badly drawn characters that its outcome hardly matters.
Reconstructed text: the more possible - - or less a situations, imp,ginaly mani other people of a gross ever long
Original IDs: [101, 7336, 2048, 15572, 1011, 1011, 2028, 2009, 3957, 2185, 1998, 1996, 2060, 3794, 2107, 6649, 4567, 3494, 2008, 2049, 9560, 6684, 5609, 1012, 102]
Predicted IDs: [101, 1996, 2062, 2825, 1011, 1011, 2030, 2625, 1037, 8146, 1010, 17727, 1010, 20876, 2135, 23624, 2060, 2111, 1997, 1037, 7977, 2412, 2146, 102, 102]
BLEU Score: 0.1732
Example 2 ---
Original text: inside the film's conflict - powered plot there is a decent moral trying to get out, but it's not that, it's the tension that keeps you in your seat.
Reconstructed text: if the movie's italian - room approach of a a movie walked things to be up, but it's got the filmhashes actors up for the balance.
Original IDs: [101, 2503, 1996, 2143, 1005, 1055, 4736, 1011, 6113, 5436, 2045, 2003, 1037, 11519, 7191, 2667, 2000, 2131, 2041, 1010, 2021, 2009, 1005, 1055, 2025, 2008, 1010, 2009, 1005, 1055, 1996, 6980, 2008, 7906, 2017, 1999, 2115, 2835, 1012, 102]
Predicted IDs: [101, 2065, 1996, 3185, 1005, 1055, 3059, 1011, 2282, 3921, 1997, 1037, 1037, 3185, 2939, 2477, 2000, 2022, 2039, 1010, 2021, 2009, 1005, 1055, 2288, 1996, 2143, 14949, 15689, 5889, 2039, 2005, 1996, 5703, 1012, 102, 102, 102, 102, 102]
BLEU Score: 0.3104
Example 3 ---
Original text: a working class ` ` us vs. them'' opera that leaves no heartstring untugged and no liberal cause unplundered.
Reconstructed text: a a basic uneven ` ` of the man's talents wasting mix inside unxplcatingble visuals and the severalsp's practicalm.
Original IDs: [101, 1037, 2551, 2465, 1036, 1036, 2149, 5443, 1012, 2068, 1005, 1005, 3850, 2008, 3727, 2053, 8072, 18886, 3070, 4895, 8525, 15567, 1998, 2053, 4314, 3426, 4895, 24759, 20824, 2098, 1012, 102]
Predicted IDs: [101, 1037, 1037, 3937, 17837, 1036, 1036, 1997, 1996, 2158, 1005, 1055, 11725, 18313, 4666, 2503, 4895, 2595, 24759, 18252, 3468, 26749, 1998, 1996, 2195, 13102, 1005, 1055, 6742, 2213, 1012, 102]
BLEU Score: 0.2273

 --- Epoch 131
Task: Classification | Acc: 97.02% | Avg Loss: 0.082
Task: Reconstruction | Avg Loss: 2.465 
Mutual Information | Avg Loss: -0.00510
Total Loss | Avg Loss: 1.255
Time elapsed: 2:07:58.682592

 --- Epoch 132
Task: Classification | Acc: 97.21% | Avg Loss: 0.077
Task: Reconstruction | Avg Loss: 2.472 
Mutual Information | Avg Loss: -0.00508
Total Loss | Avg Loss: 1.233
Time elapsed: 2:08:57.197096

 --- Epoch 133
Task: Classification | Acc: 96.87% | Avg Loss: 0.084
Task: Reconstruction | Avg Loss: 2.464 
Mutual Information | Avg Loss: -0.00506
Total Loss | Avg Loss: 1.224
Time elapsed: 2:09:55.659466

 --- Epoch 134
Task: Classification | Acc: 97.15% | Avg Loss: 0.078
Task: Reconstruction | Avg Loss: 2.451 
Mutual Information | Avg Loss: -0.00505
Total Loss | Avg Loss: 1.300
Time elapsed: 2:10:54.622699

 --- Epoch 135
Task: Classification | Acc: 97.05% | Avg Loss: 0.079
Task: Reconstruction | Avg Loss: 2.451 
Mutual Information | Avg Loss: -0.00505
Total Loss | Avg Loss: 1.265
Time elapsed: 2:11:53.605446

 --- Epoch 136
Task: Classification | Acc: 96.98% | Avg Loss: 0.082
Task: Reconstruction | Avg Loss: 2.453 
Mutual Information | Avg Loss: -0.00502
Total Loss | Avg Loss: 1.250
Time elapsed: 2:12:52.289981

 --- Epoch 137
Task: Classification | Acc: 97.14% | Avg Loss: 0.076
Task: Reconstruction | Avg Loss: 2.441 
Mutual Information | Avg Loss: -0.00506
Total Loss | Avg Loss: 1.217
Time elapsed: 2:13:50.808588

 --- Epoch 138
Task: Classification | Acc: 97.13% | Avg Loss: 0.079
Task: Reconstruction | Avg Loss: 2.435 
Mutual Information | Avg Loss: -0.00509
Total Loss | Avg Loss: 1.234
Time elapsed: 2:14:49.525022

 --- Epoch 139
Task: Classification | Acc: 97.24% | Avg Loss: 0.078
Task: Reconstruction | Avg Loss: 2.434 
Mutual Information | Avg Loss: -0.00508
Total Loss | Avg Loss: 1.251
Time elapsed: 2:15:48.137024

 --- Epoch 140
Task: Classification | Acc: 97.26% | Avg Loss: 0.076
Task: Reconstruction | Avg Loss: 2.428 
Mutual Information | Avg Loss: -0.00505
Total Loss | Avg Loss: 1.255
Time elapsed: 2:16:47.029710
Example 1 ---
Original text: a very well - made, funny and entertaining picture.
Reconstructed text: a genuinely well - meaning, funny, entertaining feature
Original IDs: [101, 1037, 2200, 2092, 1011, 2081, 1010, 6057, 1998, 14036, 3861, 1012, 102]
Predicted IDs: [101, 1037, 15958, 2092, 1011, 3574, 1010, 6057, 1010, 14036, 3444, 102, 102]
BLEU Score: 0.5429
Example 2 ---
Original text: feels too formulaic and too familiar to produce the transgressive thrills of early underground work.
Reconstructed text: is a theful, a because the by the inquisitmybe reminiscent of truffaut
Original IDs: [101, 5683, 2205, 5675, 2594, 1998, 2205, 5220, 2000, 3965, 1996, 9099, 17603, 18719, 3726, 16959, 2015, 1997, 2220, 5230, 2147, 1012, 102]
Predicted IDs: [101, 2003, 1037, 1996, 3993, 1010, 1037, 2138, 1996, 2011, 1996, 1999, 15549, 28032, 8029, 4783, 14563, 1997, 19817, 16093, 7011, 4904, 102]
BLEU Score: 0.1221
Example 3 ---
Original text: a gorgeous, high - spirited musical from india that exquisitely blends music, dance, song, and high drama.
Reconstructed text: a intelligent, old - layered and romantic comedy that reward will viewers his words, a and charm. and game.
Original IDs: [101, 1037, 9882, 1010, 2152, 1011, 24462, 3315, 2013, 2634, 2008, 19401, 2135, 12586, 2015, 2189, 1010, 3153, 1010, 2299, 1010, 1998, 2152, 3689, 1012, 102]
Predicted IDs: [101, 1037, 9414, 1010, 2214, 1011, 21323, 1998, 6298, 4038, 2008, 10377, 2097, 7193, 2010, 2616, 1010, 1037, 1998, 11084, 1012, 1998, 102, 2208, 102, 1012]
BLEU Score: 0.3043

 --- Epoch 141
Task: Classification | Acc: 97.04% | Avg Loss: 0.079
Task: Reconstruction | Avg Loss: 2.419 
Mutual Information | Avg Loss: -0.00508
Total Loss | Avg Loss: 1.261
Time elapsed: 2:17:46.011122

 --- Epoch 142
Task: Classification | Acc: 97.22% | Avg Loss: 0.077
Task: Reconstruction | Avg Loss: 2.405 
Mutual Information | Avg Loss: -0.00503
Total Loss | Avg Loss: 1.302
Time elapsed: 2:18:45.174439

 --- Epoch 143
Task: Classification | Acc: 97.18% | Avg Loss: 0.077
Task: Reconstruction | Avg Loss: 2.409 
Mutual Information | Avg Loss: -0.00497
Total Loss | Avg Loss: 1.172
Time elapsed: 2:19:43.915914

 --- Epoch 144
Task: Classification | Acc: 97.29% | Avg Loss: 0.076
Task: Reconstruction | Avg Loss: 2.406 
Mutual Information | Avg Loss: -0.00504
Total Loss | Avg Loss: 1.232
Time elapsed: 2:20:42.631281

 --- Epoch 145
Task: Classification | Acc: 97.33% | Avg Loss: 0.071
Task: Reconstruction | Avg Loss: 2.392 
Mutual Information | Avg Loss: -0.00502
Total Loss | Avg Loss: 1.231
Time elapsed: 2:21:41.523882

 --- Epoch 146
Task: Classification | Acc: 97.10% | Avg Loss: 0.080
Task: Reconstruction | Avg Loss: 2.402 
Mutual Information | Avg Loss: -0.00503
Total Loss | Avg Loss: 1.240
Time elapsed: 2:22:40.249419

 --- Epoch 147
Task: Classification | Acc: 97.21% | Avg Loss: 0.076
Task: Reconstruction | Avg Loss: 2.391 
Mutual Information | Avg Loss: -0.00505
Total Loss | Avg Loss: 1.267
Time elapsed: 2:23:39.350955

 --- Epoch 148
Task: Classification | Acc: 97.21% | Avg Loss: 0.077
Task: Reconstruction | Avg Loss: 2.386 
Mutual Information | Avg Loss: -0.00501
Total Loss | Avg Loss: 1.274
Time elapsed: 2:24:38.437881

 --- Epoch 149
Task: Classification | Acc: 97.30% | Avg Loss: 0.073
Task: Reconstruction | Avg Loss: 2.378 
Mutual Information | Avg Loss: -0.00505
Total Loss | Avg Loss: 1.176
Time elapsed: 2:25:37.057089

 --- Epoch 150
Task: Classification | Acc: 97.30% | Avg Loss: 0.074
Task: Reconstruction | Avg Loss: 2.375 
Mutual Information | Avg Loss: -0.00505
Total Loss | Avg Loss: 1.197
Time elapsed: 2:26:35.643865
Example 1 ---
Original text: an exhilarating futuristic thriller - noir, minority report twists the best of technology around a gripping story, delivering a riveting, pulse intensifying escapist adventure of the first order
Reconstructed text: the the a is the, of of, a the the head, - the as the pearl,, with it a the,, butd over inc conticable talents
Original IDs: [101, 2019, 4654, 26415, 15172, 28971, 10874, 1011, 15587, 1010, 7162, 3189, 21438, 1996, 2190, 1997, 2974, 2105, 1037, 13940, 2466, 1010, 12771, 1037, 15544, 19510, 2075, 1010, 8187, 20014, 6132, 11787, 9686, 17695, 2923, 6172, 1997, 1996, 2034, 2344, 102]
Predicted IDs: [101, 1996, 1996, 1037, 2003, 1996, 1010, 1997, 1997, 1010, 1037, 1996, 1996, 2132, 1010, 1011, 1996, 2004, 1996, 7247, 1010, 1010, 2007, 2009, 1037, 1996, 1010, 1010, 2021, 2094, 2058, 4297, 9530, 4588, 3085, 102, 102, 102, 102, 11725, 102]
BLEU Score: 0.3125
Example 2 ---
Original text: it's a beautiful madness.
Reconstructed text: it's a pretty woman. but
Original IDs: [101, 2009, 1005, 1055, 1037, 3376, 12013, 1012, 102]
Predicted IDs: [101, 2009, 1005, 1055, 1037, 3492, 2450, 1012, 2021]
BLEU Score: 0.5714
Example 3 ---
Original text: for starters, the story is just too slim.
Reconstructed text: too part, the film is all too people
Original IDs: [101, 2005, 29400, 1010, 1996, 2466, 2003, 2074, 2205, 11754, 1012, 102]
Predicted IDs: [101, 2205, 2112, 1010, 1996, 2143, 2003, 2035, 2205, 2111, 102, 102]
BLEU Score: 0.3977

--- Final Test BLEU Score ---
Avg BLEU Score: 0.2137
Training lasted 2:26:37.242860
