nohup: ignoring input
Training started at 2025-06-16 03:39:30
Training detail: learning rate: 2e-4, weight decay: 5e-3, total epochs: 250, batch size: 128, seed: 2231
Starting training...

 --- Epoch 1
Task: Classification | Acc: 53.17% | Avg Loss: 0.725
Task: Reconstruction | Avg Loss: 6.437 
Mutual Information | Avg Loss: 0.00000
Total Loss | Avg Loss: 3.586
Time elapsed: 0:00:57.382144

 --- Epoch 2
Task: Classification | Acc: 53.98% | Avg Loss: 0.692
Task: Reconstruction | Avg Loss: 6.176 
Mutual Information | Avg Loss: -0.00000
Total Loss | Avg Loss: 3.522
Time elapsed: 0:01:54.883083

 --- Epoch 3
Task: Classification | Acc: 54.59% | Avg Loss: 0.691
Task: Reconstruction | Avg Loss: 6.156 
Mutual Information | Avg Loss: 0.00000
Total Loss | Avg Loss: 3.439
Time elapsed: 0:02:52.375414

 --- Epoch 4
Task: Classification | Acc: 54.87% | Avg Loss: 0.691
Task: Reconstruction | Avg Loss: 6.140 
Mutual Information | Avg Loss: 0.00000
Total Loss | Avg Loss: 3.565
Time elapsed: 0:03:50.124572

 --- Epoch 5
Task: Classification | Acc: 55.01% | Avg Loss: 0.690
Task: Reconstruction | Avg Loss: 6.123 
Mutual Information | Avg Loss: 0.00000
Total Loss | Avg Loss: 3.505
Time elapsed: 0:04:47.917662

 --- Epoch 6
Task: Classification | Acc: 54.67% | Avg Loss: 0.690
Task: Reconstruction | Avg Loss: 6.116 
Mutual Information | Avg Loss: 0.00000
Total Loss | Avg Loss: 3.553
Time elapsed: 0:05:45.913850

 --- Epoch 7
Task: Classification | Acc: 55.61% | Avg Loss: 0.689
Task: Reconstruction | Avg Loss: 6.095 
Mutual Information | Avg Loss: 0.00000
Total Loss | Avg Loss: 3.325
Time elapsed: 0:06:43.290578

 --- Epoch 8
Task: Classification | Acc: 55.35% | Avg Loss: 0.689
Task: Reconstruction | Avg Loss: 6.085 
Mutual Information | Avg Loss: 0.00000
Total Loss | Avg Loss: 3.361
Time elapsed: 0:07:40.812504

 --- Epoch 9
Task: Classification | Acc: 55.80% | Avg Loss: 0.688
Task: Reconstruction | Avg Loss: 6.061 
Mutual Information | Avg Loss: 0.00000
Total Loss | Avg Loss: 3.186
Time elapsed: 0:08:37.708545

 --- Epoch 10
Task: Classification | Acc: 55.04% | Avg Loss: 0.689
Task: Reconstruction | Avg Loss: 6.054 
Mutual Information | Avg Loss: 0.00000
Total Loss | Avg Loss: 3.448
Time elapsed: 0:09:35.460146
Example 1 ---
Original text: at once half - baked and overheated.
Reconstructed text: a the
Original IDs: [101, 2012, 2320, 2431, 1011, 17776, 1998, 2058, 20192, 3064, 1012, 102]
Predicted IDs: [101, 1037, 1996, 102, 102, 102, 102, 102, 102, 102, 102, 102]
BLEU Score: 0.0000
Example 2 ---
Original text: the story and the friendship proceeds in such a way that you're watching a soap opera rather than a chronicle of the ups and downs that accompany lifelong friendships.
Reconstructed text: a the
Original IDs: [101, 1996, 2466, 1998, 1996, 6860, 10951, 1999, 2107, 1037, 2126, 2008, 2017, 1005, 2128, 3666, 1037, 7815, 3850, 2738, 2084, 1037, 9519, 1997, 1996, 11139, 1998, 12482, 2008, 12673, 13506, 28956, 1012, 102]
Predicted IDs: [101, 1037, 1996, 102, 102, 102, 102, 102, 102, 102, 102, 102, 102, 102, 102, 102, 102, 102, 102, 102, 102, 102, 102, 102, 102, 102, 102, 102, 102, 102, 102, 102, 102, 102]
BLEU Score: 0.0000
Example 3 ---
Original text: for movie lovers as well as opera lovers, tosca is a real treat.
Reconstructed text: a the
Original IDs: [101, 2005, 3185, 10205, 2004, 2092, 2004, 3850, 10205, 1010, 2000, 15782, 2003, 1037, 2613, 7438, 1012, 102]
Predicted IDs: [101, 1037, 1996, 102, 102, 102, 102, 102, 102, 102, 102, 102, 102, 102, 102, 102, 102, 102]
BLEU Score: 0.0008

 --- Epoch 11
Task: Classification | Acc: 55.89% | Avg Loss: 0.688
Task: Reconstruction | Avg Loss: 6.039 
Mutual Information | Avg Loss: 0.00000
Total Loss | Avg Loss: 3.419
Time elapsed: 0:10:33.186956

 --- Epoch 12
Task: Classification | Acc: 55.76% | Avg Loss: 0.688
Task: Reconstruction | Avg Loss: 6.026 
Mutual Information | Avg Loss: 0.00000
Total Loss | Avg Loss: 3.433
Time elapsed: 0:11:30.592953

 --- Epoch 13
Task: Classification | Acc: 55.64% | Avg Loss: 0.688
Task: Reconstruction | Avg Loss: 6.018 
Mutual Information | Avg Loss: 0.00000
Total Loss | Avg Loss: 3.429
Time elapsed: 0:12:28.196518

 --- Epoch 14
Task: Classification | Acc: 55.69% | Avg Loss: 0.688
Task: Reconstruction | Avg Loss: 6.015 
Mutual Information | Avg Loss: 0.00000
Total Loss | Avg Loss: 3.488
Time elapsed: 0:13:26.038098

 --- Epoch 15
Task: Classification | Acc: 55.56% | Avg Loss: 0.688
Task: Reconstruction | Avg Loss: 6.009 
Mutual Information | Avg Loss: 0.00000
Total Loss | Avg Loss: 3.162
Time elapsed: 0:14:23.047324

 --- Epoch 16
Task: Classification | Acc: 55.49% | Avg Loss: 0.688
Task: Reconstruction | Avg Loss: 6.015 
Mutual Information | Avg Loss: 0.00000
Total Loss | Avg Loss: 3.185
Time elapsed: 0:15:19.916995

 --- Epoch 17
Task: Classification | Acc: 55.10% | Avg Loss: 0.689
Task: Reconstruction | Avg Loss: 6.524 
Mutual Information | Avg Loss: 0.00000
Total Loss | Avg Loss: 3.679
Time elapsed: 0:16:17.600906

 --- Epoch 18
Task: Classification | Acc: 55.93% | Avg Loss: 0.687
Task: Reconstruction | Avg Loss: 6.466 
Mutual Information | Avg Loss: 0.00000
Total Loss | Avg Loss: 3.560
Time elapsed: 0:17:15.081511

 --- Epoch 19
Task: Classification | Acc: 55.99% | Avg Loss: 0.687
Task: Reconstruction | Avg Loss: 6.390 
Mutual Information | Avg Loss: 0.00000
Total Loss | Avg Loss: 3.392
Time elapsed: 0:18:12.536374

 --- Epoch 20
Task: Classification | Acc: 55.88% | Avg Loss: 0.687
Task: Reconstruction | Avg Loss: 6.384 
Mutual Information | Avg Loss: 0.00000
Total Loss | Avg Loss: 3.628
Time elapsed: 0:19:10.222356
Example 1 ---
Original text: even if you don't think ( kissinger's ) any more guilty of criminal activity than most contemporary statesmen, he'd sure make a courtroom trial great fun to watch.
Reconstructed text: 
Original IDs: [101, 2130, 2065, 2017, 2079, 1050, 1005, 1056, 2228, 1006, 7618, 2121, 1005, 1055, 1007, 2151, 2062, 5905, 1997, 4735, 4023, 2084, 2087, 3824, 2163, 3549, 1010, 2002, 1005, 1040, 2469, 2191, 1037, 20747, 3979, 2307, 4569, 2000, 3422, 1012, 102]
Predicted IDs: [101, 102, 101, 102, 102, 102, 102, 102, 102, 102, 102, 102, 101, 101, 102, 101, 102, 102, 102, 102, 102, 102, 102, 102, 102, 101, 102, 102, 102, 102, 102, 102, 101, 102, 101, 101, 101, 101, 102, 101, 101]
BLEU Score: 0.0000
Example 2 ---
Original text: reggio's continual visual barrage is absorbing as well as thought - provoking.
Reconstructed text: 
Original IDs: [101, 19723, 11411, 1005, 1055, 27222, 5107, 19359, 2003, 20998, 2004, 2092, 2004, 2245, 1011, 4013, 22776, 1012, 102]
Predicted IDs: [101, 101, 101, 101, 102, 101, 102, 101, 101, 101, 102, 101, 101, 102, 101, 101, 101, 101, 102]
BLEU Score: 0.0000
Example 3 ---
Original text: outer - space buffs might love this film, but others will find its pleasures intermittent.
Reconstructed text: 
Original IDs: [101, 6058, 1011, 2686, 23176, 2015, 2453, 2293, 2023, 2143, 1010, 2021, 2500, 2097, 2424, 2049, 26552, 23852, 1012, 102]
Predicted IDs: [101, 101, 101, 101, 101, 101, 102, 101, 101, 101, 102, 101, 101, 101, 101, 101, 101, 101, 101, 102]
BLEU Score: 0.0000

 --- Epoch 21
Task: Classification | Acc: 55.90% | Avg Loss: 0.687
Task: Reconstruction | Avg Loss: 6.400 
Mutual Information | Avg Loss: 0.00000
Total Loss | Avg Loss: 3.354
Time elapsed: 0:20:07.015209

 --- Epoch 22
Task: Classification | Acc: 55.74% | Avg Loss: 0.687
Task: Reconstruction | Avg Loss: 6.418 
Mutual Information | Avg Loss: 0.00000
Total Loss | Avg Loss: 3.362
Time elapsed: 0:21:04.154741

 --- Epoch 23
Task: Classification | Acc: 55.75% | Avg Loss: 0.688
Task: Reconstruction | Avg Loss: 6.386 
Mutual Information | Avg Loss: 0.00000
Total Loss | Avg Loss: 3.445
Time elapsed: 0:22:01.399927

 --- Epoch 24
Task: Classification | Acc: 56.02% | Avg Loss: 0.687
Task: Reconstruction | Avg Loss: 6.392 
Mutual Information | Avg Loss: 0.00000
Total Loss | Avg Loss: 3.328
Time elapsed: 0:22:58.505572

 --- Epoch 25
Task: Classification | Acc: 55.81% | Avg Loss: 0.687
Task: Reconstruction | Avg Loss: 6.409 
Mutual Information | Avg Loss: 0.00000
Total Loss | Avg Loss: 3.630
Time elapsed: 0:23:56.141822

 --- Epoch 26
Task: Classification | Acc: 55.82% | Avg Loss: 0.687
Task: Reconstruction | Avg Loss: 6.423 
Mutual Information | Avg Loss: 0.00000
Total Loss | Avg Loss: 3.419
Time elapsed: 0:24:53.310002

 --- Epoch 27
Task: Classification | Acc: 56.03% | Avg Loss: 0.687
Task: Reconstruction | Avg Loss: 6.454 
Mutual Information | Avg Loss: 0.00000
Total Loss | Avg Loss: 3.620
Time elapsed: 0:25:51.055426

 --- Epoch 28
