nohup: ignoring input
Training started at 2025-07-01 04:22:57
Training detail: learning rate: 0.0001384091330895666, weight decay: 1e-2, total epochs: 2, batch size: 128, lambda_moe_lb: 0.0002, seed: 2006
Starting training...

 --- Epoch 1
Task: Classification | Acc: 78.83% | Avg Loss: 0.4342
MoE Balancing Loss: 13184.5784
Mutual Information | Avg Loss: -0.00222
Total Loss: 3.0488
Layer 0:
-- Expert usage: [0.3, 0.26, 0.23, 0.21], std: 1917063.38
Layer 1:
-- Expert usage: [0.3, 0.26, 0.23, 0.21], std: 1910794.38
Layer 2:
-- Expert usage: [0.3, 0.26, 0.23, 0.21], std: 1913476.38
Layer 3:
-- Expert usage: [0.3, 0.26, 0.23, 0.21], std: 1912460.12
Time elapsed: 0:25:06.470661
[Eval Classification Acc: 84.39%

 --- Epoch 2
Task: Classification | Acc: 84.79% | Avg Loss: 0.3359
MoE Balancing Loss: 13176.7881
Mutual Information | Avg Loss: -0.00347
Total Loss: 2.9365
Layer 0:
-- Expert usage: [0.3, 0.26, 0.23, 0.21], std: 1918092.62
Layer 1:
-- Expert usage: [0.3, 0.26, 0.23, 0.21], std: 1920569.62
Layer 2:
-- Expert usage: [0.3, 0.26, 0.23, 0.21], std: 1915889.88
Layer 3:
-- Expert usage: [0.3, 0.26, 0.23, 0.21], std: 1917231.12
Time elapsed: 0:54:40.091135
[Eval Classification Acc: 85.81%
